[2016.01.10-00.01.23:255][  0]Log file open, 01/10/16 01:01:23
[2016.01.10-00.01.23:255][  0]LogInit:Display: Running engine for game: UnderUmbrella
[2016.01.10-00.01.23:255][  0]LogPlatformFile: Not using cached read wrapper
[2016.01.10-00.01.23:255][  0]LogInit:Display: RandInit(-2035821637) SRandInit(-2035821636).
[2016.01.10-00.01.23:255][  0]LogTaskGraph: Started task graph with 4 named threads and 7 total threads.
[2016.01.10-00.01.23:255][  0]LogStats: Stats thread started at 0.094417
[2016.01.10-00.01.23:255][  0]LogInit: Version: 4.10.1-2791327+++depot+UE4-Releases+4.10
[2016.01.10-00.01.23:255][  0]LogInit: API Version: 2758231
[2016.01.10-00.01.23:255][  0]LogInit: Compiled (64-bit): Dec  4 2015 19:44:40
[2016.01.10-00.01.23:255][  0]LogInit: Compiled with Visual C++: 19.00.23026.00
[2016.01.10-00.01.23:255][  0]LogInit: Build Configuration: Development
[2016.01.10-00.01.23:255][  0]LogInit: Branch Name: ++depot+UE4-Releases+4.10
[2016.01.10-00.01.23:255][  0]LogInit: Command line: 
[2016.01.10-00.01.23:255][  0]LogInit: Base directory: C:/Program Files (x86)/Epic Games/4.10/Engine/Binaries/Win64/
[2016.01.10-00.01.23:255][  0]LogInit: Rocket: 1
[2016.01.10-00.01.23:270][  0]LogInit: Using libcurl 7.41.0
[2016.01.10-00.01.23:270][  0]LogInit:  - built for x86_64-pc-win32
[2016.01.10-00.01.23:270][  0]LogInit:  - supports SSL with WinSSL
[2016.01.10-00.01.23:270][  0]LogInit:  - other features:
[2016.01.10-00.01.23:270][  0]LogInit:      CURL_VERSION_SSL
[2016.01.10-00.01.23:270][  0]LogInit:      CURL_VERSION_IPV6
[2016.01.10-00.01.23:270][  0]LogInit:      CURL_VERSION_ASYNCHDNS
[2016.01.10-00.01.23:270][  0]LogInit:      CURL_VERSION_LARGEFILE
[2016.01.10-00.01.23:270][  0]LogInit:      CURL_VERSION_IDN
[2016.01.10-00.01.23:270][  0]LogInit:  CurlRequestOptions (configurable via config and command line):
[2016.01.10-00.01.23:270][  0]LogInit:  - bVerifyPeer = true  - Libcurl will verify peer certificate
[2016.01.10-00.01.23:270][  0]LogInit:  - bUseHttpProxy = false  - Libcurl will NOT use HTTP proxy
[2016.01.10-00.01.23:270][  0]LogInit:  - bDontReuseConnections = false  - Libcurl will reuse connections
[2016.01.10-00.01.23:270][  0]LogInit:  - CertBundlePath = nullptr  - Libcurl will use whatever was configured at build time.
[2016.01.10-00.01.23:280][  0]LogInit: Presizing for 0 objects not considered by GC, pre-allocating 0 bytes.
[2016.01.10-00.01.23:289][  0]LogInit: Object subsystem initialized
[2016.01.10-00.01.23:290][  0]LogInit: Selected Device Profile: [Windows]
[2016.01.10-00.01.23:290][  0]LogInit: Applying CVar settings loaded from the selected device profile: [Windows]
[2016.01.10-00.01.23:302][  0]LogInit: Computer: DESKTOP-6H6TUD6
[2016.01.10-00.01.23:302][  0]LogInit: User: Home
[2016.01.10-00.01.23:302][  0]LogInit: CPU Page size=4096, Cores=4
[2016.01.10-00.01.23:302][  0]LogInit: High frequency timer resolution =4.232913 MHz
[2016.01.10-00.01.23:302][  0]LogMemory: Memory total: Physical=7.9GB (8GB approx)
[2016.01.10-00.01.23:302][  0]LogMemory: Platform Memory Stats for Windows
[2016.01.10-00.01.23:302][  0]LogMemory: Process Physical Memory: 55.97 MB used, 55.97 MB peak
[2016.01.10-00.01.23:302][  0]LogMemory: Process Virtual Memory: 56.74 MB used, 56.74 MB peak
[2016.01.10-00.01.23:302][  0]LogMemory: Physical Memory: 3859.39 MB used, 8098.55 MB total
[2016.01.10-00.01.23:302][  0]LogMemory: Virtual Memory: 383.76 MB used, 134217728.00 MB total
[2016.01.10-00.01.23:357][  0]LogTextLocalizationManager: No specific translations for ('en-US') exist, so ('en') translations will be used.
[2016.01.10-00.01.23:814][  0]LogD3D11RHI: Found D3D11 adapter 0: NVIDIA GeForce GTX 660   (Feature Level 11_0)
[2016.01.10-00.01.23:814][  0]LogD3D11RHI: Adapter has 1988MB of dedicated video memory, 0MB of dedicated system memory, and 4049MB of shared system memory, 1 output[s]
[2016.01.10-00.01.23:818][  0]LogD3D11RHI: Found D3D11 adapter 1: Microsoft Basic Render Driver (Feature Level 11_0)
[2016.01.10-00.01.23:818][  0]LogD3D11RHI: Adapter has 0MB of dedicated video memory, 0MB of dedicated system memory, and 4049MB of shared system memory, 0 output[s]
[2016.01.10-00.01.23:818][  0]LogD3D11RHI: Chosen D3D11 Adapter Id = 0
[2016.01.10-00.01.23:823][  0]LogD3D11RHI: !Direct3DDevice
[2016.01.10-00.01.23:823][  0]LogRHI: Texture pool is 1361 MB (70% of 1945 MB)
[2016.01.10-00.01.23:842][  0]LogD3D11RHI: Async texture creation enabled
[2016.01.10-00.01.23:860][  0]LogShaderCompilers: Guid format shader working directory is -14 characters bigger than the processId version (../../../../../../Users/Home/Documents/GitHub/underUmbrella/Intermediate/Shaders/WorkingDirectory/9120/).
[2016.01.10-00.01.23:860][  0]LogShaderCompilers: Cleaned the shader compiler working directory 'C:/Users/Home/AppData/Local/Temp/UnrealShaderWorkingDir/033C958043DC71081E7ED2BC7E8DD3FB/'.
[2016.01.10-00.01.23:860][  0]LogShaderCompilers:Display: Using Local Shader Compiler.
[2016.01.10-00.01.24:958][  0]LogTemp:Display: Loaded TP AllDesktopTargetPlatform
[2016.01.10-00.01.24:965][  0]LogTemp:Display: Loaded TP WindowsClientTargetPlatform
[2016.01.10-00.01.24:973][  0]LogTemp:Display: Loaded TP WindowsNoEditorTargetPlatform
[2016.01.10-00.01.24:980][  0]LogTemp:Display: Loaded TP WindowsServerTargetPlatform
[2016.01.10-00.01.24:987][  0]LogTemp:Display: Loaded TP WindowsTargetPlatform
[2016.01.10-00.01.24:992][  0]LogTemp:Display: Loaded TP AndroidTargetPlatform
[2016.01.10-00.01.24:997][  0]LogTemp:Display: Loaded TP Android_ASTCTargetPlatform
[2016.01.10-00.01.25:002][  0]LogTemp:Display: Loaded TP Android_ATCTargetPlatform
[2016.01.10-00.01.25:008][  0]LogTemp:Display: Loaded TP Android_DXTTargetPlatform
[2016.01.10-00.01.25:013][  0]LogTemp:Display: Loaded TP Android_ETC1TargetPlatform
[2016.01.10-00.01.25:018][  0]LogTemp:Display: Loaded TP Android_ETC2TargetPlatform
[2016.01.10-00.01.25:028][  0]LogTemp:Display: Loaded TP Android_MultiTargetPlatform
[2016.01.10-00.01.25:028][  0]LogTemp:Display: Loaded TP Android_PVRTCTargetPlatform
[2016.01.10-00.01.25:030][  0]LogTemp:Display: Loaded TP HTML5TargetPlatform
[2016.01.10-00.01.25:051][  0]LogTemp:Display: Loaded TP IOSTargetPlatform
[2016.01.10-00.01.25:056][  0]LogTemp:Display: Loaded TP LinuxNoEditorTargetPlatform
[2016.01.10-00.01.25:060][  0]LogTemp:Display: Loaded TP LinuxServerTargetPlatform
[2016.01.10-00.01.25:066][  0]LogTemp:Display: Loaded TP LinuxTargetPlatform
[2016.01.10-00.01.25:066][  0]LogTargetPlatformManager:Display: Building Assets For Windows
[2016.01.10-00.01.25:197][  0]LogDerivedDataCache:Display: Max Cache Size: 512 MB
[2016.01.10-00.01.25:276][  0]LogDerivedDataCache: Loaded boot cache 0.08s 41MB C:/Users/Home/AppData/Local/UnrealEngine/4.10/DerivedDataCache/Boot.ddc.
[2016.01.10-00.01.25:276][  0]LogDerivedDataCache:Display: Loaded Boot cache: C:/Users/Home/AppData/Local/UnrealEngine/4.10/DerivedDataCache/Boot.ddc
[2016.01.10-00.01.25:276][  0]LogDerivedDataCache: FDerivedDataBackendGraph:  Pak pak cache file ../../../../../../Users/Home/Documents/GitHub/underUmbrella/DerivedDataCache/DDC.ddp not found, will not use a pak cache.
[2016.01.10-00.01.25:276][  0]LogDerivedDataCache: Unable to find inner node Pak for hierarchical cache Hierarchy.
[2016.01.10-00.01.25:276][  0]LogDerivedDataCache: FDerivedDataBackendGraph:  CompressedPak pak cache file ../../../../../../Users/Home/Documents/GitHub/underUmbrella/DerivedDataCache/Compressed.ddp not found, will not use a pak cache.
[2016.01.10-00.01.25:276][  0]LogDerivedDataCache: Unable to find inner node CompressedPak for hierarchical cache Hierarchy.
[2016.01.10-00.01.25:344][  0]LogDerivedDataCache:Display: Pak cache opened for reading ../../../Engine/DerivedDataCache/Compressed.ddp.
[2016.01.10-00.01.25:356][  0]LogDerivedDataCache: Using Local data cache path C:/Users/Home/AppData/Local/UnrealEngine/Common/DerivedDataCache: Writable
[2016.01.10-00.01.25:654][  0]LogInit: Selected Device Profile: [Windows]
[2016.01.10-00.01.25:656][  0]LogContentStreaming: Texture pool size is 0.000000MB
[2016.01.10-00.01.25:790][  0]LogMeshUtilities: No automatic mesh reduction module available
[2016.01.10-00.01.25:790][  0]LogMeshUtilities: No automatic mesh merging module available
[2016.01.10-00.01.26:093][  0]LogInit: WinSock: version 1.1 (2.2), MaxSocks=32767, MaxUdp=65467
[2016.01.10-00.01.27:666][  0]UdpMessaging: Initializing bridge on interface 0.0.0.0:0 to multicast group 230.0.0.1:6666.
[2016.01.10-00.01.27:785][  0]LogAssetRegistry: FAssetRegistry took 0.0107 seconds to start up
[2016.01.10-00.01.27:995][  0]SourceControl: Info Source control is disabled
[2016.01.10-00.01.27:997][  0]SourceControl: Info Source control is disabled
[2016.01.10-00.01.28:015][  0]SourceControl: Info Source control is disabled
[2016.01.10-00.01.28:032][  0]SourceControl: Info Source control is disabled
[2016.01.10-00.01.28:408][  0]LogObj: 28633 objects as part of root set at end of initial load.
[2016.01.10-00.01.28:408][  0]LogUObjectAllocator: 6099752 out of 0 bytes used by permanent object pool.
[2016.01.10-00.01.28:475][  0]LogEngine: Initializing Engine...
[2016.01.10-00.01.28:482][  0]LogHMD: Can't find Oculus library dev build: is proper Runtime installed? Version: 0.8.0.0
[2016.01.10-00.01.28:483][  0]LogHMD: SteamVR failed to initialize.  Err: 110
[2016.01.10-00.01.28:636][  0]LogAIModule: Creating AISystem for world NewWorld
[2016.01.10-00.01.28:647][  0]LogInit: XAudio2 using 'Speakers (High Definition Audio Device)' : 2 channels at 44.1 kHz using 16 bits per sample (channel mask 0x3)
[2016.01.10-00.01.28:658][  0]LogInit: FAudioDevice initialized.
[2016.01.10-00.01.28:700][  0]LogDerivedDataCache: Saved boot cache 0.04s 41MB C:/Users/Home/AppData/Local/UnrealEngine/4.10/DerivedDataCache/Boot.ddc.
[2016.01.10-00.01.28:711][  0]LogInit: Texture streaming: Enabled
[2016.01.10-00.01.28:720][  0]LogAnalytics: Creating configured Analytics provider AnalyticsET
[2016.01.10-00.01.28:720][  0]LogAnalytics: [UEEditor.Rocket.Release] APIServer = http://et2.epicgames.com/ET2/. AppVersion = 4.10.1-2791327+++depot+UE4-Releases+4.10
[2016.01.10-00.01.28:720][  0]LogAnalytics: [UEEditor.Rocket.Release] SetUserId bda7634e4e3800c847f018b8ed0b1411|c7ff289020a144faadd7bc99c3af9303|18c70efd-9716-4caf-b1ce-617add21ccd6
[2016.01.10-00.01.28:720][  0]LogAnalytics: [UEEditor.Rocket.Release] AnalyticsET::StartSession
[2016.01.10-00.01.28:737][  0]LogWindowsTextInputMethodSystem:Display: IME system now activated using TSF (Google Japanese Input).
[2016.01.10-00.01.28:760][  0]LogInit: Transaction tracking system initialized
[2016.01.10-00.01.28:804][  0]BlueprintLog: New page: Editor Load
[2016.01.10-00.01.28:937][  0]LocalizationService: Info Localization service is disabled
[2016.01.10-00.01.29:045][  0]LogConsoleResponse:Display: 
[2016.01.10-00.01.29:245][  0]LogCook:Display: Done creating registry. It took  0.00s.
[2016.01.10-00.01.29:345][  0]SourceControl: Info Source control is disabled
[2016.01.10-00.01.29:346][  0]Cmd: MAP LOAD FILE="../../../../../../Users/Home/Documents/GitHub/underUmbrella/Content/ThirdPersonBP/Maps/ThirdPersonExampleMap.umap" TEMPLATE=0 SHOWPROGRESS=1 FEATURELEVEL=3
[2016.01.10-00.01.29:517][  0]LightingResults: New page: Lighting Build
[2016.01.10-00.01.29:521][  0]MapCheck: New page: Map Check
[2016.01.10-00.01.29:521][  0]LightingResults: New page: Lighting Build
[2016.01.10-00.01.29:537][  0]LogParticles: Destroying 0 GPU particle simulations for FXSystem 0x0000017273C96AC0
[2016.01.10-00.01.30:321][  0]LogLinker:Warning: Asset '../../../../../../Users/Home/Documents/GitHub/underUmbrella/Content/FirstPerson/Meshes/FirstPersonProjectileMesh.uasset' has been saved with empty engine version. The asset will be loaded but may be incompatible.
[2016.01.10-00.01.31:067][  0]LogFileCache: Scanning file cache for directory 'C:/Users/Home/Documents/GitHub/underUmbrella/Content/' took 1.14s
[2016.01.10-00.01.36:342][  0]LogAIModule: Creating AISystem for world ThirdPersonExampleMap
[2016.01.10-00.01.36:357][  0]LogEditorServer: Finished looking for orphan Actors (0.000 secs)
[2016.01.10-00.01.36:358][  0]Cmd: MAP CHECKDEP NOCL