[2016.01.07-18.48.29:740][  0]Log file open, 01/07/16 19:48:29
[2016.01.07-18.48.29:740][  0]LogInit:Display: Running engine for game: UnderUmbrella
[2016.01.07-18.48.29:740][  0]LogPlatformFile: Not using cached read wrapper
[2016.01.07-18.48.29:740][  0]LogInit:Display: RandInit(-1916321665) SRandInit(-1916321664).
[2016.01.07-18.48.29:740][  0]LogTaskGraph: Started task graph with 4 named threads and 7 total threads.
[2016.01.07-18.48.29:740][  0]LogStats: Stats thread started at 0.095960
[2016.01.07-18.48.29:740][  0]LogInit: Version: 4.10.1-2791327+++depot+UE4-Releases+4.10
[2016.01.07-18.48.29:740][  0]LogInit: API Version: 2758231
[2016.01.07-18.48.29:740][  0]LogInit: Compiled (64-bit): Dec  4 2015 19:44:40
[2016.01.07-18.48.29:740][  0]LogInit: Compiled with Visual C++: 19.00.23026.00
[2016.01.07-18.48.29:740][  0]LogInit: Build Configuration: Development
[2016.01.07-18.48.29:740][  0]LogInit: Branch Name: ++depot+UE4-Releases+4.10
[2016.01.07-18.48.29:740][  0]LogInit: Command line: 
[2016.01.07-18.48.29:740][  0]LogInit: Base directory: C:/Program Files (x86)/Epic Games/4.10/Engine/Binaries/Win64/
[2016.01.07-18.48.29:740][  0]LogInit: Rocket: 1
[2016.01.07-18.48.29:753][  0]LogInit: Using libcurl 7.41.0
[2016.01.07-18.48.29:753][  0]LogInit:  - built for x86_64-pc-win32
[2016.01.07-18.48.29:753][  0]LogInit:  - supports SSL with WinSSL
[2016.01.07-18.48.29:753][  0]LogInit:  - other features:
[2016.01.07-18.48.29:753][  0]LogInit:      CURL_VERSION_SSL
[2016.01.07-18.48.29:753][  0]LogInit:      CURL_VERSION_IPV6
[2016.01.07-18.48.29:753][  0]LogInit:      CURL_VERSION_ASYNCHDNS
[2016.01.07-18.48.29:753][  0]LogInit:      CURL_VERSION_LARGEFILE
[2016.01.07-18.48.29:753][  0]LogInit:      CURL_VERSION_IDN
[2016.01.07-18.48.29:753][  0]LogInit:  CurlRequestOptions (configurable via config and command line):
[2016.01.07-18.48.29:753][  0]LogInit:  - bVerifyPeer = true  - Libcurl will verify peer certificate
[2016.01.07-18.48.29:753][  0]LogInit:  - bUseHttpProxy = false  - Libcurl will NOT use HTTP proxy
[2016.01.07-18.48.29:753][  0]LogInit:  - bDontReuseConnections = false  - Libcurl will reuse connections
[2016.01.07-18.48.29:753][  0]LogInit:  - CertBundlePath = nullptr  - Libcurl will use whatever was configured at build time.
[2016.01.07-18.48.29:762][  0]LogInit: Presizing for 0 objects not considered by GC, pre-allocating 0 bytes.
[2016.01.07-18.48.29:769][  0]LogInit: Object subsystem initialized
[2016.01.07-18.48.29:771][  0]LogInit: Selected Device Profile: [Windows]
[2016.01.07-18.48.29:771][  0]LogInit: Applying CVar settings loaded from the selected device profile: [Windows]
[2016.01.07-18.48.29:783][  0]LogInit: Computer: DESKTOP-6H6TUD6
[2016.01.07-18.48.29:783][  0]LogInit: User: Home
[2016.01.07-18.48.29:783][  0]LogInit: CPU Page size=4096, Cores=4
[2016.01.07-18.48.29:783][  0]LogInit: High frequency timer resolution =4.232915 MHz
[2016.01.07-18.48.29:783][  0]LogMemory: Memory total: Physical=7.9GB (8GB approx)
[2016.01.07-18.48.29:783][  0]LogMemory: Platform Memory Stats for Windows
[2016.01.07-18.48.29:783][  0]LogMemory: Process Physical Memory: 55.95 MB used, 55.95 MB peak
[2016.01.07-18.48.29:783][  0]LogMemory: Process Virtual Memory: 58.83 MB used, 58.83 MB peak
[2016.01.07-18.48.29:783][  0]LogMemory: Physical Memory: 2925.40 MB used, 8098.55 MB total
[2016.01.07-18.48.29:783][  0]LogMemory: Virtual Memory: 385.70 MB used, 134217728.00 MB total
[2016.01.07-18.48.29:832][  0]LogTextLocalizationManager: No specific translations for ('en-US') exist, so ('en') translations will be used.
[2016.01.07-18.48.30:292][  0]LogD3D11RHI: Found D3D11 adapter 0: NVIDIA GeForce GTX 660   (Feature Level 11_0)
[2016.01.07-18.48.30:292][  0]LogD3D11RHI: Adapter has 1988MB of dedicated video memory, 0MB of dedicated system memory, and 4049MB of shared system memory, 1 output[s]
[2016.01.07-18.48.30:294][  0]LogD3D11RHI: Found D3D11 adapter 1: Microsoft Basic Render Driver (Feature Level 11_0)
[2016.01.07-18.48.30:294][  0]LogD3D11RHI: Adapter has 0MB of dedicated video memory, 0MB of dedicated system memory, and 4049MB of shared system memory, 0 output[s]
[2016.01.07-18.48.30:294][  0]LogD3D11RHI: Chosen D3D11 Adapter Id = 0
[2016.01.07-18.48.30:299][  0]LogD3D11RHI: !Direct3DDevice
[2016.01.07-18.48.30:299][  0]LogRHI: Texture pool is 1361 MB (70% of 1945 MB)
[2016.01.07-18.48.30:316][  0]LogD3D11RHI: Async texture creation enabled
[2016.01.07-18.48.30:329][  0]LogShaderCompilers: Guid format shader working directory is -14 characters bigger than the processId version (../../../../../../Users/Home/Documents/GitHub/underUmbrella/Intermediate/Shaders/WorkingDirectory/6540/).
[2016.01.07-18.48.30:329][  0]LogShaderCompilers: Cleaned the shader compiler working directory 'C:/Users/Home/AppData/Local/Temp/UnrealShaderWorkingDir/F2932F8D48724C0FCB7029B7BEE82EDC/'.
[2016.01.07-18.48.30:329][  0]LogShaderCompilers:Display: Using Local Shader Compiler.
[2016.01.07-18.48.31:386][  0]LogTemp:Display: Loaded TP AllDesktopTargetPlatform
[2016.01.07-18.48.31:393][  0]LogTemp:Display: Loaded TP WindowsClientTargetPlatform
[2016.01.07-18.48.31:400][  0]LogTemp:Display: Loaded TP WindowsNoEditorTargetPlatform
[2016.01.07-18.48.31:407][  0]LogTemp:Display: Loaded TP WindowsServerTargetPlatform
[2016.01.07-18.48.31:413][  0]LogTemp:Display: Loaded TP WindowsTargetPlatform
[2016.01.07-18.48.31:419][  0]LogTemp:Display: Loaded TP AndroidTargetPlatform
[2016.01.07-18.48.31:423][  0]LogTemp:Display: Loaded TP Android_ASTCTargetPlatform
[2016.01.07-18.48.31:428][  0]LogTemp:Display: Loaded TP Android_ATCTargetPlatform
[2016.01.07-18.48.31:433][  0]LogTemp:Display: Loaded TP Android_DXTTargetPlatform
[2016.01.07-18.48.31:437][  0]LogTemp:Display: Loaded TP Android_ETC1TargetPlatform
[2016.01.07-18.48.31:442][  0]LogTemp:Display: Loaded TP Android_ETC2TargetPlatform
[2016.01.07-18.48.31:451][  0]LogTemp:Display: Loaded TP Android_MultiTargetPlatform
[2016.01.07-18.48.31:451][  0]LogTemp:Display: Loaded TP Android_PVRTCTargetPlatform
[2016.01.07-18.48.31:453][  0]LogTemp:Display: Loaded TP HTML5TargetPlatform
[2016.01.07-18.48.31:473][  0]LogTemp:Display: Loaded TP IOSTargetPlatform
[2016.01.07-18.48.31:478][  0]LogTemp:Display: Loaded TP LinuxNoEditorTargetPlatform
[2016.01.07-18.48.31:483][  0]LogTemp:Display: Loaded TP LinuxServerTargetPlatform
[2016.01.07-18.48.31:488][  0]LogTemp:Display: Loaded TP LinuxTargetPlatform
[2016.01.07-18.48.31:488][  0]LogTargetPlatformManager:Display: Building Assets For Windows
[2016.01.07-18.48.31:607][  0]LogDerivedDataCache:Display: Max Cache Size: 512 MB
[2016.01.07-18.48.31:678][  0]LogDerivedDataCache: Loaded boot cache 0.07s 41MB C:/Users/Home/AppData/Local/UnrealEngine/4.10/DerivedDataCache/Boot.ddc.
[2016.01.07-18.48.31:678][  0]LogDerivedDataCache:Display: Loaded Boot cache: C:/Users/Home/AppData/Local/UnrealEngine/4.10/DerivedDataCache/Boot.ddc
[2016.01.07-18.48.31:678][  0]LogDerivedDataCache: FDerivedDataBackendGraph:  Pak pak cache file ../../../../../../Users/Home/Documents/GitHub/underUmbrella/DerivedDataCache/DDC.ddp not found, will not use a pak cache.
[2016.01.07-18.48.31:678][  0]LogDerivedDataCache: Unable to find inner node Pak for hierarchical cache Hierarchy.
[2016.01.07-18.48.31:678][  0]LogDerivedDataCache: FDerivedDataBackendGraph:  CompressedPak pak cache file ../../../../../../Users/Home/Documents/GitHub/underUmbrella/DerivedDataCache/Compressed.ddp not found, will not use a pak cache.
[2016.01.07-18.48.31:678][  0]LogDerivedDataCache: Unable to find inner node CompressedPak for hierarchical cache Hierarchy.
[2016.01.07-18.48.31:749][  0]LogDerivedDataCache:Display: Pak cache opened for reading ../../../Engine/DerivedDataCache/Compressed.ddp.
[2016.01.07-18.48.31:761][  0]LogDerivedDataCache: Using Local data cache path C:/Users/Home/AppData/Local/UnrealEngine/Common/DerivedDataCache: Writable
[2016.01.07-18.48.32:026][  0]LogInit: Selected Device Profile: [Windows]
[2016.01.07-18.48.32:030][  0]LogContentStreaming: Texture pool size is 0.000000MB
[2016.01.07-18.48.32:161][  0]LogMeshUtilities: No automatic mesh reduction module available
[2016.01.07-18.48.32:161][  0]LogMeshUtilities: No automatic mesh merging module available
[2016.01.07-18.48.32:447][  0]LogInit: WinSock: version 1.1 (2.2), MaxSocks=32767, MaxUdp=65467
[2016.01.07-18.48.33:915][  0]UdpMessaging: Initializing bridge on interface 0.0.0.0:0 to multicast group 230.0.0.1:6666.
[2016.01.07-18.48.34:035][  0]LogAssetRegistry: FAssetRegistry took 0.0106 seconds to start up
[2016.01.07-18.48.34:266][  0]SourceControl: Info Source control is disabled
[2016.01.07-18.48.34:268][  0]SourceControl: Info Source control is disabled
[2016.01.07-18.48.34:289][  0]SourceControl: Info Source control is disabled
[2016.01.07-18.48.34:310][  0]SourceControl: Info Source control is disabled
[2016.01.07-18.48.34:720][  0]LogObj: 28633 objects as part of root set at end of initial load.
[2016.01.07-18.48.34:720][  0]LogUObjectAllocator: 6099752 out of 0 bytes used by permanent object pool.
[2016.01.07-18.48.34:786][  0]LogEngine: Initializing Engine...
[2016.01.07-18.48.34:792][  0]LogHMD: Can't find Oculus library dev build: is proper Runtime installed? Version: 0.8.0.0
[2016.01.07-18.48.34:793][  0]LogHMD: SteamVR failed to initialize.  Err: 110
[2016.01.07-18.48.34:938][  0]LogAIModule: Creating AISystem for world NewWorld
[2016.01.07-18.48.34:948][  0]LogInit: XAudio2 using 'Speakers (High Definition Audio Device)' : 2 channels at 44.1 kHz using 16 bits per sample (channel mask 0x3)
[2016.01.07-18.48.34:958][  0]LogInit: FAudioDevice initialized.
[2016.01.07-18.48.34:996][  0]LogDerivedDataCache: Saved boot cache 0.04s 41MB C:/Users/Home/AppData/Local/UnrealEngine/4.10/DerivedDataCache/Boot.ddc.
[2016.01.07-18.48.35:007][  0]LogInit: Texture streaming: Enabled
[2016.01.07-18.48.35:015][  0]LogAnalytics: Creating configured Analytics provider AnalyticsET
[2016.01.07-18.48.35:015][  0]LogAnalytics: [UEEditor.Rocket.Release] APIServer = http://et2.epicgames.com/ET2/. AppVersion = 4.10.1-2791327+++depot+UE4-Releases+4.10
[2016.01.07-18.48.35:015][  0]LogAnalytics: [UEEditor.Rocket.Release] SetUserId bda7634e4e3800c847f018b8ed0b1411|c7ff289020a144faadd7bc99c3af9303|18c70efd-9716-4caf-b1ce-617add21ccd6
[2016.01.07-18.48.35:015][  0]LogAnalytics: [UEEditor.Rocket.Release] AnalyticsET::StartSession
[2016.01.07-18.48.35:030][  0]LogWindowsTextInputMethodSystem:Display: IME system now activated using TSF (Google Japanese Input).
[2016.01.07-18.48.35:052][  0]LogInit: Transaction tracking system initialized
[2016.01.07-18.48.35:097][  0]BlueprintLog: New page: Editor Load
[2016.01.07-18.48.35:218][  0]LocalizationService: Info Localization service is disabled
[2016.01.07-18.48.35:341][  0]LogConsoleResponse:Display: 
[2016.01.07-18.48.35:494][  0]LogCook:Display: Done creating registry. It took  0.00s.
[2016.01.07-18.48.35:608][  0]LogFileCache: Scanning file cache for directory 'C:/Users/Home/Documents/GitHub/underUmbrella/Content/' took 0.02s
[2016.01.07-18.48.35:608][  0]SourceControl: Info Source control is disabled
[2016.01.07-18.48.35:608][  0]Cmd: MAP LOAD FILE="../../../../../../Users/Home/Documents/GitHub/underUmbrella/Content/ThirdPersonBP/Maps/ThirdPersonExampleMap.umap" TEMPLATE=0 SHOWPROGRESS=1 FEATURELEVEL=3
[2016.01.07-18.48.35:610][  0]LightingResults: New page: Lighting Build
[2016.01.07-18.48.35:615][  0]MapCheck: New page: Map Check
[2016.01.07-18.48.35:615][  0]LightingResults: New page: Lighting Build
[2016.01.07-18.48.35:629][  0]LogParticles: Destroying 0 GPU particle simulations for FXSystem 0x000001BCC49BBB00
[2016.01.07-18.48.36:846][  0]LogAIModule: Creating AISystem for world ThirdPersonExampleMap
[2016.01.07-18.48.36:857][  0]LogEditorServer: Finished looking for orphan Actors (0.000 secs)
[2016.01.07-18.48.36:858][  0]Cmd: MAP CHECKDEP NOCLEARLOG
[2016.01.07-18.48.37:014][  0]MapCheck: Info Map check complete: 0 Error(s), 0 Warning(s), took 155.736ms to complete.
[2016.01.07-18.48.37:014][  0]LogFileHelpers: Loading map 'ThirdPersonExampleMap' took 1.406
[2016.01.07-18.48.37:163][  0]LogCollectionManager: Loaded 0 collections in 0.002823 seconds
[2016.01.07-18.48.37:204][  0]LogFileCache: Scanning file cache for directory 'C:/Users/Home/Documents/GitHub/underUmbrella/Saved/Collections/' took 0.01s
[2016.01.07-18.48.37:204][  0]LogFileCache: Scanning file cache for directory 'C:/Users/Home/Documents/GitHub/underUmbrella/Content/Developers/Home/Collections/' took 0.01s
[2016.01.07-18.48.37:204][  0]LogFileCache: Scanning file cache for directory 'C:/Users/Home/Documents/GitHub/underUmbrella/Content/Collections/' took 0.01s
[2016.01.07-18.48.37:204][  0]LogCollectionManager: Rebuilt the GUID cache for 0 collections in 0.000002 seconds
[2016.01.07-18.48.37:215][  0]LogContentBrowser: Native class hierarchy populated in 0.0109 seconds. Added 1893 classes and 338 folders.
[2016.01.07-18.48.37:226][  0]LogContentBrowser: Native class hierarchy updated for 'WidgetCarousel' in 0.0005 seconds. Added 0 classes and 0 folders.
[2016.01.07-18.48.38:106][  0]LogContentBrowser: Native class hierarchy updated for 'AddContentDialog' in 0.0004 seconds. Added 0 classes and 0 folders.
[2016.01.07-18.48.38:111][  0]LogContentBrowser: Native class hierarchy updated for 'SceneOutliner' in 0.0004 seconds. Added 1 classes and 2 folders.
[2016.01.07-18.48.38:214][  0]LogCrashTracker: Crashtracker disabled due to settings.
[2016.01.07-18.48.38:219][  0]LogUObjectGlobals:Warning: Failed to find object 'Class None.'
[2016.01.07-18.48.38:241][  0]LogLoad: Full Startup: 9.03 seconds (BP compile: 0.13 seconds)
[2016.01.07-18.48.38:258][  0]LogOcInput: Can't find Oculus library dev build: is proper Runtime installed? Version: 0.8.0.0
[2016.01.07-18.48.38:351][  0]LogContentStreaming: Texture pool size now 1000 MB
[2016.01.07-18.48.38:545][  0]LogRenderer: Reallocating scene render targets to support 1208x572 (Frame:2).
[2016.01.07-18.48.38:812][  4]LogAssetRegistry: Asset discovery search completed in 4.7872 seconds
[2016.01.07-18.48.38:812][  4]LogCollectionManager: Rebuilt the object cache for 0 collections in 0.000000 seconds (found 0 objects)
[2016.01.07-18.48.38:812][  4]LogCollectionManager: Fixed up redirectors for 0 collections in 0.000023 seconds (updated 0 objects)
[2016.01.07-18.49.59:419][699]LogDerivedDataCache:Warning: FDerivedDataBackendCorruptionWrapper: Corrupted file, ignoring and deleting MATSM_984afa3849534faa8491540b994bd32e_PCD3D_SM5_3__BC5N_DEV_SL_NoDBufCC5BF536__5191417F38E08751BE1DBADE53A3A1288E0AF001.
[2016.01.07-18.49.59:420][699]LogMaterial: Missing cached shader map for material SpotLight, compiling. 
[2016.01.07-18.49.59:777][699]LogMaterial: Missing cached shader map for material SpotLight, compiling. 
[2016.01.07-18.50.01:208][699]LogMaterial: Missing cached shader map for material SpotLight, compiling. 
[2016.01.07-18.50.01:240][699]LogMaterial: 0.015293 seconds spent updating 1 materials, 1 interfaces, 0 instances, 0 with static permutations.
[2016.01.07-18.50.06:169][880]MaterialEditorStats: Info Base pass shader with only dynamic lighting: 31 instructions
[2016.01.07-18.50.06:169][880]MaterialEditorStats: Info Vertex shader: 31 instructions
[2016.01.07-18.50.06:169][880]MaterialEditorStats: Info Texture samplers: 0/16
[2016.01.07-18.50.15:064][ 54]LogProperty:Warning: ObjectProperty /Script/Engine.EdGraphPin:LinkedTo.LinkedTo: unresolved reference to 'EdGraphPin'MaterialGraphNode_47.EdGraphPin_41724''
[2016.01.07-18.50.15:064][ 54]LogProperty:Warning: ObjectProperty /Script/Engine.EdGraphPin:LinkedTo.LinkedTo: unresolved reference to 'EdGraphPin'MaterialGraphNode_55.EdGraphPin_41746''
[2016.01.07-18.50.15:065][ 54]LogProperty:Warning: ObjectProperty /Script/Engine.EdGraphPin:LinkedTo.LinkedTo: unresolved reference to 'EdGraphPin'MaterialGraphNode_52.EdGraphPin_41742''
[2016.01.07-18.50.15:065][ 54]LogProperty:Warning: ObjectProperty /Script/Engine.EdGraphPin:LinkedTo.LinkedTo: unresolved reference to 'EdGraphPin'MaterialGraphNode_54.EdGraphPin_41745''
[2016.01.07-18.50.15:065][ 54]LogProperty:Warning: ObjectProperty /Script/Engine.ExpressionInput:Expression: unresolved reference to 'MaterialExpressionComponentMask'MaterialGraphNode_54.MaterialExpressionComponentMask_1')'
[2016.01.07-18.50.15:065][ 54]LogProperty:Warning: ObjectProperty /Script/Engine.ExpressionInput:Expression: unresolved reference to 'MaterialExpressionWorldPosition'MaterialGraphNode_52.MaterialExpressionWorldPosition_1')'
[2016.01.07-18.50.15:065][ 54]LogProperty:Warning: ObjectProperty /Script/Engine.ExpressionInput:Expression: unresolved reference to 'MaterialExpressionCollectionParameter'MaterialGraphNode_55.MaterialExpressionCollectionParameter_4')'
[2016.01.07-18.50.15:065][ 54]LogLinker: Can't find file '/Engine/Transient'
[2016.01.07-18.50.15:065][ 54]LogProperty:Warning: ObjectProperty /Script/Engine.MaterialExpression:Material: unresolved reference to 'PreviewMaterial'/Engine/Transient.PreviewMaterial_1''
[2016.01.07-18.50.15:067][ 54]LogLinker: Can't find file '/Engine/Transient'
[2016.01.07-18.50.15:067][ 54]LogProperty:Warning: ObjectProperty /Script/Engine.MaterialExpression:Material: unresolved reference to 'PreviewMaterial'/Engine/Transient.PreviewMaterial_1''
[2016.01.07-18.50.15:067][ 54]LogProperty:Warning: ObjectProperty /Script/Engine.EdGraphPin:LinkedTo.LinkedTo: unresolved reference to 'EdGraphPin'MaterialGraphNode_54.EdGraphPin_41744''
[2016.01.07-18.50.15:068][ 54]LogLinker:Warning: Can't find file '/Game/AudioTutAssets/LocationCollection'
[2016.01.07-18.50.15:068][ 54]LogLinker: Can't find file '/Game/AudioTutAssets/LocationCollection'
[2016.01.07-18.50.15:068][ 54]LogProperty:Warning: ObjectProperty /Script/Engine.MaterialExpressionCollectionParameter:Collection: unresolved reference to 'MaterialParameterCollection'/Game/AudioTutAssets/LocationCollection.LocationCollection''
[2016.01.07-18.50.15:068][ 54]LogLinker: Can't find file '/Engine/Transient'
[2016.01.07-18.50.15:068][ 54]LogProperty:Warning: ObjectProperty /Script/Engine.MaterialExpression:Material: unresolved reference to 'PreviewMaterial'/Engine/Transient.PreviewMaterial_1''
[2016.01.07-18.50.15:070][ 54]LogProperty:Warning: ObjectProperty /Script/Engine.ExpressionInput:Expression: unresolved reference to 'MaterialExpressionCollectionParameter'MaterialGraphNode_53.MaterialExpressionCollectionParameter_3')'
[2016.01.07-18.50.15:070][ 54]LogLinker: Can't find file '/Engine/Transient'
[2016.01.07-18.50.15:070][ 54]LogProperty:Warning: ObjectProperty /Script/Engine.MaterialExpression:Material: unresolved reference to 'PreviewMaterial'/Engine/Transient.PreviewMaterial_1''
[2016.01.07-18.50.15:071][ 54]LogLinker: Can't find file '/Game/AudioTutAssets/LocationCollection'
[2016.01.07-18.50.15:071][ 54]LogProperty:Warning: ObjectProperty /Script/Engine.MaterialExpressionCollectionParameter:Collection: unresolved reference to 'MaterialParameterCollection'/Game/AudioTutAssets/LocationCollection.LocationCollection''
[2016.01.07-18.50.15:071][ 54]LogLinker: Can't find file '/Engine/Transient'
[2016.01.07-18.50.15:071][ 54]LogProperty:Warning: ObjectProperty /Script/Engine.MaterialExpression:Material: unresolved reference to 'PreviewMaterial'/Engine/Transient.PreviewMaterial_1''
[2016.01.07-18.50.15:095][ 54]LogMaterial: Missing cached shader map for material SpotLight, compiling. 
[2016.01.07-18.50.15:099][ 54]LogMaterial: 0.000101 seconds spent updating 1 materials, 1 interfaces, 0 instances, 0 with static permutations.
[2016.01.07-18.50.15:100][ 54]LogMaterial: Missing cached shader map for material FMatExpressionPreview MaterialExpressionCollectionParameter_0, compiling. 
[2016.01.07-18.50.15:105][ 54]LogMaterial: Missing cached shader map for material FMatExpressionPreview MaterialExpressionCollectionParameter_1, compiling. 
[2016.01.07-18.50.16:023][125]MaterialEditorStats: Info Base pass shader with only dynamic lighting: 31 instructions
[2016.01.07-18.50.16:023][125]MaterialEditorStats: Info Vertex shader: 31 instructions
[2016.01.07-18.50.16:023][125]MaterialEditorStats: Info Texture samplers: 0/16
[2016.01.07-18.50.25:435][ 75]LogMaterial: Missing cached shader map for material SpotLight, compiling. 
[2016.01.07-18.50.25:439][ 75]LogMaterial: 0.000089 seconds spent updating 1 materials, 1 interfaces, 0 instances, 0 with static permutations.
[2016.01.07-18.50.25:492][ 75]LogMaterial: Missing cached shader map for material FMatExpressionPreview MaterialExpressionCollectionParameter_0, compiling. 
[2016.01.07-18.50.25:493][ 75]LogMaterial: Missing cached shader map for material FMatExpressionPreview MaterialExpressionCollectionParameter_1, compiling. 
[2016.01.07-18.50.26:143][120]MaterialEditorStats: Info Base pass shader with only dynamic lighting: 31 instructions
[2016.01.07-18.50.26:143][120]MaterialEditorStats: Info Vertex shader: 31 instructions
[2016.01.07-18.50.26:143][120]MaterialEditorStats: Info Texture samplers: 0/16
[2016.01.07-18.50.27:184][220]LogMaterial: Missing cached shader map for material SpotLight, compiling. 
[2016.01.07-18.50.27:188][220]LogMaterial: 0.000069 seconds spent updating 1 materials, 1 interfaces, 0 instances, 0 with static permutations.
[2016.01.07-18.50.27:897][273]MaterialEditorStats: Info Base pass shader with only dynamic lighting: 31 instructions
[2016.01.07-18.50.27:897][273]MaterialEditorStats: Info Vertex shader: 31 instructions
[2016.01.07-18.50.27:897][273]MaterialEditorStats: Info Texture samplers: 0/16
[2016.01.07-18.51.43:398][ 47]LogMaterial: Missing cached shader map for material SpotLight, compiling. 
[2016.01.07-18.51.43:402][ 47]LogMaterial: 0.000093 seconds spent updating 1 materials, 1 interfaces, 0 instances, 0 with static permutations.
[2016.01.07-18.51.44:628][142]MaterialEditorStats: Info Base pass shader with only dynamic lighting: 31 instructions
[2016.01.07-18.51.44:628][142]MaterialEditorStats: Info Vertex shader: 31 instructions
[2016.01.07-18.51.44:628][142]MaterialEditorStats: Info Texture samplers: 0/16
[2016.01.07-18.51.44:717][150]LogMaterial: Missing cached shader map for material SpotLight, compiling. 
[2016.01.07-18.51.44:721][150]LogMaterial: 0.000078 seconds spent updating 1 materials, 1 interfaces, 0 instances, 0 with static permutations.
[2016.01.07-18.51.45:398][196]MaterialEditorStats: Info Base pass shader with only dynamic lighting: 31 instructions
[2016.01.07-18.51.45:398][196]MaterialEditorStats: Info Vertex shader: 31 instructions
[2016.01.07-18.51.45:398][196]MaterialEditorStats: Info Texture samplers: 0/16
[2016.01.07-18.51.50:995][844]LogMaterial: Missing cached shader map for material SpotLight, compiling. 
[2016.01.07-18.51.50:998][844]LogMaterial: 0.000086 seconds spent updating 1 materials, 1 interfaces, 0 instances, 0 with static permutations.
[2016.01.07-18.51.51:758][899]MaterialEditorStats: Info Base pass shader with only dynamic lighting: 31 instructions
[2016.01.07-18.51.51:758][899]MaterialEditorStats: Info Vertex shader: 31 instructions
[2016.01.07-18.51.51:758][899]MaterialEditorStats: Info Texture samplers: 0/16
[2016.01.07-18.51.53:319][ 57]LogMaterial: Missing cached shader map for material SpotLight, compiling. 
[2016.01.07-18.51.53:323][ 57]LogMaterial: 0.000108 seconds spent updating 1 materials, 1 interfaces, 0 instances, 0 with static permutations.
[2016.01.07-18.51.54:024][102]MaterialEditorStats: Info Base pass shader with only dynamic lighting: 31 instructions
[2016.01.07-18.51.54:024][102]MaterialEditorStats: Info Vertex shader: 31 instructions
[2016.01.07-18.51.54:024][102]MaterialEditorStats: Info Texture samplers: 0/16
[2016.01.07-18.52.08:530][735]LogMaterial: Missing cached shader map for material SpotLight, compiling. 
[2016.01.07-18.52.08:534][735]LogMaterial: 0.000083 seconds spent updating 1 materials, 1 interfaces, 0 instances, 0 with static permutations.
[2016.01.07-18.52.09:265][791]MaterialEditorStats: Info Base pass shader with only dynamic lighting: 31 instructions
[2016.01.07-18.52.09:265][791]MaterialEditorStats: Info Vertex shader: 31 instructions
[2016.01.07-18.52.09:265][791]MaterialEditorStats: Info Texture samplers: 0/16
[2016.01.07-18.52.10:337][905]LogMaterial: Missing cached shader map for material SpotLight, compiling. 
[2016.01.07-18.52.10:341][905]LogMaterial: 0.000127 seconds spent updating 1 materials, 1 interfaces, 0 instances, 0 with static permutations.
[2016.01.07-18.52.11:075][957]MaterialEditorStats: Info Base pass shader with only dynamic lighting: 31 instructions
[2016.01.07-18.52.11:075][957]MaterialEditorStats: Info Vertex shader: 31 instructions
[2016.01.07-18.52.11:075][957]MaterialEditorStats: Info Texture samplers: 0/16
[2016.01.07-18.52.11:896][ 43]LogMaterial: Missing cached shader map for material SpotLight, compiling. 
[2016.01.07-18.52.11:900][ 43]LogMaterial: 0.000076 seconds spent updating 1 materials, 1 interfaces, 0 instances, 0 with static permutations.
[2016.01.07-18.52.12:616][ 94]MaterialEditorStats: Info Base pass shader with only dynamic lighting: 31 instructions
[2016.01.07-18.52.12:616][ 94]MaterialEditorStats: Info Vertex shader: 31 instructions
[2016.01.07-18.52.12:616][ 94]MaterialEditorStats: Info Texture samplers: 0/16
[2016.01.07-18.52.14:424][282]LogMaterial: Missing cached shader map for material SpotLight, compiling. 
[2016.01.07-18.52.14:428][282]LogMaterial: 0.000101 seconds spent updating 1 materials, 1 interfaces, 0 instances, 0 with static permutations.
[2016.01.07-18.52.15:146][331]MaterialEditorStats: Info Base pass shader with only dynamic lighting: 31 instructions
[2016.01.07-18.52.15:146][331]MaterialEditorStats: Info Vertex shader: 31 instructions
[2016.01.07-18.52.15:146][331]MaterialEditorStats: Info Texture samplers: 0/16
[2016.01.07-18.52.18:674][684]LogMaterial: Missing cached shader map for material SpotLight, compiling. 
[2016.01.07-18.52.18:678][684]LogMaterial: 0.000063 seconds spent updating 1 materials, 1 interfaces, 0 instances, 0 with static permutations.
[2016.01.07-18.52.19:050][707]LogMaterial: Missing cached shader map for material SpotLight, compiling. 
[2016.01.07-18.52.19:055][707]LogMaterial: 0.000099 seconds spent updating 1 materials, 1 interfaces, 0 instances, 0 with static permutations.
[2016.01.07-18.52.19:539][739]LogMaterial: Missing cached shader map for material SpotLight, compiling. 
[2016.01.07-18.52.19:544][739]LogMaterial: 0.000056 seconds spent updating 1 materials, 1 interfaces, 0 instances, 0 with static permutations.
[2016.01.07-18.52.20:353][799]MaterialEditorStats: Info Base pass shader with only dynamic lighting: 31 instructions
[2016.01.07-18.52.20:353][799]MaterialEditorStats: Info Vertex shader: 31 instructions
[2016.01.07-18.52.20:353][799]MaterialEditorStats: Info Texture samplers: 0/16
[2016.01.07-18.52.23:597][144]LogMaterial: Missing cached shader map for material SpotLight, compiling. 
[2016.01.07-18.52.23:601][144]LogMaterial: 0.000061 seconds spent updating 1 materials, 1 interfaces, 0 instances, 0 with static permutations.
[2016.01.07-18.52.24:344][204]MaterialEditorStats: Info Base pass shader with only dynamic lighting: 31 instructions
[2016.01.07-18.52.24:344][204]MaterialEditorStats: Info Vertex shader: 31 instructions
[2016.01.07-18.52.24:344][204]MaterialEditorStats: Info Texture samplers: 0/16
[2016.01.07-18.52.27:347][540]LogMaterial: Missing cached shader map for material SpotLight, compiling. 
[2016.01.07-18.52.27:347][540]LogMaterial:Warning: Failed to compile Material /Engine/Transient.SpotLight for platform PCD3D_SM5, Default Material will be used in game.
[2016.01.07-18.52.27:347][540]LogMaterial:Warning: 	(Node CollectionParameter) CollectionParameter has invalid Collection!
[2016.01.07-18.52.27:348][540]LogMaterial: 0.000082 seconds spent updating 1 materials, 1 interfaces, 0 instances, 0 with static permutations.
[2016.01.07-18.52.27:348][540]MaterialEditorStats:Error: Error [SM5] (Node CollectionParameter) CollectionParameter has invalid Collection!
[2016.01.07-18.53.11:467][695]LogMaterial: Missing cached shader map for material SpotLight, compiling. 
[2016.01.07-18.53.11:467][695]LogMaterial:Warning: Failed to compile Material /Engine/Transient.SpotLight for platform PCD3D_SM5, Default Material will be used in game.
[2016.01.07-18.53.11:467][695]LogMaterial:Warning: 	(Node CollectionParameter) CollectionParameter has invalid Collection!
[2016.01.07-18.53.11:468][695]LogMaterial: 0.000110 seconds spent updating 1 materials, 1 interfaces, 0 instances, 0 with static permutations.
[2016.01.07-18.53.11:468][695]LogMaterial: Missing cached shader map for material FMatExpressionPreview MaterialExpressionTextureSample_0, compiling. 
[2016.01.07-18.53.11:505][695]LogMaterial: Missing cached shader map for material FMatExpressionPreview MaterialExpressionCollectionParameter_0, compiling. 
[2016.01.07-18.53.11:507][695]LogMaterial: Missing cached shader map for material FMatExpressionPreview MaterialExpressionCollectionParameter_1, compiling. 
[2016.01.07-18.53.11:508][695]LogMaterial: Missing cached shader map for material FMatExpressionPreview MaterialExpressionTextureSample_0, compiling. 
[2016.01.07-18.53.14:223][883]LogMaterial: Missing cached shader map for material SpotLight, compiling. 
[2016.01.07-18.53.14:224][883]LogMaterial:Warning: Failed to compile Material /Engine/Transient.SpotLight for platform PCD3D_SM5, Default Material will be used in game.
[2016.01.07-18.53.14:224][883]LogMaterial:Warning: 	(Node CollectionParameter) CollectionParameter has invalid Collection!
[2016.01.07-18.53.14:224][883]LogMaterial: 0.000057 seconds spent updating 1 materials, 1 interfaces, 0 instances, 0 with static permutations.
[2016.01.07-18.53.14:224][883]LogMaterial: Missing cached shader map for material FMatExpressionPreview MaterialExpressionTextureSample_1, compiling. 
[2016.01.07-18.53.14:251][883]LogMaterial: Missing cached shader map for material FMatExpressionPreview MaterialExpressionCollectionParameter_0, compiling. 
[2016.01.07-18.53.14:252][883]LogMaterial: Missing cached shader map for material FMatExpressionPreview MaterialExpressionCollectionParameter_1, compiling. 
[2016.01.07-18.53.14:253][883]LogMaterial: Missing cached shader map for material FMatExpressionPreview MaterialExpressionTextureSample_0, compiling. 
[2016.01.07-18.53.14:255][883]LogMaterial: Missing cached shader map for material FMatExpressionPreview MaterialExpressionTextureSample_1, compiling. 
[2016.01.07-18.53.22:265][530]LogMaterial: Missing cached shader map for material SpotLight, compiling. 
[2016.01.07-18.53.22:266][530]LogMaterial:Warning: Failed to compile Material /Engine/Transient.SpotLight for platform PCD3D_SM5, Default Material will be used in game.
[2016.01.07-18.53.22:266][530]LogMaterial:Warning: 	(Node CollectionParameter) CollectionParameter has invalid Collection!
[2016.01.07-18.53.22:266][530]LogMaterial: 0.000067 seconds spent updating 1 materials, 1 interfaces, 0 instances, 0 with static permutations.
[2016.01.07-18.53.22:293][530]LogMaterial: Missing cached shader map for material FMatExpressionPreview MaterialExpressionTextureSample_0, compiling. 
[2016.01.07-18.53.24:035][676]LogMaterial: Missing cached shader map for material SpotLight, compiling. 
[2016.01.07-18.53.24:035][676]LogMaterial:Warning: Failed to compile Material /Engine/Transient.SpotLight for platform PCD3D_SM5, Default Material will be used in game.
[2016.01.07-18.53.24:035][676]LogMaterial:Warning: 	(Node CollectionParameter) CollectionParameter has invalid Collection!
[2016.01.07-18.53.24:035][676]LogMaterial: 0.000063 seconds spent updating 1 materials, 1 interfaces, 0 instances, 0 with static permutations.
[2016.01.07-18.53.24:059][676]LogMaterial: Missing cached shader map for material FMatExpressionPreview MaterialExpressionTextureSample_1, compiling. 
[2016.01.07-18.54.19:833][ 26]LogMaterial: Missing cached shader map for material SpotLight, compiling. 
[2016.01.07-18.54.19:833][ 26]LogMaterial:Warning: Failed to compile Material /Engine/Transient.SpotLight for platform PCD3D_SM5, Default Material will be used in game.
[2016.01.07-18.54.19:833][ 26]LogMaterial:Warning: 	(Node CollectionParameter) CollectionParameter has invalid Collection!
[2016.01.07-18.54.19:833][ 26]LogMaterial: 0.000088 seconds spent updating 1 materials, 1 interfaces, 0 instances, 0 with static permutations.
[2016.01.07-18.54.19:835][ 26]LogMaterial: Missing cached shader map for material SpotLight, compiling. 
[2016.01.07-18.54.19:835][ 26]LogMaterial:Warning: Failed to compile Material /Engine/Transient.SpotLight for platform PCD3D_SM5, Default Material will be used in game.
[2016.01.07-18.54.19:836][ 26]LogMaterial:Warning: 	(Node CollectionParameter) CollectionParameter has invalid Collection!
[2016.01.07-18.54.19:836][ 26]LogMaterial: 0.000050 seconds spent updating 1 materials, 1 interfaces, 0 instances, 0 with static permutations.
[2016.01.07-18.54.29:038][783]LogMaterial: Missing cached shader map for material SpotLight, compiling. 
[2016.01.07-18.54.29:038][783]LogMaterial:Warning: Failed to compile Material /Engine/Transient.SpotLight for platform PCD3D_SM5, Default Material will be used in game.
[2016.01.07-18.54.29:038][783]LogMaterial:Warning: 	(Node CollectionParameter) CollectionParameter has invalid Collection!
[2016.01.07-18.54.29:039][783]LogMaterial: 0.000028 seconds spent updating 1 materials, 1 interfaces, 0 instances, 0 with static permutations.
[2016.01.07-18.54.37:664][553]LogMaterial: Missing cached shader map for material SpotLight, compiling. 
[2016.01.07-18.54.37:665][553]LogMaterial:Warning: Failed to compile Material /Engine/Transient.SpotLight for platform PCD3D_SM5, Default Material will be used in game.
[2016.01.07-18.54.37:665][553]LogMaterial:Warning: 	(Node CollectionParameter) CollectionParameter has invalid Collection!
[2016.01.07-18.54.37:665][553]LogMaterial: 0.000063 seconds spent updating 1 materials, 1 interfaces, 0 instances, 0 with static permutations.
[2016.01.07-18.54.37:695][553]LogMaterial: Missing cached shader map for material FMatExpressionPreview MaterialExpressionCollectionParameter_0, compiling. 
[2016.01.07-18.54.39:810][721]LogMaterial: Missing cached shader map for material SpotLight, compiling. 
[2016.01.07-18.54.39:814][721]LogMaterial: 0.000044 seconds spent updating 1 materials, 1 interfaces, 0 instances, 0 with static permutations.
[2016.01.07-18.54.39:844][721]LogMaterial: Missing cached shader map for material FMatExpressionPreview MaterialExpressionCollectionParameter_1, compiling. 
[2016.01.07-18.54.40:751][776]MaterialEditorStats: Info Base pass shader with only dynamic lighting: 43 instructions
[2016.01.07-18.54.40:752][776]MaterialEditorStats: Info Vertex shader: 35 instructions
[2016.01.07-18.54.40:752][776]MaterialEditorStats: Info Texture samplers: 2/16
[2016.01.07-18.54.45:875][225]LogMaterialEditor: Applying material SpotLight
[2016.01.07-18.54.46:463][225]LogMaterial: Missing cached shader map for material SpotLight, compiling. 
[2016.01.07-18.54.46:475][225]LogMaterial: 0.000107 seconds spent updating 1 materials, 1 interfaces, 0 instances, 0 with static permutations.
[2016.01.07-18.54.46:513][225]LogMaterial: Missing cached shader map for material SpotLight, compiling. 
[2016.01.07-18.54.46:534][225]LogMaterial: Missing cached shader map for material SpotLight, compiling. 
[2016.01.07-18.54.46:543][225]LogMaterial: 0.000840 seconds spent updating 1 materials, 1 interfaces, 0 instances, 0 with static permutations.
[2016.01.07-18.54.48:938][324]Cmd: OBJ SAVEPACKAGE PACKAGE="/Game/UnderUmbrella/Materials/SpotLight" FILE="../../../../../../Users/Home/Documents/GitHub/underUmbrella/Content/UnderUmbrella/Materials/SpotLight.uasset" SILENT=true
[2016.01.07-18.54.49:038][324]LogSavePackage: Save=65.229752ms
[2016.01.07-18.54.49:038][324]LogSavePackage: Moving '../../../../../../Users/Home/Documents/GitHub/underUmbrella/Saved/SpotLight01AF6F8E4C152A57EC6FB7A2D5AAD876.tmp' to '../../../../../../Users/Home/Documents/GitHub/underUmbrella/Content/UnderUmbrella/Materials/SpotLight.uasset'
[2016.01.07-18.54.49:042][324]LogSavePackage: Total save time: 101.176377ms
[2016.01.07-18.54.49:042][324]LogSavePackage:Display: Finished SavePackage ../../../../../../Users/Home/Documents/GitHub/underUmbrella/Content/UnderUmbrella/Materials/SpotLight.uasset
[2016.01.07-18.54.49:047][324]MaterialEditorStats: Info Base pass shader with only dynamic lighting: 72 instructions
[2016.01.07-18.54.49:047][324]MaterialEditorStats: Info Vertex shader: 35 instructions
[2016.01.07-18.54.49:047][324]MaterialEditorStats: Info Texture samplers: 5/16
[2016.01.07-18.55.16:928][360]LogBlueprintUserMessages: Early PlayInEditor Detection: Level '/Game/ThirdPersonBP/Maps/ThirdPersonExampleMap.ThirdPersonExampleMap:PersistentLevel' has LevelScriptBlueprint '/Game/ThirdPersonBP/Maps/ThirdPersonExampleMap.ThirdPersonExampleMap:PersistentLevel.ThirdPersonExampleMap' with GeneratedClass '/Game/ThirdPersonBP/Maps/ThirdPersonExampleMap.ThirdPersonExampleMap_C' with ClassGeneratedBy '/Game/ThirdPersonBP/Maps/ThirdPersonExampleMap.ThirdPersonExampleMap:PersistentLevel.ThirdPersonExampleMap'
[2016.01.07-18.55.16:928][360]LogPlayLevel: PlayLevel: No blueprints needed recompiling
[2016.01.07-18.55.16:952][360]PIE: New page: PIE session: ThirdPersonExampleMap (Jan 7, 2016, 8:55:16 PM)
[2016.01.07-18.55.16:964][360]LogPlayLevel: Creating play world package: /Game/ThirdPersonBP/Maps/UEDPIE_0_ThirdPersonExampleMap
[2016.01.07-18.55.17:030][360]LogPlayLevel: PIE: StaticDuplicateObject took: (0.065806s)
[2016.01.07-18.55.17:031][360]LogAIModule: Creating AISystem for world ThirdPersonExampleMap
[2016.01.07-18.55.17:032][360]LogPlayLevel: PIE: World Init took: (0.001932s)
[2016.01.07-18.55.17:033][360]LogPlayLevel: PIE: Created PIE world by copying editor world from /Game/ThirdPersonBP/Maps/ThirdPersonExampleMap.ThirdPersonExampleMap to /Game/ThirdPersonBP/Maps/UEDPIE_0_ThirdPersonExampleMap.ThirdPersonExampleMap (0.071934s)
[2016.01.07-18.55.17:056][360]LogParticles: Destroying 0 GPU particle simulations for FXSystem 0x000001BCF1E3CFE0
[2016.01.07-18.55.17:075][360]LogInit: XAudio2 using 'Speakers (High Definition Audio Device)' : 2 channels at 44.1 kHz using 16 bits per sample (channel mask 0x3)
[2016.01.07-18.55.17:083][360]LogInit: FAudioDevice initialized.
[2016.01.07-18.55.17:235][360]LogWorld: Game class is 'ThirdPersonGameMode_C'
[2016.01.07-18.55.17:316][360]LogWorld: Bringing World /Game/ThirdPersonBP/Maps/UEDPIE_0_ThirdPersonExampleMap.ThirdPersonExampleMap up for play (max tick rate 0) at 2016.01.07-19.55.17
[2016.01.07-18.55.17:316][360]LogActor:Warning: GameSession /Game/ThirdPersonBP/Maps/UEDPIE_0_ThirdPersonExampleMap.ThirdPersonExampleMap:PersistentLevel.GameSession_0 has natively added scene component(s), but none of them were set as the actor's RootComponent - picking one arbitrarily
[2016.01.07-18.55.17:317][360]LogActor:Warning: GameNetworkManager /Game/ThirdPersonBP/Maps/UEDPIE_0_ThirdPersonExampleMap.ThirdPersonExampleMap:PersistentLevel.GameNetworkManager_0 has natively added scene component(s), but none of them were set as the actor's RootComponent - picking one arbitrarily
[2016.01.07-18.55.17:392][360]LogWorld: Bringing up level for play took: 0.081376
[2016.01.07-18.55.17:483][360]PIE: Info Play in editor start time for /Game/ThirdPersonBP/Maps/UEDPIE_0_ThirdPersonExampleMap 1.457
[2016.01.07-18.55.17:483][360]LogBlueprintUserMessages: Late PlayInEditor Detection: Level '/Game/ThirdPersonBP/Maps/ThirdPersonExampleMap.ThirdPersonExampleMap:PersistentLevel' has LevelScriptBlueprint '/Game/ThirdPersonBP/Maps/ThirdPersonExampleMap.ThirdPersonExampleMap:PersistentLevel.ThirdPersonExampleMap' with GeneratedClass '/Game/ThirdPersonBP/Maps/ThirdPersonExampleMap.ThirdPersonExampleMap_C' with ClassGeneratedBy '/Game/ThirdPersonBP/Maps/ThirdPersonExampleMap.ThirdPersonExampleMap:PersistentLevel.ThirdPersonExampleMap'
[2016.01.07-18.55.21:805][835]LogBlueprintUserMessages: Early EndPlayMap Detection: Level '/Game/ThirdPersonBP/Maps/ThirdPersonExampleMap.ThirdPersonExampleMap:PersistentLevel' has LevelScriptBlueprint '/Game/ThirdPersonBP/Maps/ThirdPersonExampleMap.ThirdPersonExampleMap:PersistentLevel.ThirdPersonExampleMap' with GeneratedClass '/Game/ThirdPersonBP/Maps/ThirdPersonExampleMap.ThirdPersonExampleMap_C' with ClassGeneratedBy '/Game/ThirdPersonBP/Maps/ThirdPersonExampleMap.ThirdPersonExampleMap:PersistentLevel.ThirdPersonExampleMap'
[2016.01.07-18.55.21:925][835]LogBlueprintUserMessages: Late EndPlayMap Detection: Level '/Game/ThirdPersonBP/Maps/ThirdPersonExampleMap.ThirdPersonExampleMap:PersistentLevel' has LevelScriptBlueprint '/Game/ThirdPersonBP/Maps/ThirdPersonExampleMap.ThirdPersonExampleMap:PersistentLevel.ThirdPersonExampleMap' with GeneratedClass '/Game/ThirdPersonBP/Maps/ThirdPersonExampleMap.ThirdPersonExampleMap_C' with ClassGeneratedBy '/Game/ThirdPersonBP/Maps/ThirdPersonExampleMap.ThirdPersonExampleMap:PersistentLevel.ThirdPersonExampleMap'
[2016.01.07-18.55.21:942][835]LogParticles: Destroying 0 GPU particle simulations for FXSystem 0x000001BCFF141BC0
[2016.01.07-18.55.27:244][439]LogLinker:Warning: Asset '../../../Engine/Content/ArtTools/RenderToTexture/Macros/RenderToTextureMacros.uasset' has been saved with empty engine version. The asset will be loaded but may be incompatible.
[2016.01.07-18.55.27:710][439]LogContentBrowser: Native class hierarchy updated for 'BlueprintGraph' in 0.0008 seconds. Added 107 classes and 0 folders.
[2016.01.07-18.56.01:583][602]LogBlueprintUserMessages: Early PlayInEditor Detection: Level '/Game/ThirdPersonBP/Maps/ThirdPersonExampleMap.ThirdPersonExampleMap:PersistentLevel' has LevelScriptBlueprint '/Game/ThirdPersonBP/Maps/ThirdPersonExampleMap.ThirdPersonExampleMap:PersistentLevel.ThirdPersonExampleMap' with GeneratedClass '/Game/ThirdPersonBP/Maps/ThirdPersonExampleMap.ThirdPersonExampleMap_C' with ClassGeneratedBy '/Game/ThirdPersonBP/Maps/ThirdPersonExampleMap.ThirdPersonExampleMap:PersistentLevel.ThirdPersonExampleMap'
[2016.01.07-18.56.01:583][602]LogPlayLevel: PlayLevel: No blueprints needed recompiling
[2016.01.07-18.56.01:583][602]PIE: New page: PIE session: ThirdPersonExampleMap (Jan 7, 2016, 8:56:01 PM)
[2016.01.07-18.56.01:583][602]LogPlayLevel: Creating play world package: /Game/ThirdPersonBP/Maps/UEDPIE_0_ThirdPersonExampleMap
[2016.01.07-18.56.01:614][602]LogPlayLevel: PIE: StaticDuplicateObject took: (0.031004s)
[2016.01.07-18.56.01:615][602]LogAIModule: Creating AISystem for world ThirdPersonExampleMap
[2016.01.07-18.56.01:615][602]LogPlayLevel: PIE: World Init took: (0.001368s)
[2016.01.07-18.56.01:616][602]LogPlayLevel: PIE: Created PIE world by copying editor world from /Game/ThirdPersonBP/Maps/ThirdPersonExampleMap.ThirdPersonExampleMap to /Game/ThirdPersonBP/Maps/UEDPIE_0_ThirdPersonExampleMap.ThirdPersonExampleMap (0.032672s)
[2016.01.07-18.56.01:670][602]LogInit: XAudio2 using 'Speakers (High Definition Audio Device)' : 2 channels at 44.1 kHz using 16 bits per sample (channel mask 0x3)
[2016.01.07-18.56.01:677][602]LogInit: FAudioDevice initialized.
[2016.01.07-18.56.01:710][602]LogWorld: Game class is 'ThirdPersonGameMode_C'
[2016.01.07-18.56.01:717][602]LogWorld: Bringing World /Game/ThirdPersonBP/Maps/UEDPIE_0_ThirdPersonExampleMap.ThirdPersonExampleMap up for play (max tick rate 0) at 2016.01.07-19.56.01
[2016.01.07-18.56.01:717][602]LogActor:Warning: GameSession /Game/ThirdPersonBP/Maps/UEDPIE_0_ThirdPersonExampleMap.ThirdPersonExampleMap:PersistentLevel.GameSession_1 has natively added scene component(s), but none of them were set as the actor's RootComponent - picking one arbitrarily
[2016.01.07-18.56.01:717][602]LogActor:Warning: GameNetworkManager /Game/ThirdPersonBP/Maps/UEDPIE_0_ThirdPersonExampleMap.ThirdPersonExampleMap:PersistentLevel.GameNetworkManager_1 has natively added scene component(s), but none of them were set as the actor's RootComponent - picking one arbitrarily
[2016.01.07-18.56.01:717][602]LogWorld: Bringing up level for play took: 0.006199
[2016.01.07-18.56.01:719][602]PIE: Info Play in editor start time for /Game/ThirdPersonBP/Maps/UEDPIE_0_ThirdPersonExampleMap -0.307
[2016.01.07-18.56.01:719][602]LogBlueprintUserMessages: Late PlayInEditor Detection: Level '/Game/ThirdPersonBP/Maps/ThirdPersonExampleMap.ThirdPersonExampleMap:PersistentLevel' has LevelScriptBlueprint '/Game/ThirdPersonBP/Maps/ThirdPersonExampleMap.ThirdPersonExampleMap:PersistentLevel.ThirdPersonExampleMap' with GeneratedClass '/Game/ThirdPersonBP/Maps/ThirdPersonExampleMap.ThirdPersonExampleMap_C' with ClassGeneratedBy '/Game/ThirdPersonBP/Maps/ThirdPersonExampleMap.ThirdPersonExampleMap:PersistentLevel.ThirdPersonExampleMap'
[2016.01.07-18.56.11:776][801]LogBlueprintUserMessages: Early EndPlayMap Detection: Level '/Game/ThirdPersonBP/Maps/ThirdPersonExampleMap.ThirdPersonExampleMap:PersistentLevel' has LevelScriptBlueprint '/Game/ThirdPersonBP/Maps/ThirdPersonExampleMap.ThirdPersonExampleMap:PersistentLevel.ThirdPersonExampleMap' with GeneratedClass '/Game/ThirdPersonBP/Maps/ThirdPersonExampleMap.ThirdPersonExampleMap_C' with ClassGeneratedBy '/Game/ThirdPersonBP/Maps/ThirdPersonExampleMap.ThirdPersonExampleMap:PersistentLevel.ThirdPersonExampleMap'
[2016.01.07-18.56.11:847][801]LogBlueprintUserMessages: Late EndPlayMap Detection: Level '/Game/ThirdPersonBP/Maps/ThirdPersonExampleMap.ThirdPersonExampleMap:PersistentLevel' has LevelScriptBlueprint '/Game/ThirdPersonBP/Maps/ThirdPersonExampleMap.ThirdPersonExampleMap:PersistentLevel.ThirdPersonExampleMap' with GeneratedClass '/Game/ThirdPersonBP/Maps/ThirdPersonExampleMap.ThirdPersonExampleMap_C' with ClassGeneratedBy '/Game/ThirdPersonBP/Maps/ThirdPersonExampleMap.ThirdPersonExampleMap:PersistentLevel.ThirdPersonExampleMap'
[2016.01.07-18.56.11:879][801]LogParticles: Destroying 0 GPU particle simulations for FXSystem 0x000001BC8B37A840
[2016.01.07-18.56.13:960][ 30]LogBlueprintUserMessages: Early PlayInEditor Detection: Level '/Game/ThirdPersonBP/Maps/ThirdPersonExampleMap.ThirdPersonExampleMap:PersistentLevel' has LevelScriptBlueprint '/Game/ThirdPersonBP/Maps/ThirdPersonExampleMap.ThirdPersonExampleMap:PersistentLevel.ThirdPersonExampleMap' with GeneratedClass '/Game/ThirdPersonBP/Maps/ThirdPersonExampleMap.ThirdPersonExampleMap_C' with ClassGeneratedBy '/Game/ThirdPersonBP/Maps/ThirdPersonExampleMap.ThirdPersonExampleMap:PersistentLevel.ThirdPersonExampleMap'
[2016.01.07-18.56.13:960][ 30]LogPlayLevel: PlayLevel: No blueprints needed recompiling
[2016.01.07-18.56.13:960][ 30]PIE: New page: PIE session: ThirdPersonExampleMap (Jan 7, 2016, 8:56:13 PM)
[2016.01.07-18.56.13:960][ 30]LogPlayLevel: Creating play world package: /Game/ThirdPersonBP/Maps/UEDPIE_0_ThirdPersonExampleMap
[2016.01.07-18.56.13:989][ 30]LogPlayLevel: PIE: StaticDuplicateObject took: (0.028666s)
[2016.01.07-18.56.13:990][ 30]LogAIModule: Creating AISystem for world ThirdPersonExampleMap
[2016.01.07-18.56.13:991][ 30]LogPlayLevel: PIE: World Init took: (0.001458s)
[2016.01.07-18.56.13:991][ 30]LogPlayLevel: PIE: Created PIE world by copying editor world from /Game/ThirdPersonBP/Maps/ThirdPersonExampleMap.ThirdPersonExampleMap to /Game/ThirdPersonBP/Maps/UEDPIE_0_ThirdPersonExampleMap.ThirdPersonExampleMap (0.030410s)
[2016.01.07-18.56.14:036][ 30]LogInit: XAudio2 using 'Speakers (High Definition Audio Device)' : 2 channels at 44.1 kHz using 16 bits per sample (channel mask 0x3)
[2016.01.07-18.56.14:043][ 30]LogInit: FAudioDevice initialized.
[2016.01.07-18.56.14:077][ 30]LogWorld: Game class is 'ThirdPersonGameMode_C'
[2016.01.07-18.56.14:084][ 30]LogWorld: Bringing World /Game/ThirdPersonBP/Maps/UEDPIE_0_ThirdPersonExampleMap.ThirdPersonExampleMap up for play (max tick rate 0) at 2016.01.07-19.56.14
[2016.01.07-18.56.14:084][ 30]LogActor:Warning: GameSession /Game/ThirdPersonBP/Maps/UEDPIE_0_ThirdPersonExampleMap.ThirdPersonExampleMap:PersistentLevel.GameSession_2 has natively added scene component(s), but none of them were set as the actor's RootComponent - picking one arbitrarily
[2016.01.07-18.56.14:084][ 30]LogActor:Warning: GameNetworkManager /Game/ThirdPersonBP/Maps/UEDPIE_0_ThirdPersonExampleMap.ThirdPersonExampleMap:PersistentLevel.GameNetworkManager_2 has natively added scene component(s), but none of them were set as the actor's RootComponent - picking one arbitrarily
[2016.01.07-18.56.14:085][ 30]LogWorld: Bringing up level for play took: 0.006256
[2016.01.07-18.56.14:086][ 30]PIE: Info Play in editor start time for /Game/ThirdPersonBP/Maps/UEDPIE_0_ThirdPersonExampleMap 0.061
[2016.01.07-18.56.14:086][ 30]LogBlueprintUserMessages: Late PlayInEditor Detection: Level '/Game/ThirdPersonBP/Maps/ThirdPersonExampleMap.ThirdPersonExampleMap:PersistentLevel' has LevelScriptBlueprint '/Game/ThirdPersonBP/Maps/ThirdPersonExampleMap.ThirdPersonExampleMap:PersistentLevel.ThirdPersonExampleMap' with GeneratedClass '/Game/ThirdPersonBP/Maps/ThirdPersonExampleMap.ThirdPersonExampleMap_C' with ClassGeneratedBy '/Game/ThirdPersonBP/Maps/ThirdPersonExampleMap.ThirdPersonExampleMap:PersistentLevel.ThirdPersonExampleMap'
[2016.01.07-18.56.16:515][316]LogBlueprintUserMessages: Early EndPlayMap Detection: Level '/Game/ThirdPersonBP/Maps/ThirdPersonExampleMap.ThirdPersonExampleMap:PersistentLevel' has LevelScriptBlueprint '/Game/ThirdPersonBP/Maps/ThirdPersonExampleMap.ThirdPersonExampleMap:PersistentLevel.ThirdPersonExampleMap' with GeneratedClass '/Game/ThirdPersonBP/Maps/ThirdPersonExampleMap.ThirdPersonExampleMap_C' with ClassGeneratedBy '/Game/ThirdPersonBP/Maps/ThirdPersonExampleMap.ThirdPersonExampleMap:PersistentLevel.ThirdPersonExampleMap'
[2016.01.07-18.56.16:583][316]LogBlueprintUserMessages: Late EndPlayMap Detection: Level '/Game/ThirdPersonBP/Maps/ThirdPersonExampleMap.ThirdPersonExampleMap:PersistentLevel' has LevelScriptBlueprint '/Game/ThirdPersonBP/Maps/ThirdPersonExampleMap.ThirdPersonExampleMap:PersistentLevel.ThirdPersonExampleMap' with GeneratedClass '/Game/ThirdPersonBP/Maps/ThirdPersonExampleMap.ThirdPersonExampleMap_C' with ClassGeneratedBy '/Game/ThirdPersonBP/Maps/ThirdPersonExampleMap.ThirdPersonExampleMap:PersistentLevel.ThirdPersonExampleMap'
[2016.01.07-18.56.16:681][317]LogParticles: Destroying 0 GPU particle simulations for FXSystem 0x000001BCD598DA80
[2016.01.07-18.56.18:532][530]LogBlueprintUserMessages: Early PlayInEditor Detection: Level '/Game/ThirdPersonBP/Maps/ThirdPersonExampleMap.ThirdPersonExampleMap:PersistentLevel' has LevelScriptBlueprint '/Game/ThirdPersonBP/Maps/ThirdPersonExampleMap.ThirdPersonExampleMap:PersistentLevel.ThirdPersonExampleMap' with GeneratedClass '/Game/ThirdPersonBP/Maps/ThirdPersonExampleMap.ThirdPersonExampleMap_C' with ClassGeneratedBy '/Game/ThirdPersonBP/Maps/ThirdPersonExampleMap.ThirdPersonExampleMap:PersistentLevel.ThirdPersonExampleMap'
[2016.01.07-18.56.18:533][530]LogPlayLevel: PlayLevel: No blueprints needed recompiling
[2016.01.07-18.56.18:533][530]PIE: New page: PIE session: ThirdPersonExampleMap (Jan 7, 2016, 8:56:18 PM)
[2016.01.07-18.56.18:533][530]LogPlayLevel: Creating play world package: /Game/ThirdPersonBP/Maps/UEDPIE_0_ThirdPersonExampleMap
[2016.01.07-18.56.18:560][530]LogPlayLevel: PIE: StaticDuplicateObject took: (0.027057s)
[2016.01.07-18.56.18:561][530]LogAIModule: Creating AISystem for world ThirdPersonExampleMap
[2016.01.07-18.56.18:561][530]LogPlayLevel: PIE: World Init took: (0.001602s)
[2016.01.07-18.56.18:562][530]LogPlayLevel: PIE: Created PIE world by copying editor world from /Game/ThirdPersonBP/Maps/ThirdPersonExampleMap.ThirdPersonExampleMap to /Game/ThirdPersonBP/Maps/UEDPIE_0_ThirdPersonExampleMap.ThirdPersonExampleMap (0.028966s)
[2016.01.07-18.56.18:604][530]LogInit: XAudio2 using 'Speakers (High Definition Audio Device)' : 2 channels at 44.1 kHz using 16 bits per sample (channel mask 0x3)
[2016.01.07-18.56.18:611][530]LogInit: FAudioDevice initialized.
[2016.01.07-18.56.18:643][530]LogWorld: Game class is 'ThirdPersonGameMode_C'
[2016.01.07-18.56.18:650][530]LogWorld: Bringing World /Game/ThirdPersonBP/Maps/UEDPIE_0_ThirdPersonExampleMap.ThirdPersonExampleMap up for play (max tick rate 0) at 2016.01.07-19.56.18
[2016.01.07-18.56.18:650][530]LogActor:Warning: GameSession /Game/ThirdPersonBP/Maps/UEDPIE_0_ThirdPersonExampleMap.ThirdPersonExampleMap:PersistentLevel.GameSession_3 has natively added scene component(s), but none of them were set as the actor's RootComponent - picking one arbitrarily
[2016.01.07-18.56.18:650][530]LogActor:Warning: GameNetworkManager /Game/ThirdPersonBP/Maps/UEDPIE_0_ThirdPersonExampleMap.ThirdPersonExampleMap:PersistentLevel.GameNetworkManager_3 has natively added scene component(s), but none of them were set as the actor's RootComponent - picking one arbitrarily
[2016.01.07-18.56.18:651][530]LogWorld: Bringing up level for play took: 0.006388
[2016.01.07-18.56.18:652][530]PIE: Info Play in editor start time for /Game/ThirdPersonBP/Maps/UEDPIE_0_ThirdPersonExampleMap 0.626
[2016.01.07-18.56.18:652][530]LogBlueprintUserMessages: Late PlayInEditor Detection: Level '/Game/ThirdPersonBP/Maps/ThirdPersonExampleMap.ThirdPersonExampleMap:PersistentLevel' has LevelScriptBlueprint '/Game/ThirdPersonBP/Maps/ThirdPersonExampleMap.ThirdPersonExampleMap:PersistentLevel.ThirdPersonExampleMap' with GeneratedClass '/Game/ThirdPersonBP/Maps/ThirdPersonExampleMap.ThirdPersonExampleMap_C' with ClassGeneratedBy '/Game/ThirdPersonBP/Maps/ThirdPersonExampleMap.ThirdPersonExampleMap:PersistentLevel.ThirdPersonExampleMap'
[2016.01.07-18.56.27:562][591]LogBlueprintUserMessages: Early EndPlayMap Detection: Level '/Game/ThirdPersonBP/Maps/ThirdPersonExampleMap.ThirdPersonExampleMap:PersistentLevel' has LevelScriptBlueprint '/Game/ThirdPersonBP/Maps/ThirdPersonExampleMap.ThirdPersonExampleMap:PersistentLevel.ThirdPersonExampleMap' with GeneratedClass '/Game/ThirdPersonBP/Maps/ThirdPersonExampleMap.ThirdPersonExampleMap_C' with ClassGeneratedBy '/Game/ThirdPersonBP/Maps/ThirdPersonExampleMap.ThirdPersonExampleMap:PersistentLevel.ThirdPersonExampleMap'
[2016.01.07-18.56.27:631][591]LogBlueprintUserMessages: Late EndPlayMap Detection: Level '/Game/ThirdPersonBP/Maps/ThirdPersonExampleMap.ThirdPersonExampleMap:PersistentLevel' has LevelScriptBlueprint '/Game/ThirdPersonBP/Maps/ThirdPersonExampleMap.ThirdPersonExampleMap:PersistentLevel.ThirdPersonExampleMap' with GeneratedClass '/Game/ThirdPersonBP/Maps/ThirdPersonExampleMap.ThirdPersonExampleMap_C' with ClassGeneratedBy '/Game/ThirdPersonBP/Maps/ThirdPersonExampleMap.ThirdPersonExampleMap:PersistentLevel.ThirdPersonExampleMap'
[2016.01.07-18.56.27:732][592]LogParticles: Destroying 0 GPU particle simulations for FXSystem 0x000001BCA2840180
[2016.01.07-18.56.36:907][587]LogBlueprintUserMessages: Early PlayInEditor Detection: Level '/Game/ThirdPersonBP/Maps/ThirdPersonExampleMap.ThirdPersonExampleMap:PersistentLevel' has LevelScriptBlueprint '/Game/ThirdPersonBP/Maps/ThirdPersonExampleMap.ThirdPersonExampleMap:PersistentLevel.ThirdPersonExampleMap' with GeneratedClass '/Game/ThirdPersonBP/Maps/ThirdPersonExampleMap.ThirdPersonExampleMap_C' with ClassGeneratedBy '/Game/ThirdPersonBP/Maps/ThirdPersonExampleMap.ThirdPersonExampleMap:PersistentLevel.ThirdPersonExampleMap'
[2016.01.07-18.56.36:907][587]LogPlayLevel: PlayLevel: No blueprints needed recompiling
[2016.01.07-18.56.36:907][587]PIE: New page: PIE session: ThirdPersonExampleMap (Jan 7, 2016, 8:56:36 PM)
[2016.01.07-18.56.36:907][587]LogPlayLevel: Creating play world package: /Game/ThirdPersonBP/Maps/UEDPIE_0_ThirdPersonExampleMap
[2016.01.07-18.56.36:938][587]LogPlayLevel: PIE: StaticDuplicateObject took: (0.030185s)
[2016.01.07-18.56.36:940][587]LogAIModule: Creating AISystem for world ThirdPersonExampleMap
[2016.01.07-18.56.36:940][587]LogPlayLevel: PIE: World Init took: (0.002537s)
[2016.01.07-18.56.36:940][587]LogPlayLevel: PIE: Created PIE world by copying editor world from /Game/ThirdPersonBP/Maps/ThirdPersonExampleMap.ThirdPersonExampleMap to /Game/ThirdPersonBP/Maps/UEDPIE_0_ThirdPersonExampleMap.ThirdPersonExampleMap (0.032949s)
[2016.01.07-18.56.36:987][587]LogInit: XAudio2 using 'Speakers (High Definition Audio Device)' : 2 channels at 44.1 kHz using 16 bits per sample (channel mask 0x3)
[2016.01.07-18.56.36:993][587]LogInit: FAudioDevice initialized.
[2016.01.07-18.56.37:027][587]LogWorld: Game class is 'ThirdPersonGameMode_C'
[2016.01.07-18.56.37:035][587]LogWorld: Bringing World /Game/ThirdPersonBP/Maps/UEDPIE_0_ThirdPersonExampleMap.ThirdPersonExampleMap up for play (max tick rate 0) at 2016.01.07-19.56.37
[2016.01.07-18.56.37:035][587]LogActor:Warning: GameSession /Game/ThirdPersonBP/Maps/UEDPIE_0_ThirdPersonExampleMap.ThirdPersonExampleMap:PersistentLevel.GameSession_4 has natively added scene component(s), but none of them were set as the actor's RootComponent - picking one arbitrarily
[2016.01.07-18.56.37:035][587]LogActor:Warning: GameNetworkManager /Game/ThirdPersonBP/Maps/UEDPIE_0_ThirdPersonExampleMap.ThirdPersonExampleMap:PersistentLevel.GameNetworkManager_4 has natively added scene component(s), but none of them were set as the actor's RootComponent - picking one arbitrarily
[2016.01.07-18.56.37:035][587]LogWorld: Bringing up level for play took: 0.006458
[2016.01.07-18.56.37:036][587]PIE: Info Play in editor start time for /Game/ThirdPersonBP/Maps/UEDPIE_0_ThirdPersonExampleMap 1.011
[2016.01.07-18.56.37:036][587]LogBlueprintUserMessages: Late PlayInEditor Detection: Level '/Game/ThirdPersonBP/Maps/ThirdPersonExampleMap.ThirdPersonExampleMap:PersistentLevel' has LevelScriptBlueprint '/Game/ThirdPersonBP/Maps/ThirdPersonExampleMap.ThirdPersonExampleMap:PersistentLevel.ThirdPersonExampleMap' with GeneratedClass '/Game/ThirdPersonBP/Maps/ThirdPersonExampleMap.ThirdPersonExampleMap_C' with ClassGeneratedBy '/Game/ThirdPersonBP/Maps/ThirdPersonExampleMap.ThirdPersonExampleMap:PersistentLevel.ThirdPersonExampleMap'
[2016.01.07-18.56.41:890][160]LogBlueprintUserMessages: Early EndPlayMap Detection: Level '/Game/ThirdPersonBP/Maps/ThirdPersonExampleMap.ThirdPersonExampleMap:PersistentLevel' has LevelScriptBlueprint '/Game/ThirdPersonBP/Maps/ThirdPersonExampleMap.ThirdPersonExampleMap:PersistentLevel.ThirdPersonExampleMap' with GeneratedClass '/Game/ThirdPersonBP/Maps/ThirdPersonExampleMap.ThirdPersonExampleMap_C' with ClassGeneratedBy '/Game/ThirdPersonBP/Maps/ThirdPersonExampleMap.ThirdPersonExampleMap:PersistentLevel.ThirdPersonExampleMap'
[2016.01.07-18.56.41:956][160]LogBlueprintUserMessages: Late EndPlayMap Detection: Level '/Game/ThirdPersonBP/Maps/ThirdPersonExampleMap.ThirdPersonExampleMap:PersistentLevel' has LevelScriptBlueprint '/Game/ThirdPersonBP/Maps/ThirdPersonExampleMap.ThirdPersonExampleMap:PersistentLevel.ThirdPersonExampleMap' with GeneratedClass '/Game/ThirdPersonBP/Maps/ThirdPersonExampleMap.ThirdPersonExampleMap_C' with ClassGeneratedBy '/Game/ThirdPersonBP/Maps/ThirdPersonExampleMap.ThirdPersonExampleMap:PersistentLevel.ThirdPersonExampleMap'
[2016.01.07-18.56.41:989][160]LogParticles: Destroying 0 GPU particle simulations for FXSystem 0x000001BC8B379620
[2016.01.07-18.56.48:613][878]LogBlueprintUserMessages: Early PlayInEditor Detection: Level '/Game/ThirdPersonBP/Maps/ThirdPersonExampleMap.ThirdPersonExampleMap:PersistentLevel' has LevelScriptBlueprint '/Game/ThirdPersonBP/Maps/ThirdPersonExampleMap.ThirdPersonExampleMap:PersistentLevel.ThirdPersonExampleMap' with GeneratedClass '/Game/ThirdPersonBP/Maps/ThirdPersonExampleMap.ThirdPersonExampleMap_C' with ClassGeneratedBy '/Game/ThirdPersonBP/Maps/ThirdPersonExampleMap.ThirdPersonExampleMap:PersistentLevel.ThirdPersonExampleMap'
[2016.01.07-18.56.48:613][878]LogPlayLevel: PlayLevel: No blueprints needed recompiling
[2016.01.07-18.56.48:613][878]PIE: New page: PIE session: ThirdPersonExampleMap (Jan 7, 2016, 8:56:48 PM)
[2016.01.07-18.56.48:613][878]LogPlayLevel: Creating play world package: /Game/ThirdPersonBP/Maps/UEDPIE_0_ThirdPersonExampleMap
[2016.01.07-18.56.48:645][878]LogPlayLevel: PIE: StaticDuplicateObject took: (0.031052s)
[2016.01.07-18.56.48:646][878]LogAIModule: Creating AISystem for world ThirdPersonExampleMap
[2016.01.07-18.56.48:646][878]LogPlayLevel: PIE: World Init took: (0.001495s)
[2016.01.07-18.56.48:646][878]LogPlayLevel: PIE: Created PIE world by copying editor world from /Game/ThirdPersonBP/Maps/ThirdPersonExampleMap.ThirdPersonExampleMap to /Game/ThirdPersonBP/Maps/UEDPIE_0_ThirdPersonExampleMap.ThirdPersonExampleMap (0.032798s)
[2016.01.07-18.56.48:691][878]LogInit: XAudio2 using 'Speakers (High Definition Audio Device)' : 2 channels at 44.1 kHz using 16 bits per sample (channel mask 0x3)
[2016.01.07-18.56.48:698][878]LogInit: FAudioDevice initialized.
[2016.01.07-18.56.48:735][878]LogWorld: Game class is 'ThirdPersonGameMode_C'
[2016.01.07-18.56.48:742][878]LogWorld: Bringing World /Game/ThirdPersonBP/Maps/UEDPIE_0_ThirdPersonExampleMap.ThirdPersonExampleMap up for play (max tick rate 0) at 2016.01.07-