[2016.01.09-08.40.48:405][  0]Log file open, 01/09/16 09:40:48
[2016.01.09-08.40.48:405][  0]LogInit:Display: Running engine for game: UnderUmbrella
[2016.01.09-08.40.48:405][  0]LogPlatformFile: Not using cached read wrapper
[2016.01.09-08.40.48:405][  0]LogInit:Display: RandInit(2041216644) SRandInit(2041216646).
[2016.01.09-08.40.48:405][  0]LogTaskGraph: Started task graph with 4 named threads and 7 total threads.
[2016.01.09-08.40.48:405][  0]LogStats: Stats thread started at 0.090246
[2016.01.09-08.40.48:405][  0]LogInit: Version: 4.10.1-2791327+++depot+UE4-Releases+4.10
[2016.01.09-08.40.48:405][  0]LogInit: API Version: 2758231
[2016.01.09-08.40.48:405][  0]LogInit: Compiled (64-bit): Dec  4 2015 19:44:40
[2016.01.09-08.40.48:405][  0]LogInit: Compiled with Visual C++: 19.00.23026.00
[2016.01.09-08.40.48:405][  0]LogInit: Build Configuration: Development
[2016.01.09-08.40.48:405][  0]LogInit: Branch Name: ++depot+UE4-Releases+4.10
[2016.01.09-08.40.48:405][  0]LogInit: Command line:  
[2016.01.09-08.40.48:405][  0]LogInit: Base directory: C:/Program Files (x86)/Epic Games/4.10/Engine/Binaries/Win64/
[2016.01.09-08.40.48:405][  0]LogInit: Rocket: 1
[2016.01.09-08.40.48:419][  0]LogInit: Using libcurl 7.41.0
[2016.01.09-08.40.48:419][  0]LogInit:  - built for x86_64-pc-win32
[2016.01.09-08.40.48:419][  0]LogInit:  - supports SSL with WinSSL
[2016.01.09-08.40.48:419][  0]LogInit:  - other features:
[2016.01.09-08.40.48:419][  0]LogInit:      CURL_VERSION_SSL
[2016.01.09-08.40.48:419][  0]LogInit:      CURL_VERSION_IPV6
[2016.01.09-08.40.48:419][  0]LogInit:      CURL_VERSION_ASYNCHDNS
[2016.01.09-08.40.48:419][  0]LogInit:      CURL_VERSION_LARGEFILE
[2016.01.09-08.40.48:419][  0]LogInit:      CURL_VERSION_IDN
[2016.01.09-08.40.48:419][  0]LogInit:  CurlRequestOptions (configurable via config and command line):
[2016.01.09-08.40.48:419][  0]LogInit:  - bVerifyPeer = true  - Libcurl will verify peer certificate
[2016.01.09-08.40.48:419][  0]LogInit:  - bUseHttpProxy = false  - Libcurl will NOT use HTTP proxy
[2016.01.09-08.40.48:419][  0]LogInit:  - bDontReuseConnections = false  - Libcurl will reuse connections
[2016.01.09-08.40.48:419][  0]LogInit:  - CertBundlePath = nullptr  - Libcurl will use whatever was configured at build time.
[2016.01.09-08.40.48:430][  0]LogInit: Presizing for 0 objects not considered by GC, pre-allocating 0 bytes.
[2016.01.09-08.40.48:439][  0]LogInit: Object subsystem initialized
[2016.01.09-08.40.48:442][  0]LogInit: Selected Device Profile: [Windows]
[2016.01.09-08.40.48:442][  0]LogInit: Applying CVar settings loaded from the selected device profile: [Windows]
[2016.01.09-08.40.48:455][  0]LogInit: Computer: DESKTOP-6H6TUD6
[2016.01.09-08.40.48:455][  0]LogInit: User: Home
[2016.01.09-08.40.48:455][  0]LogInit: CPU Page size=4096, Cores=4
[2016.01.09-08.40.48:455][  0]LogInit: High frequency timer resolution =3.906457 MHz
[2016.01.09-08.40.48:455][  0]LogMemory: Memory total: Physical=7.9GB (8GB approx)
[2016.01.09-08.40.48:456][  0]LogMemory: Platform Memory Stats for Windows
[2016.01.09-08.40.48:456][  0]LogMemory: Process Physical Memory: 56.25 MB used, 56.25 MB peak
[2016.01.09-08.40.48:456][  0]LogMemory: Process Virtual Memory: 58.73 MB used, 58.73 MB peak
[2016.01.09-08.40.48:456][  0]LogMemory: Physical Memory: 3796.79 MB used, 8098.55 MB total
[2016.01.09-08.40.48:456][  0]LogMemory: Virtual Memory: 387.02 MB used, 134217728.00 MB total
[2016.01.09-08.40.48:509][  0]LogTextLocalizationManager: No specific translations for ('en-US') exist, so ('en') translations will be used.
[2016.01.09-08.40.48:992][  0]LogD3D11RHI: Found D3D11 adapter 0: NVIDIA GeForce GTX 660   (Feature Level 11_0)
[2016.01.09-08.40.48:992][  0]LogD3D11RHI: Adapter has 1988MB of dedicated video memory, 0MB of dedicated system memory, and 4049MB of shared system memory, 1 output[s]
[2016.01.09-08.40.48:994][  0]LogD3D11RHI: Found D3D11 adapter 1: Microsoft Basic Render Driver (Feature Level 11_0)
[2016.01.09-08.40.48:994][  0]LogD3D11RHI: Adapter has 0MB of dedicated video memory, 0MB of dedicated system memory, and 4049MB of shared system memory, 0 output[s]
[2016.01.09-08.40.48:994][  0]LogD3D11RHI: Chosen D3D11 Adapter Id = 0
[2016.01.09-08.40.48:999][  0]LogD3D11RHI: !Direct3DDevice
[2016.01.09-08.40.48:999][  0]LogRHI: Texture pool is 1361 MB (70% of 1945 MB)
[2016.01.09-08.40.49:024][  0]LogD3D11RHI: Async texture creation enabled
[2016.01.09-08.40.49:037][  0]LogShaderCompilers: Guid format shader working directory is -14 characters bigger than the processId version (../../../../../../Users/Home/Documents/GitHub/underUmbrella/Intermediate/Shaders/WorkingDirectory/6948/).
[2016.01.09-08.40.49:038][  0]LogShaderCompilers: Cleaned the shader compiler working directory 'C:/Users/Home/AppData/Local/Temp/UnrealShaderWorkingDir/D7F3FD174D396AB1F66AE19BA298A6FF/'.
[2016.01.09-08.40.49:038][  0]LogShaderCompilers:Display: Using Local Shader Compiler.
[2016.01.09-08.40.50:232][  0]LogTemp:Display: Loaded TP AllDesktopTargetPlatform
[2016.01.09-08.40.50:240][  0]LogTemp:Display: Loaded TP WindowsClientTargetPlatform
[2016.01.09-08.40.50:247][  0]LogTemp:Display: Loaded TP WindowsNoEditorTargetPlatform
[2016.01.09-08.40.50:255][  0]LogTemp:Display: Loaded TP WindowsServerTargetPlatform
[2016.01.09-08.40.50:262][  0]LogTemp:Display: Loaded TP WindowsTargetPlatform
[2016.01.09-08.40.50:268][  0]LogTemp:Display: Loaded TP AndroidTargetPlatform
[2016.01.09-08.40.50:273][  0]LogTemp:Display: Loaded TP Android_ASTCTargetPlatform
[2016.01.09-08.40.50:278][  0]LogTemp:Display: Loaded TP Android_ATCTargetPlatform
[2016.01.09-08.40.50:282][  0]LogTemp:Display: Loaded TP Android_DXTTargetPlatform
[2016.01.09-08.40.50:288][  0]LogTemp:Display: Loaded TP Android_ETC1TargetPlatform
[2016.01.09-08.40.50:293][  0]LogTemp:Display: Loaded TP Android_ETC2TargetPlatform
[2016.01.09-08.40.50:304][  0]LogTemp:Display: Loaded TP Android_MultiTargetPlatform
[2016.01.09-08.40.50:304][  0]LogTemp:Display: Loaded TP Android_PVRTCTargetPlatform
[2016.01.09-08.40.50:306][  0]LogTemp:Display: Loaded TP HTML5TargetPlatform
[2016.01.09-08.40.50:328][  0]LogTemp:Display: Loaded TP IOSTargetPlatform
[2016.01.09-08.40.50:333][  0]LogTemp:Display: Loaded TP LinuxNoEditorTargetPlatform
[2016.01.09-08.40.50:338][  0]LogTemp:Display: Loaded TP LinuxServerTargetPlatform
[2016.01.09-08.40.50:344][  0]LogTemp:Display: Loaded TP LinuxTargetPlatform
[2016.01.09-08.40.50:344][  0]LogTargetPlatformManager:Display: Building Assets For Windows
[2016.01.09-08.40.50:484][  0]LogDerivedDataCache:Display: Max Cache Size: 512 MB
[2016.01.09-08.40.50:564][  0]LogDerivedDataCache: Loaded boot cache 0.08s 41MB C:/Users/Home/AppData/Local/UnrealEngine/4.10/DerivedDataCache/Boot.ddc.
[2016.01.09-08.40.50:564][  0]LogDerivedDataCache:Display: Loaded Boot cache: C:/Users/Home/AppData/Local/UnrealEngine/4.10/DerivedDataCache/Boot.ddc
[2016.01.09-08.40.50:564][  0]LogDerivedDataCache: FDerivedDataBackendGraph:  Pak pak cache file ../../../../../../Users/Home/Documents/GitHub/underUmbrella/DerivedDataCache/DDC.ddp not found, will not use a pak cache.
[2016.01.09-08.40.50:564][  0]LogDerivedDataCache: Unable to find inner node Pak for hierarchical cache Hierarchy.
[2016.01.09-08.40.50:564][  0]LogDerivedDataCache: FDerivedDataBackendGraph:  CompressedPak pak cache file ../../../../../../Users/Home/Documents/GitHub/underUmbrella/DerivedDataCache/Compressed.ddp not found, will not use a pak cache.
[2016.01.09-08.40.50:564][  0]LogDerivedDataCache: Unable to find inner node CompressedPak for hierarchical cache Hierarchy.
[2016.01.09-08.40.50:637][  0]LogDerivedDataCache:Display: Pak cache opened for reading ../../../Engine/DerivedDataCache/Compressed.ddp.
[2016.01.09-08.40.50:649][  0]LogDerivedDataCache: Using Local data cache path C:/Users/Home/AppData/Local/UnrealEngine/Common/DerivedDataCache: Writable
[2016.01.09-08.40.50:942][  0]LogInit: Selected Device Profile: [Windows]
[2016.01.09-08.40.50:946][  0]LogContentStreaming: Texture pool size is 0.000000MB
[2016.01.09-08.40.51:099][  0]LogMeshUtilities: No automatic mesh reduction module available
[2016.01.09-08.40.51:099][  0]LogMeshUtilities: No automatic mesh merging module available
[2016.01.09-08.40.51:462][  0]LogInit: WinSock: version 1.1 (2.2), MaxSocks=32767, MaxUdp=65467
[2016.01.09-08.40.53:270][  0]UdpMessaging: Initializing bridge on interface 0.0.0.0:0 to multicast group 230.0.0.1:6666.
[2016.01.09-08.40.53:391][  0]LogAssetRegistry: FAssetRegistry took 0.0108 seconds to start up
[2016.01.09-08.40.53:516][  0]LogAssetRegistry:Error: Bad name index reading cache 0/0
[2016.01.09-08.40.53:516][  0]LogAssetRegistry:Error: There was an error loading the asset registry cache. Generating a new one.
[2016.01.09-08.40.56:890][  0]SourceControl: Info Source control is disabled
[2016.01.09-08.40.56:892][  0]SourceControl: Info Source control is disabled
[2016.01.09-08.40.56:912][  0]SourceControl: Info Source control is disabled
[2016.01.09-08.40.56:931][  0]SourceControl: Info Source control is disabled
[2016.01.09-08.40.57:122][  0]LogThreadingWindows:Error: Runnable thread FAssetDataGatherer crashed.
[2016.01.09-08.40.57:123][  0]LogWindows:Error: === Critical error: ===
Fatal error!


Crash in runnable thread FAssetDataGatherer

[2016.01.09-08.40.57:222][  0]LogExit: Executing StaticShutdownAfterError
[2016.01.09-08.40.57:222][  0]LogWindows: FPlatformMisc::RequestExit(1)
[2016.01.09-08.40.57:222][  0]Log file closed, 01/09/16 09:40:57
