[2016.01.09-21.58.06:254][  0]Log file open, 01/09/16 22:58:06
[2016.01.09-21.58.06:254][  0]LogInit:Display: Running engine for game: UnderUmbrella
[2016.01.09-21.58.06:254][  0]LogPlatformFile: Not using cached read wrapper
[2016.01.09-21.58.06:254][  0]LogInit:Display: RandInit(252940232) SRandInit(252940233).
[2016.01.09-21.58.06:254][  0]LogTaskGraph: Started task graph with 4 named threads and 7 total threads.
[2016.01.09-21.58.06:254][  0]LogStats: Stats thread started at 0.101328
[2016.01.09-21.58.06:254][  0]LogInit: Version: 4.10.1-2791327+++depot+UE4-Releases+4.10
[2016.01.09-21.58.06:254][  0]LogInit: API Version: 2758231
[2016.01.09-21.58.06:254][  0]LogInit: Compiled (64-bit): Dec  4 2015 19:44:40
[2016.01.09-21.58.06:254][  0]LogInit: Compiled with Visual C++: 19.00.23026.00
[2016.01.09-21.58.06:254][  0]LogInit: Build Configuration: Development
[2016.01.09-21.58.06:254][  0]LogInit: Branch Name: ++depot+UE4-Releases+4.10
[2016.01.09-21.58.06:254][  0]LogInit: Command line: 
[2016.01.09-21.58.06:254][  0]LogInit: Base directory: C:/Program Files (x86)/Epic Games/4.10/Engine/Binaries/Win64/
[2016.01.09-21.58.06:254][  0]LogInit: Rocket: 1
[2016.01.09-21.58.06:268][  0]LogInit: Using libcurl 7.41.0
[2016.01.09-21.58.06:268][  0]LogInit:  - built for x86_64-pc-win32
[2016.01.09-21.58.06:268][  0]LogInit:  - supports SSL with WinSSL
[2016.01.09-21.58.06:268][  0]LogInit:  - other features:
[2016.01.09-21.58.06:268][  0]LogInit:      CURL_VERSION_SSL
[2016.01.09-21.58.06:268][  0]LogInit:      CURL_VERSION_IPV6
[2016.01.09-21.58.06:268][  0]LogInit:      CURL_VERSION_ASYNCHDNS
[2016.01.09-21.58.06:268][  0]LogInit:      CURL_VERSION_LARGEFILE
[2016.01.09-21.58.06:268][  0]LogInit:      CURL_VERSION_IDN
[2016.01.09-21.58.06:268][  0]LogInit:  CurlRequestOptions (configurable via config and command line):
[2016.01.09-21.58.06:268][  0]LogInit:  - bVerifyPeer = true  - Libcurl will verify peer certificate
[2016.01.09-21.58.06:268][  0]LogInit:  - bUseHttpProxy = false  - Libcurl will NOT use HTTP proxy
[2016.01.09-21.58.06:268][  0]LogInit:  - bDontReuseConnections = false  - Libcurl will reuse connections
[2016.01.09-21.58.06:268][  0]LogInit:  - CertBundlePath = nullptr  - Libcurl will use whatever was configured at build time.
[2016.01.09-21.58.06:278][  0]LogInit: Presizing for 0 objects not considered by GC, pre-allocating 0 bytes.
[2016.01.09-21.58.06:286][  0]LogInit: Object subsystem initialized
[2016.01.09-21.58.06:287][  0]LogInit: Selected Device Profile: [Windows]
[2016.01.09-21.58.06:287][  0]LogInit: Applying CVar settings loaded from the selected device profile: [Windows]
[2016.01.09-21.58.06:299][  0]LogInit: Computer: DESKTOP-6H6TUD6
[2016.01.09-21.58.06:299][  0]LogInit: User: Home
[2016.01.09-21.58.06:299][  0]LogInit: CPU Page size=4096, Cores=4
[2016.01.09-21.58.06:299][  0]LogInit: High frequency timer resolution =4.232915 MHz
[2016.01.09-21.58.06:299][  0]LogMemory: Memory total: Physical=7.9GB (8GB approx)
[2016.01.09-21.58.06:299][  0]LogMemory: Platform Memory Stats for Windows
[2016.01.09-21.58.06:299][  0]LogMemory: Process Physical Memory: 56.00 MB used, 56.00 MB peak
[2016.01.09-21.58.06:299][  0]LogMemory: Process Virtual Memory: 58.77 MB used, 58.77 MB peak
[2016.01.09-21.58.06:299][  0]LogMemory: Physical Memory: 3556.66 MB used, 8098.55 MB total
[2016.01.09-21.58.06:299][  0]LogMemory: Virtual Memory: 385.70 MB used, 134217728.00 MB total
[2016.01.09-21.58.06:350][  0]LogTextLocalizationManager: No specific translations for ('en-US') exist, so ('en') translations will be used.
[2016.01.09-21.58.06:808][  0]LogD3D11RHI: Found D3D11 adapter 0: NVIDIA GeForce GTX 660   (Feature Level 11_0)
[2016.01.09-21.58.06:808][  0]LogD3D11RHI: Adapter has 1988MB of dedicated video memory, 0MB of dedicated system memory, and 4049MB of shared system memory, 1 output[s]
[2016.01.09-21.58.06:811][  0]LogD3D11RHI: Found D3D11 adapter 1: Microsoft Basic Render Driver (Feature Level 11_0)
[2016.01.09-21.58.06:811][  0]LogD3D11RHI: Adapter has 0MB of dedicated video memory, 0MB of dedicated system memory, and 4049MB of shared system memory, 0 output[s]
[2016.01.09-21.58.06:811][  0]LogD3D11RHI: Chosen D3D11 Adapter Id = 0
[2016.01.09-21.58.06:816][  0]LogD3D11RHI: !Direct3DDevice
[2016.01.09-21.58.06:816][  0]LogRHI: Texture pool is 1361 MB (70% of 1945 MB)
[2016.01.09-21.58.06:843][  0]LogD3D11RHI: Async texture creation enabled
[2016.01.09-21.58.06:860][  0]LogShaderCompilers: Guid format shader working directory is -14 characters bigger than the processId version (../../../../../../Users/Home/Documents/GitHub/underUmbrella/Intermediate/Shaders/WorkingDirectory/6316/).
[2016.01.09-21.58.06:861][  0]LogShaderCompilers: Cleaned the shader compiler working directory 'C:/Users/Home/AppData/Local/Temp/UnrealShaderWorkingDir/FE46A1FB4A5B90B4AE8FAE8F12349934/'.
[2016.01.09-21.58.06:861][  0]LogShaderCompilers:Display: Using Local Shader Compiler.
[2016.01.09-21.58.07:904][  0]LogTemp:Display: Loaded TP AllDesktopTargetPlatform
[2016.01.09-21.58.07:911][  0]LogTemp:Display: Loaded TP WindowsClientTargetPlatform
[2016.01.09-21.58.07:918][  0]LogTemp:Display: Loaded TP WindowsNoEditorTargetPlatform
[2016.01.09-21.58.07:925][  0]LogTemp:Display: Loaded TP WindowsServerTargetPlatform
[2016.01.09-21.58.07:932][  0]LogTemp:Display: Loaded TP WindowsTargetPlatform
[2016.01.09-21.58.07:938][  0]LogTemp:Display: Loaded TP AndroidTargetPlatform
[2016.01.09-21.58.07:942][  0]LogTemp:Display: Loaded TP Android_ASTCTargetPlatform
[2016.01.09-21.58.07:947][  0]LogTemp:Display: Loaded TP Android_ATCTargetPlatform
[2016.01.09-21.58.07:952][  0]LogTemp:Display: Loaded TP Android_DXTTargetPlatform
[2016.01.09-21.58.07:956][  0]LogTemp:Display: Loaded TP Android_ETC1TargetPlatform
[2016.01.09-21.58.07:961][  0]LogTemp:Display: Loaded TP Android_ETC2TargetPlatform
[2016.01.09-21.58.07:971][  0]LogTemp:Display: Loaded TP Android_MultiTargetPlatform
[2016.01.09-21.58.07:971][  0]LogTemp:Display: Loaded TP Android_PVRTCTargetPlatform
[2016.01.09-21.58.07:973][  0]LogTemp:Display: Loaded TP HTML5TargetPlatform
[2016.01.09-21.58.07:994][  0]LogTemp:Display: Loaded TP IOSTargetPlatform
[2016.01.09-21.58.07:998][  0]LogTemp:Display: Loaded TP LinuxNoEditorTargetPlatform
[2016.01.09-21.58.08:002][  0]LogTemp:Display: Loaded TP LinuxServerTargetPlatform
[2016.01.09-21.58.08:008][  0]LogTemp:Display: Loaded TP LinuxTargetPlatform
[2016.01.09-21.58.08:008][  0]LogTargetPlatformManager:Display: Building Assets For Windows
[2016.01.09-21.58.08:134][  0]LogDerivedDataCache:Display: Max Cache Size: 512 MB
[2016.01.09-21.58.08:209][  0]LogDerivedDataCache: Loaded boot cache 0.07s 41MB C:/Users/Home/AppData/Local/UnrealEngine/4.10/DerivedDataCache/Boot.ddc.
[2016.01.09-21.58.08:209][  0]LogDerivedDataCache:Display: Loaded Boot cache: C:/Users/Home/AppData/Local/UnrealEngine/4.10/DerivedDataCache/Boot.ddc
[2016.01.09-21.58.08:209][  0]LogDerivedDataCache: FDerivedDataBackendGraph:  Pak pak cache file ../../../../../../Users/Home/Documents/GitHub/underUmbrella/DerivedDataCache/DDC.ddp not found, will not use a pak cache.
[2016.01.09-21.58.08:209][  0]LogDerivedDataCache: Unable to find inner node Pak for hierarchical cache Hierarchy.
[2016.01.09-21.58.08:209][  0]LogDerivedDataCache: FDerivedDataBackendGraph:  CompressedPak pak cache file ../../../../../../Users/Home/Documents/GitHub/underUmbrella/DerivedDataCache/Compressed.ddp not found, will not use a pak cache.
[2016.01.09-21.58.08:209][  0]LogDerivedDataCache: Unable to find inner node CompressedPak for hierarchical cache Hierarchy.
[2016.01.09-21.58.08:280][  0]LogDerivedDataCache:Display: Pak cache opened for reading ../../../Engine/DerivedDataCache/Compressed.ddp.
[2016.01.09-21.58.08:292][  0]LogDerivedDataCache: Using Local data cache path C:/Users/Home/AppData/Local/UnrealEngine/Common/DerivedDataCache: Writable
[2016.01.09-21.58.08:562][  0]LogInit: Selected Device Profile: [Windows]
[2016.01.09-21.58.08:567][  0]LogContentStreaming: Texture pool size is 0.000000MB
[2016.01.09-21.58.08:705][  0]LogMeshUtilities: No automatic mesh reduction module available
[2016.01.09-21.58.08:705][  0]LogMeshUtilities: No automatic mesh merging module available
[2016.01.09-21.58.09:018][  0]LogInit: WinSock: version 1.1 (2.2), MaxSocks=32767, MaxUdp=65467
[2016.01.09-21.58.10:545][  0]UdpMessaging: Initializing bridge on interface 0.0.0.0:0 to multicast group 230.0.0.1:6666.
[2016.01.09-21.58.10:662][  0]LogAssetRegistry: FAssetRegistry took 0.0105 seconds to start up
[2016.01.09-21.58.10:874][  0]SourceControl: Info Source control is disabled
[2016.01.09-21.58.10:876][  0]SourceControl: Info Source control is disabled
[2016.01.09-21.58.10:898][  0]SourceControl: Info Source control is disabled
[2016.01.09-21.58.10:922][  0]SourceControl: Info Source control is disabled
[2016.01.09-21.58.11:346][  0]LogObj: 28633 objects as part of root set at end of initial load.
[2016.01.09-21.58.11:346][  0]LogUObjectAllocator: 6099752 out of 0 bytes used by permanent object pool.
[2016.01.09-21.58.11:413][  0]LogEngine: Initializing Engine...
[2016.01.09-21.58.11:419][  0]LogHMD: Can't find Oculus library dev build: is proper Runtime installed? Version: 0.8.0.0
[2016.01.09-21.58.11:421][  0]LogHMD: SteamVR failed to initialize.  Err: 110
[2016.01.09-21.58.11:568][  0]LogAIModule: Creating AISystem for world NewWorld
[2016.01.09-21.58.11:578][  0]LogInit: XAudio2 using 'Speakers (High Definition Audio Device)' : 2 channels at 44.1 kHz using 16 bits per sample (channel mask 0x3)
[2016.01.09-21.58.11:587][  0]LogInit: FAudioDevice initialized.
[2016.01.09-21.58.11:625][  0]LogDerivedDataCache: Saved boot cache 0.04s 41MB C:/Users/Home/AppData/Local/UnrealEngine/4.10/DerivedDataCache/Boot.ddc.
[2016.01.09-21.58.11:636][  0]LogInit: Texture streaming: Enabled
[2016.01.09-21.58.11:645][  0]LogAnalytics: Creating configured Analytics provider AnalyticsET
[2016.01.09-21.58.11:645][  0]LogAnalytics: [UEEditor.Rocket.Release] APIServer = http://et2.epicgames.com/ET2/. AppVersion = 4.10.1-2791327+++depot+UE4-Releases+4.10
[2016.01.09-21.58.11:645][  0]LogAnalytics: [UEEditor.Rocket.Release] SetUserId bda7634e4e3800c847f018b8ed0b1411|c7ff289020a144faadd7bc99c3af9303|18c70efd-9716-4caf-b1ce-617add21ccd6
[2016.01.09-21.58.11:645][  0]LogAnalytics: [UEEditor.Rocket.Release] AnalyticsET::StartSession
[2016.01.09-21.58.11:660][  0]LogWindowsTextInputMethodSystem:Display: IME system now activated using TSF (Google Japanese Input).
[2016.01.09-21.58.11:683][  0]LogInit: Transaction tracking system initialized
[2016.01.09-21.58.11:725][  0]BlueprintLog: New page: Editor Load
[2016.01.09-21.58.11:850][  0]LocalizationService: Info Localization service is disabled
[2016.01.09-21.58.11:955][  0]LogConsoleResponse:Display: 
[2016.01.09-21.58.12:106][  0]LogCook:Display: Done creating registry. It took  0.00s.
[2016.01.09-21.58.12:212][  0]LogFileCache: Scanning file cache for directory 'C:/Users/Home/Documents/GitHub/underUmbrella/Content/' took 0.02s
[2016.01.09-21.58.12:212][  0]SourceControl: Info Source control is disabled
[2016.01.09-21.58.12:212][  0]Cmd: MAP LOAD FILE="../../../../../../Users/Home/Documents/GitHub/underUmbrella/Content/ThirdPersonBP/Maps/ThirdPersonExampleMap.umap" TEMPLATE=0 SHOWPROGRESS=1 FEATURELEVEL=3
[2016.01.09-21.58.12:507][  0]LightingResults: New page: Lighting Build
[2016.01.09-21.58.12:513][  0]MapCheck: New page: Map Check
[2016.01.09-21.58.12:513][  0]LightingResults: New page: Lighting Build
[2016.01.09-21.58.12:530][  0]LogParticles: Destroying 0 GPU particle simulations for FXSystem 0x00000266E28D7B00
[2016.01.09-21.58.12:866][  0]LogLinker:Warning: Asset '../../../../../../Users/Home/Documents/GitHub/underUmbrella/Content/FirstPerson/Meshes/FirstPersonProjectileMesh.uasset' has been saved with empty engine version. The asset will be loaded but may be incompatible.
[2016.01.09-21.58.14:618][  0]LogAIModule: Creating AISystem for world ThirdPersonExampleMap
[2016.01.09-21.58.14:631][  0]LogEditorServer: Finished looking for orphan Actors (0.000 secs)
[2016.01.09-21.58.14:632][  0]Cmd: MAP CHECKDEP NOCLEARLOG
[2016.01.09-21.58.14:791][  0]MapCheck: Info Map check complete: 0 Error(s), 0 Warning(s), took 159.3ms to complete.
[2016.01.09-21.58.14:791][  0]LogFileHelpers: Loading map 'ThirdPersonExampleMap' took 2.579
[2016.01.09-21.58.15:032][  0]LogCollectionManager: Loaded 0 collections in 0.002952 seconds
[2016.01.09-21.58.15:074][  0]LogFileCache: Scanning file cache for directory 'C:/Users/Home/Documents/GitHub/underUmbrella/Saved/Collections/' took 0.01s
[2016.01.09-21.58.15:074][  0]LogFileCache: Scanning file cache for directory 'C:/Users/Home/Documents/GitHub/underUmbrella/Content/Developers/Home/Collections/' took 0.01s
[2016.01.09-21.58.15:074][  0]LogFileCache: Scanning file cache for directory 'C:/Users/Home/Documents/GitHub/underUmbrella/Content/Collections/' took 0.01s
[2016.01.09-21.58.15:074][  0]LogCollectionManager: Rebuilt the GUID cache for 0 collections in 0.000002 seconds
[2016.01.09-21.58.15:083][  0]LogContentBrowser: Native class hierarchy populated in 0.0092 seconds. Added 1893 classes and 338 folders.
[2016.01.09-21.58.15:092][  0]LogContentBrowser: Native class hierarchy updated for 'WidgetCarousel' in 0.0004 seconds. Added 0 classes and 0 folders.
[2016.01.09-21.58.15:876][  0]LogContentBrowser: Native class hierarchy updated for 'AddContentDialog' in 0.0004 seconds. Added 0 classes and 0 folders.
[2016.01.09-21.58.15:882][  0]LogContentBrowser: Native class hierarchy updated for 'SceneOutliner' in 0.0004 seconds. Added 1 classes and 2 folders.
[2016.01.09-21.58.16:027][  0]LogCrashTracker: Crashtracker disabled due to settings.
[2016.01.09-21.58.16:281][  0]LogLoad: Full Startup: 10.58 seconds (BP compile: 0.19 seconds)
[2016.01.09-21.58.16:303][  0]LogOcInput: Can't find Oculus library dev build: is proper Runtime installed? Version: 0.8.0.0
[2016.01.09-21.58.16:485][  0]LogContentStreaming: Texture pool size now 1000 MB
[2016.01.09-21.58.16:691][  0]LogRenderer: Reallocating scene render targets to support 1208x572 (Frame:2).
[2016.01.09-21.58.16:992][  5]LogAssetRegistry: Asset discovery search completed in 6.3409 seconds
[2016.01.09-21.58.16:992][  5]LogCollectionManager: Rebuilt the object cache for 0 collections in 0.000001 seconds (found 0 objects)
[2016.01.09-21.58.16:992][  5]LogCollectionManager: Fixed up redirectors for 0 collections in 0.000019 seconds (updated 0 objects)
[2016.01.09-22.08.05:659][225]LogActorComponent: UnregisterComponent: (/Engine/Transient.SphereBrushComponent) Not registered. Aborting.
[2016.01.09-22.08.16:534][493]LogEditorViewport: Clicking on Actor (LMB): SpotLight_C (SpotLight)
[2016.01.09-22.08.22:140][113]LogBlueprintUserMessages: Early PlayInEditor Detection: Level '/Game/ThirdPersonBP/Maps/ThirdPersonExampleMap.ThirdPersonExampleMap:PersistentLevel' has LevelScriptBlueprint '/Game/ThirdPersonBP/Maps/ThirdPersonExampleMap.ThirdPersonExampleMap:PersistentLevel.ThirdPersonExampleMap' with GeneratedClass '/Game/ThirdPersonBP/Maps/ThirdPersonExampleMap.ThirdPersonExampleMap_C' with ClassGeneratedBy '/Game/ThirdPersonBP/Maps/ThirdPersonExampleMap.ThirdPersonExampleMap:PersistentLevel.ThirdPersonExampleMap'
[2016.01.09-22.08.22:140][113]LogPlayLevel: PlayLevel: No blueprints needed recompiling
[2016.01.09-22.08.22:166][113]PIE: New page: PIE session: ThirdPersonExampleMap (Jan 10, 2016, 12:08:22 AM)
[2016.01.09-22.08.22:166][113]LogPlayLevel: Creating play world package: /Game/ThirdPersonBP/Maps/UEDPIE_0_ThirdPersonExampleMap
[2016.01.09-22.08.22:206][113]LogPlayLevel: PIE: StaticDuplicateObject took: (0.040307s)
[2016.01.09-22.08.22:208][113]LogAIModule: Creating AISystem for world ThirdPersonExampleMap
[2016.01.09-22.08.22:208][113]LogPlayLevel: PIE: World Init took: (0.001734s)
[2016.01.09-22.08.22:208][113]LogPlayLevel: PIE: Created PIE world by copying editor world from /Game/ThirdPersonBP/Maps/ThirdPersonExampleMap.ThirdPersonExampleMap to /Game/ThirdPersonBP/Maps/UEDPIE_0_ThirdPersonExampleMap.ThirdPersonExampleMap (0.042367s)
[2016.01.09-22.08.22:250][113]LogInit: XAudio2 using 'Speakers (High Definition Audio Device)' : 2 channels at 44.1 kHz using 16 bits per sample (channel mask 0x3)
[2016.01.09-22.08.22:257][113]LogInit: FAudioDevice initialized.
[2016.01.09-22.08.22:374][113]LogWorld: Game class is 'ThirdPersonGameMode_C'
[2016.01.09-22.08.22:392][113]LogWorld: Bringing World /Game/ThirdPersonBP/Maps/UEDPIE_0_ThirdPersonExampleMap.ThirdPersonExampleMap up for play (max tick rate 0) at 2016.01.09-23.08.22
[2016.01.09-22.08.22:392][113]LogActor:Warning: GameSession /Game/ThirdPersonBP/Maps/UEDPIE_0_ThirdPersonExampleMap.ThirdPersonExampleMap:PersistentLevel.GameSession_0 has natively added scene component(s), but none of them were set as the actor's RootComponent - picking one arbitrarily
[2016.01.09-22.08.22:392][113]LogActor:Warning: GameNetworkManager /Game/ThirdPersonBP/Maps/UEDPIE_0_ThirdPersonExampleMap.ThirdPersonExampleMap:PersistentLevel.GameNetworkManager_0 has natively added scene component(s), but none of them were set as the actor's RootComponent - picking one arbitrarily
[2016.01.09-22.08.22:393][113]LogWorld: Bringing up level for play took: 0.006307
[2016.01.09-22.08.22:418][113]PIE: Info Play in editor start time for /Game/ThirdPersonBP/Maps/UEDPIE_0_ThirdPersonExampleMap 0.394
[2016.01.09-22.08.22:418][113]LogBlueprintUserMessages: Late PlayInEditor Detection: Level '/Game/ThirdPersonBP/Maps/ThirdPersonExampleMap.ThirdPersonExampleMap:PersistentLevel' has LevelScriptBlueprint '/Game/ThirdPersonBP/Maps/ThirdPersonExampleMap.ThirdPersonExampleMap:PersistentLevel.ThirdPersonExampleMap' with GeneratedClass '/Game/ThirdPersonBP/Maps/ThirdPersonExampleMap.ThirdPersonExampleMap_C' with ClassGeneratedBy '/Game/ThirdPersonBP/Maps/ThirdPersonExampleMap.ThirdPersonExampleMap:PersistentLevel.ThirdPersonExampleMap'
[2016.01.09-22.08.29:059][887]LogBlueprintUserMessages: Early EndPlayMap Detection: Level '/Game/ThirdPersonBP/Maps/ThirdPersonExampleMap.ThirdPersonExampleMap:PersistentLevel' has LevelScriptBlueprint '/Game/ThirdPersonBP/Maps/ThirdPersonExampleMap.ThirdPersonExampleMap:PersistentLevel.ThirdPersonExampleMap' with GeneratedClass '/Game/ThirdPersonBP/Maps/ThirdPersonExampleMap.ThirdPersonExampleMap_C' with ClassGeneratedBy '/Game/ThirdPersonBP/Maps/ThirdPersonExampleMap.ThirdPersonExampleMap:PersistentLevel.ThirdPersonExampleMap'
[2016.01.09-22.08.29:144][887]LogBlueprintUserMessages: Late EndPlayMap Detection: Level '/Game/ThirdPersonBP/Maps/ThirdPersonExampleMap.ThirdPersonExampleMap:PersistentLevel' has LevelScriptBlueprint '/Game/ThirdPersonBP/Maps/ThirdPersonExampleMap.ThirdPersonExampleMap:PersistentLevel.ThirdPersonExampleMap' with GeneratedClass '/Game/ThirdPersonBP/Maps/ThirdPersonExampleMap.ThirdPersonExampleMap_C' with ClassGeneratedBy '/Game/ThirdPersonBP/Maps/ThirdPersonExampleMap.ThirdPersonExampleMap:PersistentLevel.ThirdPersonExampleMap'
[2016.01.09-22.08.29:163][887]LogParticles: Destroying 0 GPU particle simulations for FXSystem 0x000002669B29B6A0
[2016.01.09-22.08.38:357][584]LogSlate:Warning: Prevented a slow task dialog from being summoned while a context menu was open
[2016.01.09-22.08.38:412][584]LogLinker:Warning: Asset '../../../Engine/Content/ArtTools/RenderToTexture/Macros/RenderToTextureMacros.uasset' has been saved with empty engine version. The asset will be loaded but may be incompatible.
[2016.01.09-22.08.38:972][584]LogContentBrowser: Native class hierarchy updated for 'BlueprintGraph' in 0.0009 seconds. Added 107 classes and 0 folders.
[2016.01.09-22.09.03:926][656]LogActorComponent: UnregisterComponent: (/Engine/Transient.ProjectileMovementComponent_40__A6522401) Not registered. Aborting.
[2016.01.09-22.09.03:926][656]LogActorComponent: UnregisterComponent: (/Engine/Transient.CharMoveComp) Not registered. Aborting.
[2016.01.09-22.09.04:461][656]LogSavePackage: Save=406.418518ms
[2016.01.09-22.09.04:461][656]LogSavePackage: Moving '../../../../../../Users/Home/Documents/GitHub/underUmbrella/Saved/ThirdPersonExampleMap_Auto1EA0DE31542E335545CBF94BFA2B12E9D.tmp' to '../../../../../../Users/Home/Documents/GitHub/underUmbrella/Saved/Autosaves/Game/ThirdPersonBP/Maps/ThirdPersonExampleMap_Auto1.umap'
[2016.01.09-22.09.04:464][656]LogSavePackage: Total save time: 493.353870ms
[2016.01.09-22.09.04:464][656]LogSavePackage:Display: Finished SavePackage ../../../../../../Users/Home/Documents/GitHub/underUmbrella/Saved/Autosaves/Game/ThirdPersonBP/Maps/ThirdPersonExampleMap_Auto1.umap
[2016.01.09-22.09.04:466][656]LogFileHelpers: Editor autosave (incl. sublevels) for '/Game/ThirdPersonBP/Maps/ThirdPersonExampleMap' took 0.541
[2016.01.09-22.09.04:466][656]LogFileHelpers: Editor autosave (incl. sublevels) for all levels took 0.541
[2016.01.09-22.09.44:951][414]LogBlueprintUserMessages: Early PlayInEditor Detection: Level '/Game/ThirdPersonBP/Maps/ThirdPersonExampleMap.ThirdPersonExampleMap:PersistentLevel' has LevelScriptBlueprint '/Game/ThirdPersonBP/Maps/ThirdPersonExampleMap.ThirdPersonExampleMap:PersistentLevel.ThirdPersonExampleMap' with GeneratedClass '/Game/ThirdPersonBP/Maps/ThirdPersonExampleMap.ThirdPersonExampleMap_C' with ClassGeneratedBy '/Game/ThirdPersonBP/Maps/ThirdPersonExampleMap.ThirdPersonExampleMap:PersistentLevel.ThirdPersonExampleMap'
[2016.01.09-22.09.44:951][414]LogPlayLevel: PlayLevel: No blueprints needed recompiling
[2016.01.09-22.09.44:951][414]PIE: New page: PIE session: ThirdPersonExampleMap (Jan 10, 2016, 12:09:44 AM)
[2016.01.09-22.09.44:951][414]LogPlayLevel: Creating play world package: /Game/ThirdPersonBP/Maps/UEDPIE_0_ThirdPersonExampleMap
[2016.01.09-22.09.44:980][414]LogPlayLevel: PIE: StaticDuplicateObject took: (0.029562s)
[2016.01.09-22.09.44:982][414]LogAIModule: Creating AISystem for world ThirdPersonExampleMap
[2016.01.09-22.09.44:982][414]LogPlayLevel: PIE: World Init took: (0.001571s)
[2016.01.09-22.09.44:982][414]LogPlayLevel: PIE: Created PIE world by copying editor world from /Game/ThirdPersonBP/Maps/ThirdPersonExampleMap.ThirdPersonExampleMap to /Game/ThirdPersonBP/Maps/UEDPIE_0_ThirdPersonExampleMap.ThirdPersonExampleMap (0.031449s)
[2016.01.09-22.09.45:026][414]LogInit: XAudio2 using 'Speakers (High Definition Audio Device)' : 2 channels at 44.1 kHz using 16 bits per sample (channel mask 0x3)
[2016.01.09-22.09.45:034][414]LogInit: FAudioDevice initialized.
[2016.01.09-22.09.45:070][414]LogWorld: Game class is 'ThirdPersonGameMode_C'
[2016.01.09-22.09.45:077][414]LogWorld: Bringing World /Game/ThirdPersonBP/Maps/UEDPIE_0_ThirdPersonExampleMap.ThirdPersonExampleMap up for play (max tick rate 0) at 2016.01.09-23.09.45
[2016.01.09-22.09.45:077][414]LogActor:Warning: GameSession /Game/ThirdPersonBP/Maps/UEDPIE_0_ThirdPersonExampleMap.ThirdPersonExampleMap:PersistentLevel.GameSession_1 has natively added scene component(s), but none of them were set as the actor's RootComponent - picking one arbitrarily
[2016.01.09-22.09.45:077][414]LogActor:Warning: GameNetworkManager /Game/ThirdPersonBP/Maps/UEDPIE_0_ThirdPersonExampleMap.ThirdPersonExampleMap:PersistentLevel.GameNetworkManager_1 has natively added scene component(s), but none of them were set as the actor's RootComponent - picking one arbitrarily
[2016.01.09-22.09.45:077][414]LogWorld: Bringing up level for play took: 0.006314
[2016.01.09-22.09.45:078][414]PIE: Info Play in editor start time for /Game/ThirdPersonBP/Maps/UEDPIE_0_ThirdPersonExampleMap 1.054
[2016.01.09-22.09.45:079][414]LogBlueprintUserMessages: Late PlayInEditor Detection: Level '/Game/ThirdPersonBP/Maps/ThirdPersonExampleMap.ThirdPersonExampleMap:PersistentLevel' has LevelScriptBlueprint '/Game/ThirdPersonBP/Maps/ThirdPersonExampleMap.ThirdPersonExampleMap:PersistentLevel.ThirdPersonExampleMap' with GeneratedClass '/Game/ThirdPersonBP/Maps/ThirdPersonExampleMap.ThirdPersonExampleMap_C' with ClassGeneratedBy '/Game/ThirdPersonBP/Maps/ThirdPersonExampleMap.ThirdPersonExampleMap:PersistentLevel.ThirdPersonExampleMap'
[2016.01.09-22.09.48:753][844]LogBlueprintUserMessages: Early EndPlayMap Detection: Level '/Game/ThirdPersonBP/Maps/ThirdPersonExampleMap.ThirdPersonExampleMap:PersistentLevel' has LevelScriptBlueprint '/Game/ThirdPersonBP/Maps/ThirdPersonExampleMap.ThirdPersonExampleMap:PersistentLevel.ThirdPersonExampleMap' with GeneratedClass '/Game/ThirdPersonBP/Maps/ThirdPersonExampleMap.ThirdPersonExampleMap_C' with ClassGeneratedBy '/Game/ThirdPersonBP/Maps/ThirdPersonExampleMap.ThirdPersonExampleMap:PersistentLevel.ThirdPersonExampleMap'
[2016.01.09-22.09.48:830][844]LogBlueprintUserMessages: Late EndPlayMap Detection: Level '/Game/ThirdPersonBP/Maps/ThirdPersonExampleMap.ThirdPersonExampleMap:PersistentLevel' has LevelScriptBlueprint '/Game/ThirdPersonBP/Maps/ThirdPersonExampleMap.ThirdPersonExampleMap:PersistentLevel.ThirdPersonExampleMap' with GeneratedClass '/Game/ThirdPersonBP/Maps/ThirdPersonExampleMap.ThirdPersonExampleMap_C' with ClassGeneratedBy '/Game/ThirdPersonBP/Maps/ThirdPersonExampleMap.ThirdPersonExampleMap:PersistentLevel.ThirdPersonExampleMap'
[2016.01.09-22.09.48:864][844]LogParticles: Destroying 0 GPU particle simulations for FXSystem 0x00000266AE0994E0
[2016.01.09-22.10.09:379][222]LogBlueprintUserMessages: Early PlayInEditor Detection: Level '/Game/ThirdPersonBP/Maps/ThirdPersonExampleMap.ThirdPersonExampleMap:PersistentLevel' has LevelScriptBlueprint '/Game/ThirdPersonBP/Maps/ThirdPersonExampleMap.ThirdPersonExampleMap:PersistentLevel.ThirdPersonExampleMap' with GeneratedClass '/Game/ThirdPersonBP/Maps/ThirdPersonExampleMap.ThirdPersonExampleMap_C' with ClassGeneratedBy '/Game/ThirdPersonBP/Maps/ThirdPersonExampleMap.ThirdPersonExampleMap:PersistentLevel.ThirdPersonExampleMap'
[2016.01.09-22.10.09:379][222]BlueprintLog: New page: Pre-Play auto-recompile
[2016.01.09-22.10.09:383][222]LogActorComponent: UnregisterComponent: (/Engine/Transient.CharMoveComp) Not registered. Aborting.
[2016.01.09-22.10.09:392][222]LogPlayLevel: [PlayLevel] Compiling ThirdPersonCharacter before play...
[2016.01.09-22.10.09:482][222]LogPlayLevel: PlayLevel: Blueprint regeneration took 103 ms (1 blueprints)
[2016.01.09-22.10.09:519][222]PIE: New page: PIE session: ThirdPersonExampleMap (Jan 10, 2016, 12:10:09 AM)
[2016.01.09-22.10.09:519][222]LogPlayLevel: Creating play world package: /Game/ThirdPersonBP/Maps/UEDPIE_0_ThirdPersonExampleMap
[2016.01.09-22.10.09:548][222]LogPlayLevel: PIE: StaticDuplicateObject took: (0.028965s)
[2016.01.09-22.10.09:550][222]LogAIModule: Creating AISystem for world ThirdPersonExampleMap
[2016.01.09-22.10.09:550][222]LogPlayLevel: PIE: World Init took: (0.001961s)
[2016.01.09-22.10.09:551][222]LogPlayLevel: PIE: Created PIE world by copying editor world from /Game/ThirdPersonBP/Maps/ThirdPersonExampleMap.ThirdPersonExampleMap to /Game/ThirdPersonBP/Maps/UEDPIE_0_ThirdPersonExampleMap.ThirdPersonExampleMap (0.031278s)
[2016.01.09-22.10.09:597][222]LogInit: XAudio2 using 'Speakers (High Definition Audio Device)' : 2 channels at 44.1 kHz using 16 bits per sample (channel mask 0x3)
[2016.01.09-22.10.09:604][222]LogInit: FAudioDevice initialized.
[2016.01.09-22.10.09:639][222]LogWorld: Game class is 'ThirdPersonGameMode_C'
[2016.01.09-22.10.09:646][222]LogWorld: Bringing World /Game/ThirdPersonBP/Maps/UEDPIE_0_ThirdPersonExampleMap.ThirdPersonExampleMap up for play (max tick rate 0) at 2016.01.09-23.10.09
[2016.01.09-22.10.09:646][222]LogActor:Warning: GameSession /Game/ThirdPersonBP/Maps/UEDPIE_0_ThirdPersonExampleMap.ThirdPersonExampleMap:PersistentLevel.GameSession_2 has natively added scene component(s), but none of them were set as the actor's RootComponent - picking one arbitrarily
[2016.01.09-22.10.09:646][222]LogActor:Warning: GameNetworkManager /Game/ThirdPersonBP/Maps/UEDPIE_0_ThirdPersonExampleMap.ThirdPersonExampleMap:PersistentLevel.GameNetworkManager_2 has natively added scene component(s), but none of them were set as the actor's RootComponent - picking one arbitrarily
[2016.01.09-22.10.09:647][222]LogWorld: Bringing up level for play took: 0.006041
[2016.01.09-22.10.09:648][222]PIE: Info Play in editor start time for /Game/ThirdPersonBP/Maps/UEDPIE_0_ThirdPersonExampleMap -0.377
[2016.01.09-22.10.09:648][222]LogBlueprintUserMessages: Late PlayInEditor Detection: Level '/Game/ThirdPersonBP/Maps/ThirdPersonExampleMap.ThirdPersonExampleMap:PersistentLevel' has LevelS