[2016.01.07-14.01.59:817][  0]Log file open, 01/07/16 15:01:59
[2016.01.07-14.01.59:817][  0]LogInit:Display: Running engine for game: UnderUmbrella
[2016.01.07-14.01.59:817][  0]LogPlatformFile: Not using cached read wrapper
[2016.01.07-14.01.59:817][  0]LogInit:Display: RandInit(1356934297) SRandInit(1356934300).
[2016.01.07-14.01.59:817][  0]LogTaskGraph: Started task graph with 4 named threads and 7 total threads.
[2016.01.07-14.01.59:817][  0]LogStats: Stats thread started at 0.087872
[2016.01.07-14.01.59:817][  0]LogInit: Version: 4.10.1-2791327+++depot+UE4-Releases+4.10
[2016.01.07-14.01.59:817][  0]LogInit: API Version: 2758231
[2016.01.07-14.01.59:817][  0]LogInit: Compiled (64-bit): Dec  4 2015 19:44:40
[2016.01.07-14.01.59:817][  0]LogInit: Compiled with Visual C++: 19.00.23026.00
[2016.01.07-14.01.59:817][  0]LogInit: Build Configuration: Development
[2016.01.07-14.01.59:817][  0]LogInit: Branch Name: ++depot+UE4-Releases+4.10
[2016.01.07-14.01.59:817][  0]LogInit: Command line: 
[2016.01.07-14.01.59:817][  0]LogInit: Base directory: C:/Program Files (x86)/Epic Games/4.10/Engine/Binaries/Win64/
[2016.01.07-14.01.59:817][  0]LogInit: Rocket: 1
[2016.01.07-14.01.59:827][  0]LogInit: Using libcurl 7.41.0
[2016.01.07-14.01.59:827][  0]LogInit:  - built for x86_64-pc-win32
[2016.01.07-14.01.59:827][  0]LogInit:  - supports SSL with WinSSL
[2016.01.07-14.01.59:827][  0]LogInit:  - other features:
[2016.01.07-14.01.59:827][  0]LogInit:      CURL_VERSION_SSL
[2016.01.07-14.01.59:827][  0]LogInit:      CURL_VERSION_IPV6
[2016.01.07-14.01.59:827][  0]LogInit:      CURL_VERSION_ASYNCHDNS
[2016.01.07-14.01.59:827][  0]LogInit:      CURL_VERSION_LARGEFILE
[2016.01.07-14.01.59:827][  0]LogInit:      CURL_VERSION_IDN
[2016.01.07-14.01.59:827][  0]LogInit:  CurlRequestOptions (configurable via config and command line):
[2016.01.07-14.01.59:827][  0]LogInit:  - bVerifyPeer = true  - Libcurl will verify peer certificate
[2016.01.07-14.01.59:827][  0]LogInit:  - bUseHttpProxy = false  - Libcurl will NOT use HTTP proxy
[2016.01.07-14.01.59:827][  0]LogInit:  - bDontReuseConnections = false  - Libcurl will reuse connections
[2016.01.07-14.01.59:827][  0]LogInit:  - CertBundlePath = nullptr  - Libcurl will use whatever was configured at build time.
[2016.01.07-14.01.59:835][  0]LogInit: Presizing for 0 objects not considered by GC, pre-allocating 0 bytes.
[2016.01.07-14.01.59:844][  0]LogInit: Object subsystem initialized
[2016.01.07-14.01.59:845][  0]LogInit: Selected Device Profile: [Windows]
[2016.01.07-14.01.59:845][  0]LogInit: Applying CVar settings loaded from the selected device profile: [Windows]
[2016.01.07-14.01.59:860][  0]LogInit: Computer: DESKTOP-6H6TUD6
[2016.01.07-14.01.59:860][  0]LogInit: User: Home
[2016.01.07-14.01.59:860][  0]LogInit: CPU Page size=4096, Cores=4
[2016.01.07-14.01.59:860][  0]LogInit: High frequency timer resolution =4.232919 MHz
[2016.01.07-14.01.59:860][  0]LogMemory: Memory total: Physical=7.9GB (8GB approx)
[2016.01.07-14.01.59:860][  0]LogMemory: Platform Memory Stats for Windows
[2016.01.07-14.01.59:860][  0]LogMemory: Process Physical Memory: 55.91 MB used, 55.91 MB peak
[2016.01.07-14.01.59:860][  0]LogMemory: Process Virtual Memory: 58.83 MB used, 58.83 MB peak
[2016.01.07-14.01.59:860][  0]LogMemory: Physical Memory: 3901.10 MB used, 8098.55 MB total
[2016.01.07-14.01.59:860][  0]LogMemory: Virtual Memory: 385.70 MB used, 134217728.00 MB total
[2016.01.07-14.01.59:894][  0]LogTextLocalizationManager: No specific translations for ('en-US') exist, so ('en') translations will be used.
[2016.01.07-14.02.00:330][  0]LogD3D11RHI: Found D3D11 adapter 0: NVIDIA GeForce GTX 660   (Feature Level 11_0)
[2016.01.07-14.02.00:330][  0]LogD3D11RHI: Adapter has 1988MB of dedicated video memory, 0MB of dedicated system memory, and 4049MB of shared system memory, 1 output[s]
[2016.01.07-14.02.00:332][  0]LogD3D11RHI: Found D3D11 adapter 1: Microsoft Basic Render Driver (Feature Level 11_0)
[2016.01.07-14.02.00:332][  0]LogD3D11RHI: Adapter has 0MB of dedicated video memory, 0MB of dedicated system memory, and 4049MB of shared system memory, 0 output[s]
[2016.01.07-14.02.00:332][  0]LogD3D11RHI: Chosen D3D11 Adapter Id = 0
[2016.01.07-14.02.00:339][  0]LogD3D11RHI: !Direct3DDevice
[2016.01.07-14.02.00:339][  0]LogRHI: Texture pool is 1361 MB (70% of 1945 MB)
[2016.01.07-14.02.00:360][  0]LogD3D11RHI: Async texture creation enabled
[2016.01.07-14.02.00:374][  0]LogShaderCompilers: Guid format shader working directory is -14 characters bigger than the processId version (../../../../../../Users/Home/Documents/GitHub/underUmbrella/Intermediate/Shaders/WorkingDirectory/3484/).
[2016.01.07-14.02.00:374][  0]LogShaderCompilers: Cleaned the shader compiler working directory 'C:/Users/Home/AppData/Local/Temp/UnrealShaderWorkingDir/77DE96A74CCCCDA059D67D90D34597D1/'.
[2016.01.07-14.02.00:374][  0]LogShaderCompilers:Display: Using Local Shader Compiler.
[2016.01.07-14.02.01:287][  0]LogTemp:Display: Loaded TP AllDesktopTargetPlatform
[2016.01.07-14.02.01:293][  0]LogTemp:Display: Loaded TP WindowsClientTargetPlatform
[2016.01.07-14.02.01:300][  0]LogTemp:Display: Loaded TP WindowsNoEditorTargetPlatform
[2016.01.07-14.02.01:307][  0]LogTemp:Display: Loaded TP WindowsServerTargetPlatform
[2016.01.07-14.02.01:313][  0]LogTemp:Display: Loaded TP WindowsTargetPlatform
[2016.01.07-14.02.01:316][  0]LogTemp:Display: Loaded TP AndroidTargetPlatform
[2016.01.07-14.02.01:319][  0]LogTemp:Display: Loaded TP Android_ASTCTargetPlatform
[2016.01.07-14.02.01:323][  0]LogTemp:Display: Loaded TP Android_ATCTargetPlatform
[2016.01.07-14.02.01:327][  0]LogTemp:Display: Loaded TP Android_DXTTargetPlatform
[2016.01.07-14.02.01:330][  0]LogTemp:Display: Loaded TP Android_ETC1TargetPlatform
[2016.01.07-14.02.01:334][  0]LogTemp:Display: Loaded TP Android_ETC2TargetPlatform
[2016.01.07-14.02.01:342][  0]LogTemp:Display: Loaded TP Android_MultiTargetPlatform
[2016.01.07-14.02.01:342][  0]LogTemp:Display: Loaded TP Android_PVRTCTargetPlatform
[2016.01.07-14.02.01:343][  0]LogTemp:Display: Loaded TP HTML5TargetPlatform
[2016.01.07-14.02.01:362][  0]LogTemp:Display: Loaded TP IOSTargetPlatform
[2016.01.07-14.02.01:365][  0]LogTemp:Display: Loaded TP LinuxNoEditorTargetPlatform
[2016.01.07-14.02.01:369][  0]LogTemp:Display: Loaded TP LinuxServerTargetPlatform
[2016.01.07-14.02.01:374][  0]LogTemp:Display: Loaded TP LinuxTargetPlatform
[2016.01.07-14.02.01:374][  0]LogTargetPlatformManager:Display: Building Assets For Windows
[2016.01.07-14.02.01:495][  0]LogDerivedDataCache:Display: Max Cache Size: 512 MB
[2016.01.07-14.02.01:569][  0]LogDerivedDataCache: Loaded boot cache 0.07s 41MB C:/Users/Home/AppData/Local/UnrealEngine/4.10/DerivedDataCache/Boot.ddc.
[2016.01.07-14.02.01:570][  0]LogDerivedDataCache:Display: Loaded Boot cache: C:/Users/Home/AppData/Local/UnrealEngine/4.10/DerivedDataCache/Boot.ddc
[2016.01.07-14.02.01:570][  0]LogDerivedDataCache: FDerivedDataBackendGraph:  Pak pak cache file ../../../../../../Users/Home/Documents/GitHub/underUmbrella/DerivedDataCache/DDC.ddp not found, will not use a pak cache.
[2016.01.07-14.02.01:570][  0]LogDerivedDataCache: Unable to find inner node Pak for hierarchical cache Hierarchy.
[2016.01.07-14.02.01:570][  0]LogDerivedDataCache: FDerivedDataBackendGraph:  CompressedPak pak cache file ../../../../../../Users/Home/Documents/GitHub/underUmbrella/DerivedDataCache/Compressed.ddp not found, will not use a pak cache.
[2016.01.07-14.02.01:570][  0]LogDerivedDataCache: Unable to find inner node CompressedPak for hierarchical cache Hierarchy.
[2016.01.07-14.02.01:639][  0]LogDerivedDataCache:Display: Pak cache opened for reading ../../../Engine/DerivedDataCache/Compressed.ddp.
[2016.01.07-14.02.01:651][  0]LogDerivedDataCache: Using Local data cache path C:/Users/Home/AppData/Local/UnrealEngine/Common/DerivedDataCache: Writable
[2016.01.07-14.02.01:892][  0]LogInit: Selected Device Profile: [Windows]
[2016.01.07-14.02.01:896][  0]LogContentStreaming: Texture pool size is 0.000000MB
[2016.01.07-14.02.02:019][  0]LogMeshUtilities: No automatic mesh reduction module available
[2016.01.07-14.02.02:019][  0]LogMeshUtilities: No automatic mesh merging module available
[2016.01.07-14.02.02:289][  0]LogInit: WinSock: version 1.1 (2.2), MaxSocks=32767, MaxUdp=65467
[2016.01.07-14.02.03:139][  0]UdpMessaging: Initializing bridge on interface 0.0.0.0:0 to multicast group 230.0.0.1:6666.
[2016.01.07-14.02.03:250][  0]LogAssetRegistry: FAssetRegistry took 0.0108 seconds to start up
[2016.01.07-14.02.03:452][  0]SourceControl: Info Source control is disabled
[2016.01.07-14.02.03:453][  0]SourceControl: Info Source control is disabled
[2016.01.07-14.02.03:475][  0]SourceControl: Info Source control is disabled
[2016.01.07-14.02.03:495][  0]SourceControl: Info Source control is disabled
[2016.01.07-14.02.03:879][  0]LogObj: 28633 objects as part of root set at end of initial load.
[2016.01.07-14.02.03:879][  0]LogUObjectAllocator: 6099752 out of 0 bytes used by permanent object pool.
[2016.01.07-14.02.03:938][  0]LogEngine: Initializing Engine...
[2016.01.07-14.02.03:941][  0]LogHMD: Can't find Oculus library dev build: is proper Runtime installed? Version: 0.8.0.0
[2016.01.07-14.02.03:941][  0]LogHMD: SteamVR failed to initialize.  Err: 110
[2016.01.07-14.02.04:068][  0]LogAIModule: Creating AISystem for world NewWorld
[2016.01.07-14.02.04:077][  0]LogInit: XAudio2 using 'Speakers (High Definition Audio Device)' : 2 channels at 44.1 kHz using 16 bits per sample (channel mask 0x3)
[2016.01.07-14.02.04:086][  0]LogInit: FAudioDevice initialized.
[2016.01.07-14.02.04:125][  0]LogDerivedDataCache: Saved boot cache 0.04s 41MB C:/Users/Home/AppData/Local/UnrealEngine/4.10/DerivedDataCache/Boot.ddc.
[2016.01.07-14.02.04:137][  0]LogInit: Texture streaming: Enabled
[2016.01.07-14.02.04:145][  0]LogAnalytics: Creating configured Analytics provider AnalyticsET
[2016.01.07-14.02.04:145][  0]LogAnalytics: [UEEditor.Rocket.Release] APIServer = http://et2.epicgames.com/ET2/. AppVersion = 4.10.1-2791327+++depot+UE4-Releases+4.10
[2016.01.07-14.02.04:145][  0]LogAnalytics: [UEEditor.Rocket.Release] SetUserId bda7634e4e3800c847f018b8ed0b1411|c7ff289020a144faadd7bc99c3af9303|18c70efd-9716-4caf-b1ce-617add21ccd6
[2016.01.07-14.02.04:145][  0]LogAnalytics: [UEEditor.Rocket.Release] AnalyticsET::StartSession
[2016.01.07-14.02.04:160][  0]LogWindowsTextInputMethodSystem:Display: IME system now deactivated.
[2016.01.07-14.02.04:181][  0]LogInit: Transaction tracking system initialized
[2016.01.07-14.02.04:225][  0]BlueprintLog: New page: Editor Load
[2016.01.07-14.02.04:337][  0]LocalizationService: Info Localization service is disabled
[2016.01.07-14.02.04:433][  0]LogConsoleResponse:Display: 
[2016.01.07-14.02.04:559][  0]LogCook:Display: Done creating registry. It took  0.00s.
[2016.01.07-14.02.04:639][  0]LogFileCache: Scanning file cache for directory 'C:/Users/Home/Documents/GitHub/underUmbrella/Content/' took 0.02s
[2016.01.07-14.02.04:646][  0]SourceControl: Info Source control is disabled
[2016.01.07-14.02.04:646][  0]Cmd: MAP LOAD FILE="../../../../../../Users/Home/Documents/GitHub/underUmbrella/Content/ThirdPersonBP/Maps/ThirdPersonExampleMap.umap" TEMPLATE=0 SHOWPROGRESS=1 FEATURELEVEL=3
[2016.01.07-14.02.04:658][  0]LightingResults: New page: Lighting Build
[2016.01.07-14.02.04:663][  0]MapCheck: New page: Map Check
[2016.01.07-14.02.04:663][  0]LightingResults: New page: Lighting Build
[2016.01.07-14.02.04:677][  0]LogParticles: Destroying 0 GPU particle simulations for FXSystem 0x0000027EFBAC7B00
[2016.01.07-14.02.06:457][  0]LogAIModule: Creating AISystem for world ThirdPersonExampleMap
[2016.01.07-14.02.06:468][  0]LogEditorServer: Finished looking for orphan Actors (0.000 secs)
[2016.01.07-14.02.06:469][  0]Cmd: MAP CHECKDEP NOCLEARLOG
[2016.01.07-14.02.06:530][  0]MapCheck: Info Map check complete: 0 Error(s), 0 Warning(s), took 60.755ms to complete.
[2016.01.07-14.02.06:530][  0]LogFileHelpers: Loading map 'ThirdPersonExampleMap' took 1.884
[2016.01.07-14.02.06:677][  0]LogCollectionManager: Loaded 0 collections in 0.003272 seconds
[2016.01.07-14.02.06:719][  0]LogFileCache: Scanning file cache for directory 'C:/Users/Home/Documents/GitHub/underUmbrella/Saved/Collections/' took 0.01s
[2016.01.07-14.02.06:719][  0]LogFileCache: Scanning file cache for directory 'C:/Users/Home/Documents/GitHub/underUmbrella/Content/Developers/Home/Collections/' took 0.01s
[2016.01.07-14.02.06:719][  0]LogFileCache: Scanning file cache for directory 'C:/Users/Home/Documents/GitHub/underUmbrella/Content/Collections/' took 0.01s
[2016.01.07-14.02.06:719][  0]LogCollectionManager: Rebuilt the GUID cache for 0 collections in 0.000002 seconds
[2016.01.07-14.02.06:729][  0]LogContentBrowser: Native class hierarchy populated in 0.0102 seconds. Added 1893 classes and 338 folders.
[2016.01.07-14.02.06:738][  0]LogContentBrowser: Native class hierarchy updated for 'WidgetCarousel' in 0.0004 seconds. Added 0 classes and 0 folders.
[2016.01.07-14.02.07:384][  0]LogContentBrowser: Native class hierarchy updated for 'AddContentDialog' in 0.0004 seconds. Added 0 classes and 0 folders.
[2016.01.07-14.02.07:389][  0]LogContentBrowser: Native class hierarchy updated for 'SceneOutliner' in 0.0003 seconds. Added 1 classes and 2 folders.
[2016.01.07-14.02.07:491][  0]LogCrashTracker: Crashtracker disabled due to settings.
[2016.01.07-14.02.07:496][  0]LogUObjectGlobals:Warning: Failed to find object 'Class None.'
[2016.01.07-14.02.07:517][  0]LogLoad: Full Startup: 8.22 seconds (BP compile: 0.12 seconds)
[2016.01.07-14.02.07:535][  0]LogOcInput: Can't find Oculus library dev build: is proper Runtime installed? Version: 0.8.0.0
[2016.01.07-14.02.07:631][  0]LogContentStreaming: Texture pool size now 1000 MB
[2016.01.07-14.02.07:840][  0]LogRenderer: Reallocating scene render targets to support 1208x572 (Frame:2).
[2016.01.07-14.02.08:091][  5]LogAssetRegistry: Asset discovery search completed in 4.8519 seconds
[2016.01.07-14.02.08:091][  5]LogCollectionManager: Rebuilt the object cache for 0 collections in 0.000001 seconds (found 0 objects)
[2016.01.07-14.02.08:091][  5]LogCollectionManager: Fixed up redirectors for 0 collections in 0.000019 seconds (updated 0 objects)
[2016.01.07-14.14.32:043][564]Cmd: MAP IMPORTADD FILE="../../../../../../Users/Home/Documents/zaloha/TAKEME/SpotLight_Blueprint.T3D"
[2016.01.07-14.14.32:063][564]MapCheck: New page: Map Check
[2016.01.07-14.14.32:063][564]LightingResults: New page: Lighting Build
[2016.01.07-14.14.39:184][251]Cmd: MAP IMPORTADD FILE="../../../../../../Users/Home/Documents/zaloha/TAKEME/SpotLight_Blueprint.T3D"
[2016.01.07-14.14.39:192][251]MapCheck: New page: Map Check
[2016.01.07-14.14.39:192][251]LightingResults: New page: Lighting Build
[2016.01.07-14.24.37:742][139]LogActorComponent: UnregisterComponent: (/Engine/Transient.CharMoveComp) Not registered. Aborting.
[2016.01.07-14.24.38:216][139]LogSavePackage: Save=365.993530ms
[2016.01.07-14.24.38:216][139]LogSavePackage: Moving '../../../../../../Users/Home/Documents/GitHub/underUmbrella/Saved/ThirdPersonExampleMap_Auto102E49997447D51BB5CFF529059451B02.tmp' to '../../../../../../Users/Home/Documents/GitHub/underUmbrella/Saved/Autosaves/Game/ThirdPersonBP/Maps/ThirdPersonExampleMap_Auto1.umap'
[2016.01.07-14.24.38:218][139]LogSavePackage: Total save time: 445.712522ms
[2016.01.07-14.24.38:218][139]LogSavePackage:Display: Finished SavePackage ../../../../../../Users/Home/Documents/GitHub/underUmbrella/Saved/Autosaves/Game/ThirdPersonBP/Maps/ThirdPersonExampleMap_Auto1.umap
[2016.01.07-14.24.38:222][139]LogFileHelpers: Editor autosave (incl. sublevels) for '/Game/ThirdPersonBP/Maps/ThirdPersonExampleMap' took 0.479
[2016.01.07-14.24.38:222][139]LogFileHelpers: Editor autosave (incl. sublevels) for all levels took 0.479
[2016.01.07-15.06.25:137][949]Cmd: MAP LOAD FILE="../../../../../../Users/Home/Documents/GitHub/underUmbrella/Content/ThirdPersonBP/Maps/ThirdPersonExampleMap.umap" TEMPLATE=0 SHOWPROGRESS=1 FEATURELEVEL=3
[2016.01.07-15.06.25:138][949]LightingResults: New page: Lighting Build
[2016.01.07-15.06.25:157][949]LoadErrors: New page: Loading map: ThirdPersonExampleMap.umap
[2016.01.07-15.06.25:158][949]MapCheck: New page: Map Check
[2016.01.07-15.06.25:158][949]LightingResults: New page: Lighting Build
[2016.01.07-15.06.25:175][949]LogParticles: Destroying 0 GPU particle simulations for FXSystem 0x0000027EF02DDE40
[2016.01.07-15.06.25:233][949]LogAIModule: Creating AISystem for world ThirdPersonExampleMap
[2016.01.07-15.06.25:242][949]LogEditorServer: Finished looking for orphan Actors (0.000 secs)
[2016.01.07-15.06.25:269][949]Cmd: MAP CHECKDEP NOCLEARLOG
[2016.01.07-15.06.25:332][949]MapCheck: Info Map check complete: 0 Error(s), 0 Warning(s), took 62.298ms to complete.
[2016.01.07-15.06.25:338][949]LogFileHelpers: Loading map 'ThirdPersonExampleMap' took 0.204
[2016.01.07-15.47.16:201][875]LogWindows: LaunchURL http://docs.unrealengine.com/latest/INT/Programming/UnrealArchitecture/Actors/Components/index.html?utm_source=editor&utm_medium=docs&utm_campaign=doc_anchors
[2016.01.07-16.12.30:632][877]LogHttp:Warning: Timeout processing Http request. 0000027EF055AC00
[2016.01.07-16.22.31:369][624]LogFileHelpers: Editor autosave (incl. sublevels) for '/Game/ThirdPersonBP/Maps/ThirdPersonExampleMap' took 0.018
[2016.01.07-16.22.31:374][624]OBJ SavePackage: Generating thumbnails for [0] asset(s) in package [/Game/UnderUmbrella/Blueprints/ChangingLight] ([1] browsable assets)...
[2016.01.07-16.22.31:374][624]OBJ SavePackage: Finished generating thumbnails for package [/Game/UnderUmbrella/Blueprints/ChangingLight]
[2016.01.07-16.22.31:385][624]LogSavePackage: Save=8.237577ms
[2016.01.07-16.22.31:385][624]LogSavePackage: Moving '../../../../../../Users/Home/Documents/GitHub/underUmbrella/Saved/ChangingLight_Auto27D39F8264E1E85D37A7988B565EC7F76.tmp' to '../../../../../../Users/Home/Documents/GitHub/underUmbrella/Saved/Autosaves/Game/UnderUmbrella/Blueprints/ChangingLight_Auto2.uasset'
[2016.01.07-16.22.31:386][624]LogSavePackage: Total save time: 10.183517ms
[2016.01.07-16.22.31:386][624]LogSavePackage:Display: Finished SavePackage ../../../../../../Users/Home/Documents/GitHub/underUmbrella/Saved/Autosaves/Game/UnderUmbrella/Blueprints/ChangingLight_Auto2.uasset
[2016.01.07-16.22.31:386][624]LogFileHelpers: Auto-saving content packages took 0.016
[2016.01.07-16.25.13:364][768]LogLinker:Warning: Asset '../../../Engine/Content/ArtTools/RenderToTexture/Macros/RenderToTextureMacros.uasset' has been saved with empty engine version. The asset will be loaded but may be incompatible.
[2016.01.07-16.25.14:499][768]LogContentBrowser: Native class hierarchy updated for 'BlueprintGraph' in 0.0013 seconds. Added 107 classes and 0 folders.
[2016.01.07-16.25.42:049][356]LogProperty:Warning: ObjectProperty /Script/Engine.EdGraphPin:LinkedTo.LinkedTo: unresolved reference to 'EdGraphPin'K2Node_VariableGet_1702.EdGraphPin_32191''
[2016.01.07-16.25.42:050][356]LogProperty:Warning: ObjectProperty /Script/Engine.EdGraphPin:LinkedTo.LinkedTo: unresolved reference to 'EdGraphPin'K2Node_CallFunction_5988.EdGraphPin_37544''
[2016.01.07-16.25.42:051][356]LogProperty:Warning: ObjectProperty /Script/Engine.EdGraphPin:LinkedTo.LinkedTo: unresolved reference to 'EdGraphPin'K2Node_VariableGet_1702.EdGraphPin_32191''
[2016.01.07-16.25.42:051][356]LogProperty:Warning: ObjectProperty /Script/Engine.EdGraphPin:LinkedTo.LinkedTo: unresolved reference to 'EdGraphPin'K2Node_CallFunction_4732.EdGraphPin_33983''
[2016.01.07-16.25.42:051][356]LogProperty:Warning: ObjectProperty /Script/Engine.EdGraphPin:LinkedTo.LinkedTo: unresolved reference to 'EdGraphPin'K2Node_Knot_1.EdGraphPin_33987''
[2016.01.07-16.25.42:053][356]LogLinker:Warning: Can't find file '/Game/FirstPersonBP/Blueprints/FirstPersonCharacter'
[2016.01.07-16.25.42:053][356]LogLinker: Can't find file '/Game/FirstPersonBP/Blueprints/FirstPersonCharacter'
[2016.01.07-16.25.42:053][356]LogProperty:Warning: WeakObjectProperty /Script/Engine.EdGraphPinType:PinSubCategoryObject: unresolved reference to 'BlueprintGeneratedClass'/Game/FirstPersonBP/Blueprints/FirstPersonCharacter.FirstPersonCharacter_C')'
[2016.01.07-16.25.42:059][356]LogProperty:Warning: ObjectProperty /Script/Engine.EdGraphPin:LinkedTo.LinkedTo: unresolved reference to 'EdGraphPin'K2Node_CallFunction_4733.EdGraphPin_33994''
[2016.01.07-16.25.42:060][356]LogProperty:Warning: ObjectProperty /Script/Engine.EdGraphPin:LinkedTo.LinkedTo: unresolved reference to 'EdGraphPin'K2Node_CommutativeAssociativeBinaryOperator_349.EdGraphPin_33981''
[2016.01.07-16.25.42:061][356]LogProperty:Warning: ObjectProperty /Script/Engine.EdGraphPin:LinkedTo.LinkedTo: unresolved reference to 'EdGraphPin'K2Node_CallFunction_5987.EdGraphPin_36970''
[2016.01.07-16.25.42:061][356]LogProperty:Warning: ObjectProperty /Script/Engine.EdGraphPin:LinkedTo.LinkedTo: unresolved reference to 'EdGraphPin'K2Node_CallMaterialParameterCollectionFunction_45.EdGraphPin_34410''
[2016.01.07-16.25.42:062][356]LogProperty:Warning: ObjectProperty /Script/Engine.EdGraphPin:LinkedTo.LinkedTo: unresolved reference to 'EdGraphPin'K2Node_Event_452.EdGraphPin_33829''
[2016.01.07-16.25.42:066][356]LogProperty:Warning: ObjectProperty /Script/Engine.EdGraphPin:LinkedTo.LinkedTo: unresolved reference to 'EdGraphPin'K2Node_CommutativeAssociativeBinaryOperator_349.EdGraphPin_33979''
[2016.01.07-16.25.42:066][356]LogProperty:Warning: ObjectProperty /Script/Engine.EdGraphPin:LinkedTo.LinkedTo: unresolved reference to 'EdGraphPin'K2Node_CallFunction_5790.EdGraphPin_36968''
[2016.01.07-16.25.42:066][356]LogProperty:Warning: ObjectProperty /Script/Engine.EdGraphPin:LinkedTo.LinkedTo: unresolved reference to 'EdGraphPin'K2Node_CallFunction_5987.EdGraphPin_36970''
[2016.01.07-16.25.42:068][356]LogLinker: Can't find file '/Game/FirstPersonBP/Blueprints/FirstPersonCharacter'
[2016.01.07-16.25.42:068][356]LogProperty:Warning: WeakObjectProperty /Script/Engine.EdGraphPinType:PinSubCategoryObject: unresolved reference to 'BlueprintGeneratedClass'/Game/FirstPersonBP/Blueprints/FirstPersonCharacter.FirstPersonCharacter_C')'
[2016.01.07-16.25.42:069][356]LogProperty:Warning: ObjectProperty /Script/Engine.EdGraphPin:LinkedTo.LinkedTo: unresolved reference to 'EdGraphPin'K2Node_CallFunction_5790.EdGraphPin_36967''
[2016.01.07-16.25.42:069][356]LogProperty:Warning: ObjectProperty /Script/Engine.EdGraphPin:LinkedTo.LinkedTo: unresolved reference to 'EdGraphPin'K2Node_CallFunction_5987.EdGraphPin_36969''
[2016.01.07-16.25.42:071][356]LogProperty:Warning: ObjectProperty /Script/Engine.EdGraphPin:LinkedTo.LinkedTo: unresolved reference to 'EdGraphPin'K2Node_CommutativeAssociativeBinaryOperator_663.EdGraphPin_39990''
[2016.01.07-16.25.42:073][356]LogProperty:Warning: ObjectProperty /Script/Engine.EdGraphPin:LinkedTo.LinkedTo: unresolved reference to 'EdGraphPin'K2Node_CommutativeAssociativeBinaryOperator_663.EdGraphPin_39988''
[2016.01.07-16.25.42:076][356]LogProperty:Warning: ObjectProperty /Script/Engine.EdGraphPin:LinkedTo.LinkedTo: unresolved reference to 'EdGraphPin'K2Node_CallFunction_5989.EdGraphPin_37549''
[2016.01.07-16.25.42:085][356]LogProperty:Warning: ObjectProperty /Script/Engine.EdGraphPin:LinkedTo.LinkedTo: unresolved reference to 'EdGraphPin'K2Node_CallFunction_4871.EdGraphPin_34418''
[2016.01.07-16.25.42:085][356]LogProperty:Warning: ObjectProperty /Script/Engine.EdGraphPin:LinkedTo.LinkedTo: unresolved reference to 'EdGraphPin'K2Node_CallFunction_6138.EdGraphPin_37906''
[2016.01.07-16.25.42:089][356]LogProperty:Warning: ObjectProperty /Script/Engine.EdGraphPin:LinkedTo.LinkedTo: unresolved reference to 'EdGraphPin'K2Node_CallFunction_4871.EdGraphPin_34419''
[2016.01.07-16.25.42:090][356]LogLinker:Warning: Can't find file '/Game/AudioTutAssets/LocationCollection'
[2016.01.07-16.25.42:090][356]LogLinker: Can't find file '/Game/AudioTutAssets/LocationCollection'
[2016.01.07-16.25.42:090][356]LogProperty:Warning: ObjectProperty /Script/Engine.EdGraphPin:DefaultObject: unresolved reference to 'MaterialParameterCollection'/Game/AudioTutAssets/LocationCollection.LocationCollection''
[2016.01.07-16.25.42:091][356]LogProperty:Warning: ObjectProperty /Script/Engine.EdGraphPin:LinkedTo.LinkedTo: unresolved reference to 'EdGraphPin'K2Node_CallMaterialParameterCollectionFunction_28.EdGraphPin_37532''
[2016.01.07-16.25.42:098][356]LogProperty:Warning: ObjectProperty /Script/Engine.EdGraphPin:LinkedTo.LinkedTo: unresolved reference to 'EdGraphPin'K2Node_CallFunction_5989.EdGraphPin_37547''
[2016.01.07-16.25.42:099][356]LogProperty:Warning: ObjectProperty /Script/Engine.EdGraphPin:LinkedTo.LinkedTo: unresolved reference to 'EdGraphPin'K2Node_CallFunction_6138.EdGraphPin_37908''
[2016.01.07-16.25.42:100][356]LogLinker: Can't find file '/Game/FirstPersonBP/Blueprints/FirstPersonCharacter'
[2016.01.07-16.25.42:100][356]LogProperty:Warning: WeakObjectProperty /Script/Engine.EdGraphPinType:PinSubCategoryObject: unresolved reference to 'BlueprintGeneratedClass'/Game/FirstPersonBP/Blueprints/FirstPersonCharacter.FirstPersonCharacter_C')'
[2016.01.07-16.25.42:101][356]LogProperty:Warning: ObjectProperty /Script/Engine.EdGraphPin:LinkedTo.LinkedTo: unresolved reference to 'EdGraphPin'K2Node_CallFunction_5791.EdGraphPin_37526''
[2016.01.07-16.25.42:102][356]LogProperty:Warning: ObjectProperty /Script/Engine.EdGraphPin:LinkedTo.LinkedTo: unresolved reference to 'EdGraphPin'K2Node_CallFunction_6138.EdGraphPin_37907''
[2016.01.07-16.25.42:105][356]LogProperty:Warning: ObjectProperty /Script/Engine.EdGraphPin:LinkedTo.LinkedTo: unresolved reference to 'EdGraphPin'K2Node_CommutativeAssociativeBinaryOperator_526.EdGraphPin_37542''
[2016.01.07-16.25.42:106][356]LogLinker: Can't find file '/Game/AudioTutAssets/LocationCollection'
[2016.01.07-16.25.42:106][356]LogProperty:Warning: ObjectProperty /Script/Engine.EdGraphPin:DefaultObject: unresolved reference to 'MaterialParameterCollection'/Game/AudioTutAssets/LocationCollection.LocationCollection''
[2016.01.07-16.25.42:109][356]LogProperty:Warning: ObjectProperty /Script/Engine.EdGraphPin:LinkedTo.LinkedTo: unresolved reference to 'EdGraphPin'K2Node_CallFunction_5988.EdGraphPin_37545''
[2016.01.07-16.25.42:109][356]LogProperty:Warning: ObjectProperty /Script/Engine.EdGraphPin:LinkedTo.LinkedTo: unresolved reference to 'EdGraphPin'K2Node_CallFunction_5989.EdGraphPin_37550''
[2016.01.07-16.25.42:121][356]LogBlueprint:Warning: [ChangingLight] CreatePinForVariable: 'SpotLight' variable not found. Base class was probably changed.
[2016.01.07-16.25.42:123][356]LogBlueprint:Warning: [ChangingLight] CreatePinForVariable: 'SpotLight' variable not found. Base class was probably changed.
[2016.01.07-16.25.42:128][356]LogBlueprint:Warning: [ChangingLight] CreatePinForVariable: 'SpotLight' variable not found. Base class was probably changed.
[2016.01.07-16.26.34:283][723]LogParticles: Destroying 0 GPU particle simulations for FXSystem 0x0000027E87BD1C60
[2016.01.07-16.26.40:030][723]LogObjectTools:Warning: ForceReplaceReferences replaced references for a transient object 'DEADCLASS_ChangingLight_C_0' or package '/Engine/Transient'.
[2016.01.07-16.26.40:031][723]LogObjectTools:Warning: ForceReplaceReferences replaced references for a transient object 'DEADCLASS_ChangingLight_C_1' or package '/Engine/Transient'.
[2016.01.07-16.26.40:031][723]LogObjectTools:Warning: ForceReplaceReferences replaced references for a transient object 'BlueprintComponentNodeSpawner_188' or package '/Engine/Transient'.
[2016.01.07-16.26.40:031][723]LogObjectTools:Warning: ForceReplaceReferences replaced references for a transient object 'REINST_SKEL_ChangingLight_C_97' or package '/Engine/Transient'.
[2016.01.07-16.26.40:031][723]LogObjectTools:Warning: ForceReplaceReferences replaced references for a transient object 'REINST_ChangingLight_C_96' or package '/Engine/Transient'.
[2016.01.07-16.27.46:426][685]LogRenderer: Reallocating scene render targets to support 1208x900 (Frame:217212).
[2016.01.07-16.27.51:099][ 78]LogProperty:Warning: ObjectProperty /Script/Engine.EdGraphPin:LinkedTo.LinkedTo: unresolved reference to 'EdGraphPin'K2Node_VariableGet_1702.EdGraphPin_32191''
[2016.01.07-16.27.51:100][ 78]LogProperty:Warning: ObjectProperty /Script/Engine.EdGraphPin:LinkedTo.LinkedTo: unresolved reference to 'EdGraphPin'K2Node_CallFunction_5988.EdGraphPin_37544''
[2016.01.07-16.27.51:101][ 78]LogProperty:Warning: ObjectProperty /Script/Engine.EdGraphPin:LinkedTo.LinkedTo: unresolved reference to 'EdGraphPin'K2Node_VariableGet_1702.EdGraphPin_32191''
[2016.01.07-16.27.51:101][ 78]LogProperty:Warning: ObjectProperty /Script/Engine.EdGraphPin:LinkedTo.LinkedTo: unresolved reference to 'EdGraphPin'K2Node_CallFunction_4732.EdGraphPin_33983''
[2016.01.07-16.27.51:101][ 78]LogProperty:Warning: ObjectProperty /Script/Engine.EdGraphPin:LinkedTo.LinkedTo: unresolved reference to 'EdGraphPin'K2Node_Knot_1.EdGraphPin_33987''
[2016.01.07-16.27.51:105][ 78]LogLinker:Warning: Can't find file '/Game/FirstPersonBP/Blueprints/FirstPersonCharacter'
[2016.01.07-16.27.51:105][ 78]LogLinker: Can't find file '/Game/FirstPersonBP/Blueprints/FirstPersonCharacter'
[2016.01.07-16.27.51:105][ 78]LogProperty:Warning: WeakObjectProperty /Script/Engine.EdGraphPinType:PinSubCategoryObject: unresolved reference to 'BlueprintGeneratedClass'/Game/FirstPersonBP/Blueprints/FirstPersonCharacter.FirstPersonCharacter_C')'
[2016.01.07-16.27.51:111][ 78]LogProperty:Warning: ObjectProperty /Script/Engine.EdGraphPin:LinkedTo.LinkedTo: unresolved reference to 'EdGraphPin'K2Node_CallFunction_4733.EdGraphPin_33994''
[2016.01.07-16.27.51:112][ 78]LogProperty:Warning: ObjectProperty /Script/Engine.EdGraphPin:LinkedTo.LinkedTo: unresolved reference to 'EdGraphPin'K2Node_CommutativeAssociativeBinaryOperator_349.EdGraphPin_33981''
[2016.01.07-16.27.51:112][ 78]LogProperty:Warning: ObjectProperty /Script/Engine.EdGraphPin:LinkedTo.LinkedTo: unresolved reference to 'EdGraphPin'K2Node_CallFunction_5987.EdGraphPin_36970''
[2016.01.07-16.27.51:113][ 78]LogProperty:Warning: ObjectProperty /Script/Engine.EdGraphPin:LinkedTo.LinkedTo: unresolved reference to 'EdGraphPin'K2Node_CallMaterialParameterCollectionFunction_45.EdGraphPin_34410''
[2016.01.07-16.27.51:113][ 78]LogProperty:Warning: ObjectProperty /Script/Engine.EdGraphPin:LinkedTo.LinkedTo: unresolved reference to 'EdGraphPin'K2Node_Event_452.EdGraphPin_33829''
[2016.01.07-16.27.51:127][ 78]LogProperty:Warning: ObjectProperty /Script/Engine.EdGraphPin:LinkedTo.LinkedTo: unresolved reference to 'EdGraphPin'K2Node_CommutativeAssociativeBinaryOperator_349.EdGraphPin_33979''
[2016.01.07-16.27.51:127][ 78]LogProperty:Warning: ObjectProperty /Script/Engine.EdGraphPin:LinkedTo.LinkedTo: unresolved reference to 'EdGraphPin'K2Node_CallFunction_5790.EdGraphPin_36968''
[2016.01.07-16.27.51:128][ 78]LogProperty:Warning: ObjectProperty /Script/Engine.EdGraphPin:LinkedTo.LinkedTo: unresolved reference to 'EdGraphPin'K2Node_CallFunction_5987.EdGraphPin_36970''
[2016.01.07-16.27.51:130][ 78]LogLinker: Can't find file '/Game/FirstPersonBP/Blueprints/FirstPersonCharacter'
[2016.01.07-16.27.51:130][ 78]LogProperty:Warning: WeakObjectProperty /Script/Engine.EdGraphPinType:PinSubCategoryObject: unresolved reference to 'BlueprintGeneratedClass'/Game/FirstPersonBP/Blueprints/FirstPersonCharacter.FirstPersonCharacter_C')'
[2016.01.07-16.27.51:130][ 78]LogProperty:Warning: ObjectProperty /Script/Engine.EdGraphPin:LinkedTo.LinkedTo: unresolved reference to 'EdGraphPin'K2Node_CallFunction_5790.EdGraphPin_36967''
[2016.01.07-16.27.51:130][ 78]LogProperty:Warning: ObjectProperty /Script/Engine.EdGraphPin:LinkedTo.LinkedTo: unresolved reference to 'EdGraphPin'K2Node_CallFunction_5987.EdGraphPin_36969''
[2016.01.07-16.27.51:132][ 78]LogProperty:Warning: ObjectProperty /Script/Engine.EdGraphPin:LinkedTo.LinkedTo: unresolved reference to 'EdGraphPin'K2Node_CommutativeAssociativeBinaryOperator_663.EdGraphPin_39990''
[2016.01.07-16.27.51:135][ 78]LogProperty:Warning: ObjectProperty /Script/Engine.EdGraphPin:LinkedTo.LinkedTo: unresolved reference to 'EdGraphPin'K2Node_CommutativeAssociativeBinaryOperator_663.EdGraphPin_39988''
[2016.01.07-16.27.51:137][ 78]LogProperty:Warning: ObjectProperty /Script/Engine.EdGraphPin:LinkedTo.LinkedTo: unresolved reference to 'EdGraphPin'K2Node_CallFunction_5989.EdGraphPin_37549''
[2016.01.07-16.27.51:145][ 78]LogProperty:Warning: ObjectProperty /Script/Engine.EdGraphPin:LinkedTo.LinkedTo: unresolved reference to 'EdGraphPin'K2Node_CallFunction_4871.EdGraphPin_34418''
[2016.01.07-16.27.51:146][ 78]LogProperty:Warning: ObjectProperty /Script/Engine.EdGraphPin:LinkedTo.LinkedTo: unresolved reference to 'EdGraphPin'K2Node_CallFunction_6138.EdGraphPin_37906''
[2016.01.07-16.27.51:150][ 78]LogProperty:Warning: ObjectProperty /Script/Engine.EdGraphPin:LinkedTo.LinkedTo: unresolved reference to 'EdGraphPin'K2Node_CallFunction_4871.EdGraphPin_34419''
[2016.01.07-16.27.51:151][ 78]LogLinker:Warning: Can't find file '/Game/AudioTutAssets/LocationCollection'
[2016.01.07-16.27.51:151][ 78]LogLinker: Can't find file '/Game/AudioTutAssets/LocationCollection'
[2016.01.07-16.27.51:151][ 78]LogProperty:Warning: ObjectProperty /Script/Engine.EdGraphPin:DefaultObject: unresolved reference to 'MaterialParameterCollection'/Game/AudioTutAssets/LocationCollection.LocationCollection''
[2016.01.07-16.27.51:152][ 78]LogProperty:Warning: ObjectProperty /Script/Engine.EdGraphPin:LinkedTo.LinkedTo: unresolved reference to 'EdGraphPin'K2Node_CallMaterialParameterCollectionFunction_28.EdGraphPin_37532''
[2016.01.07-16.27.51:161][ 78]LogProperty:Warning: ObjectProperty /Script/Engine.EdGraphPin:LinkedTo.LinkedTo: unresolved reference to 'EdGraphPin'K2Node_CallFunction_5989.EdGraphPin_37547''
[2016.01.07-16.27.51:161][ 78]LogProperty:Warning: ObjectProperty /Script/Engine.EdGraphPin:LinkedTo.LinkedTo: unresolved reference to 'EdGraphPin'K2Node_CallFunction_6138.EdGraphPin_37908''
[2016.01.07-16.27.51:163][ 78]LogLinker: Can't find file '/Game/FirstPersonBP/Blueprints/FirstPersonCharacter'
[2016.01.07-16.27.51:163][ 78]LogProperty:Warning: WeakObjectProperty /Script/Engine.EdGraphPinType:PinSubCategoryObject: unresolved reference to 'BlueprintGeneratedClass'/Game/FirstPersonBP/Blueprints/FirstPersonCharacter.FirstPersonCharacter_C')'
[2016.01.07-16.27.51:164][ 78]LogProperty:Warning: ObjectProperty /Script/Engine.EdGraphPin:LinkedTo.LinkedTo: unresolved reference to 'EdGraphPin'K2Node_CallFunction_5791.EdGraphPin_37526''
[2016.01.07-16.27.51:165][ 78]LogProperty:Warning: ObjectProperty /Script/Engine.EdGraphPin:LinkedTo.LinkedTo: unresolved reference to 'EdGraphPin'K2Node_CallFunction_6138.EdGraphPin_37907''
[2016.01.07-16.27.51:168][ 78]LogProperty:Warning: ObjectProperty /Script/Engine.EdGraphPin:LinkedTo.LinkedTo: unresolved reference to 'EdGraphPin'K2Node_CommutativeAssociativeBinaryOperator_526.EdGraphPin_37542''
[2016.01.07-16.27.51:169][ 78]LogLinker: Can't find file '/Game/AudioTutAssets/LocationCollection'
[2016.01.07-16.27.51:169][ 78]LogProperty:Warning: ObjectProperty /Script/Engine.EdGraphPin:DefaultObject: unresolved reference to 'MaterialParameterCollection'/Game/AudioTutAssets/LocationCollection.LocationCollection''
[2016.01.07-16.27.51:172][ 78]LogProperty:Warning: ObjectProperty /Script/Engine.EdGraphPin:LinkedTo.LinkedTo: unresolved reference to 'EdGraphPin'K2Node_CallFunction_5988.EdGraphPin_37545''
[2016.01.07-16.27.51:173][ 78]LogProperty:Warning: ObjectProperty /Script/Engine.EdGraphPin:LinkedTo.LinkedTo: unresolved reference to 'EdGraphPin'K2Node_CallFunction_5989.EdGraphPin_37550''
[2016.01.07-16.27.51:186][ 78]LogBlueprint:Warning: [SpotLight] CreatePinForVariable: 'SpotLight' variable not found. Base class was probably changed.
[2016.01.07-16.27.51:188][ 78]LogBlueprint:Warning: [SpotLight] CreatePinForVariable: 'SpotLight' variable not found. Base class was probably changed.
[2016.01.07-16.27.51:193][ 78]LogBlueprint:Warning: [SpotLight] CreatePinForVariable: 'SpotLight' variable not found. Base class was probably changed.
[2016.01.07-16.28.17:088][826]LogSavePackage: Save=301.242706ms
[2016.01.07-16.28.17:088][826]LogSavePackage: Moving '../../../../../../Users/Home/Documents/GitHub/underUmbrella/Saved/ThirdPersonExampleMap7D8C85FE44F25EBE40DB3596C51575A2.tmp' to '../../../../../../Users/Home/Documents/GitHub/underUmbrella/Content/ThirdPersonBP/Maps/ThirdPersonExampleMap.umap'
[2016.01.07-16.28.17:093][826]LogSavePackage: Total save time: 323.567022ms
[2016.01.07-16.28.17:093][826]LogSavePackage:Display: Finished SavePackage ../../../../../../Users/Home/Documents/GitHub/underUmbrella/Content/ThirdPersonBP/Maps/ThirdPersonExampleMap.umap
[2016.01.07-16.28.17:125][826]LogFileHelpers: Saving map 'ThirdPersonExampleMap' took 3.376
[2016.01.07-16.28.17:136][826]Cmd: OBJ SAVEPACKAGE PACKAGE="/Game/UnderUmbrella/Blueprints/SpotLight" FILE="../../../../../../Users/Home/Documents/GitHub/underUmbrella/Content/UnderUmbrella/Blueprints/SpotLight.uasset" SILENT=true
[2016.01.07-16.28.17:204][826]LogSavePackage: Save=65.030777ms
[2016.01.07-16.28.17:204][826]LogSavePackage: Moving '../../../../../../Users/Home/Documents/GitHub/underUmbrella/Saved/SpotLight935AAE3846C8F2DE91D677870B17C4B2.tmp' to '../../../../../../Users/Home/Documents/GitHub/underUmbrella/Content/UnderUmbrella/Blueprints/SpotLight.uasset'
[2016.01.07-16.28.17:206][826]LogSavePackage: Total save time: 68.387561ms
[2016.01.07-16.28.17:206][826]LogSavePackage:Display: Finished SavePackage ../../../../../../Users/Home/Documents/GitHub/underUmbrella/Content/UnderUmbrella/Blueprints/SpotLight.uasset
[2016.01.07-16.55.30:511][912]BlueprintLog: New page: Compile SpotLight
[2016.01.07-16.55.30:693][912]BlueprintEditorCompileResults: Info [0411.39] Compile of SpotLight successful! [in 172 ms]
[2016.01.07-16.59.44:543][862]LogFileHelpers: Editor autosave (incl. sublevels) for '/Game/ThirdPersonBP/Maps/ThirdPersonExampleMap' took 0.031
[2016.01.07-16.59.44:556][862]OBJ SavePackage: Generating thumbnails for [0] asset(s) in package [/Game/UnderUmbrella/Materials/NewMaterialParameterCollection] ([1] browsable assets)...
[2016.01.07-16.59.44:556][862]OBJ SavePackage: Finished generating thumbnails for package [/Game/UnderUmbrella/Materials/NewMaterialParameterCollection]
[2016.01.07-16.59.44:578][862]LogSavePackage: Save=1.509124ms
[2016.01.07-16.59.44:578][862]LogSavePackage: Moving '../../../../../../Users/Home/Documents/GitHub/underUmbrella/Saved/NewMaterialParameterCollection_Auto34663C95E4BB51229221E14B52EBD1505.tmp' to '../../../../../../Users/Home/Documents/GitHub/underUmbrella/Saved/Autosaves/Game/UnderUmbrella/Materials/NewMaterialParameterCollection_Auto3.uasset'
[2016.01.07-16.59.44:581][862]LogSavePackage: Total save time: 4.077327ms
[2016.01.07-16.59.44:581][862]LogSavePackage:Display: Finished SavePackage ../../../../../../Users/Home/Documents/GitHub/underUmbrella/Saved/Autosaves/Game/UnderUmbrella/Materials/NewMaterialParameterCollection_Auto3.uasset
[2016.01.07-16.59.44:581][862]LogFileHelpers: Auto-saving content packages took 0.036
[2016.01.07-17.01.02:322][714]Cmd: OBJ SAVEPACKAGE PACKAGE="/Game/UnderUmbrella/Materials/SPotLight" FILE="../../../../../../Users/Home/Documents/GitHub/underUmbrella/Content/UnderUmbrella/Materials/SPotLight.uasset" SILENT=true
[2016.01.07-17.01.02:327][714]LogSavePackage: Save=2.104930ms
[2016.01.07-17.01.02:327][714]LogSavePackage: Moving '../../../../../../Users/Home/Documents/GitHub/underUmbrella/Saved/SPotLight286683EE4EC6EC65D1F6FFA4886382FD.tmp' to '../../../../../../Users/Home/Documents/GitHub/underUmbrella/Content/UnderUmbrella/Materials/SPotLight.uasset'
[2016.01.07-17.01.02:332][714]LogSavePackage: Total save time: 7.792968ms
[2016.01.07-17.01.02:332][714]LogSavePackage:Display: Finished SavePackage ../../../../../../Users/Home/Documents/GitHub/underUmbrella/Content/UnderUmbrella/Materials/SPotLight.uasset
[2016.01.07-17.01.14:237][  4]Cmd: OBJ SAVEPACKAGE PACKAGE="/Game/UnderUmbrella/Materials/SPotLight" FILE="../../../../../../Users/Home/Documents/GitHub/underUmbrella/Content/UnderUmbrella/Materials/SPotLight.uasset" SILENT=true
[2016.01.07-17.01.14:335][  4]LogSavePackage: Save=5.052069ms
[2016.01.07-17.01.14:335][  4]LogSavePackage: Moving '../../../../../../Users/Home/Documents/GitHub/underUmbrella/Saved/SPotLight62421494457A9E47AEC2C6B3F443C28E.tmp' to '../../../../../../Users/Home/Documents/GitHub/underUmbrella/Content/UnderUmbrella/Materials/SPotLight.uasset'
[2016.01.07-17.01.14:346][  4]LogSavePackage: Total save time: 28.184336ms
[2016.01.07-17.01.14:346][  4]LogSavePackage:Display: Finished SavePackage ../../../../../../Users/Home/Documents/GitHub/underUmbrella/Content/UnderUmbrella/Materials/SPotLight.uasset
[2016.01.07-17.01.19:464][488]LogMaterial: 0.000730 seconds spent updating 0 materials, 0 interfaces, 0 instances, 0 with static permutations.
[2016.01.07-17.01.50:064][553]LogMaterial: 0.000757 seconds spent updating 0 materials, 0 interfaces, 0 instances, 0 with static permutations.
[2016.01.07-17.01.58:827][391]LogSavePackage: Save=1.631262ms
[2016.01.07-17.01.58:827][391]LogSavePackage: Moving '../../../../../../Users/Home/Documents/GitHub/underUmbrella/Saved/NewMaterialParameterCollectionA824A18844137D91487E6DAD9550D349.tmp' to '../../../../../../Users/Home/Documents/GitHub/underUmbrella/Content/UnderUmbrella/Materials/NewMaterialParameterCollection.uasset'
[2016.01.07-17.01.58:830][391]LogSavePackage: Total save time: 5.200904ms
[2016.01.07-17.01.58:830][391]LogSavePackage:Display: Finished SavePackage ../../../../../../Users/Home/Documents/GitHub/underUmbrella/Content/UnderUmbrella/Materials/NewMaterialParameterCollection.uasset
[2016.01.07-17.01.58:837][391]Cmd: OBJ SAVEPACKAGE PACKAGE="/Game/UnderUmbrella/Materials/SPotLight" FILE="../../../../../../Users/Home/Documents/GitHub/underUmbrella/Content/UnderUmbrella/Materials/SPotLight.uasset" SILENT=true
[2016.01.07-17.01.58:844][391]LogSavePackage: Save=1.379426ms
[2016.01.07-17.01.58:844][391]LogSavePackage: Moving '../../../../../../Users/Home/Documents/GitHub/underUmbrella/Saved/SPotLight8B323E3C4AE100CE11DBD9B94143BA22.tmp' to '../../../../../../Users/Home/Documents/GitHub/underUmbrella/Content/UnderUmbrella/Materials/SPotLight.uasset'
[2016.01.07-17.01.58:847][391]LogSavePackage: Total save time: 7.858641ms
[2016.01.07-17.01.58:847][391]LogSavePackage:Display: Finished SavePackage ../../../../../../Users/Home/Documents/GitHub/underUmbrella/Content/UnderUmbrella/Materials/SPotLight.uasset
[2016.01.07-17.05.54:469][361]BlueprintLog: New page: Compile SpotLight
[2016.01.07-17.05.54:485][361]LogBlueprint:Error: [compiler SpotLight] Error This blueprint (self) is not a SceneComponent, therefore ' Target ' must have a connection.
[2016.01.07-17.05.54:485][361]LogBlueprint:Error: [compiler SpotLight] Error This blueprint (self) is not a SceneComponent, therefore ' Target ' must have a connection.
[2016.01.07-17.05.54:612][361]LogBlueprint:Warning: [compiler SpotLight] Warning [1035.32] Compile of SpotLight failed. 2 Fatal Issue(s) 0 Warning(s) [in 143 ms]
[2016.01.07-17.05.54:612][361]BlueprintEditorCompileResults:Error: Error This blueprint (self) is not a SceneComponent, therefore ' Target ' must have a connection.
[2016.01.07-17.05.54:612][361]BlueprintEditorCompileResults:Error: Error This blueprint (self) is not a SceneComponent, therefore ' Target ' must have a connection.
[2016.01.07-17.05.54:612][361]BlueprintEditorCompileResults:Warning: Warning [1035.32] Compile of SpotLight failed. 2 Fatal Issue(s) 0 Warning(s) [in 143 ms]
[2016.01.07-17.06.15:217][167]BlueprintLog: New page: Compile SpotLight
[2016.01.07-17.06.15:317][167]BlueprintEditorCompileResults: Info [1056.02] Compile of SpotLight successful! [in 99 ms]
[2016.01.07-17.06.18:271][450]Cmd: OBJ SAVEPACKAGE PACKAGE="/Game/UnderUmbrella/Blueprints/SpotLight" FILE="../../../../../../Users/Home/Documents/GitHub/underUmbrella/Content/UnderUmbrella/Blueprints/SpotLight.uasset" SILENT=true
[2016.01.07-17.06.18:411][450]LogSavePackage: Save=50.698349ms
[2016.01.07-17.06.18:411][450]LogSavePackage: Moving '../../../../../../Users/Home/Documents/GitHub/underUmbrella/Saved/SpotLightB855031D4926C0598A06169355400CBC.tmp' to '../../../../../../Users/Home/Documents/GitHub/underUmbrella/Content/UnderUmbrella/Blueprints/SpotLight.uasset'
[2016.01.07-17.06.18:414][450]LogSavePackage: Total save time: 141.117986ms
[2016.01.07-17.06.18:414][450]LogSavePackage:Display: Finished SavePackage ../../../../../../Users/Home/Documents/GitHub/underUmbrella/Content/UnderUmbrella/Blueprints/SpotLight.uasset
[2016.01.07-17.06.58:244][788]LogSavePackage: Save=2.044452ms
[2016.01.07-17.06.58:245][788]LogSavePackage: Moving '../../../../../../Users/Home/Documents/GitHub/underUmbrella/Saved/SpotLightParamC46E48734A268D1F3A78A3A6A9260895.tmp' to '../../../../../../Users/Home/Documents/GitHub/underUmbrella/Content/UnderUmbrella/Materials/SpotLightParam.uasset'
[2016.01.07-17.06.58:248][788]LogSavePackage: Total save time: 6.347630ms
[2016.01.07-17.06.58:248][788]LogSavePackage:Display: Finished SavePackage ../../../../../../Users/Home/Documents/GitHub/underUmbrella/Content/UnderUmbrella/Materials/SpotLightParam.uasset
[2016.01.07-17.06.58:471][788]Cmd: OBJ SAVEPACKAGE PACKAGE="/Game/UnderUmbrella/Blueprints/SpotLight" FILE="../../../../../../Users/Home/Documents/GitHub/underUmbrella/Content/UnderUmbrella/Blueprints/SpotLight.uasset" SILENT=true
[2016.01.07-17.06.58:526][788]LogSavePackage: Save=49.338531ms
[2016.01.07-17.06.58:526][788]LogSavePackage: Moving '../../../../../../Users/Home/Documents/GitHub/underUmbrella/Saved/SpotLight0BE4EE65452E3CE880D28A902C0E5096.tmp' to '../../../../../../Users/Home/Documents/GitHub/underUmbrella/Content/UnderUmbrella/Blueprints/SpotLight.uasset'
[2016.01.07-17.06.58:549][788]LogSavePackage: Total save time: 75.675435ms
[2016.01.07-17.06.58:550][788]LogSavePackage:Display: Finished SavePackage ../../../../../../Users/Home/Documents/GitHub/underUmbrella/Content/UnderUmbrella/Blueprints/SpotLight.uasset
[2016.01.07-17.07.00:463][917]LogMaterial: Missing cached shader map for material vgdf, compiling. 
[2016.01.07-17.07.02:336][917]LogMaterial: Missing cached shader map for material vgdf, compiling. 
[2016.01.07-17.07.02:359][917]LogMaterial: 0.018552 seconds spent updating 1 materials, 1 interfaces, 0 instances, 0 with static permutations.
[2016.01.07-17.07.09:931][503]Cmd: OBJ SAVEPACKAGE PACKAGE="/Game/UnderUmbrella/Materials/SpotLight" FILE="../../../../../../Users/Home/Documents/GitHub/underUmbrella/Content/UnderUmbrella/Materials/SpotLight.uasset" SILENT=true
[2016.01.07-17.07.10:078][503]LogSavePackage: Save=143.948425ms
[2016.01.07-17.07.10:078][503]LogSavePackage: Moving '../../../../../../Users/Home/Documents/GitHub/underUmbrella/Saved/SpotLight61CADAB74DEFBCD5A4BED5BE571C0E78.tmp' to '../../../../../../Users/Home/Documents/GitHub/underUmbrella/Content/UnderUmbrella/Materials/SpotLight.uasset'
[2016.01.07-17.07.10:092][503]LogSavePackage: Total save time: 157.837417ms
[2016.01.07-17.07.10:092][503]LogSavePackage:Display: Finished SavePackage ../../../../../../Users/Home/Documents/GitHub/underUmbrella/Content/UnderUmbrella/Materials/SpotLight.uasset
[2016.01.07-17.07.12:495][611]MaterialEditorStats: Info Base pass shader with only dynamic lighting: 31 instructions
[2016.01.07-17.07.12:495][611]MaterialEditorStats: Info Vertex shader: 31 instructions
[2016.01.07-17.07.12:495][611]MaterialEditorStats: Info Texture samplers: 0/16
[2016.01.07-17.07.18:618][151]LogMaterial: Missing cached shader map for material SpotLight, compiling. 
[2016.01.07-17.07.18:685][151]LogMaterial: Missing cached shader map for material SpotLight, compiling. 
[2016.01.07-17.07.18:689][151]LogMaterial: 0.000048 seconds spent updating 1 materials, 1 interfaces, 0 instances, 0 with static permutations.
[2016.01.07-17.07.19:996][190]MaterialEditorStats: Info Base pass shader with only dynamic lighting: 31 instructions
[2016.01.07-17.07.19:996][190]MaterialEditorStats: Info Vertex shader: 31 instructions
[2016.01.07-17.07.19:996][190]MaterialEditorStats: Info Texture samplers: 0/16
[2016.01.07-17.07.29:697][300]LogProperty:Warning: ObjectProperty /Script/Engine.EdGraphPin:LinkedTo.LinkedTo: unresolved reference to 'EdGraphPin'MaterialGraphNode_47.EdGraphPin_41724''
[2016.01.07-17.07.29:697][300]LogProperty:Warning: ObjectProperty /Script/Engine.EdGraphPin:LinkedTo.LinkedTo: unresolved reference to 'EdGraphPin'MaterialGraphNode_55.EdGraphPin_41746''
[2016.01.07-17.07.29:697][300]LogProperty:Warning: ObjectProperty /Script/Engine.EdGraphPin:LinkedTo.LinkedTo: unresolved reference to 'EdGraphPin'MaterialGraphNode_52.EdGraphPin_41742''
[2016.01.07-17.07.29:698][300]LogProperty:Warning: ObjectProperty /Script/Engine.EdGraphPin:LinkedTo.LinkedTo: unresolved reference to 'EdGraphPin'MaterialGraphNode_54.EdGraphPin_41745''
[2016.01.07-17.07.29:698][300]LogProperty:Warning: ObjectProperty /Script/Engine.ExpressionInput:Expression: unresolved reference to 'MaterialExpressionComponentMask'MaterialGraphNode_54.MaterialExpressionComponentMask_1')'
[2016.01.07-17.07.29:698][300]LogProperty:Warning: ObjectProperty /Script/Engine.ExpressionInput:Expression: unresolved reference to 'MaterialExpressionWorldPosition'MaterialGraphNode_52.MaterialExpressionWorldPosition_1')'
[2016.01.07-17.07.29:698][300]LogProperty:Warning: ObjectProperty /Script/Engine.ExpressionInput:Expression: unresolved reference to 'MaterialExpressionCollectionParameter'MaterialGraphNode_55.MaterialExpressionCollectionParameter_4')'
[2016.01.07-17.07.29:698][300]LogLinker: Can't find file '/Engine/Transient'
[2016.01.07-17.07.29:699][300]LogProperty:Warning: ObjectProperty /Script/Engine.MaterialExpression:Material: unresolved reference to 'PreviewMaterial'/Engine/Transient.PreviewMaterial_1''
[2016.01.07-17.07.29:700][300]LogLinker: Can't find file '/Engine/Transient'
[2016.01.07-17.07.29:700][300]LogProperty:Warning: ObjectProperty /Script/Engine.MaterialExpression:Material: unresolved reference to 'PreviewMaterial'/Engine/Transient.PreviewMaterial_1''
[2016.01.07-17.07.29:701][300]LogProperty:Warning: ObjectProperty /Script/Engine.EdGraphPin:LinkedTo.LinkedTo: unresolved reference to 'EdGraphPin'MaterialGraphNode_54.EdGraphPin_41744''
[2016.01.07-17.07.29:701][300]LogLinker:Warning: Can't find file '/Game/AudioTutAssets/LocationCollection'
[2016.01.07-17.07.29:701][300]LogLinker: Can't find file '/Game/AudioTutAssets/LocationCollection'
[2016.01.07-17.07.29:701][300]LogProperty:Warning: ObjectProperty /Script/Engine.MaterialExpressionCollectionParameter:Collection: unresolved reference to 'MaterialParameterCollection'/Game/AudioTutAssets/LocationCollection.LocationCollection''
[2016.01.07-17.07.29:701][300]LogLinker: Can't find file '/Engine/Transient'
[2016.01.07-17.07.29:702][300]LogProperty:Warning: ObjectProperty /Script/Engine.MaterialExpression:Material: unresolved reference to 'PreviewMaterial'/Engine/Transient.PreviewMaterial_1''
[2016.01.07-17.07.29:703][300]LogProperty:Warning: ObjectProperty /Script/Engine.ExpressionInput:Expression: unresolved reference to 'MaterialExpressionCollectionParameter'MaterialGraphNode_53.MaterialExpressionCollectionParameter_3')'
[2016.01.07-17.07.29:703][300]LogLinker: Can't find file '/Engine/Transient'
[2016.01.07-17.07.29:703][300]LogProperty:Warning: ObjectProperty /Script/Engine.MaterialExpression:Material: unresolved reference to 'PreviewMaterial'/Engine/Transient.PreviewMaterial_1''
[2016.01.07-17.07.29:704][300]LogLinker: Can't find file '/Game/AudioTutAssets/LocationCollection'
[2016.01.07-17.07.29:704][300]LogProperty:Warning: ObjectProperty /Script/Engine.MaterialExpressionCollectionParameter:Collection: unresolved reference to 'MaterialParameterCollection'/Game/AudioTutAssets/LocationCollection.LocationCollection''
[2016.01.07-17.07.29:704][300]LogLinker: Can't find file '/Engine/Transient'
[2016.01.07-17.07.29:705][300]LogProperty:Warning: ObjectProperty /Script/Engine.MaterialExpression:Material: unresolved reference to 'PreviewMaterial'/Engine/Transient.PreviewMaterial_1''
[2016.01.07-17.07.29:723][300]LogMaterial: Missing cached shader map for material SpotLight, compiling. 
[2016.01.07-17.07.29:741][300]LogMaterial: 0.013056 seconds spent updating 1 materials, 1 interfaces, 0 instances, 0 with static permutations.
[2016.01.07-17.07.29:830][300]LogMaterial: Missing cached shader map for material FMatExpressionPreview MaterialExpressionCollectionParameter_0, compiling. 
[2016.01.07-17.07.29:849][300]LogMaterial: Missing cached shader map for material FMatExpressionPreview MaterialExpressionCollectionParameter_1, compiling. 
[2016.01.07-17.07.30:403][321]MaterialEditorStats: Info Base pass shader with only dynamic lighting: 31 instructions
[2016.01.07-17.07.30:403][321]MaterialEditorStats: Info Vertex shader: 31 instructions
[2016.01.07-17.07.30:403][321]MaterialEditorStats: Info Texture samplers: 0/16
[2016.01.07-17.07.36:481][882]LogMaterial: Missing cached shader map for material SpotLight, compiling. 
[2016.01.07-17.07.36:545][882]LogMaterial:Warning: Failed to compile Material /Engine/Transient.SpotLight for platform PCD3D_SM5, Default Material will be used in game.
[2016.01.07-17.07.36:545][882]LogMaterial:Warning: 	(Node CollectionParameter) CollectionParameter has invalid Collection!
[2016.01.07-17.07.36:545][882]LogMaterial: 0.000098 seconds spent updating 1 materials, 1 interfaces, 0 instances, 0 with static permutations.
[2016.01.07-17.07.36:596][882]LogMaterial: Missing cached shader map for material FMatExpressionPreview MaterialExpressionCollectionParameter_0, compiling. 
[2016.01.07-17.07.36:597][882]LogMaterial: Missing cached shader map for material FMatExpressionPreview MaterialExpressionCollectionParameter_1, compiling. 
[2016.01.07-17.07.36:599][882]MaterialEditorStats:Error: Error [SM5] (Node CollectionParameter) CollectionParameter has invalid Collection!
[2016.01.07-17.07.45:949][605]LogMaterial: Missing cached shader map for material SpotLight, compiling. 
[2016.01.07-17.07.45:950][605]LogMaterial:Warning: Failed to compile Material /Engine/Transient.SpotLight for platform PCD3D_SM5, Default Material will be used in game.
[2016.01.07-17.07.45:950][605]LogMaterial:Warning: 	(Node CollectionParameter) CollectionParameter has invalid Collection!
[2016.01.07-17.07.45:950][605]LogMaterial: 0.000070 seconds spent updating 1 materials, 1 interfaces, 0 instances, 0 with static permutations.
[2016.01.07-17.07.45:981][605]LogMaterial: Missing cached shader map for material FMatExpressionPreview MaterialExpressionCollectionParameter_0, compiling. 
[2016.01.07-17.07.48:786][848]LogMaterial: Missing cached shader map for material SpotLight, compiling. 
[2016.01.07-17.07.48:791][848]LogMaterial: 0.000046 seconds spent updating 1 materials, 1 interfaces, 0 instances, 0 with static permutations.
[2016.01.07-17.07.48:820][848]LogMaterial: Missing cached shader map for material FMatExpressionPreview MaterialExpressionCollectionParameter_1, compiling. 
[2016.01.07-17.07.49:626][898]MaterialEditorStats: Info Base pass shader with only dynamic lighting: 39 instructions
[2016.01.07-17.07.49:626][898]MaterialEditorStats: Info Vertex shader: 33 instructions
[2016.01.07-17.07.49:626][898]MaterialEditorStats: Info Texture samplers: 0/16
[2016.01.07-17.07.52:091][108]LogMaterialEditor: Applying material SpotLight
[2016.01.07-17.07.54:803][108]LogMaterial: Missing cached shader map for material SpotLight, compiling. 
[2016.01.07-17.07.54:814][108]LogMaterial: 0.000154 seconds spent updating 1 materials, 1 interfaces, 0 instances, 0 with static permutations.
[2016.01.07-17.07.54:883][108]LogMaterial: Missing cached shader map for material SpotLight, compiling. 
[2016.01.07-17.07.54:923][108]LogMaterial: Missing cached shader map for material SpotLight, compiling. 
[2016.01.07-17.07.54:931][108]LogMaterial: 0.000843 seconds spent updating 1 materials, 1 interfaces, 0 instances, 0 with static permutations.
[2016.01.07-17.08.13:236][185]LogCrashTracker: 


[2016.01.07-17.08.13:451][185]LogWindows:Error: Windows GetLastError: The operation completed successfully. (0)
[2016.01.07-17.08.13:451][185]LogWindows:Error: Windows GetLastError: The operation completed successfully. (0)
[2016.01.07-17.08.13:522][185]LogCrashTracker: 


[2016.01.07-17.08.13:522][185]LogWindows:Error: === Critical error: ===
Fatal error: [File:D:\BuildFarm\buildmachine_++depot+UE4-Releases+4.10\Engine\Source\Runtime\RenderCore\Private\RenderingThread.cpp] [Line: 675] 
Rendering thread exception:
Fatal error!






[2016.01.07-17.08.13:562][185]LogThreadingWindows:Error: Runnable thread RenderThread 15 crashed.
[2016.01.07-17.08.13:562][185]LogWindows:Error: HandleError re-entered.
[2016.01.07-17.08.13:562][185]LogWindows: FPlatformMisc::RequestExit(1)
[2016.01.07-17.08.13:562][185]Log file closed, 01/07/16 18:08:13
