[2015.12.31-16.35.35:520][  0]Log file open, 12/31/15 17:35:35
[2015.12.31-16.35.35:520][  0]LogInit:Display: Running engine for game: UnderUmbrella
[2015.12.31-16.35.35:520][  0]LogPlatformFile: Not using cached read wrapper
[2015.12.31-16.35.35:520][  0]LogInit:Display: RandInit(-2090307371) SRandInit(-2090307369).
[2015.12.31-16.35.35:520][  0]LogTaskGraph: Started task graph with 4 named threads and 7 total threads.
[2015.12.31-16.35.35:520][  0]LogStats: Stats thread started at 0.085820
[2015.12.31-16.35.35:520][  0]LogInit: Version: 4.10.1-2791327+++depot+UE4-Releases+4.10
[2015.12.31-16.35.35:520][  0]LogInit: API Version: 2758231
[2015.12.31-16.35.35:520][  0]LogInit: Compiled (64-bit): Dec  4 2015 19:44:40
[2015.12.31-16.35.35:520][  0]LogInit: Compiled with Visual C++: 19.00.23026.00
[2015.12.31-16.35.35:520][  0]LogInit: Build Configuration: Development
[2015.12.31-16.35.35:520][  0]LogInit: Branch Name: ++depot+UE4-Releases+4.10
[2015.12.31-16.35.35:520][  0]LogInit: Command line: 
[2015.12.31-16.35.35:520][  0]LogInit: Base directory: C:/Program Files (x86)/Epic Games/4.10/Engine/Binaries/Win64/
[2015.12.31-16.35.35:520][  0]LogInit: Rocket: 1
[2015.12.31-16.35.35:527][  0]LogInit: Using libcurl 7.41.0
[2015.12.31-16.35.35:527][  0]LogInit:  - built for x86_64-pc-win32
[2015.12.31-16.35.35:527][  0]LogInit:  - supports SSL with WinSSL
[2015.12.31-16.35.35:527][  0]LogInit:  - other features:
[2015.12.31-16.35.35:527][  0]LogInit:      CURL_VERSION_SSL
[2015.12.31-16.35.35:527][  0]LogInit:      CURL_VERSION_IPV6
[2015.12.31-16.35.35:527][  0]LogInit:      CURL_VERSION_ASYNCHDNS
[2015.12.31-16.35.35:527][  0]LogInit:      CURL_VERSION_LARGEFILE
[2015.12.31-16.35.35:527][  0]LogInit:      CURL_VERSION_IDN
[2015.12.31-16.35.35:527][  0]LogInit:  CurlRequestOptions (configurable via config and command line):
[2015.12.31-16.35.35:527][  0]LogInit:  - bVerifyPeer = true  - Libcurl will verify peer certificate
[2015.12.31-16.35.35:527][  0]LogInit:  - bUseHttpProxy = false  - Libcurl will NOT use HTTP proxy
[2015.12.31-16.35.35:527][  0]LogInit:  - bDontReuseConnections = false  - Libcurl will reuse connections
[2015.12.31-16.35.35:527][  0]LogInit:  - CertBundlePath = nullptr  - Libcurl will use whatever was configured at build time.
[2015.12.31-16.35.35:536][  0]LogInit: Presizing for 0 objects not considered by GC, pre-allocating 0 bytes.
[2015.12.31-16.35.35:544][  0]LogInit: Object subsystem initialized
[2015.12.31-16.35.35:547][  0]LogInit: Selected Device Profile: [Windows]
[2015.12.31-16.35.35:547][  0]LogInit: Applying CVar settings loaded from the selected device profile: [Windows]
[2015.12.31-16.35.35:557][  0]LogInit: Computer: DESKTOP-6H6TUD6
[2015.12.31-16.35.35:557][  0]LogInit: User: Home
[2015.12.31-16.35.35:557][  0]LogInit: CPU Page size=4096, Cores=4
[2015.12.31-16.35.35:557][  0]LogInit: High frequency timer resolution =4.232905 MHz
[2015.12.31-16.35.35:557][  0]LogMemory: Memory total: Physical=7.9GB (8GB approx)
[2015.12.31-16.35.35:557][  0]LogMemory: Platform Memory Stats for Windows
[2015.12.31-16.35.35:557][  0]LogMemory: Process Physical Memory: 55.91 MB used, 55.91 MB peak
[2015.12.31-16.35.35:557][  0]LogMemory: Process Virtual Memory: 56.86 MB used, 56.86 MB peak
[2015.12.31-16.35.35:557][  0]LogMemory: Physical Memory: 3974.31 MB used, 8098.55 MB total
[2015.12.31-16.35.35:557][  0]LogMemory: Virtual Memory: 385.94 MB used, 134217728.00 MB total
[2015.12.31-16.35.35:587][  0]LogTextLocalizationManager: No specific translations for ('en-US') exist, so ('en') translations will be used.
[2015.12.31-16.35.36:098][  0]LogD3D11RHI: Found D3D11 adapter 0: NVIDIA GeForce GTX 660   (Feature Level 11_0)
[2015.12.31-16.35.36:098][  0]LogD3D11RHI: Adapter has 1988MB of dedicated video memory, 0MB of dedicated system memory, and 4049MB of shared system memory, 1 output[s]
[2015.12.31-16.35.36:100][  0]LogD3D11RHI: Found D3D11 adapter 1: Microsoft Basic Render Driver (Feature Level 11_0)
[2015.12.31-16.35.36:100][  0]LogD3D11RHI: Adapter has 0MB of dedicated video memory, 0MB of dedicated system memory, and 4049MB of shared system memory, 0 output[s]
[2015.12.31-16.35.36:100][  0]LogD3D11RHI: Chosen D3D11 Adapter Id = 0
[2015.12.31-16.35.36:105][  0]LogD3D11RHI: !Direct3DDevice
[2015.12.31-16.35.36:105][  0]LogRHI: Texture pool is 1361 MB (70% of 1945 MB)
[2015.12.31-16.35.36:124][  0]LogD3D11RHI: Async texture creation enabled
[2015.12.31-16.35.36:137][  0]LogShaderCompilers: Guid format shader working directory is -21 characters bigger than the processId version (../../../../../../Users/Home/Documents/underUmbrella/UnderUmbrella/Intermediate/Shaders/WorkingDirectory/6932/).
[2015.12.31-16.35.36:137][  0]LogShaderCompilers: Cleaned the shader compiler working directory 'C:/Users/Home/AppData/Local/Temp/UnrealShaderWorkingDir/6296FF204DCB96A6B08A54B2D4D3C4CA/'.
[2015.12.31-16.35.36:137][  0]LogShaderCompilers:Display: Using Local Shader Compiler.
[2015.12.31-16.35.37:109][  0]LogTemp:Display: Loaded TP AllDesktopTargetPlatform
[2015.12.31-16.35.37:115][  0]LogTemp:Display: Loaded TP WindowsClientTargetPlatform
[2015.12.31-16.35.37:121][  0]LogTemp:Display: Loaded TP WindowsNoEditorTargetPlatform
[2015.12.31-16.35.37:127][  0]LogTemp:Display: Loaded TP WindowsServerTargetPlatform
[2015.12.31-16.35.37:133][  0]LogTemp:Display: Loaded TP WindowsTargetPlatform
[2015.12.31-16.35.37:136][  0]LogTemp:Display: Loaded TP AndroidTargetPlatform
[2015.12.31-16.35.37:140][  0]LogTemp:Display: Loaded TP Android_ASTCTargetPlatform
[2015.12.31-16.35.37:144][  0]LogTemp:Display: Loaded TP Android_ATCTargetPlatform
[2015.12.31-16.35.37:147][  0]LogTemp:Display: Loaded TP Android_DXTTargetPlatform
[2015.12.31-16.35.37:151][  0]LogTemp:Display: Loaded TP Android_ETC1TargetPlatform
[2015.12.31-16.35.37:154][  0]LogTemp:Display: Loaded TP Android_ETC2TargetPlatform
[2015.12.31-16.35.37:163][  0]LogTemp:Display: Loaded TP Android_MultiTargetPlatform
[2015.12.31-16.35.37:163][  0]LogTemp:Display: Loaded TP Android_PVRTCTargetPlatform
[2015.12.31-16.35.37:163][  0]LogTemp:Display: Loaded TP HTML5TargetPlatform
[2015.12.31-16.35.37:181][  0]LogTemp:Display: Loaded TP IOSTargetPlatform
[2015.12.31-16.35.37:184][  0]LogTemp:Display: Loaded TP LinuxNoEditorTargetPlatform
[2015.12.31-16.35.37:188][  0]LogTemp:Display: Loaded TP LinuxServerTargetPlatform
[2015.12.31-16.35.37:192][  0]LogTemp:Display: Loaded TP LinuxTargetPlatform
[2015.12.31-16.35.37:192][  0]LogTargetPlatformManager:Display: Building Assets For Windows
[2015.12.31-16.35.37:301][  0]LogDerivedDataCache:Display: Max Cache Size: 512 MB
[2015.12.31-16.35.37:379][  0]LogDerivedDataCache: Loaded boot cache 0.08s 41MB C:/Users/Home/AppData/Local/UnrealEngine/4.10/DerivedDataCache/Boot.ddc.
[2015.12.31-16.35.37:379][  0]LogDerivedDataCache:Display: Loaded Boot cache: C:/Users/Home/AppData/Local/UnrealEngine/4.10/DerivedDataCache/Boot.ddc
[2015.12.31-16.35.37:379][  0]LogDerivedDataCache: FDerivedDataBackendGraph:  Pak pak cache file ../../../../../../Users/Home/Documents/underUmbrella/UnderUmbrella/DerivedDataCache/DDC.ddp not found, will not use a pak cache.
[2015.12.31-16.35.37:379][  0]LogDerivedDataCache: Unable to find inner node Pak for hierarchical cache Hierarchy.
[2015.12.31-16.35.37:379][  0]LogDerivedDataCache: FDerivedDataBackendGraph:  CompressedPak pak cache file ../../../../../../Users/Home/Documents/underUmbrella/UnderUmbrella/DerivedDataCache/Compressed.ddp not found, will not use a pak cache.
[2015.12.31-16.35.37:379][  0]LogDerivedDataCache: Unable to find inner node CompressedPak for hierarchical cache Hierarchy.
[2015.12.31-16.35.37:440][  0]LogDerivedDataCache:Display: Pak cache opened for reading ../../../Engine/DerivedDataCache/Compressed.ddp.
[2015.12.31-16.35.37:454][  0]LogDerivedDataCache: Using Local data cache path C:/Users/Home/AppData/Local/UnrealEngine/Common/DerivedDataCache: Writable
[2015.12.31-16.35.37:678][  0]LogInit: Selected Device Profile: [Windows]
[2015.12.31-16.35.37:682][  0]LogContentStreaming: Texture pool size is 0.000000MB
[2015.12.31-16.35.37:816][  0]LogMeshUtilities: No automatic mesh reduction module available
[2015.12.31-16.35.37:816][  0]LogMeshUtilities: No automatic mesh merging module available
[2015.12.31-16.35.38:110][  0]LogInit: WinSock: version 1.1 (2.2), MaxSocks=32767, MaxUdp=65467
[2015.12.31-16.35.39:023][  0]UdpMessaging: Initializing bridge on interface 0.0.0.0:0 to multicast group 230.0.0.1:6666.
[2015.12.31-16.35.39:125][  0]LogAssetRegistry: FAssetRegistry took 0.0108 seconds to start up
[2015.12.31-16.35.39:335][  0]SourceControl: Info Source control is disabled
[2015.12.31-16.35.39:337][  0]SourceControl: Info Source control is disabled
[2015.12.31-16.35.39:354][  0]SourceControl: Info Source control is disabled
[2015.12.31-16.35.39:371][  0]SourceControl: Info Source control is disabled
[2015.12.31-16.35.39:700][  0]LogObj: 28633 objects as part of root set at end of initial load.
[2015.12.31-16.35.39:700][  0]LogUObjectAllocator: 6099744 out of 0 bytes used by permanent object pool.
[2015.12.31-16.35.39:763][  0]LogEngine: Initializing Engine...
[2015.12.31-16.35.39:765][  0]LogHMD: Can't find Oculus library dev build: is proper Runtime installed? Version: 0.8.0.0
[2015.12.31-16.35.39:766][  0]LogHMD: SteamVR failed to initialize.  Err: 110
[2015.12.31-16.35.39:909][  0]LogAIModule: Creating AISystem for world NewWorld
[2015.12.31-16.35.39:918][  0]LogInit: XAudio2 using 'Speakers (High Definition Audio Device)' : 2 channels at 44.1 kHz using 16 bits per sample (channel mask 0x3)
[2015.12.31-16.35.39:928][  0]LogInit: FAudioDevice initialized.
[2015.12.31-16.35.39:967][  0]LogDerivedDataCache: Saved boot cache 0.04s 41MB C:/Users/Home/AppData/Local/UnrealEngine/4.10/DerivedDataCache/Boot.ddc.
[2015.12.31-16.35.39:981][  0]LogInit: Texture streaming: Enabled
[2015.12.31-16.35.39:989][  0]LogAnalytics: Creating configured Analytics provider AnalyticsET
[2015.12.31-16.35.39:989][  0]LogAnalytics: [UEEditor.Rocket.Release] APIServer = http://et2.epicgames.com/ET2/. AppVersion = 4.10.1-2791327+++depot+UE4-Releases+4.10
[2015.12.31-16.35.39:989][  0]LogAnalytics: [UEEditor.Rocket.Release] SetUserId bda7634e4e3800c847f018b8ed0b1411|c7ff289020a144faadd7bc99c3af9303|18c70efd-9716-4caf-b1ce-617add21ccd6
[2015.12.31-16.35.39:989][  0]LogAnalytics: [UEEditor.Rocket.Release] AnalyticsET::StartSession
[2015.12.31-16.35.40:023][  0]LogInit: Transaction tracking system initialized
[2015.12.31-16.35.40:075][  0]BlueprintLog: New page: Editor Load
[2015.12.31-16.35.40:497][  0]LocalizationService: Info Localization service is disabled
[2015.12.31-16.35.40:680][  0]LogConsoleResponse:Display: 
[2015.12.31-16.35.40:851][  0]LogFileCache: Scanning file cache for directory 'C:/Users/Home/Documents/underUmbrella/UnderUmbrella/Content/' took 0.01s
[2015.12.31-16.35.40:851][  0]LogCook:Display: Done creating registry. It took  0.00s.
[2015.12.31-16.35.40:967][  0]SourceControl: Info Source control is disabled
[2015.12.31-16.35.41:287][  0]LogFactory: FactoryCreateBinary: PackFactory with PackFactory (0 0 C:/Program Files (x86)/Epic Games/4.10/FeaturePacks/StarterContent.upack)
[2015.12.31-16.35.41:763][  0]LogPackFactory: Finished extracting 8 files (including 0 errors).
[2015.12.31-16.35.41:828][  0]LogPackFactory: Copied "../../../Samples/StarterContent/Content/StarterContent/Architecture/Floor_400x400.uasset" to "../../../../../../Users/Home/Documents/underUmbrella/UnderUmbrella/Content/StarterContent/Architecture/Floor_400x400.uasset"
[2015.12.31-16.35.41:904][  0]LogPackFactory: Copied "../../../Samples/StarterContent/Content/StarterContent/Architecture/Pillar_50x500.uasset" to "../../../../../../Users/Home/Documents/underUmbrella/UnderUmbrella/Content/StarterContent/Architecture/Pillar_50x500.uasset"
[2015.12.31-16.35.41:946][  0]LogPackFactory: Copied "../../../Samples/StarterContent/Content/StarterContent/Architecture/SM_AssetPlatform.uasset" to "../../../../../../Users/Home/Documents/underUmbrella/UnderUmbrella/Content/StarterContent/Architecture/SM_AssetPlatform.uasset"
[2015.12.31-16.35.41:964][  0]LogPackFactory: Copied "../../../Samples/StarterContent/Content/StarterContent/Architecture/Wall_400x200.uasset" to "../../../../../../Users/Home/Documents/underUmbrella/UnderUmbrella/Content/StarterContent/Architecture/Wall_400x200.uasset"
[2015.12.31-16.35.41:990][  0]LogPackFactory: Copied "../../../Samples/StarterContent/Content/StarterContent/Architecture/Wall_400x300.uasset" to "../../../../../../Users/Home/Documents/underUmbrella/UnderUmbrella/Content/StarterContent/Architecture/Wall_400x300.uasset"
[2015.12.31-16.35.42:030][  0]LogPackFactory: Copied "../../../Samples/StarterContent/Content/StarterContent/Architecture/Wall_400x400.uasset" to "../../../../../../Users/Home/Documents/underUmbrella/UnderUmbrella/Content/StarterContent/Architecture/Wall_400x400.uasset"
[2015.12.31-16.35.42:056][  0]LogPackFactory: Copied "../../../Samples/StarterContent/Content/StarterContent/Architecture/Wall_500x500.uasset" to "../../../../../../Users/Home/Documents/underUmbrella/UnderUmbrella/Content/StarterContent/Architecture/Wall_500x500.uasset"
[2015.12.31-16.35.42:077][  0]LogPackFactory: Copied "../../../Samples/StarterContent/Content/StarterContent/Architecture/Wall_Door_400x300.uasset" to "../../../../../../Users/Home/Documents/underUmbrella/UnderUmbrella/Content/StarterContent/Architecture/Wall_Door_400x300.uasset"
[2015.12.31-16.35.42:094][  0]LogPackFactory: Copied "../../../Samples/StarterContent/Content/StarterContent/Architecture/Wall_Door_400x400.uasset" to "../../../../../../Users/Home/Documents/underUmbrella/UnderUmbrella/Content/StarterContent/Architecture/Wall_Door_400x400.uasset"
[2015.12.31-16.35.42:117][  0]LogPackFactory: Copied "../../../Samples/StarterContent/Content/StarterContent/Architecture/Wall_Window_400x300.uasset" to "../../../../../../Users/Home/Documents/underUmbrella/UnderUmbrella/Content/StarterContent/Architecture/Wall_Window_400x300.uasset"
[2015.12.31-16.35.42:134][  0]LogPackFactory: Copied "../../../Samples/StarterContent/Content/StarterContent/Architecture/Wall_Window_400x400.uasset" to "../../../../../../Users/Home/Documents/underUmbrella/UnderUmbrella/Content/StarterContent/Architecture/Wall_Window_400x400.uasset"
[2015.12.31-16.35.42:160][  0]LogPackFactory: Copied "../../../Samples/StarterContent/Content/StarterContent/Audio/Collapse01.uasset" to "../../../../../../Users/Home/Documents/underUmbrella/UnderUmbrella/Content/StarterContent/Audio/Collapse01.uasset"
[2015.12.31-16.35.42:197][  0]LogPackFactory: Copied "../../../Samples/StarterContent/Content/StarterContent/Audio/Collapse02.uasset" to "../../../../../../Users/Home/Documents/underUmbrella/UnderUmbrella/Content/StarterContent/Audio/Collapse02.uasset"
[2015.12.31-16.35.42:201][  0]LogPackFactory: Copied "../../../Samples/StarterContent/Content/StarterContent/Audio/Collapse_Cue.uasset" to "../../../../../../Users/Home/Documents/underUmbrella/UnderUmbrella/Content/StarterContent/Audio/Collapse_Cue.uasset"
[2015.12.31-16.35.42:217][  0]LogPackFactory: Copied "../../../Samples/StarterContent/Content/StarterContent/Audio/Explosion01.uasset" to "../../../../../../Users/Home/Documents/underUmbrella/UnderUmbrella/Content/StarterContent/Audio/Explosion01.uasset"
[2015.12.31-16.35.42:231][  0]LogPackFactory: Copied "../../../Samples/StarterContent/Content/StarterContent/Audio/Explosion02.uasset" to "../../../../../../Users/Home/Documents/underUmbrella/UnderUmbrella/Content/StarterContent/Audio/Explosion02.uasset"
[2015.12.31-16.35.42:238][  0]LogPackFactory: Copied "../../../Samples/StarterContent/Content/StarterContent/Audio/Explosion_Cue.uasset" to "../../../../../../Users/Home/Documents/underUmbrella/UnderUmbrella/Content/StarterContent/Audio/Explosion_Cue.uasset"
[2015.12.31-16.35.42:275][  0]LogPackFactory: Copied "../../../Samples/StarterContent/Content/StarterContent/Audio/Fire01.uasset" to "../../../../../../Users/Home/Documents/underUmbrella/UnderUmbrella/Content/StarterContent/Audio/Fire01.uasset"
[2015.12.31-16.35.42:285][  0]LogPackFactory: Copied "../../../Samples/StarterContent/Content/StarterContent/Audio/Fire01_Cue.uasset" to "../../../../../../Users/Home/Documents/underUmbrella/UnderUmbrella/Content/StarterContent/Audio/Fire01_Cue.uasset"
[2015.12.31-16.35.42:304][  0]LogPackFactory: Copied "../../../Samples/StarterContent/Content/StarterContent/Audio/Fire_Sparks01.uasset" to "../../../../../../Users/Home/Documents/underUmbrella/UnderUmbrella/Content/StarterContent/Audio/Fire_Sparks01.uasset"
[2015.12.31-16.35.42:330][  0]LogPackFactory: Copied "../../../Samples/StarterContent/Content/StarterContent/Audio/Fire_Sparks01_Cue.uasset" to "../../../../../../Users/Home/Documents/underUmbrella/UnderUmbrella/Content/StarterContent/Audio/Fire_Sparks01_Cue.uasset"
[2015.12.31-16.35.42:342][  0]LogPackFactory: Copied "../../../Samples/StarterContent/Content/StarterContent/Audio/Light01.uasset" to "../../../../../../Users/Home/Documents/underUmbrella/UnderUmbrella/Content/StarterContent/Audio/Light01.uasset"
[2015.12.31-16.35.42:357][  0]LogPackFactory: Copied "../../../Samples/StarterContent/Content/StarterContent/Audio/Light01_Cue.uasset" to "../../../../../../Users/Home/Documents/underUmbrella/UnderUmbrella/Content/StarterContent/Audio/Light01_Cue.uasset"
[2015.12.31-16.35.42:375][  0]LogPackFactory: Copied "../../../Samples/StarterContent/Content/StarterContent/Audio/Light02.uasset" to "../../../../../../Users/Home/Documents/underUmbrella/UnderUmbrella/Content/StarterContent/Audio/Light02.uasset"
[2015.12.31-16.35.42:719][  0]LogPackFactory: Copied "../../../Samples/StarterContent/Content/StarterContent/Audio/Light02_Cue.uasset" to "../../../../../../Users/Home/Documents/underUmbrella/UnderUmbrella/Content/StarterContent/Audio/Light02_Cue.uasset"
[2015.12.31-16.35.42:727][  0]LogPackFactory: Copied "../../../Samples/StarterContent/Content/StarterContent/Audio/Smoke01.uasset" to "../../../../../../Users/Home/Documents/underUmbrella/UnderUmbrella/Content/StarterContent/Audio/Smoke01.uasset"
[2015.12.31-16.35.42:730][  0]LogPackFactory: Copied "../../../Samples/StarterContent/Content/StarterContent/Audio/Smoke01_Cue.uasset" to "../../../../../../Users/Home/Documents/underUmbrella/UnderUmbrella/Content/StarterContent/Audio/Smoke01_Cue.uasset"
[2015.12.31-16.35.42:744][  0]LogPackFactory: Copied "../../../Samples/StarterContent/Content/StarterContent/Audio/Starter_Background_Cue.uasset" to "../../../../../../Users/Home/Documents/underUmbrella/UnderUmbrella/Content/StarterContent/Audio/Starter_Background_Cue.uasset"
[2015.12.31-16.35.42:792][  0]LogPackFactory: Copied "../../../Samples/StarterContent/Content/StarterContent/Audio/Starter_Birds01.uasset" to "../../../../../../Users/Home/Documents/underUmbrella/UnderUmbrella/Content/StarterContent/Audio/Starter_Birds01.uasset"
[2015.12.31-16.35.42:895][  0]LogPackFactory: Copied "../../../Samples/StarterContent/Content/StarterContent/Audio/Starter_Music01.uasset" to "../../../../../../Users/Home/Documents/underUmbrella/UnderUmbrella/Content/StarterContent/Audio/Starter_Music01.uasset"
[2015.12.31-16.35.42:903][  0]LogPackFactory: Copied "../../../Samples/StarterContent/Content/StarterContent/Audio/Starter_Music_Cue.uasset" to "../../../../../../Users/Home/Documents/underUmbrella/UnderUmbrella/Content/StarterContent/Audio/Starter_Music_Cue.uasset"
[2015.12.31-16.35.43:050][  0]LogPackFactory: Copied "../../../Samples/StarterContent/Content/StarterContent/Audio/Starter_Wind05.uasset" to "../../../../../../Users/Home/Documents/underUmbrella/UnderUmbrella/Content/StarterContent/Audio/Starter_Wind05.uasset"
[2015.12.31-16.35.43:108][  0]LogPackFactory: Copied "../../../Samples/StarterContent/Content/StarterContent/Audio/Starter_Wind06.uasset" to "../../../../../../Users/Home/Documents/underUmbrella/UnderUmbrella/Content/StarterContent/Audio/Starter_Wind06.uasset"
[2015.12.31-16.35.43:122][  0]LogPackFactory: Copied "../../../Samples/StarterContent/Content/StarterContent/Audio/Steam01.uasset" to "../../../../../../Users/Home/Documents/underUmbrella/UnderUmbrella/Content/StarterContent/Audio/Steam01.uasset"
[2015.12.31-16.35.43:128][  0]LogPackFactory: Copied "../../../Samples/StarterContent/Content/StarterContent/Audio/Steam01_Cue.uasset" to "../../../../../../Users/Home/Documents/underUmbrella/UnderUmbrella/Content/StarterContent/Audio/Steam01_Cue.uasset"
[2015.12.31-16.35.43:148][  0]LogPackFactory: Copied "../../../Samples/StarterContent/Content/StarterContent/Blueprints/Blueprint_CeilingLight.uasset" to "../../../../../../Users/Home/Documents/underUmbrella/UnderUmbrella/Content/StarterContent/Blueprints/Blueprint_CeilingLight.uasset"
[2015.12.31-16.35.43:162][  0]LogPackFactory: Copied "../../../Samples/StarterContent/Content/StarterContent/Blueprints/Blueprint_Effect_Explosion.uasset" to "../../../../../../Users/Home/Documents/underUmbrella/UnderUmbrella/Content/StarterContent/Blueprints/Blueprint_Effect_Explosion.uasset"
[2015.12.31-16.35.43:177][  0]LogPackFactory: Copied "../../../Samples/StarterContent/Content/StarterContent/Blueprints/Blueprint_Effect_Fire.uasset" to "../../../../../../Users/Home/Documents/underUmbrella/UnderUmbrella/Content/StarterContent/Blueprints/Blueprint_Effect_Fire.uasset"
[2015.12.31-16.35.43:191][  0]LogPackFactory: Copied "../../../Samples/StarterContent/Content/StarterContent/Blueprints/Blueprint_Effect_Smoke.uasset" to "../../../../../../Users/Home/Documents/underUmbrella/UnderUmbrella/Content/StarterContent/Blueprints/Blueprint_Effect_Smoke.uasset"
[2015.12.31-16.35.43:198][  0]LogPackFactory: Copied "../../../Samples/StarterContent/Content/StarterContent/Blueprints/Blueprint_Effect_Sparks.uasset" to "../../../../../../Users/Home/Documents/underUmbrella/UnderUmbrella/Content/StarterContent/Blueprints/Blueprint_Effect_Sparks.uasset"
[2015.12.31-16.35.43:226][  0]LogPackFactory: Copied "../../../Samples/StarterContent/Content/StarterContent/Blueprints/Blueprint_Effect_Steam.uasset" to "../../../../../../Users/Home/Documents/underUmbrella/UnderUmbrella/Content/StarterContent/Blueprints/Blueprint_Effect_Steam.uasset"
[2015.12.31-16.35.43:243][  0]LogPackFactory: Copied "../../../Samples/StarterContent/Content/StarterContent/Blueprints/Blueprint_WallSconce.uasset" to "../../../../../../Users/Home/Documents/underUmbrella/UnderUmbrella/Content/StarterContent/Blueprints/Blueprint_WallSconce.uasset"
[2015.12.31-16.35.43:280][  0]LogPackFactory: Copied "../../../Samples/StarterContent/Content/StarterContent/Blueprints/BP_LightStudio.uasset" to "../../../../../../Users/Home/Documents/underUmbrella/UnderUmbrella/Content/StarterContent/Blueprints/BP_LightStudio.uasset"
[2015.12.31-16.35.43:290][  0]LogPackFactory: Copied "../../../Samples/StarterContent/Content/StarterContent/Blueprints/Assets/FogBrightnessLUT.uasset" to "../../../../../../Users/Home/Documents/underUmbrella/UnderUmbrella/Content/StarterContent/Blueprints/Assets/FogBrightnessLUT.uasset"
[2015.12.31-16.35.43:308][  0]LogPackFactory: Copied "../../../Samples/StarterContent/Content/StarterContent/Blueprints/Assets/M_LightStage_Arrows.uasset" to "../../../../../../Users/Home/Documents/underUmbrella/UnderUmbrella/Content/StarterContent/Blueprints/Assets/M_LightStage_Arrows.uasset"
[2015.12.31-16.35.43:326][  0]LogPackFactory: Copied "../../../Samples/StarterContent/Content/StarterContent/Blueprints/Assets/M_LightStage_Skybox_Black.uasset" to "../../../../../../Users/Home/Documents/underUmbrella/UnderUmbrella/Content/StarterContent/Blueprints/Assets/M_LightStage_Skybox_Black.uasset"
[2015.12.31-16.35.43:345][  0]LogPackFactory: Copied "../../../Samples/StarterContent/Content/StarterContent/Blueprints/Assets/M_LightStage_Skybox_HDRI.uasset" to "../../../../../../Users/Home/Documents/underUmbrella/UnderUmbrella/Content/StarterContent/Blueprints/Assets/M_LightStage_Skybox_HDRI.uasset"
[2015.12.31-16.35.43:351][  0]LogPackFactory: Copied "../../../Samples/StarterContent/Content/StarterContent/Blueprints/Assets/M_LightStage_Skybox_Master.uasset" to "../../../../../../Users/Home/Documents/underUmbrella/UnderUmbrella/Content/StarterContent/Blueprints/Assets/M_LightStage_Skybox_Master.uasset"
[2015.12.31-16.35.43:370][  0]LogPackFactory: Copied "../../../Samples/StarterContent/Content/StarterContent/Blueprints/Assets/Skybox.uasset" to "../../../../../../Users/Home/Documents/underUmbrella/UnderUmbrella/Content/StarterContent/Blueprints/Assets/Skybox.uasset"
[2015.12.31-16.35.43:382][  0]LogPackFactory: Copied "../../../Samples/StarterContent/Content/StarterContent/Blueprints/Assets/SM_Arrows.uasset" to "../../../../../../Users/Home/Documents/underUmbrella/UnderUmbrella/Content/StarterContent/Blueprints/Assets/SM_Arrows.uasset"
[2015.12.31-16.35.43:393][  0]LogPackFactory: Copied "../../../Samples/StarterContent/Content/StarterContent/Blueprints/Assets/SunlightColorLUT.uasset" to "../../../../../../Users/Home/Documents/underUmbrella/UnderUmbrella/Content/StarterContent/Blueprints/Assets/SunlightColorLUT.uasset"
[2015.12.31-16.35.45:883][  0]LogPackFactory: Copied "../../../Samples/StarterContent/Content/StarterContent/HDRI/HDRI_Epic_Courtyard_Daylight.uasset" to "../../../../../../Users/Home/Documents/underUmbrella/UnderUmbrella/Content/StarterContent/HDRI/HDRI_Epic_Courtyard_Daylight.uasset"
[2015.12.31-16.35.45:914][  0]LogPackFactory: Copied "../../../Samples/StarterContent/Content/StarterContent/Maps/Advanced_Lighting.umap" to "../../../../../../Users/Home/Documents/underUmbrella/UnderUmbrella/Content/StarterContent/Maps/Advanced_Lighting.umap"
[2015.12.31-16.35.45:960][  0]LogPackFactory: Copied "../../../Samples/StarterContent/Content/StarterContent/Maps/Minimal_Default.umap" to "../../../../../../Users/Home/Documents/underUmbrella/UnderUmbrella/Content/StarterContent/Maps/Minimal_Default.umap"
[2015.12.31-16.35.46:147][  0]LogPackFactory: Copied "../../../Samples/StarterContent/Content/StarterContent/Maps/StarterMap.umap" to "../../../../../../Users/Home/Documents/underUmbrella/UnderUmbrella/Content/StarterContent/Maps/StarterMap.umap"
[2015.12.31-16.35.46:170][  0]LogPackFactory: Copied "../../../Samples/StarterContent/Content/StarterContent/Materials/M_AssetPlatform.uasset" to "../../../../../../Users/Home/Documents/underUmbrella/UnderUmbrella/Content/StarterContent/Materials/M_AssetPlatform.uasset"
[2015.12.31-16.35.46:182][  0]LogPackFactory: Copied "../../../Samples/StarterContent/Content/StarterContent/Materials/M_Basic_Floor.uasset" to "../../../../../../Users/Home/Documents/underUmbrella/UnderUmbrella/Content/StarterContent/Materials/M_Basic_Floor.uasset"
[2015.12.31-16.35.46:196][  0]LogPackFactory: Copied "../../../Samples/StarterContent/Content/StarterContent/Materials/M_Basic_Wall.uasset" to "../../../../../../Users/Home/Documents/underUmbrella/UnderUmbrella/Content/StarterContent/Materials/M_Basic_Wall.uasset"
[2015.12.31-16.35.46:202][  0]LogPackFactory: Copied "../../../Samples/StarterContent/Content/StarterContent/Materials/M_Brick_Clay_Beveled.uasset" to "../../../../../../Users/Home/Documents/underUmbrella/UnderUmbrella/Content/StarterContent/Materials/M_Brick_Clay_Beveled.uasset"
[2015.12.31-16.35.46:228][  0]LogPackFactory: Copied "../../../Samples/StarterContent/Content/StarterContent/Materials/M_Brick_Clay_New.uasset" to "../../../../../../Users/Home/Documents/underUmbrella/UnderUmbrella/Content/StarterContent/Materials/M_Brick_Clay_New.uasset"
[2015.12.31-16.35.46:252][  0]LogPackFactory: Copied "../../../Samples/StarterContent/Content/StarterContent/Materials/M_Brick_Clay_Old.uasset" to "../../../../../../Users/Home/Documents/underUmbrella/UnderUmbrella/Content/StarterContent/Materials/M_Brick_Clay_Old.uasset"
[2015.12.31-16.35.46:266][  0]LogPackFactory: Copied "../../../Samples/StarterContent/Content/StarterContent/Materials/M_Brick_Cut_Stone.uasset" to "../../../../../../Users/Home/Documents/underUmbrella/UnderUmbrella/Content/StarterContent/Materials/M_Brick_Cut_Stone.uasset"
[2015.12.31-16.35.46:284][  0]LogPackFactory: Copied "../../../Samples/StarterContent/Content/StarterContent/Materials/M_Brick_Hewn_Stone.uasset" to "../../../../../../Users/Home/Documents/underUmbrella/UnderUmbrella/Content/StarterContent/Materials/M_Brick_Hewn_Stone.uasset"
[2015.12.31-16.35.46:302][  0]LogPackFactory: Copied "../../../Samples/StarterContent/Content/StarterContent/Materials/M_Ceramic_Tile_Checker.uasset" to "../../../../../../Users/Home/Documents/underUmbrella/UnderUmbrella/Content/StarterContent/Materials/M_Ceramic_Tile_Checker.uasset"
[2015.12.31-16.35.46:322][  0]LogPackFactory: Copied "../../../Samples/StarterContent/Content/StarterContent/Materials/M_CobbleStone_Pebble.uasset" to "../../../../../../Users/Home/Documents/underUmbrella/UnderUmbrella/Content/StarterContent/Materials/M_CobbleStone_Pebble.uasset"
[2015.12.31-16.35.46:340][  0]LogPackFactory: Copied "../../../Samples/StarterContent/Content/StarterContent/Materials/M_CobbleStone_Rough.uasset" to "../../../../../../Users/Home/Documents/underUmbrella/UnderUmbrella/Content/StarterContent/Materials/M_CobbleStone_Rough.uasset"
[2015.12.31-16.35.46:347][  0]LogPackFactory: Copied "../../../Samples/StarterContent/Content/StarterContent/Materials/M_CobbleStone_Smooth.uasset" to "../../../../../../Users/Home/Documents/underUmbrella/UnderUmbrella/Content/StarterContent/Materials/M_CobbleStone_Smooth.uasset"
[2015.12.31-16.35.46:353][  0]LogPackFactory: Copied "../../../Samples/StarterContent/Content/StarterContent/Materials/M_ColorGrid_LowSpec.uasset" to "../../../../../../Users/Home/Documents/underUmbrella/UnderUmbrella/Content/StarterContent/Materials/M_ColorGrid_LowSpec.uasset"
[2015.12.31-16.35.46:359][  0]LogPackFactory: Copied "../../../Samples/StarterContent/Content/StarterContent/Materials/M_Concrete_Grime.uasset" to "../../../../../../Users/Home/Documents/underUmbrella/UnderUmbrella/Content/StarterContent/Materials/M_Concrete_Grime.uasset"
[2015.12.31-16.35.46:394][  0]LogPackFactory: Copied "../../../Samples/StarterContent/Content/StarterContent/Materials/M_Concrete_Panels.uasset" to "../../../../../../Users/Home/Documents/underUmbrella/UnderUmbrella/Content/StarterContent/Materials/M_Concrete_Panels.uasset"
[2015.12.31-16.35.46:400][  0]LogPackFactory: Copied "../../../Samples/StarterContent/Content/StarterContent/Materials/M_Concrete_Poured.uasset" to "../../../../../../Users/Home/Documents/underUmbrella/UnderUmbrella/Content/StarterContent/Materials/M_Concrete_Poured.uasset"
[2015.12.31-16.35.46:408][  0]LogPackFactory: Copied "../../../Samples/StarterContent/Content/StarterContent/Materials/M_Concrete_Tiles.uasset" to "../../../../../../Users/Home/Documents/underUmbrella/UnderUmbrella/Content/StarterContent/Materials/M_Concrete_Tiles.uasset"
[2015.12.31-16.35.46:414][  0]LogPackFactory: Copied "../../../Samples/StarterContent/Content/StarterContent/Materials/M_Glass.uasset" to "../../../../../../Users/Home/Documents/underUmbrella/UnderUmbrella/Content/StarterContent/Materials/M_Glass.uasset"
[2015.12.31-16.35.46:430][  0]LogPackFactory: Copied "../../../Samples/StarterContent/Content/StarterContent/Materials/M_Ground_Grass.uasset" to "../../../../../../Users/Home/Documents/underUmbrella/UnderUmbrella/Content/StarterContent/Materials/M_Ground_Grass.uasset"
[2015.12.31-16.35.46:436][  0]LogPackFactory: Copied "../../../Samples/StarterContent/Content/StarterContent/Materials/M_Ground_Gravel.uasset" to "../../../../../../Users/Home/Documents/underUmbrella/UnderUmbrella/Content/StarterContent/Materials/M_Ground_Gravel.uasset"
[2015.12.31-16.35.46:450][  0]LogPackFactory: Copied "../../../Samples/StarterContent/Content/StarterContent/Materials/M_Ground_Moss.uasset" to "../../../../../../Users/Home/Documents/underUmbrella/UnderUmbrella/Content/StarterContent/Materials/M_Ground_Moss.uasset"
[2015.12.31-16.35.46:456][  0]LogPackFactory: Copied "../../../Samples/StarterContent/Content/StarterContent/Materials/M_Metal_Brushed_Nickel.uasset" to "../../../../../../Users/Home/Documents/underUmbrella/UnderUmbrella/Content/StarterContent/Materials/M_Metal_Brushed_Nickel.uasset"
[2015.12.31-16.35.46:468][  0]LogPackFactory: Copied "../../../Samples/StarterContent/Content/StarterContent/Materials/M_Metal_Burnished_Steel.uasset" to "../../../../../../Users/Home/Documents/underUmbrella/UnderUmbrella/Content/StarterContent/Materials/M_Metal_Burnished_Steel.uasset"
[2015.12.31-16.35.46:486][  0]LogPackFactory: Copied "../../../Samples/StarterContent/Content/StarterContent/Materials/M_Metal_Chrome.uasset" to "../../../../../../Users/Home/Documents/underUmbrella/UnderUmbrella/Content/StarterContent/Materials/M_Metal_Chrome.uasset"
[2015.12.31-16.35.46:511][  0]LogPackFactory: Copied "../../../Samples/StarterContent/Content/StarterContent/Materials/M_Metal_Copper.uasset" to "../../../../../../Users/Home/Documents/underUmbrella/UnderUmbrella/Content/StarterContent/Materials/M_Metal_Copper.uasset"
[2015.12.31-16.35.46:517][  0]LogPackFactory: Copied "../../../Samples/StarterContent/Content/StarterContent/Materials/M_Metal_Gold.uasset" to "../../../../../../Users/Home/Documents/underUmbrella/UnderUmbrella/Content/StarterContent/Materials/M_Metal_Gold.uasset"
[2015.12.31-16.35.46:523][  0]LogPackFactory: Copied "../../../Samples/StarterContent/Content/StarterContent/Materials/M_Metal_Rust.uasset" to "../../../../../../Users/Home/Documents/underUmbrella/UnderUmbrella/Content/StarterContent/Materials/M_Metal_Rust.uasset"
[2015.12.31-16.35.46:545][  0]LogPackFactory: Copied "../../../Samples/StarterContent/Content/StarterContent/Materials/M_Metal_Steel.uasset" to "../../../../../../Users/Home/Documents/underUmbrella/UnderUmbrella/Content/StarterContent/Materials/M_Metal_Steel.uasset"
[2015.12.31-16.35.46:551][  0]LogPackFactory: Copied "../../../Samples/StarterContent/Content/StarterContent/Materials/M_Rock_Basalt.uasset" to "../../../../../../Users/Home/Documents/underUmbrella/UnderUmbrella/Content/StarterContent/Materials/M_Rock_Basalt.uasset"
[2015.12.31-16.35.46:588][  0]LogPackFactory: Copied "../../../Samples/StarterContent/Content/StarterContent/Materials/M_Rock_Marble_Polished.uasset" to "../../../../../../Users/Home/Documents/underUmbrella/UnderUmbrella/Content/StarterContent/Materials/M_Rock_Marble_Polished.uasset"
[2015.12.31-16.35.46:602][  0]LogPackFactory: Copied "../../../Samples/StarterContent/Content/StarterContent/Materials/M_Rock_Sandstone.uasset" to "../../../../../../Users/Home/Documents/underUmbrella/UnderUmbrella/Content/StarterContent/Materials/M_Rock_Sandstone.uasset"
[2015.12.31-16.35.46:610][  0]LogPackFactory: Copied "../../../Samples/StarterContent/Content/StarterContent/Materials/M_Rock_Slate.uasset" to "../../../../../../Users/Home/Documents/underUmbrella/UnderUmbrella/Content/StarterContent/Materials/M_Rock_Slate.uasset"
[2015.12.31-16.35.46:616][  0]LogPackFactory: Copied "../../../Samples/StarterContent/Content/StarterContent/Materials/M_Tech_Checker_Dot.uasset" to "../../../../../../Users/Home/Documents/underUmbrella/UnderUmbrella/Content/StarterContent/Materials/M_Tech_Checker_Dot.uasset"
[2015.12.31-16.35.46:623][  0]LogPackFactory: Copied "../../../Samples/StarterContent/Content/StarterContent/Materials/M_Tech_Hex_Tile.uasset" to "../../../../../../Users/Home/Documents/underUmbrella/UnderUmbrella/Content/StarterContent/Materials/M_Tech_Hex_Tile.uasset"
[2015.12.31-16.35.46:635][  0]LogPackFactory: Copied "../../../Samples/StarterContent/Content/StarterContent/Materials/M_Tech_Hex_Tile_Pulse.uasset" to "../../../../../../Users/Home/Documents/underUmbrella/UnderUmbrella/Content/StarterContent/Materials/M_Tech_Hex_Tile_Pulse.uasset"
[2015.12.31-16.35.46:658][  0]LogPackFactory: Copied "../../../Samples/StarterContent/Content/StarterContent/Materials/M_Tech_Panel.uasset" to "../../../../../../Users/Home/Documents/underUmbrella/UnderUmbrella/Content/StarterContent/Materials/M_Tech_Panel.uasset"
[2015.12.31-16.35.46:663][  0]LogPackFactory: Copied "../../../Samples/StarterContent/Content/StarterContent/Materials/M_Water_Lake.uasset" to "../../../../../../Users/Home/Documents/underUmbrella/UnderUmbrella/Content/StarterContent/Materials/M_Water_Lake.uasset"
[2015.12.31-16.35.46:684][  0]LogPackFactory: Copied "../../../Samples/StarterContent/Content/StarterContent/Materials/M_Water_Ocean.uasset" to "../../../../../../Users/Home/Documents/underUmbrella/UnderUmbrella/Content/StarterContent/Materials/M_Water_Ocean.uasset"
[2015.12.31-16.35.46:701][  0]LogPackFactory: Copied "../../../Samples/StarterContent/Content/StarterContent/Materials/M_Wood_Floor_Walnut_Polished.uasset" to "../../../../../../Users/Home/Documents/underUmbrella/UnderUmbrella/Content/StarterContent/Materials/M_Wood_Floor_Walnut_Polished.uasset"
[2015.12.31-16.35.46:707][  0]LogPackFactory: Copied "../../../Samples/StarterContent/Content/StarterContent/Materials/M_Wood_Floor_Walnut_Worn.uasset" to "../../../../../../Users/Home/Documents/underUmbrella/UnderUmbrella/Content/StarterContent/Materials/M_Wood_Floor_Walnut_Worn.uasset"
[2015.12.31-16.35.46:714][  0]LogPackFactory: Copied "../../../Samples/StarterContent/Content/StarterContent/Materials/M_Wood_Oak.uasset" to "../../../../../../Users/Home/Documents/underUmbrella/UnderUmbrella/Content/StarterContent/Materials/M_Wood_Oak.uasset"
[2015.12.31-16.35.46:720][  0]LogPackFactory: Copied "../../../Samples/StarterContent/Content/StarterContent/Materials/M_Wood_Pine.uasset" to "../../../../../../Users/Home/Documents/underUmbrella/UnderUmbrella/Content/StarterContent/Materials/M_Wood_Pine.uasset"
[2015.12.31-16.35.46:735][  0]LogPackFactory: Copied "../../../Samples/StarterContent/Content/StarterContent/Materials/M_Wood_Walnut.uasset" to "../../../../../../Users/Home/Documents/underUmbrella/UnderUmbrella/Content/StarterContent/Materials/M_Wood_Walnut.uasset"
[2015.12.31-16.35.46:758][  0]LogPackFactory: Copied "../../../Samples/StarterContent/Content/StarterContent/Particles/P_Ambient_Dust.uasset" to "../../../../../../Users/Home/Documents/underUmbrella/UnderUmbrella/Content/StarterContent/Particles/P_Ambient_Dust.uasset"
[2015.12.31-16.35.46:765][  0]LogPackFactory: Copied "../../../Samples/StarterContent/Content/StarterContent/Particles/P_Explosion.uasset" to "../../../../../../Users/Home/Documents/underUmbrella/UnderUmbrella/Content/StarterContent/Particles/P_Explosion.uasset"
[2015.12.31-16.35.46:772][  0]LogPackFactory: Copied "../../../Samples/StarterContent/Content/StarterContent/Particles/P_Fire.uasset" to "../../../../../../Users/Home/Documents/underUmbrella/UnderUmbrella/Content/StarterContent/Particles/P_Fire.uasset"
[2015.12.31-16.35.46:778][  0]LogPackFactory: Copied "../../../Samples/StarterContent/Content/StarterContent/Particles/P_Smoke.uasset" to "../../../../../../Users/Home/Documents/underUmbrella/UnderUmbrella/Content/StarterContent/Particles/P_Smoke.uasset"
[2015.12.31-16.35.46:794][  0]LogPackFactory: Copied "../../../Samples/StarterContent/Content/StarterContent/Particles/P_Sparks.uasset" to "../../../../../../Users/Home/Documents/underUmbrella/UnderUmbrella/Content/StarterContent/Particles/P_Sparks.uasset"
[2015.12.31-16.35.46:801][  0]LogPackFactory: Copied "../../../Samples/StarterContent/Content/StarterContent/Particles/P_Steam_Lit.uasset" to "../../../../../../Users/Home/Documents/underUmbrella/UnderUmbrella/Content/StarterContent/Particles/P_Steam_Lit.uasset"
[2015.12.31-16.35.46:808][  0]LogPackFactory: Copied "../../../Samples/StarterContent/Content/StarterContent/Particles/Materials/M_Burst.uasset" to "../../../../../../Users/Home/Documents/underUmbrella/UnderUmbrella/Content/StarterContent/Particles/Materials/M_Burst.uasset"
[2015.12.31-16.35.46:814][  0]LogPackFactory: Copied "../../../Samples/StarterContent/Content/StarterContent/Particles/Materials/M_Dust_Particle.uasset" to "../../../../../../Users/Home/Documents/underUmbrella/UnderUmbrella/Content/StarterContent/Particles/Materials/M_Dust_Particle.uasset"
[2015.12.31-16.35.46:820][  0]LogPackFactory: Copied "../../../Samples/StarterContent/Content/StarterContent/Particles/Materials/M_explosion_subUV.uasset" to "../../../../../../Users/Home/Documents/underUmbrella/UnderUmbrella/Content/StarterContent/Particles/Materials/M_explosion_subUV.uasset"
[2015.12.31-16.35.46:826][  0]LogPackFactory: Copied "../../../Samples/StarterContent/Content/StarterContent/Particles/Materials/M_Fire_SubUV.uasset" to "../../../../../../Users/Home/Documents/underUmbrella/UnderUmbrella/Content/StarterContent/Particles/Materials/M_Fire_SubUV.uasset"
[2015.12.31-16.35.46:831][  0]LogPackFactory: Copied "../../../Samples/StarterContent/Content/StarterContent/Particles/Materials/m_flare_01.uasset" to "../../../../../../Users/Home/Documents/underUmbrella/UnderUmbrella/Content/StarterContent/Particles/Materials/m_flare_01.uasset"
[2015.12.31-16.35.46:837][  0]LogPackFactory: Copied "../../../Samples/StarterContent/Content/StarterContent/Particles/Materials/M_Heat_Distortion.uasset" to "../../../../../../Users/Home/Documents/underUmbrella/UnderUmbrella/Content/StarterContent/Particles/Materials/M_Heat_Distortion.uasset"
[2015.12.31-16.35.46:858][  0]LogPackFactory: Copied "../../../Samples/StarterContent/Content/StarterContent/Particles/Materials/M_Radial_Gradient.uasset" to "../../../../../../Users/Home/Documents/underUmbrella/UnderUmbrella/Content/StarterContent/Particles/Materials/M_Radial_Gradient.uasset"
[2015.12.31-16.35.46:866][  0]LogPackFactory: Copied "../../../Samples/StarterContent/Content/StarterContent/Particles/Materials/M_radial_ramp.uasset" to "../../../../../../Users/Home/Documents/underUmbrella/UnderUmbrella/Content/StarterContent/Particles/Materials/M_radial_ramp.uasset"
[2015.12.31-16.35.46:872][  0]LogPackFactory: Copied "../../../Samples/StarterContent/Content/StarterContent/Particles/Materials/M_smoke_subUV.uasset" to "../../../../../../Users/Home/Documents/underUmbrella/UnderUmbrella/Content/StarterContent/Particles/Materials/M_smoke_subUV.uasset"
[2015.12.31-16.35.46:878][  0]LogPackFactory: Copied "../../../Samples/StarterContent/Content/StarterContent/Particles/Materials/M_Spark.uasset" to "../../../../../../Users/Home/Documents/underUmbrella/UnderUmbrella/Content/StarterContent/Particles/Materials/M_Spark.uasset"
[2015.12.31-16.35.46:904][  0]LogPackFactory: Copied "../../../Samples/StarterContent/Content/StarterContent/Props/MaterialSphere.uasset" to "../../../../../../Users/Home/Documents/underUmbrella/UnderUmbrella/Content/StarterContent/Props/MaterialSphere.uasset"
[2015.12.31-16.35.46:913][  0]LogPackFactory: Copied "../../../Samples/StarterContent/Content/StarterContent/Props/SM_Bush.uasset" to "../../../../../../Users/Home/Documents/underUmbrella/UnderUmbrella/Content/StarterContent/Props/SM_Bush.uasset"
[2015.12.31-16.35.46:920][  0]LogPackFactory: Copied "../../../Samples/StarterContent/Content/StarterContent/Props/SM_Chair.uasset" to "../../../../../../Users/Home/Documents/underUmbrella/UnderUmbrella/Content/StarterContent/Props/SM_Chair.uasset"
[2015.12.31-16.35.46:927][  0]LogPackFactory: Copied "../../../Samples/StarterContent/Content/StarterContent/Props/SM_CornerFrame.uasset" to "../../../../../../Users/Home/Documents/underUmbrella/UnderUmbrella/Content/StarterContent/Props/SM_CornerFrame.uasset"
[2015.12.31-16.35.46:934][  0]LogPackFactory: Copied "../../../Samples/StarterContent/Content/StarterContent/Props/SM_Couch.uasset" to "../../../../../../Users/Home/Documents/underUmbrella/UnderUmbrella/Content/StarterContent/Props/SM_Couch.uasset"
[2015.12.31-16.35.46:954][  0]LogPackFactory: Copied "../../../Samples/StarterContent/Content/StarterContent/Props/SM_Door.uasset" to "../../../../../../Users/Home/Documents/underUmbrella/UnderUmbrella/Content/StarterContent/Props/SM_Door.uasset"
[2015.12.31-16.35.46:973][  0]LogPackFactory: Copied "../../../Samples/StarterContent/Content/StarterContent/Props/SM_DoorFrame.uasset" to "../../../../../../Users/Home/Documents/underUmbrella/UnderUmbrella/Content/StarterContent/Props/SM_DoorFrame.uasset"
[2015.12.31-16.35.46:983][  0]LogPackFactory: Copied "../../../Samples/StarterContent/Content/StarterContent/Props/SM_GlassWindow.uasset" to "../../../../../../Users/Home/Documents/underUmbrella/UnderUmbrella/Content/StarterContent/Props/SM_GlassWindow.uasset"
[2015.12.31-16.35.46:997][  0]LogPackFactory: Copied "../../../Samples/StarterContent/Content/StarterContent/Props/SM_Lamp_Ceiling.uasset" to "../../../../../../Users/Home/Documents/underUmbrella/UnderUmbrella/Content/StarterContent/Props/SM_Lamp_Ceiling.uasset"
[2015.12.31-16.35.47:030][  0]LogPackFactory: Copied "../../../Samples/StarterContent/Content/StarterContent/Props/SM_Lamp_Wall.uasset" to "../../../../../../Users/Home/Documents/underUmbrella/UnderUmbrella/Content/StarterContent/Props/SM_Lamp_Wall.uasset"
[2015.12.31-16.35.47:093][  0]LogPackFactory: Copied "../../../Samples/StarterContent/Content/StarterContent/Props/SM_MatPreviewMesh_02.uasset" to "../../../../../../Users/Home/Documents/underUmbrella/UnderUmbrella/Content/StarterContent/Props/SM_MatPreviewMesh_02.uasset"
[2015.12.31-16.35.47:111][  0]LogPackFactory: Copied "../../../Samples/StarterContent/Content/StarterContent/Props/SM_PillarFrame.uasset" to "../../../../../../Users/Home/Documents/underUmbrella/UnderUmbrella/Content/StarterContent/Props/SM_PillarFrame.uasset"
[2015.12.31-16.35.47:117][  0]LogPackFactory: Copied "../../../Samples/StarterContent/Content/StarterContent/Props/SM_PillarFrame300.uasset" to "../../../../../../Users/Home/Documents/underUmbrella/UnderUmbrella/Content/StarterContent/Props/SM_PillarFrame300.uasset"
[2015.12.31-16.35.47:131][  0]LogPackFactory: Copied "../../../Samples/StarterContent/Content/StarterContent/Props/SM_Rock.uasset" to "../../../../../../Users/Home/Documents/underUmbrella/UnderUmbrella/Content/StarterContent/Props/SM_Rock.uasset"
[2015.12.31-16.35.47:138][  0]LogPackFactory: Copied "../../../Samples/StarterContent/Content/StarterContent/Props/SM_Shelf.uasset" to "../../../../../../Users/Home/Documents/underUmbrella/UnderUmbrella/Content/StarterContent/Props/SM_Shelf.uasset"
[2015.12.31-16.35.47:144][  0]LogPackFactory: Copied "../../../Samples/StarterContent/Content/StarterContent/Props/SM_Stairs.uasset" to "../../../../../../Users/Home/Documents/underUmbrella/UnderUmbrella/Content/StarterContent/Props/SM_Stairs.uasset"
[2015.12.31-16.35.47:160][  0]LogPackFactory: Copied "../../../Samples/StarterContent/Content/StarterContent/Props/SM_Statue.uasset" to "../../../../../../Users/Home/Documents/underUmbrella/UnderUmbrella/Content/StarterContent/Props/SM_Statue.uasset"
[2015.12.31-16.35.47:167][  0]LogPackFactory: Copied "../../../Samples/StarterContent/Content/StarterContent/Props/SM_TableRound.uasset" to "../../../../../../Users/Home/Documents/underUmbrella/UnderUmbrella/Content/StarterContent/Props/SM_TableRound.uasset"
[2015.12.31-16.35.47:173][  0]LogPackFactory: Copied "../../../Samples/StarterContent/Content/StarterContent/Props/SM_WindowFrame.uasset" to "../../../../../../Users/Home/Documents/underUmbrella/UnderUmbrella/Content/StarterContent/Props/SM_WindowFrame.uasset"
[2015.12.31-16.35.47:184][  0]LogPackFactory: Copied "../../../Samples/StarterContent/Content/StarterContent/Props/Materials/M_Bush.uasset" to "../../../../../../Users/Home/Documents/underUmbrella/UnderUmbrella/Content/StarterContent/Props/Materials/M_Bush.uasset"
[2015.12.31-16.35.47:196][  0]LogPackFactory: Copied "../../../Samples/StarterContent/Content/StarterContent/Props/Materials/M_Chair.uasset" to "../../../../../../Users/Home/Documents/underUmbrella/UnderUmbrella/Content/StarterContent/Props/Materials/M_Chair.uasset"
[2015.12.31-16.35.47:202][  0]LogPackFactory: Copied "../../../Samples/StarterContent/Content/StarterContent/Props/Materials/M_Door.uasset" to "../../../../../../Users/Home/Documents/underUmbrella/UnderUmbrella/Content/StarterContent/Props/Materials/M_Door.uasset"
[2015.12.31-16.35.47:208][  0]LogPackFactory: Copied "../../../Samples/StarterContent/Content/StarterContent/Props/Materials/M_Frame.uasset" to "../../../../../../Users/Home/Documents/underUmbrella/UnderUmbrella/Content/StarterContent/Props/Materials/M_Frame.uasset"
[2015.12.31-16.35.47:214][  0]LogPackFactory: Copied "../../../Samples/StarterContent/Content/StarterContent/Props/Materials/M_Lamp.uasset" to "../../../../../../Users/Home/Documents/underUmbrella/UnderUmbrella/Content/StarterContent/Props/Materials/M_Lamp.uasset"
[2015.12.31-16.35.47:220][  0]LogPackFactory: Copied "../../../Samples/StarterContent/Content/StarterContent/Props/Materials/M_MaterialSphere.uasset" to "../../../../../../Users/Home/Documents/underUmbrella/UnderUmbrella/Content/StarterContent/Props/Materials/M_MaterialSphere.uasset"
[2015.12.31-16.35.47:225][  0]LogPackFactory: Copied "../../../Samples/StarterContent/Content/StarterContent/Props/Materials/M_MaterialSphere_Plain.uasset" to "../../../../../../Users/Home/Documents/underUmbrella/UnderUmbrella/Content/StarterContent/Props/Materials/M_MaterialSphere_Plain.uasset"
[2015.12.31-16.35.47:231][  0]LogPackFactory: Copied "../../../Samples/StarterContent/Content/StarterContent/Props/Materials/M_Rock.uasset" to "../../../../../../Users/Home/Documents/underUmbrella/UnderUmbrella/Content/StarterContent/Props/Materials/M_Rock.uasset"
[2015.12.31-16.35.47:249][  0]LogPackFactory: Copied "../../../Samples/StarterContent/Content/StarterContent/Props/Materials/M_Shelf.uasset" to "../../../../../../Users/Home/Documents/underUmbrella/UnderUmbrella/Content/StarterContent/Props/Materials/M_Shelf.uasset"
[2015.12.31-16.35.47:293][  0]LogPackFactory: Copied "../../../Samples/StarterContent/Content/StarterContent/Props/Materials/M_Statue.uasset" to "../../../../../../Users/Home/Documents/underUmbrella/UnderUmbrella/Content/StarterContent/Props/Materials/M_Statue.uasset"
[2015.12.31-16.35.47:323][  0]LogPackFactory: Copied "../../../Samples/StarterContent/Content/StarterContent/Props/Materials/M_StatueGlass.uasset" to "../../../../../../Users/Home/Documents/underUmbrella/UnderUmbrella/Content/StarterContent/Props/Materials/M_StatueGlass.uasset"
[2015.12.31-16.35.47:335][  0]LogPackFactory: Copied "../../../Samples/StarterContent/Content/StarterContent/Props/Materials/M_TableRound.uasset" to "../../../../../../Users/Home/Documents/underUmbrella/UnderUmbrella/Content/StarterContent/Props/Materials/M_TableRound.uasset"
[2015.12.31-16.35.47:351][  0]LogPackFactory: Copied "../../../Samples/StarterContent/Content/StarterContent/Shapes/Shape_Cone.uasset" to "../../../../../../Users/Home/Documents/underUmbrella/UnderUmbrella/Content/StarterContent/Shapes/Shape_Cone.uasset"
[2015.12.31-16.35.47:376][  0]LogPackFactory: Copied "../../../Samples/StarterContent/Content/StarterContent/Shapes/Shape_Cube.uasset" to "../../../../../../Users/Home/Documents/underUmbrella/UnderUmbrella/Content/StarterContent/Shapes/Shape_Cube.uasset"
[2015.12.31-16.35.47:382][  0]LogPackFactory: Copied "../../../Samples/StarterContent/Content/StarterContent/Shapes/Shape_Cylinder.uasset" to "../../../../../../Users/Home/Documents/underUmbrella/UnderUmbrella/Content/StarterContent/Shapes/Shape_Cylinder.uasset"
[2015.12.31-16.35.47:388][  0]LogPackFactory: Copied "../../../Samples/StarterContent/Content/StarterContent/Shapes/Shape_NarrowCapsule.uasset" to "../../../../../../Users/Home/Documents/underUmbrella/UnderUmbrella/Content/StarterContent/Shapes/Shape_NarrowCapsule.uasset"
[2015.12.31-16.35.47:406][  0]LogPackFactory: Copied "../../../Samples/StarterContent/Content/StarterContent/Shapes/Shape_Pipe.uasset" to "../../../../../../Users/Home/Documents/underUmbrella/UnderUmbrella/Content/StarterContent/Shapes/Shape_Pipe.uasset"
[2015.12.31-16.35.47:412][  0]LogPackFactory: Copied "../../../Samples/StarterContent/Content/StarterContent/Shapes/Shape_Pipe_180.uasset" to "../../../../../../Users/Home/Documents/underUmbrella/UnderUmbrella/Content/StarterContent/Shapes/Shape_Pipe_180.uasset"
[2015.12.31-16.35.47:418][  0]LogPackFactory: Copied "../../../Samples/StarterContent/Content/StarterContent/Shapes/Shape_Pipe_90.uasset" to "../../../../../../Users/Home/Documents/underUmbrella/UnderUmbrella/Content/StarterContent/Shapes/Shape_Pipe_90.uasset"
[2015.12.31-16.35.47:424][  0]LogPackFactory: Copied "../../../Samples/StarterContent/Content/StarterContent/Shapes/Shape_Plane.uasset" to "../../../../../../Users/Home/Documents/underUmbrella/UnderUmbrella/Content/StarterContent/Shapes/Shape_Plane.uasset"
[2015.12.31-16.35.47:429][  0]LogPackFactory: Copied "../../../Samples/StarterContent/Content/StarterContent/Shapes/Shape_QuadPyramid.uasset" to "../../../../../../Users/Home/Documents/underUmbrella/UnderUmbrella/Content/StarterContent/Shapes/Shape_QuadPyramid.uasset"
[2015.12.31-16.35.47:435][  0]LogPackFactory: Copied "../../../Samples/StarterContent/Content/StarterContent/Shapes/Shape_Sphere.uasset" to "../../../../../../Users/Home/Documents/underUmbrella/UnderUmbrella/Content/StarterContent/Shapes/Shape_Sphere.uasset"
[2015.12.31-16.35.47:443][  0]LogPackFactory: Copied "../../../Samples/StarterContent/Content/StarterContent/Shapes/Shape_Torus.uasset" to "../../../../../../Users/Home/Documents/underUmbrella/UnderUmbrella/Content/StarterContent/Shapes/Shape_Torus.uasset"
[2015.12.31-16.35.47:447][  0]LogPackFactory: Copied "../../../Samples/StarterContent/Content/StarterContent/Shapes/Shape_Trim.uasset" to "../../../../../../Users/Home/Documents/underUmbrella/UnderUmbrella/Content/StarterContent/Shapes/Shape_Trim.uasset"
[2015.12.31-16.35.47:454][  0]LogPackFactory: Copied "../../../Samples/StarterContent/Content/StarterContent/Shapes/Shape_Trim_90_In.uasset" to "../../../../../../Users/Home/Documents/underUmbrella/UnderUmbrella/Content/StarterContent/Shapes/Shape_Trim_90_In.uasset"
[2015.12.31-16.35.47:460][  0]LogPackFactory: Copied "../../../Samples/StarterContent/Content/StarterContent/Shapes/Shape_Trim_90_Out.uasset" to "../../../../../../Users/Home/Documents/underUmbrella/UnderUmbrella/Content/StarterContent/Shapes/Shape_Trim_90_Out.uasset"
[2015.12.31-16.35.47:466][  0]LogPackFactory: Copied "../../../Samples/StarterContent/Content/StarterContent/Shapes/Shape_TriPyramid.uasset" to "../../../../../../Users/Home/Documents/underUmbrella/UnderUmbrella/Content/StarterContent/Shapes/Shape_TriPyramid.uasset"
[2015.12.31-16.35.47:472][  0]LogPackFactory: Copied "../../../Samples/StarterContent/Content/StarterContent/Shapes/Shape_Tube.uasset" to "../../../../../../Users/Home/Documents/underUmbrella/UnderUmbrella/Content/StarterContent/Shapes/Shape_Tube.uasset"
[2015.12.31-16.35.47:478][  0]LogPackFactory: Copied "../../../Samples/StarterContent/Content/StarterContent/Shapes/Shape_Wedge_A.uasset" to "../../../../../../Users/Home/Documents/underUmbrella/UnderUmbrella/Content/StarterContent/Shapes/Shape_Wedge_A.uasset"
[2015.12.31-16.35.47:483][  0]LogPackFactory: Copied "../../../Samples/StarterContent/Content/StarterContent/Shapes/Shape_Wedge_B.uasset" to "../../../../../../Users/Home/Documents/underUmbrella/UnderUmbrella/Content/StarterContent/Shapes/Shape_Wedge_B.uasset"
[2015.12.31-16.35.47:500][  0]LogPackFactory: Copied "../../../Samples/StarterContent/Content/StarterContent/Shapes/Shape_WideCapsule.uasset" to "../../../../../../Users/Home/Documents/underUmbrella/UnderUmbrella/Content/StarterContent/Shapes/Shape_WideCapsule.uasset"
[2015.12.31-16.35.47:603][  0]LogPackFactory: Copied "../../../Samples/StarterContent/Content/StarterContent/Textures/T_Brick_Clay_Beveled_D.uasset" to "../../../../../../Users/Home/Documents/underUmbrella/UnderUmbrella/Content/StarterContent/Textures/T_Brick_Clay_Beveled_D.uasset"
[2015.12.31-16.35.47:720][  0]LogPackFactory: Copied "../../../Samples/StarterContent/Content/StarterContent/Textures/T_Brick_Clay_Beveled_M.uasset" to "../../../../../../Users/Home/Documents/underUmbrella/UnderUmbrella/Content/StarterContent/Textures/T_Brick_Clay_Beveled_M.uasset"
[2015.12.31-16.35.47:850][  0]LogPackFactory: Copied "../../../Samples/StarterContent/Content/StarterContent/Textures/T_Brick_Clay_Beveled_N.uasset" to "../../../../../../Users/Home/Documents/underUmbrella/UnderUmbrella/Content/StarterContent/Textures/T_Brick_Clay_Beveled_N.uasset"
[2015.12.31-16.35.47:935][  0]LogPackFactory: Copied "../../../Samples/StarterContent/Content/StarterContent/Textures/T_Brick_Clay_New_D.uasset" to "../../../../../../Users/Home/Documents/underUmbrella/UnderUmbrella/Content/StarterContent/Textures/T_Brick_Clay_New_D.uasset"
[2015.12.31-16.35.48:043][  0]LogPackFactory: Copied "../../../Samples/StarterContent/Content/StarterContent/Textures/T_Brick_Clay_New_M.uasset" to "../../../../../../Users/Home/Documents/underUmbrella/UnderUmbrella/Content/StarterContent/Textures/T_Brick_Clay_New_M.uasset"
[2015.12.31-16.35.48:624][  0]LogPackFactory: Copied "../../../Samples/StarterContent/Content/StarterContent/Textures/T_Brick_Clay_New_N.uasset" to "../../../../../../Users/Home/Documents/underUmbrella/UnderUmbrella/Content/StarterContent/Textures/T_Brick_Clay_New_N.uasset"
[2015.12.31-16.35.48:949][  0]LogPackFactory: Copied "../../../Samples/StarterContent/Content/StarterContent/Textures/T_Brick_Clay_Old_D.uasset" to "../../../../../../Users/Home/Documents/underUmbrella/UnderUmbrella/Content/StarterContent/Textures/T_Brick_Clay_Old_D.uasset"
[2015.12.31-16.35.49:081][  0]LogPackFactory: Copied "../../../Samples/StarterContent/Content/StarterContent/Textures/T_Brick_Clay_Old_N.uasset" to "../../../../../../Users/Home/Documents/underUmbrella/UnderUmbrella/Content/StarterContent/Textures/T_Brick_Clay_Old_N.uasset"
[2015.12.31-16.35.49:248][  0]LogPackFactory: Copied "../../../Samples/StarterContent/Content/StarterContent/Textures/T_Brick_Cut_Stone_D.uasset" to "../../../../../../Users/Home/Documents/underUmbrella/UnderUmbrella/Content/StarterContent/Textures/T_Brick_Cut_Stone_D.uasset"
[2015.12.31-16.35.49:343][  0]LogPackFactory: Copied "../../../Samples/StarterContent/Content/StarterContent/Textures/T_Brick_Cut_Stone_N.uasset" to "../../../../../../Users/Home/Documents/underUmbrella/UnderUmbrella/Content/StarterContent/Textures/T_Brick_Cut_Stone_N.uasset"
[2015.12.31-16.35.49:447][  0]LogPackFactory: Copied "../../../Samples/StarterContent/Content/StarterContent/Textures/T_Brick_Hewn_Stone_D.uasset" to "../../../../../../Users/Home/Documents/underUmbrella/UnderUmbrella/Content/StarterContent/Textures/T_Brick_Hewn_Stone_D.uasset"
[2015.12.31-16.35.49:536][  0]LogPackFactory: Copied "../../../Samples/StarterContent/Content/StarterContent/Textures/T_Brick_Hewn_Stone_M.uasset" to "../../../../../../Users/Home/Documents/underUmbrella/UnderUmbrella/Content/StarterContent/Textures/T_Brick_Hewn_Stone_M.uasset"
[2015.12.31-16.35.49:690][  0]LogPackFactory: Copied "../../../Samples/StarterContent/Content/StarterContent/Textures/T_Brick_Hewn_Stone_N.uasset" to "../../../../../../Users/Home/Documents/underUmbrella/UnderUmbrella/Content/StarterContent/Textures/T_Brick_Hewn_Stone_N.uasset"
[2015.12.31-16.35.49:755][  0]LogPackFactory: Copied "../../../Samples/StarterContent/Content/StarterContent/Textures/T_Burst_M.uasset" to "../../../../../../Users/Home/Documents/underUmbrella/UnderUmbrella/Content/StarterContent/Textures/T_Burst_M.uasset"
[2015.12.31-16.35.49:795][  0]LogPackFactory: Copied "../../../Samples/StarterContent/Content/StarterContent/Textures/T_Bush_D.uasset" to "../../../../../../Users/Home/Documents/underUmbrella/UnderUmbrella/Content/StarterContent/Textures/T_Bush_D.uasset"
[2015.12.31-16.35.49:879][  0]LogPackFactory: Copied "../../../Samples/StarterContent/Content/StarterContent/Textures/T_Bush_N.uasset" to "../../../../../../Users/Home/Documents/underUmbrella/UnderUmbrella/Content/StarterContent/Textures/T_Bush_N.uasset"
[2015.12.31-16.35.50:049][  0]LogPackFactory: Copied "../../../Samples/StarterContent/Content/StarterContent/Textures/T_Ceramic_Tile_M.uasset" to "../../../../../../Users/Home/Documents/underUmbrella/UnderUmbrella/Content/StarterContent/Textures/T_Ceramic_Tile_M.uasset"
[2015.12.31-16.35.50:119][  0]LogPackFactory: Copied "../../../Samples/StarterContent/Content/StarterContent/Textures/T_Ceramic_Tile_N.uasset" to "../../../../../../Users/Home/Documents/underUmbrella/UnderUmbrella/Content/StarterContent/Textures/T_Ceramic_Tile_N.uasset"
[2015.12.31-16.35.50:188][  0]LogPackFactory: Copied "../../../Samples/StarterContent/Content/StarterContent/Textures/T_Chair_M.uasset" to "../../../../../../Users/Home/Documents/underUmbrella/UnderUmbrella/Content/StarterContent/Textures/T_Chair_M.uasset"
[2015.12.31-16.35.50:287][  0]LogPackFactory: Copied "../../../Samples/StarterContent/Content/StarterContent/Textures/T_Chair_N.uasset" to "../../../../../../Users/Home/Documents/underUmbrella/UnderUmbrella/Content/StarterContent/Textures/T_Chair_N.uasset"
[2015.12.31-16.35.50:301][  0]LogPackFactory: Copied "../../../Samples/StarterContent/Content/StarterContent/Textures/T_Checker_Noise_M.uasset" to "../../../../../../Users/Home/Documents/underUmbrella/UnderUmbrella/Content/StarterContent/Textures/T_Checker_Noise_M.uasset"
[2015.12.31-16.35.50:446][  0]LogPackFactory: Copied "../../../Samples/StarterContent/Content/StarterContent/Textures/T_CobbleStone_Pebble_D.uasset" to "../../../../../../Users/Home/Documents/underUmbrella/UnderUmbrella/Content/StarterContent/Textures/T_CobbleStone_Pebble_D.uasset"
[2015.12.31-16.35.50:505][  0]LogPackFactory: Copied "../../../Samples/StarterContent/Content/StarterContent/Textures/T_CobbleStone_Pebble_M.uasset" to "../../../../../../Users/Home/Documents/underUmbrella/UnderUmbrella/Content/StarterContent/Textures/T_CobbleStone_Pebble_M.uasset"
[2015.12.31-16.35.50:658][  0]LogPackFactory: Copied "../../../Samples/StarterContent/Content/StarterContent/Textures/T_CobbleStone_Pebble_N.uasset" to "../../../../../../Users/Home/Documents/underUmbrella/UnderUmbrella/Content/StarterContent/Textures/T_CobbleStone_Pebble_N.uasset"
[2015.12.31-16.35.50:711][  0]LogPackFactory: Copied "../../../Samples/StarterContent/Content/StarterContent/Textures/T_CobbleStone_Rough_D.uasset" to "../../../../../../Users/Home/Documents/underUmbrella/UnderUmbrella/Content/StarterContent/Textures/T_CobbleStone_Rough_D.uasset"
[2015.12.31-16.35.50:771][  0]LogPackFactory: Copied "../../../Samples/StarterContent/Content/StarterContent/Textures/T_CobbleStone_Rough_N.uasset" to "../../../../../../Users/Home/Documents/underUmbrella/UnderUmbrella/Content/StarterContent/Textures/T_CobbleStone_Rough_N.uasset"
[2015.12.31-16.35.50:847][  0]LogPackFactory: Copied "../../../Samples/StarterContent/Content/StarterContent/Textures/T_CobbleStone_Smooth_D.uasset" to "../../../../../../Users/Home/Documents/underUmbrella/UnderUmbrella/Content/StarterContent/Textures/T_CobbleStone_Smooth_D.uasset"
[2015.12.31-16.35.50:914][  0]LogPackFactory: Copied "../../../Samples/StarterContent/Content/StarterContent/Textures/T_CobbleStone_Smooth_M.uasset" to "../../../../../../Users/Home/Documents/underUmbrella/UnderUmbrella/Content/StarterContent/Textures/T_CobbleStone_Smooth_M.uasset"
[2015.12.31-16.35.51:037][  0]LogPackFactory: Copied "../../../Samples/StarterContent/Content/StarterContent/Textures/T_CobbleStone_Smooth_N.uasset" to "../../../../../../Users/Home/Documents/underUmbrella/UnderUmbrella/Content/StarterContent/Textures/T_CobbleStone_Smooth_N.uasset"
[2015.12.31-16.35.51:205][  0]LogPackFactory: Copied "../../../Samples/StarterContent/Content/StarterContent/Textures/T_Concrete_Grime_D.uasset" to "../../../../../../Users/Home/Documents/underUmbrella/UnderUmbrella/Content/StarterContent/Textures/T_Concrete_Grime_D.uasset"
[2015.12.31-16.35.51:334][  0]LogPackFactory: Copied "../../../Samples/StarterContent/Content/StarterContent/Textures/T_Concrete_Panels_D.uasset" to "../../../../../../Users/Home/Documents/underUmbrella/UnderUmbrella/Content/StarterContent/Textures/T_Concrete_Panels_D.uasset"
[2015.12.31-16.35.51:446][  0]LogPackFactory: Copied "../../../Samples/StarterContent/Content/StarterContent/Textures/T_Concrete_Panels_N.uasset" to "../../../../../../Users/Home/Documents/underUmbrella/UnderUmbrella/Content/StarterContent/Textures/T_Concrete_Panels_N.uasset"
[2015.12.31-16.35.51:624][  0]LogPackFactory: Copied "../../../Samples/StarterContent/Content/StarterContent/Textures/T_Concrete_Poured_D.uasset" to "../../../../../../Users/Home/Documents/underUmbrella/UnderUmbrella/Content/StarterContent/Textures/T_Concrete_Poured_D.uasset"
[2015.12.31-16.35.51:819][  0]LogPackFactory: Copied "../../../Samples/StarterContent/Content/StarterContent/Textures/T_Concrete_Poured_N.uasset" to "../../../../../../Users/Home/Documents/underUmbrella/UnderUmbrella/Content/StarterContent/Textures/T_Concrete_Poured_N.uasset"
[2015.12.31-16.35.51:967][  0]LogPackFactory: Copied "../../../Samples/StarterContent/Content/StarterContent/Textures/T_Concrete_Tiles_D.uasset" to "../../../../../../Users/Home/Documents/underUmbrella/UnderUmbrella/Content/StarterContent/Textures/T_Concrete_Tiles_D.uasset"
[2015.12.31-16.35.52:102][  0]LogPackFactory: Copied "../../../Samples/StarterContent/Content/StarterContent/Textures/T_Concrete_Tiles_M.uasset" to "../../../../../../Users/Home/Documents/underUmbrella/UnderUmbrella/Content/StarterContent/Textures/T_Concrete_Tiles_M.uasset"
[2015.12.31-16.35.52:203][  0]LogPackFactory: Copied "../../../Samples/StarterContent/Content/StarterContent/Textures/T_Concrete_Tiles_N.uasset" to "../../../../../../Users/Home/Documents/underUmbrella/UnderUmbrella/Content/StarterContent/Textures/T_Concrete_Tiles_N.uasset"
[2015.12.31-16.35.52:219][  0]LogPackFactory: Copied "../../../Samples/StarterContent/Content/StarterContent/Textures/T_Concrete_Tiles_Variation_M.uasset" to "../../../../../../Users/Home/Documents/underUmbrella/UnderUmbrella/Content/StarterContent/Textures/T_Concrete_Tiles_Variation_M.uasset"
[2015.12.31-16.35.52:257][  0]LogPackFactory: Copied "../../../Samples/StarterContent/Content/StarterContent/Textures/T_Detail_Rocky_N.uasset" to "../../../../../../Users/Home/Documents/underUmbrella/UnderUmbrella/Content/StarterContent/Textures/T_Detail_Rocky_N.uasset"
[2015.12.31-16.35.52:296][  0]LogPackFactory: Copied "../../../Samples/StarterContent/Content/StarterContent/Textures/T_Door_M.uasset" to "../../../../../../Users/Home/Documents/underUmbrella/UnderUmbrella/Content/StarterContent/Textures/T_Door_M.uasset"
[2015.12.31-16.35.52:308][  0]LogPackFactory: Copied "../../../Samples/StarterContent/Content/StarterContent/Textures/T_Door_N.uasset" to "../../../../../../Users/Home/Documents/underUmbrella/UnderUmbrella/Content/StarterContent/Textures/T_Door_N.uasset"
[2015.12.31-16.35.52:325][  0]LogPackFactory: Copied "../../../Samples/StarterContent/Content/StarterContent/Textures/T_Dust_Particle_D.uasset" to "../../../../../../Users/Home/Documents/underUmbrella/UnderUmbrella/Content/StarterContent/Textures/T_Dust_Particle_D.uasset"
[2015.12.31-16.35.52:384][  0]LogPackFactory: Copied "../../../Samples/StarterContent/Content/StarterContent/Textures/T_Explosion_SubUV.uasset" to "../../../../../../Users/Home/Documents/underUmbrella/UnderUmbrella/Content/StarterContent/Textures/T_Explosion_SubUV.uasset"
[2015.12.31-16.35.52:400][  0]LogPackFactory: Copied "../../../Samples/StarterContent/Content/StarterContent/Textures/T_Fire_SubUV.uasset" to "../../../../../../Users/Home/Documents/underUmbrella/UnderUmbrella/Content/StarterContent/Textures/T_Fire_SubUV.uasset"
[2015.12.31-16.35.52:436][  0]LogPackFactory: Copied "../../../Samples/StarterContent/Content/StarterContent/Textures/T_Fire_Tiled_D.uasset" to "../../../../../../Users/Home/Documents/underUmbrella/UnderUmbrella/Content/StarterContent/Textures/T_Fire_Tiled_D.uasset"
[2015.12.31-16.35.52:531][  0]LogPackFactory: Copied "../../../Samples/StarterContent/Content/StarterContent/Textures/T_Frame_M.uasset" to "../../../../../../Users/Home/Documents/underUmbrella/UnderUmbrella/Content/StarterContent/Textures/T_Frame_M.uasset"
[2015.12.31-16.35.52:601][  0]LogPackFactory: Copied "../../../Samples/StarterContent/Content/StarterContent/Textures/T_Frame_N.uasset" to "../../../../../../Users/Home/Documents/underUmbrella/UnderUmbrella/Content/StarterContent/Textures/T_Frame_N.uasset"
[2015.12.31-16.35.52:733][  0]LogPackFactory: Copied "../../../Samples/StarterContent/Content/StarterContent/Textures/T_Gradinet_01.uasset" to "../../../../../../Users/Home/Documents/underUmbrella/UnderUmbrella/Content/StarterContent/Textures/T_Gradinet_01.uasset"
[2015.12.31-16.35.53:130][  0]LogPackFactory: Copied "../../../Samples/StarterContent/Content/StarterContent/Textures/T_Ground_Grass_D.uasset" to "../../../../../../Users/Home/Documents/underUmbrella/UnderUmbrella/Content/StarterContent/Textures/T_Ground_Grass_D.uasset"
[2015.12.31-16.35.53:265][  0]LogPackFactory: Copied "../../../Samples/StarterContent/Content/StarterContent/Textures/T_Ground_Grass_N.uasset" to "../../../../../../Users/Home/Documents/underUmbrella/UnderUmbrella/Content/StarterContent/Textures/T_Ground_Grass_N.uasset"
[2015.12.31-16.35.53:386][  0]LogPackFactory: Copied "../../../Samples/StarterContent/Content/StarterContent/Textures/T_Ground_Gravel_D.uasset" to "../../../../../../Users/Home/Documents/underUmbrella/UnderUmbrella/Content/StarterContent/Textures/T_Ground_Gravel_D.uasset"
[2015.12.31-16.35.53:473][  0]LogPackFactory: Copied "../../../Samples/StarterContent/Content/StarterContent/Textures/T_Ground_Gravel_N.uasset" to "../../../../../../Users/Home/Documents/underUmbrella/UnderUmbrella/Content/StarterContent/Textures/T_Ground_Gravel_N.uasset"
[2015.12.31-16.35.53:651][  0]LogPackFactory: Copied "../../../Samples/StarterContent/Content/StarterContent/Textures/T_ground_Moss_D.uasset" to "../../../../../../Users/Home/Documents/underUmbrella/UnderUmbrella/Content/StarterContent/Textures/T_ground_Moss_D.uasset"
[2015.12.31-16.35.54:218][  0]LogPackFactory: Copied "../../../Samples/StarterContent/Content/StarterContent/Textures/T_Ground_Moss_N.uasset" to "../../../../../../Users/Home/Documents/underUmbrella/UnderUmbrella/Content/StarterContent/Textures/T_Ground_Moss_N.uasset"
[2015.12.31-16.35.54:311][  0]LogPackFactory: Copied "../../../Samples/StarterContent/Content/StarterContent/Textures/T_Lamp_M.uasset" to "../../../../../../Users/Home/Documents/underUmbrella/UnderUmbrella/Content/StarterContent/Textures/T_Lamp_M.uasset"
[2015.12.31-16.35.54:447][  0]LogPackFactory: Copied "../../../Samples/StarterContent/Content/StarterContent/Textures/T_Lamp_N.uasset" to "../../../../../../Users/Home/Documents/underUmbrella/UnderUmbrella/Content/StarterContent/Textures/T_Lamp_N.uasset"
[2015.12.31-16.35.54:757][  0]LogPackFactory: Copied "../../../Samples/StarterContent/Content/StarterContent/Textures/T_MacroVariation.uasset" to "../../../../../../Users/Home/Documents/underUmbrella/UnderUmbrella/Content/StarterContent/Textures/T_MacroVariation.uasset"
[2015.12.31-16.35.55:134][  0]LogPackFactory: Copied "../../../Samples/StarterContent/Content/StarterContent/Textures/T_Metal_Aluminum_D.uasset" to "../../../../../../Users/Home/Documents/underUmbrella/UnderUmbrella/Content/StarterContent/Textures/T_Metal_Aluminum_D.uasset"
[2015.12.31-16.35.55:574][  0]LogPackFactory: Copied "../../../Samples/StarterContent/Content/StarterContent/Textures/T_Metal_Copper_D.uasset" to "../../../../../../Users/Home/Documents/underUmbrella/UnderUmbrella/Content/StarterContent/Textures/T_Metal_Copper_D.uasset"
[2015.12.31-16.35.55:681][  0]LogPackFactory: Copied "../../../Samples/StarterContent/Content/StarterContent/Textures/T_Metal_Gold_D.uasset" to "../../../../../../Users/Home/Documents/underUmbrella/UnderUmbrella/Content/StarterContent/Textures/T_Metal_Gold_D.uasset"
[2015.12.31-16.35.55:763][  0]LogPackFactory: Copied "../../../Samples/StarterContent/Content/StarterContent/Textures/T_Metal_Gold_N.uasset" to "../../../../../../Users/Home/Documents/underUmbrella/UnderUmbrella/Content/StarterContent/Textures/T_Metal_Gold_N.uasset"
[2015.12.31-16.35.55:916][  0]LogPackFactory: Copied "../../../Samples/StarterContent/Content/StarterContent/Textures/T_Metal_Rust_D.uasset" to "../../../../../../Users/Home/Documents/underUmbrella/UnderUmbrella/Content/StarterContent/Textures/T_Metal_Rust_D.uasset"
[2015.12.31-16.35.56:117][  0]LogPackFactory: Copied "../../../Samples/StarterContent/Content/StarterContent/Textures/T_Metal_Rust_N.uasset" to "../../../../../../Users/Home/Documents/underUmbrella/UnderUmbrella/Content/StarterContent/Textures/T_Metal_Rust_N.uasset"
[2015.12.31-16.35.56:181][  0]LogPackFactory: Copied "../../../Samples/StarterContent/Content/StarterContent/Textures/T_Metal_Steel_D.uasset" to "../../../../../../Users/Home/Documents/underUmbrella/UnderUmbrella/Content/StarterContent/Textures/T_Metal_Steel_D.uasset"
[2015.12.31-16.35.56:262][  0]LogPackFactory: Copied "../../../Samples/StarterContent/Content/StarterContent/Textures/T_Metal_Steel_N.uasset" to "../../../../../../Users/Home/Documents/underUmbrella/UnderUmbrella/Content/StarterContent/Textures/T_Metal_Steel_N.uasset"
[2015.12.31-16.35.56:357][  0]LogPackFactory: Copied "../../../Samples/StarterContent/Content/StarterContent/Textures/T_Perlin_Noise_M.uasset" to "../../../../../../Users/Home/Documents/underUmbrella/UnderUmbrella/Content/StarterContent/Textures/T_Perlin_Noise_M.uasset"
[2015.12.31-16.35.56:431][  0]LogPackFactory: Copied "../../../Samples/StarterContent/Content/StarterContent/Textures/T_RockMesh_M.uasset" to "../../../../../../Users/Home/Documents/underUmbrella/UnderUmbrella/Content/StarterContent/Textures/T_RockMesh_M.uasset"
[2015.12.31-16.35.56:486][  0]LogPackFactory: Copied "../../../Samples/StarterContent/Content/StarterContent/Textures/T_RockMesh_N.uasset" to "../../../../../../Users/Home/Documents/underUmbrella/UnderUmbrella/Content/StarterContent/Textures/T_RockMesh_N.uasset"
[2015.12.31-16.35.56:586][  0]LogPackFactory: Copied "../../../Samples/StarterContent/Content/StarterContent/Textures/T_Rock_Basalt_D.uasset" to "../../../../../../Users/Home/Documents/underUmbrella/UnderUmbrella/Content/StarterContent/Textures/T_Rock_Basalt_D.uasset"
[2015.12.31-16.35.56:856][  0]LogPackFactory: Copied "../../../Samples/StarterContent/Content/StarterContent/Textures/T_Rock_Basalt_N.uasset" to "../../../../../../Users/Home/Documents/underUmbrella/UnderUmbrella/Content/StarterContent/Textures/T_Rock_Basalt_N.uasset"
[2015.12.31-16.35.57:097][  0]LogPackFactory: Copied "../../../Samples/StarterContent/Content/StarterContent/Textures/T_Rock_Marble_Polished_D.uasset" to "../../../../../../Users/Home/Documents/underUmbrella/UnderUmbrella/Content/StarterContent/Textures/T_Rock_Marble_Polished_D.uasset"
[2015.12.31-16.35.57:241][  0]LogPackFactory: Copied "../../../Samples/StarterContent/Content/StarterContent/Textures/T_Rock_Sandstone_D.uasset" to "../../../../../../Users/Home/Documents/underUmbrella/UnderUmbrella/Content/StarterContent/Textures/T_Rock_Sandstone_D.uasset"
[2015.12.31-16.35.57:710][  0]LogPackFactory: Copied "../../../Samples/StarterContent/Content/StarterContent/Textures/T_Rock_Sandstone_N.uasset" to "../../../../../../Users/Home/Documents/underUmbrella/UnderUmbrella/Content/StarterContent/Textures/T_Rock_Sandstone_N.uasset"
[2015.12.31-16.35.57:848][  0]LogPackFactory: Copied "../../../Samples/StarterContent/Content/StarterContent/Textures/T_Rock_Slate_D.uasset" to "../../../../../../Users/Home/Documents/underUmbrella/UnderUmbrella/Content/StarterContent/Textures/T_Rock_Slate_D.uasset"
[2015.12.31-16.35.57:982][  0]LogPackFactory: Copied "../../../Samples/StarterContent/Content/StarterContent/Textures/T_Rock_Slate_N.uasset" to "../../../../../../Users/Home/Documents/underUmbrella/UnderUmbrella/Content/StarterContent/Textures/T_Rock_Slate_N.uasset"
[2015.12.31-16.35.58:179][  0]LogPackFactory: Copied "../../../Samples/StarterContent/Content/StarterContent/Textures/T_Rock_Smooth_Granite_D.uasset" to "../../../../../../Users/Home/Documents/underUmbrella/UnderUmbrella/Content/StarterContent/Textures/T_Rock_Smooth_Granite_D.uasset"
[2015.12.31-16.35.58:234][  0]LogPackFactory: Copied "../../../Samples/StarterContent/Content/StarterContent/Textures/T_Shelf_M.uasset" to "../../../../../../Users/Home/Documents/underUmbrella/UnderUmbrella/Content/StarterContent/Textures/T_Shelf_M.uasset"
[2015.12.31-16.35.58:488][  0]LogPackFactory: Copied "../../../Samples/StarterContent/Content/StarterContent/Textures/T_Shelf_N.uasset" to "../../../../../../Users/Home/Documents/underUmbrella/UnderUmbrella/Content/StarterContent/Textures/T_Shelf_N.uasset"
[2015.12.31-16.35.58:569][  0]LogPackFactory: Copied "../../../Samples/StarterContent/Content/StarterContent/Textures/T_Single_Tile_N.uasset" to "../../../../../../Users/Home/Documents/underUmbrella/UnderUmbrella/Content/StarterContent/Textures/T_Single_Tile_N.uasset"
[2015.12.31-16.35.58:812][  0]LogPackFactory: Copied "../../../Samples/StarterContent/Content/StarterContent/Textures/T_Smoke_SubUV.uasset" to "../../../../../../Users/Home/Documents/underUmbrella/UnderUmbrella/Content/StarterContent/Textures/T_Smoke_SubUV.uasset"
[2015.12.31-16.35.58:986][  0]LogPackFactory: Copied "../../../Samples/StarterContent/Content/StarterContent/Textures/T_Smoke_Tiled_D.uasset" to "../../../../../../Users/Home/Documents/underUmbrella/UnderUmbrella/Content/StarterContent/Textures/T_Smoke_Tiled_D.uasset"
[2015.12.31-16.35.59:028][  0]LogPackFactory: Copied "../../../Samples/StarterContent/Content/StarterContent/Textures/T_Spark_Core.uasset" to "../../../../../../Users/Home/Documents/underUmbrella/UnderUmbrella/Content/StarterContent/Textures/T_Spark_Core.uasset"
[2015.12.31-16.35.59:049][  0]LogPackFactory: Copied "../../../Samples/StarterContent/Content/StarterContent/Textures/T_Statue_M.uasset" to "../../../../../../Users/Home/Documents/underUmbrella/UnderUmbrella/Content/StarterContent/Textures/T_Statue_M.uasset"
[2015.12.31-16.35.59:073][  0]LogPackFactory: Copied "../../../Samples/StarterContent/Content/StarterContent/Textures/T_Statue_N.uasset" to "../../../../../../Users/Home/Documents/underUmbrella/UnderUmbrella/Content/StarterContent/Textures/T_Statue_N.uasset"
[2015.12.31-16.35.59:089][  0]LogPackFactory: Copied "../../../Samples/StarterContent/Content/StarterContent/Textures/T_TableRound_M.uasset" to "../../../../../../Users/Home/Documents/underUmbrella/UnderUmbrella/Content/StarterContent/Textures/T_TableRound_M.uasset"
[2015.12.31-16.35.59:142][  0]LogPackFactory: Copied "../../../Samples/StarterContent/Content/StarterContent/Textures/T_TableRound_N.uasset" to "../../../../../../Users/Home/Documents/underUmbrella/UnderUmbrella/Content/StarterContent/Textures/T_TableRound_N.uasset"
[2015.12.31-16.35.59:148][  0]LogPackFactory: Copied "../../../Samples/StarterContent/Content/StarterContent/Textures/T_Tech_Dot_M.uasset" to "../../../../../../Users/Home/Documents/underUmbrella/UnderUmbrella/Content/StarterContent/Textures/T_Tech_Dot_M.uasset"
[2015.12.31-16.35.59:164][  0]LogPackFactory: Copied "../../../Samples/StarterContent/Content/StarterContent/Textures/T_Tech_Dot_N.uasset" to "../../../../../../Users/Home/Documents/underUmbrella/UnderUmbrella/Content/StarterContent/Textures/T_Tech_Dot_N.uasset"
[2015.12.31-16.35.59:188][  0]LogPackFactory: Copied "../../../Samples/StarterContent/Content/StarterContent/Textures/T_Tech_Hex_Tile_M.uasset" to "../../../../../../Users/Home/Documents/underUmbrella/UnderUmbrella/Content/StarterContent/Textures/T_Tech_Hex_Tile_M.uasset"
[2015.12.31-16.35.59:242][  0]LogPackFactory: Copied "../../../Samples/StarterContent/Content/StarterContent/Textures/T_Tech_Hex_Tile_N.uasset" to "../../../../../../Users/Home/Documents/underUmbrella/UnderUmbrella/Content/StarterContent/Textures/T_Tech_Hex_Tile_N.uasset"
[2015.12.31-16.35.59:260][  0]LogPackFactory: Copied "../../../Samples/StarterContent/Content/StarterContent/Textures/T_Tech_Panel_M.uasset" to "../../../../../../Users/Home/Documents/underUmbrella/UnderUmbrella/Content/StarterContent/Textures/T_Tech_Panel_M.uasset"
[2015.12.31-16.35.59:387][  0]LogPackFactory: Copied "../../../Samples/StarterContent/Content/StarterContent/Textures/T_Tech_Panel_N.uasset" to "../../../../../../Users/Home/Documents/underUmbrella/UnderUmbrella/Content/StarterContent/Textures/T_Tech_Panel_N.uasset"
[2015.12.31-16.35.59:504][  0]LogPackFactory: Copied "../../../Samples/StarterContent/Content/StarterContent/Textures/T_Water_M.uasset" to "../../../../../../Users/Home/Documents/underUmbrella/UnderUmbrella/Content/StarterContent/Textures/T_Water_M.uasset"
[2015.12.31-16.35.59:707][  0]LogPackFactory: Copied "../../../Samples/StarterContent/Content/StarterContent/Textures/T_Water_N.uasset" to "../../../../../../Users/Home/Documents/underUmbrella/UnderUmbrella/Content/StarterContent/Textures/T_Water_N.uasset"
[2015.12.31-16.35.59:875][  0]LogPackFactory: Copied "../../../Samples/StarterContent/Content/StarterContent/Textures/T_Wood_Floor_Walnut_D.uasset" to "../../../../../../Users/Home/Documents/underUmbrella/UnderUmbrella/Content/StarterContent/Textures/T_Wood_Floor_Walnut_D.uasset"
[2015.12.31-16.35.59:938][  0]LogPackFactory: Copied "../../../Samples/StarterContent/Content/StarterContent/Textures/T_Wood_Floor_Walnut_M.uasset" to "../../../../../../Users/Home/Documents/underUmbrella/UnderUmbrella/Content/StarterContent/Textures/T_Wood_Floor_Walnut_M.uasset"
[2015.12.31-16.36.00:010][  0]LogPackFactory: Copied "../../../Samples/StarterContent/Content/StarterContent/Textures/T_Wood_Floor_Walnut_N.uasset" to "../../../../../../Users/Home/Documents/underUmbrella/UnderUmbrella/Content/StarterContent/Textures/T_Wood_Floor_Walnut_N.uasset"
[2015.12.31-16.36.00:115][  0]LogPackFactory: Copied "../../../Samples/StarterContent/Content/StarterContent/Textures/T_Wood_Oak_D.uasset" to "../../../../../../Users/Home/Documents/underUmbrella/UnderUmbrella/Content/StarterContent/Textures/T_Wood_Oak_D.uasset"
[2015.12.31-16.36.00:204][  0]LogPackFactory: Copied "../../../Samples/StarterContent/Content/StarterContent/Textures/T_Wood_Oak_N.uasset" to "../../../../../../Users/Home/Documents/underUmbrella/UnderUmbrella/Content/StarterContent/Textures/T_Wood_Oak_N.uasset"
[2015.12.31-16.36.00:326][  0]LogPackFactory: Copied "../../../Samples/StarterContent/Content/StarterContent/Textures/T_Wood_Pine_D.uasset" to "../../../../../../Users/Home/Documents/underUmbrella/UnderUmbrella/Content/StarterContent/Textures/T_Wood_Pine_D.uasset"
[2015.12.31-16.36.00:394][  0]LogPackFactory: Copied "../../../Samples/StarterContent/Content/StarterContent/Textures/T_Wood_Pine_N.uasset" to "../../../../../../Users/Home/Documents/underUmbrella/UnderUmbrella/Content/StarterContent/Textures/T_Wood_Pine_N.uasset"
[2015.12.31-16.36.00:830][  0]LogPackFactory: Copied "../../../Samples/StarterContent/Content/StarterContent/Textures/T_Wood_Walnut_D.uasset" to "../../../../../../Users/Home/Documents/underUmbrella/UnderUmbrella/Content/StarterContent/Textures/T_Wood_Walnut_D.uasset"
[2015.12.31-16.36.01:060][  0]LogPackFactory: Copied "../../../Samples/StarterContent/Content/StarterContent/Textures/T_Wood_Walnut_N.uasset" to "../../../../../../Users/Home/Documents/underUmbrella/UnderUmbrella/Content/StarterContent/Textures/T_Wood_Walnut_N.uasset"
[2015.12.31-16.36.02:546][  0]LogRenderer: Reallocating scene render targets to support 256x256 (Frame:2).
[2015.12.31-16.36.03:057][  0]LogSavePackage: Save=51.669243ms
[2015.12.31-16.36.03:057][  0]LogSavePackage: Moving '../../../../../../Users/Home/Documents/underUmbrella/UnderUmbrella/Saved/Floor_400x400C797192C44EFA7306AE3CFB8DC1CB56A.tmp' to '../../../../../../Users/Home/Documents/underUmbrella/UnderUmbrella/Content/StarterContent/Architecture/Floor_400x400.uasset'
[2015.12.31-16.36.03:061][  0]LogSavePackage: Total save time: 91.514222ms
[2015.12.31-16.36.03:061][  0]LogSavePackage:Display: Finished SavePackage ../../../../../../Users/Home/Documents/underUmbrella/UnderUmbrella/Content/StarterContent/Architecture/Floor_400x400.uasset
[2015.12.31-16.36.03:061][  0]LogFeaturePack:Warning: Inserted 1 feature packs
[2015.12.31-16.36.03:065][  0]Cmd: MAP LOAD FILE="../../../../../../Users/Home/Documents/underUmbrella/UnderUmbrella/Content/ThirdPersonBP/Maps/ThirdPersonExampleMap.umap" TEMPLATE=0 SHOWPROGRESS=1 FEATURELEVEL=3
[2015.12.31-16.36.03:065][  0]LightingResults: New page: Lighting Build
[2015.12.31-16.36.03:070][  0]MapCheck: New page: Map Check
[2015.12.31-16.36.03:070][  0]LightingResults: New page: Lighting Build
[2015.12.31-16.36.03:084][  0]LogParticles: Destroying 0 GPU particle simulations for FXSystem 0x0000021DBF9AE160
[2015.12.31-16.36.04:534][  0]LogAIModule: Creating AISystem for world ThirdPersonExampleMap
[2015.12.31-16.36.04:671][  0]LogEditorServer: Finished looking for orphan Actors (0.000 secs)
[2015.12.31-16.36.04:681][  0]Cmd: MAP CHECKDEP NOCLEARLOG
[2015.12.31-16.36.04:740][  0]MapCheck: Info Map check complete: 0 Error(s), 0 Warning(s), took 58.44ms to complete.
[2015.12.31-16.36.04:740][  0]LogFileHelpers: Loading map 'ThirdPersonExampleMap' took 1.675
[2015.12.31-16.36.05:725][  0]LogCollectionManager: Loaded 0 collections in 0.007649 seconds
[2015.12.31-16.36.05:916][  0]LogFileCache: Scanning file cache for directory 'C:/Users/Home/Documents/underUmbrella/UnderUmbrella/Saved/Collections/' took 0.01s
[2015.12.31-16.36.05:916][  0]LogFileCache: Scanning file cache for directory 'C:/Users/Home/Documents/underUmbrella/UnderUmbrella/Content/Developers/Home/Collections/' took 0.01s
[2015.12.31-16.36.05:916][  0]LogFileCache: Scanning file cach