[2016.01.07-19.34.25:569][  0]Log file open, 01/07/16 20:34:25
[2016.01.07-19.34.25:570][  0]LogInit:Display: Running engine for game: UnderUmbrella
[2016.01.07-19.34.25:570][  0]LogPlatformFile: Not using cached read wrapper
[2016.01.07-19.34.25:570][  0]LogInit:Display: RandInit(729535466) SRandInit(729535469).
[2016.01.07-19.34.25:570][  0]LogTaskGraph: Started task graph with 4 named threads and 7 total threads.
[2016.01.07-19.34.25:570][  0]LogStats: Stats thread started at 0.087193
[2016.01.07-19.34.25:570][  0]LogInit: Version: 4.10.1-2791327+++depot+UE4-Releases+4.10
[2016.01.07-19.34.25:570][  0]LogInit: API Version: 2758231
[2016.01.07-19.34.25:570][  0]LogInit: Compiled (64-bit): Dec  4 2015 19:44:40
[2016.01.07-19.34.25:570][  0]LogInit: Compiled with Visual C++: 19.00.23026.00
[2016.01.07-19.34.25:570][  0]LogInit: Build Configuration: Development
[2016.01.07-19.34.25:570][  0]LogInit: Branch Name: ++depot+UE4-Releases+4.10
[2016.01.07-19.34.25:570][  0]LogInit: Command line:  
[2016.01.07-19.34.25:570][  0]LogInit: Base directory: C:/Program Files (x86)/Epic Games/4.10/Engine/Binaries/Win64/
[2016.01.07-19.34.25:570][  0]LogInit: Rocket: 1
[2016.01.07-19.34.25:590][  0]LogInit: Using libcurl 7.41.0
[2016.01.07-19.34.25:590][  0]LogInit:  - built for x86_64-pc-win32
[2016.01.07-19.34.25:590][  0]LogInit:  - supports SSL with WinSSL
[2016.01.07-19.34.25:590][  0]LogInit:  - other features:
[2016.01.07-19.34.25:590][  0]LogInit:      CURL_VERSION_SSL
[2016.01.07-19.34.25:590][  0]LogInit:      CURL_VERSION_IPV6
[2016.01.07-19.34.25:590][  0]LogInit:      CURL_VERSION_ASYNCHDNS
[2016.01.07-19.34.25:590][  0]LogInit:      CURL_VERSION_LARGEFILE
[2016.01.07-19.34.25:590][  0]LogInit:      CURL_VERSION_IDN
[2016.01.07-19.34.25:591][  0]LogInit:  CurlRequestOptions (configurable via config and command line):
[2016.01.07-19.34.25:591][  0]LogInit:  - bVerifyPeer = true  - Libcurl will verify peer certificate
[2016.01.07-19.34.25:591][  0]LogInit:  - bUseHttpProxy = false  - Libcurl will NOT use HTTP proxy
[2016.01.07-19.34.25:591][  0]LogInit:  - bDontReuseConnections = false  - Libcurl will reuse connections
[2016.01.07-19.34.25:591][  0]LogInit:  - CertBundlePath = nullptr  - Libcurl will use whatever was configured at build time.
[2016.01.07-19.34.25:601][  0]LogInit: Presizing for 0 objects not considered by GC, pre-allocating 0 bytes.
[2016.01.07-19.34.25:610][  0]LogInit: Object subsystem initialized
[2016.01.07-19.34.25:611][  0]LogInit: Selected Device Profile: [Windows]
[2016.01.07-19.34.25:611][  0]LogInit: Applying CVar settings loaded from the selected device profile: [Windows]
[2016.01.07-19.34.25:625][  0]LogInit: Computer: DESKTOP-6H6TUD6
[2016.01.07-19.34.25:625][  0]LogInit: User: Home
[2016.01.07-19.34.25:625][  0]LogInit: CPU Page size=4096, Cores=4
[2016.01.07-19.34.25:625][  0]LogInit: High frequency timer resolution =4.232910 MHz
[2016.01.07-19.34.25:625][  0]LogMemory: Memory total: Physical=7.9GB (8GB approx)
[2016.01.07-19.34.25:625][  0]LogMemory: Platform Memory Stats for Windows
[2016.01.07-19.34.25:625][  0]LogMemory: Process Physical Memory: 55.78 MB used, 55.78 MB peak
[2016.01.07-19.34.25:625][  0]LogMemory: Process Virtual Memory: 58.59 MB used, 58.59 MB peak
[2016.01.07-19.34.25:625][  0]LogMemory: Physical Memory: 2710.49 MB used, 8098.55 MB total
[2016.01.07-19.34.25:625][  0]LogMemory: Virtual Memory: 384.70 MB used, 134217728.00 MB total
[2016.01.07-19.34.25:682][  0]LogTextLocalizationManager: No specific translations for ('en-US') exist, so ('en') translations will be used.
[2016.01.07-19.34.26:121][  0]LogD3D11RHI: Found D3D11 adapter 0: NVIDIA GeForce GTX 660   (Feature Level 11_0)
[2016.01.07-19.34.26:121][  0]LogD3D11RHI: Adapter has 1988MB of dedicated video memory, 0MB of dedicated system memory, and 4049MB of shared system memory, 1 output[s]
[2016.01.07-19.34.26:124][  0]LogD3D11RHI: Found D3D11 adapter 1: Microsoft Basic Render Driver (Feature Level 11_0)
[2016.01.07-19.34.26:124][  0]LogD3D11RHI: Adapter has 0MB of dedicated video memory, 0MB of dedicated system memory, and 4049MB of shared system memory, 0 output[s]
[2016.01.07-19.34.26:124][  0]LogD3D11RHI: Chosen D3D11 Adapter Id = 0
[2016.01.07-19.34.26:128][  0]LogD3D11RHI: !Direct3DDevice
[2016.01.07-19.34.26:128][  0]LogRHI: Texture pool is 1361 MB (70% of 1945 MB)
[2016.01.07-19.34.26:148][  0]LogD3D11RHI: Async texture creation enabled
[2016.01.07-19.34.26:161][  0]LogShaderCompilers: Guid format shader working directory is -14 characters bigger than the processId version (../../../../../../Users/Home/Documents/GitHub/underUmbrella/Intermediate/Shaders/WorkingDirectory/5268/).
[2016.01.07-19.34.26:161][  0]LogShaderCompilers: Cleaned the shader compiler working directory 'C:/Users/Home/AppData/Local/Temp/UnrealShaderWorkingDir/C57AE91D409C53121945E3983D7AC0B0/'.
[2016.01.07-19.34.26:161][  0]LogShaderCompilers:Display: Using Local Shader Compiler.
[2016.01.07-19.34.27:604][  0]LogTemp:Display: Loaded TP AllDesktopTargetPlatform
[2016.01.07-19.34.27:611][  0]LogTemp:Display: Loaded TP WindowsClientTargetPlatform
[2016.01.07-19.34.27:619][  0]LogTemp:Display: Loaded TP WindowsNoEditorTargetPlatform
[2016.01.07-19.34.27:626][  0]LogTemp:Display: Loaded TP WindowsServerTargetPlatform
[2016.01.07-19.34.27:633][  0]LogTemp:Display: Loaded TP WindowsTargetPlatform
[2016.01.07-19.34.27:639][  0]LogTemp:Display: Loaded TP AndroidTargetPlatform
[2016.01.07-19.34.27:644][  0]LogTemp:Display: Loaded TP Android_ASTCTargetPlatform
[2016.01.07-19.34.27:649][  0]LogTemp:Display: Loaded TP Android_ATCTargetPlatform
[2016.01.07-19.34.27:654][  0]LogTemp:Display: Loaded TP Android_DXTTargetPlatform
[2016.01.07-19.34.27:659][  0]LogTemp:Display: Loaded TP Android_ETC1TargetPlatform
[2016.01.07-19.34.27:665][  0]LogTemp:Display: Loaded TP Android_ETC2TargetPlatform
[2016.01.07-19.34.27:675][  0]LogTemp:Display: Loaded TP Android_MultiTargetPlatform
[2016.01.07-19.34.27:675][  0]LogTemp:Display: Loaded TP Android_PVRTCTargetPlatform
[2016.01.07-19.34.27:677][  0]LogTemp:Display: Loaded TP HTML5TargetPlatform
[2016.01.07-19.34.27:699][  0]LogTemp:Display: Loaded TP IOSTargetPlatform
[2016.01.07-19.34.27:704][  0]LogTemp:Display: Loaded TP LinuxNoEditorTargetPlatform
[2016.01.07-19.34.27:708][  0]LogTemp:Display: Loaded TP LinuxServerTargetPlatform
[2016.01.07-19.34.27:714][  0]LogTemp:Display: Loaded TP LinuxTargetPlatform
[2016.01.07-19.34.27:714][  0]LogTargetPlatformManager:Display: Building Assets For Windows
[2016.01.07-19.34.27:866][  0]LogDerivedDataCache:Display: Max Cache Size: 512 MB
[2016.01.07-19.34.28:264][  0]LogDerivedDataCache: Loaded boot cache 0.40s 41MB C:/Users/Home/AppData/Local/UnrealEngine/4.10/DerivedDataCache/Boot.ddc.
[2016.01.07-19.34.28:264][  0]LogDerivedDataCache:Display: Loaded Boot cache: C:/Users/Home/AppData/Local/UnrealEngine/4.10/DerivedDataCache/Boot.ddc
[2016.01.07-19.34.28:264][  0]LogDerivedDataCache: FDerivedDataBackendGraph:  Pak pak cache file ../../../../../../Users/Home/Documents/GitHub/underUmbrella/DerivedDataCache/DDC.ddp not found, will not use a pak cache.
[2016.01.07-19.34.28:264][  0]LogDerivedDataCache: Unable to find inner node Pak for hierarchical cache Hierarchy.
[2016.01.07-19.34.28:265][  0]LogDerivedDataCache: FDerivedDataBackendGraph:  CompressedPak pak cache file ../../../../../../Users/Home/Documents/GitHub/underUmbrella/DerivedDataCache/Compressed.ddp not found, will not use a pak cache.
[2016.01.07-19.34.28:265][  0]LogDerivedDataCache: Unable to find inner node CompressedPak for hierarchical cache Hierarchy.
[2016.01.07-19.34.28:369][  0]LogDerivedDataCache:Display: Pak cache opened for reading ../../../Engine/DerivedDataCache/Compressed.ddp.
[2016.01.07-19.34.28:382][  0]LogDerivedDataCache: Using Local data cache path C:/Users/Home/AppData/Local/UnrealEngine/Common/DerivedDataCache: Writable
[2016.01.07-19.34.28:958][  0]LogInit: Selected Device Profile: [Windows]
[2016.01.07-19.34.28:971][  0]LogContentStreaming: Texture pool size is 0.000000MB
[2016.01.07-19.34.29:108][  0]LogMeshUtilities: No automatic mesh reduction module available
[2016.01.07-19.34.29:108][  0]LogMeshUtilities: No automatic mesh merging module available
[2016.01.07-19.34.29:442][  0]LogInit: WinSock: version 1.1 (2.2), MaxSocks=32767, MaxUdp=65467
[2016.01.07-19.34.41:074][  0]UdpMessaging: Initializing bridge on interface 0.0.0.0:0 to multicast group 230.0.0.1:6666.
[2016.01.07-19.34.41:315][  0]LogAssetRegistry: FAssetRegistry took 0.0108 seconds to start up
[2016.01.07-19.34.41:539][  0]SourceControl: Info Source control is disabled
[2016.01.07-19.34.41:541][  0]SourceControl: Info Source control is disabled
[2016.01.07-19.34.41:560][  0]SourceControl: Info Source control is disabled
[2016.01.07-19.34.41:582][  0]SourceControl: Info Source control is disabled
[2016.01.07-19.34.42:230][  0]LogObj: 28633 objects as part of root set at end of initial load.
[2016.01.07-19.34.42:230][  0]LogUObjectAllocator: 6099744 out of 0 bytes used by permanent object pool.
[2016.01.07-19.34.42:315][  0]LogEngine: Initializing Engine...
[2016.01.07-19.34.42:322][  0]LogHMD: Can't find Oculus library dev build: is proper Runtime installed? Version: 0.8.0.0
[2016.01.07-19.34.42:323][  0]LogHMD: SteamVR failed to initialize.  Err: 110
[2016.01.07-19.34.42:466][  0]LogAIModule: Creating AISystem for world NewWorld
[2016.01.07-19.34.42:475][  0]LogInit: XAudio2 using 'Speakers (High Definition Audio Device)' : 2 channels at 44.1 kHz using 16 bits per sample (channel mask 0x3)
[2016.01.07-19.34.42:485][  0]LogInit: FAudioDevice initialized.
[2016.01.07-19.34.42:524][  0]LogDerivedDataCache: Saved boot cache 0.04s 41MB C:/Users/Home/AppData/Local/UnrealEngine/4.10/DerivedDataCache/Boot.ddc.
[2016.01.07-19.34.42:535][  0]LogInit: Texture streaming: Enabled
[2016.01.07-19.34.42:543][  0]LogAnalytics: Creating configured Analytics provider AnalyticsET
[2016.01.07-19.34.42:543][  0]LogAnalytics: [UEEditor.Rocket.Release] APIServer = http://et2.epicgames.com/ET2/. AppVersion = 4.10.1-2791327+++depot+UE4-Releases+4.10
[2016.01.07-19.34.42:543][  0]LogAnalytics: [UEEditor.Rocket.Release] SetUserId bda7634e4e3800c847f018b8ed0b1411|c7ff289020a144faadd7bc99c3af9303|18c70efd-9716-4caf-b1ce-617add21ccd6
[2016.01.07-19.34.42:543][  0]LogAnalytics: [UEEditor.Rocket.Release] AnalyticsET::StartSession
[2016.01.07-19.34.42:580][  0]LogInit: Transaction tracking system initialized
[2016.01.07-19.34.42:622][  0]BlueprintLog: New page: Editor Load
[2016.01.07-19.34.42:772][  0]LocalizationService: Info Localization service is disabled
[2016.01.07-19.34.43:006][  0]LogConsoleResponse:Display: 
[2016.01.07-19.34.44:729][  0]LogCook:Display: Done creating registry. It took  0.00s.
[2016.01.07-19.34.44:993][  0]LogFileCache: Scanning file cache for directory 'C:/Users/Home/Documents/GitHub/underUmbrella/Content/' took 0.02s
[2016.01.07-19.34.44:993][  0]SourceControl: Info Source control is disabled
[2016.01.07-19.34.44:993][  0]Cmd: MAP LOAD FILE="../../../../../../Users/Home/Documents/GitHub/underUmbrella/Content/ThirdPersonBP/Maps/ThirdPersonExampleMap.umap" TEMPLATE=0 SHOWPROGRESS=1 FEATURELEVEL=3
[2016.01.07-19.34.44:993][  0]LightingResults: New page: Lighting Build
[2016.01.07-19.34.44:998][  0]MapCheck: New page: Map Check
[2016.01.07-19.34.44:998][  0]LightingResults: New page: Lighting Build
[2016.01.07-19.34.45:013][  0]LogParticles: Destroying 0 GPU particle simulations for FXSystem 0x000002684E1D2AC0
[2016.01.07-19.34.49:517][  0]LogAIModule: Creating AISystem for world ThirdPersonExampleMap
[2016.01.07-19.34.49:557][  0]LogEditorServer: Finished looking for orphan Actors (0.000 secs)
[2016.01.07-19.34.49:557][  0]Cmd: MAP CHECKDEP NOCLEARLOG
[2016.01.07-19.34.49:709][  0]MapCheck: Info Map check complete: 0 Error(s), 0 Warning(s), took 151.814ms to complete.
[2016.01.07-19.34.49:709][  0]LogFileHelpers: Loading map 'ThirdPersonExampleMap' took 4.716
[2016.01.07-19.34.49:858][  0]LogCollectionManager: Loaded 0 collections in 0.002915 seconds
[2016.01.07-19.34.49:899][  0]LogFileCache: Scanning file cache for directory 'C:/Users/H