[2016.01.10-22.13.23:452][  0]Log file open, 01/10/16 23:13:23
[2016.01.10-22.13.23:452][  0]LogInit:Display: Running engine for game: UnderUmbrella
[2016.01.10-22.13.23:452][  0]LogPlatformFile: Not using cached read wrapper
[2016.01.10-22.13.23:452][  0]LogInit:Display: RandInit(-24207210) SRandInit(-24207207).
[2016.01.10-22.13.23:452][  0]LogTaskGraph: Started task graph with 4 named threads and 7 total threads.
[2016.01.10-22.13.23:452][  0]LogStats: Stats thread started at 0.095456
[2016.01.10-22.13.23:452][  0]LogInit: Version: 4.10.1-2791327+++depot+UE4-Releases+4.10
[2016.01.10-22.13.23:452][  0]LogInit: API Version: 2758231
[2016.01.10-22.13.23:452][  0]LogInit: Compiled (64-bit): Dec  4 2015 19:44:40
[2016.01.10-22.13.23:452][  0]LogInit: Compiled with Visual C++: 19.00.23026.00
[2016.01.10-22.13.23:452][  0]LogInit: Build Configuration: Development
[2016.01.10-22.13.23:452][  0]LogInit: Branch Name: ++depot+UE4-Releases+4.10
[2016.01.10-22.13.23:452][  0]LogInit: Command line: 
[2016.01.10-22.13.23:452][  0]LogInit: Base directory: C:/Program Files (x86)/Epic Games/4.10/Engine/Binaries/Win64/
[2016.01.10-22.13.23:452][  0]LogInit: Rocket: 1
[2016.01.10-22.13.23:467][  0]LogInit: Using libcurl 7.41.0
[2016.01.10-22.13.23:467][  0]LogInit:  - built for x86_64-pc-win32
[2016.01.10-22.13.23:467][  0]LogInit:  - supports SSL with WinSSL
[2016.01.10-22.13.23:467][  0]LogInit:  - other features:
[2016.01.10-22.13.23:467][  0]LogInit:      CURL_VERSION_SSL
[2016.01.10-22.13.23:467][  0]LogInit:      CURL_VERSION_IPV6
[2016.01.10-22.13.23:467][  0]LogInit:      CURL_VERSION_ASYNCHDNS
[2016.01.10-22.13.23:467][  0]LogInit:      CURL_VERSION_LARGEFILE
[2016.01.10-22.13.23:467][  0]LogInit:      CURL_VERSION_IDN
[2016.01.10-22.13.23:467][  0]LogInit:  CurlRequestOptions (configurable via config and command line):
[2016.01.10-22.13.23:467][  0]LogInit:  - bVerifyPeer = true  - Libcurl will verify peer certificate
[2016.01.10-22.13.23:467][  0]LogInit:  - bUseHttpProxy = false  - Libcurl will NOT use HTTP proxy
[2016.01.10-22.13.23:467][  0]LogInit:  - bDontReuseConnections = false  - Libcurl will reuse connections
[2016.01.10-22.13.23:467][  0]LogInit:  - CertBundlePath = nullptr  - Libcurl will use whatever was configured at build time.
[2016.01.10-22.13.23:477][  0]LogInit: Presizing for 0 objects not considered by GC, pre-allocating 0 bytes.
[2016.01.10-22.13.23:485][  0]LogInit: Object subsystem initialized
[2016.01.10-22.13.23:486][  0]LogInit: Selected Device Profile: [Windows]
[2016.01.10-22.13.23:486][  0]LogInit: Applying CVar settings loaded from the selected device profile: [Windows]
[2016.01.10-22.13.23:500][  0]LogInit: Computer: DESKTOP-6H6TUD6
[2016.01.10-22.13.23:500][  0]LogInit: User: Home
[2016.01.10-22.13.23:500][  0]LogInit: CPU Page size=4096, Cores=4
[2016.01.10-22.13.23:500][  0]LogInit: High frequency timer resolution =4.232910 MHz
[2016.01.10-22.13.23:500][  0]LogMemory: Memory total: Physical=7.9GB (8GB approx)
[2016.01.10-22.13.23:500][  0]LogMemory: Platform Memory Stats for Windows
[2016.01.10-22.13.23:500][  0]LogMemory: Process Physical Memory: 55.98 MB used, 55.98 MB peak
[2016.01.10-22.13.23:500][  0]LogMemory: Process Virtual Memory: 56.77 MB used, 56.77 MB peak
[2016.01.10-22.13.23:500][  0]LogMemory: Physical Memory: 3829.61 MB used, 8098.55 MB total
[2016.01.10-22.13.23:500][  0]LogMemory: Virtual Memory: 383.76 MB used, 134217728.00 MB total
[2016.01.10-22.13.23:552][  0]LogTextLocalizationManager: No specific translations for ('en-US') exist, so ('en') translations will be used.
[2016.01.10-22.13.24:114][  0]LogD3D11RHI: Found D3D11 adapter 0: NVIDIA GeForce GTX 660   (Feature Level 11_0)
[2016.01.10-22.13.24:114][  0]LogD3D11RHI: Adapter has 1988MB of dedicated video memory, 0MB of dedicated system memory, and 4049MB of shared system memory, 1 output[s]
[2016.01.10-22.13.24:117][  0]LogD3D11RHI: Found D3D11 adapter 1: Microsoft Basic Render Driver (Feature Level 11_0)
[2016.01.10-22.13.24:117][  0]LogD3D11RHI: Adapter has 0MB of dedicated video memory, 0MB of dedicated system memory, and 4049MB of shared system memory, 0 output[s]
[2016.01.10-22.13.24:117][  0]LogD3D11RHI: Chosen D3D11 Adapter Id = 0
[2016.01.10-22.13.24:121][  0]LogD3D11RHI: !Direct3DDevice
[2016.01.10-22.13.24:121][  0]LogRHI: Texture pool is 1361 MB (70% of 1945 MB)
[2016.01.10-22.13.24:143][  0]LogD3D11RHI: Async texture creation enabled
[2016.01.10-22.13.24:155][  0]LogShaderCompilers: Guid format shader working directory is -14 characters bigger than the processId version (../../../../../../Users/Home/Documents/GitHub/underUmbrella/Intermediate/Shaders/WorkingDirectory/5640/).
[2016.01.10-22.13.24:155][  0]LogShaderCompilers: Cleaned the shader compiler working directory 'C:/Users/Home/AppData/Local/Temp/UnrealShaderWorkingDir/AED82E7B494F9E0FA42346A93D5A35A7/'.
[2016.01.10-22.13.24:155][  0]LogShaderCompilers:Display: Using Local Shader Compiler.
[2016.01.10-22.13.25:279][  0]LogTemp:Display: Loaded TP AllDesktopTargetPlatform
[2016.01.10-22.13.25:286][  0]LogTemp:Display: Loaded TP WindowsClientTargetPlatform
[2016.01.10-22.13.25:294][  0]LogTemp:Display: Loaded TP WindowsNoEditorTargetPlatform
[2016.01.10-22.13.25:301][  0]LogTemp:Display: Loaded TP WindowsServerTargetPlatform
[2016.01.10-22.13.25:308][  0]LogTemp:Display: Loaded TP WindowsTargetPlatform
[2016.01.10-22.13.25:314][  0]LogTemp:Display: Loaded TP AndroidTargetPlatform
[2016.01.10-22.13.25:319][  0]LogTemp:Display: Loaded TP Android_ASTCTargetPlatform
[2016.01.10-22.13.25:324][  0]LogTemp:Display: Loaded TP Android_ATCTargetPlatform
[2016.01.10-22.13.25:330][  0]LogTemp:Display: Loaded TP Android_DXTTargetPlatform
[2016.01.10-22.13.25:334][  0]LogTemp:Display: Loaded TP Android_ETC1TargetPlatform
[2016.01.10-22.13.25:339][  0]LogTemp:Display: Loaded TP Android_ETC2TargetPlatform
[2016.01.10-22.13.25:349][  0]LogTemp:Display: Loaded TP Android_MultiTargetPlatform
[2016.01.10-22.13.25:349][  0]LogTemp:Display: Loaded TP Android_PVRTCTargetPlatform
[2016.01.10-22.13.25:351][  0]LogTemp:Display: Loaded TP HTML5TargetPlatform
[2016.01.10-22.13.25:372][  0]LogTemp:Display: Loaded TP IOSTargetPlatform
[2016.01.10-22.13.25:377][  0]LogTemp:Display: Loaded TP LinuxNoEditorTargetPlatform
[2016.01.10-22.13.25:381][  0]LogTemp:Display: Loaded TP LinuxServerTargetPlatform
[2016.01.10-22.13.25:387][  0]LogTemp:Display: Loaded TP LinuxTargetPlatform
[2016.01.10-22.13.25:387][  0]LogTargetPlatformManager:Display: Building Assets For Windows
[2016.01.10-22.13.25:518][  0]LogDerivedDataCache:Display: Max Cache Size: 512 MB
[2016.01.10-22.13.25:595][  0]LogDerivedDataCache: Loaded boot cache 0.08s 41MB C:/Users/Home/AppData/Local/UnrealEngine/4.10/DerivedDataCache/Boot.ddc.
[2016.01.10-22.13.25:595][  0]LogDerivedDataCache:Display: Loaded Boot cache: C:/Users/Home/AppData/Local/UnrealEngine/4.10/DerivedDataCache/Boot.ddc
[2016.01.10-22.13.25:595][  0]LogDerivedDataCache: FDerivedDataBackendGraph:  Pak pak cache file ../../../../../../Users/Home/Documents/GitHub/underUmbrella/DerivedDataCache/DDC.ddp not found, will not use a pak cache.
[2016.01.10-22.13.25:595][  0]LogDerivedDataCache: Unable to find inner node Pak for hierarchical cache Hierarchy.
[2016.01.10-22.13.25:595][  0]LogDerivedDataCache: FDerivedDataBackendGraph:  CompressedPak pak cache file ../../../../../../Users/Home/Documents/GitHub/underUmbrella/DerivedDataCache/Compressed.ddp not found, will not use a pak cache.
[2016.01.10-22.13.25:595][  0]LogDerivedDataCache: Unable to find inner node CompressedPak for hierarchical cache Hierarchy.
[2016.01.10-22.13.25:670][  0]LogDerivedDataCache:Display: Pak cache opened for reading ../../../Engine/DerivedDataCache/Compressed.ddp.
[2016.01.10-22.13.25:683][  0]LogDerivedDataCache: Using Local data cache path C:/Users/Home/AppData/Local/UnrealEngine/Common/DerivedDataCache: Writable
[2016.01.10-22.13.25:988][  0]LogInit: Selected Device Profile: [Windows]
[2016.01.10-22.13.25:992][  0]LogContentStreaming: Texture pool size is 0.000000MB
[2016.01.10-22.13.26:133][  0]LogMeshUtilities: No automatic mesh reduction module available
[2016.01.10-22.13.26:133][  0]LogMeshUtilities: No automatic mesh merging module available
[2016.01.10-22.13.26:458][  0]LogInit: WinSock: version 1.1 (2.2), MaxSocks=32767, MaxUdp=65467
[2016.01.10-22.13.28:145][  0]UdpMessaging: Initializing bridge on interface 0.0.0.0:0 to multicast group 230.0.0.1:6666.
[2016.01.10-22.13.28:268][  0]LogAssetRegistry: FAssetRegistry took 0.0111 seconds to start up
[2016.01.10-22.13.28:506][  0]SourceControl: Info Source control is disabled
[2016.01.10-22.13.28:508][  0]SourceControl: Info Source control is disabled
[2016.01.10-22.13.28:531][  0]SourceControl: Info Source control is disabled
[2016.01.10-22.13.28:552][  0]SourceControl: Info Source control is disabled
[2016.01.10-22.13.28:983][  0]LogObj: 28633 objects as part of root set at end of initial load.
[2016.01.10-22.13.28:983][  0]LogUObjectAllocator: 6099752 out of 0 bytes used by permanent object pool.
[2016.01.10-22.13.29:052][  0]LogEngine: Initializing Engine...
[2016.01.10-22.13.29:061][  0]LogHMD: Can't find Oculus library dev build: is proper Runtime installed? Version: 0.8.0.0
[2016.01.10-22.13.29:061][  0]LogHMD: SteamVR failed to initialize.  Err: 110
[2016.01.10-22.13.29:214][  0]LogAIModule: Creating AISystem for world NewWorld
[2016.01.10-22.13.29:223][  0]LogInit: XAudio2 using 'Speakers (High Definition Audio Device)' : 2 channels at 44.1 kHz using 16 bits per sample (channel mask 0x3)
[2016.01.10-22.13.29:236][  0]LogInit: FAudioDevice initialized.
[2016.01.10-22.13.29:278][  0]LogDerivedDataCache: Saved boot cache 0.04s 41MB C:/Users/Home/AppData/Local/UnrealEngine/4.10/DerivedDataCache/Boot.ddc.
[2016.01.10-22.13.29:292][  0]LogInit: Texture streaming: Enabled
[2016.01.10-22.13.29:302][  0]LogAnalytics: Creating configured Analytics provider AnalyticsET
[2016.01.10-22.13.29:302][  0]LogAnalytics: [UEEditor.Rocket.Release] APIServer = http://et2.epicgames.com/ET2/. AppVersion = 4.10.1-2791327+++depot+UE4-Releases+4.10
[2016.01.10-22.13.29:302][  0]LogAnalytics: [UEEditor.Rocket.Release] SetUserId bda7634e4e3800c847f018b8ed0b1411|c7ff289020a144faadd7bc99c3af9303|18c70efd-9716-4caf-b1ce-617add21ccd6
[2016.01.10-22.13.29:302][  0]LogAnalytics: [UEEditor.Rocket.Release] AnalyticsET::StartSession
[2016.01.10-22.13.29:342][  0]LogInit: Transaction tracking system initialized
[2016.01.10-22.13.29:386][  0]BlueprintLog: New page: Editor Load
[2016.01.10-22.13.29:534][  0]LocalizationService: Info Localization service is disabled
[2016.01.10-22.13.29:643][  0]LogConsoleResponse:Display: 
[2016.01.10-22.13.29:799][  0]LogCook:Display: Done creating registry. It took  0.00s.
[2016.01.10-22.13.29:900][  0]LogFileCache: Scanning file cache for directory 'C:/Users/Home/Documents/GitHub/underUmbrella/Content/' took 0.02s
[2016.01.10-22.13.29:900][  0]SourceControl: Info Source control is disabled
[2016.01.10-22.13.29:900][  0]Cmd: MAP LOAD FILE="../../../../../../Users/Home/Documents/GitHub/underUmbrella/Content/ThirdPersonBP/Maps/ThirdPersonExampleMap.umap" TEMPLATE=0 SHOWPROGRESS=1 FEATURELEVEL=3
[2016.01.10-22.13.29:915][  0]LightingResults: New page: Lighting Build
[2016.01.10-22.13.29:919][  0]MapCheck: New page: Map Check
[2016.01.10-22.13.29:919][  0]LightingResults: New page: Lighting Build
[2016.01.10-22.13.29:933][  0]LogParticles: Destroying 0 GPU particle simulations for FXSystem 0x000001F622FAEAC0
[2016.01.10-22.13.30:151][  0]LogLinker:Warning: Asset '../../../../../../Users/Home/Documents/GitHub/underUmbrella/Content/FirstPerson/Meshes/FirstPersonProjectileMesh.uasset' has been saved with empty engine version. The asset will be loaded but may be incompatible.
[2016.01.10-22.13.31:535][  0]LogAIModule: Creating AISystem for world ThirdPersonExampleMap
[2016.01.10-22.13.31:548][  0]LogEditorServer: Finished looking for orphan Actors (0.000 secs)
[2016.01.10-22.13.31:548][  0]Cmd: MAP CHECKDEP NOCLEARLOG
[2016.01.10-22.13.31:706][  0]MapCheck: Info Map check complete: 0 Error(s), 0 Warning(s), took 157.702ms to complete.
[2016.01