[2016.01.06-16.29.08:657][  0]Log file open, 01/06/16 17:29:08
[2016.01.06-16.29.08:657][  0]LogInit:Display: Running engine for game: UnderUmbrella
[2016.01.06-16.29.08:657][  0]LogPlatformFile: Not using cached read wrapper
[2016.01.06-16.29.08:657][  0]LogInit:Display: RandInit(-1905838164) SRandInit(-1905838162).
[2016.01.06-16.29.08:657][  0]LogTaskGraph: Started task graph with 4 named threads and 7 total threads.
[2016.01.06-16.29.08:657][  0]LogStats: Stats thread started at 0.153213
[2016.01.06-16.29.08:657][  0]LogInit: Version: 4.10.1-2791327+++depot+UE4-Releases+4.10
[2016.01.06-16.29.08:657][  0]LogInit: API Version: 2758231
[2016.01.06-16.29.08:657][  0]LogInit: Compiled (64-bit): Dec  4 2015 19:44:40
[2016.01.06-16.29.08:657][  0]LogInit: Compiled with Visual C++: 19.00.23026.00
[2016.01.06-16.29.08:657][  0]LogInit: Build Configuration: Development
[2016.01.06-16.29.08:657][  0]LogInit: Branch Name: ++depot+UE4-Releases+4.10
[2016.01.06-16.29.08:657][  0]LogInit: Command line:  
[2016.01.06-16.29.08:657][  0]LogInit: Base directory: C:/Program Files (x86)/Epic Games/4.10/Engine/Binaries/Win64/
[2016.01.06-16.29.08:657][  0]LogInit: Rocket: 1
[2016.01.06-16.29.08:723][  0]LogInit: Using libcurl 7.41.0
[2016.01.06-16.29.08:723][  0]LogInit:  - built for x86_64-pc-win32
[2016.01.06-16.29.08:723][  0]LogInit:  - supports SSL with WinSSL
[2016.01.06-16.29.08:723][  0]LogInit:  - other features:
[2016.01.06-16.29.08:723][  0]LogInit:      CURL_VERSION_SSL
[2016.01.06-16.29.08:723][  0]LogInit:      CURL_VERSION_IPV6
[2016.01.06-16.29.08:723][  0]LogInit:      CURL_VERSION_ASYNCHDNS
[2016.01.06-16.29.08:723][  0]LogInit:      CURL_VERSION_LARGEFILE
[2016.01.06-16.29.08:723][  0]LogInit:      CURL_VERSION_IDN
[2016.01.06-16.29.08:723][  0]LogInit:  CurlRequestOptions (configurable via config and command line):
[2016.01.06-16.29.08:723][  0]LogInit:  - bVerifyPeer = true  - Libcurl will verify peer certificate
[2016.01.06-16.29.08:723][  0]LogInit:  - bUseHttpProxy = false  - Libcurl will NOT use HTTP proxy
[2016.01.06-16.29.08:723][  0]LogInit:  - bDontReuseConnections = false  - Libcurl will reuse connections
[2016.01.06-16.29.08:723][  0]LogInit:  - CertBundlePath = nullptr  - Libcurl will use whatever was configured at build time.
[2016.01.06-16.29.08:811][  0]LogInit: Presizing for 0 objects not considered by GC, pre-allocating 0 bytes.
[2016.01.06-16.29.08:820][  0]LogInit: Object subsystem initialized
[2016.01.06-16.29.08:821][  0]LogInit: Selected Device Profile: [Windows]
[2016.01.06-16.29.08:821][  0]LogInit: Applying CVar settings loaded from the selected device profile: [Windows]
[2016.01.06-16.29.08:843][  0]LogInit: Computer: DESKTOP-6H6TUD6
[2016.01.06-16.29.08:843][  0]LogInit: User: Home
[2016.01.06-16.29.08:843][  0]LogInit: CPU Page size=4096, Cores=4
[2016.01.06-16.29.08:843][  0]LogInit: High frequency timer resolution =4.232918 MHz
[2016.01.06-16.29.08:843][  0]LogMemory: Memory total: Physical=7.9GB (8GB approx)
[2016.01.06-16.29.08:843][  0]LogMemory: Platform Memory Stats for Windows
[2016.01.06-16.29.08:843][  0]LogMemory: Process Physical Memory: 55.71 MB used, 55.71 MB peak
[2016.01.06-16.29.08:843][  0]LogMemory: Process Virtual Memory: 58.64 MB used, 58.64 MB peak
[2016.01.06-16.29.08:843][  0]LogMemory: Physical Memory: 4093.94 MB used, 8098.55 MB total
[2016.01.06-16.29.08:843][  0]LogMemory: Virtual Memory: 384.70 MB used, 134217728.00 MB total
[2016.01.06-16.29.09:166][  0]LogTextLocalizationManager: No specific translations for ('en-US') exist, so ('en') translations will be used.
[2016.01.06-16.29.09:676][  0]LogD3D11RHI: Found D3D11 adapter 0: NVIDIA GeForce GTX 660   (Feature Level 11_0)
[2016.01.06-16.29.09:676][  0]LogD3D11RHI: Adapter has 1988MB of dedicated video memory, 0MB of dedicated system memory, and 4049MB of shared system memory, 1 output[s]
[2016.01.06-16.29.09:679][  0]LogD3D11RHI: Found D3D11 adapter 1: Microsoft Basic Render Driver (Feature Level 11_0)
[2016.01.06-16.29.09:679][  0]LogD3D11RHI: Adapter has 0MB of dedicated video memory, 0MB of dedicated system memory, and 4049MB of shared system memory, 0 output[s]
[2016.01.06-16.29.09:679][  0]LogD3D11RHI: Chosen D3D11 Adapter Id = 0
[2016.01.06-16.29.09:685][  0]LogD3D11RHI: !Direct3DDevice
[2016.01.06-16.29.09:685][  0]LogRHI: Texture pool is 1361 MB (70% of 1945 MB)
[2016.01.06-16.29.09:702][  0]LogD3D11RHI: Async texture creation enabled
[2016.01.06-16.29.09:714][  0]LogShaderCompilers: Guid format shader working directory is -14 characters bigger than the processId version (../../../../../../Users/Home/Documents/GitHub/underUmbrella/Intermediate/Shaders/WorkingDirectory/5912/).
[2016.01.06-16.29.09:714][  0]LogShaderCompilers: Cleaned the shader compiler working directory 'C:/Users/Home/AppData/Local/Temp/UnrealShaderWorkingDir/40A33F37459B2382BAA599B740D18294/'.
[2016.01.06-16.29.09:714][  0]LogShaderCompilers:Display: Using Local Shader Compiler.
[2016.01.06-16.29.11:681][  0]LogTemp:Display: Loaded TP AllDesktopTargetPlatform
[2016.01.06-16.29.11:690][  0]LogTemp:Display: Loaded TP WindowsClientTargetPlatform
[2016.01.06-16.29.11:697][  0]LogTemp:Display: Loaded TP WindowsNoEditorTargetPlatform
[2016.01.06-16.29.11:703][  0]LogTemp:Display: Loaded TP WindowsServerTargetPlatform
[2016.01.06-16.29.11:709][  0]LogTemp:Display: Loaded TP WindowsTargetPlatform
[2016.01.06-16.29.11:715][  0]LogTemp:Display: Loaded TP AndroidTargetPlatform
[2016.01.06-16.29.11:719][  0]LogTemp:Display: Loaded TP Android_ASTCTargetPlatform
[2016.01.06-16.29.11:722][  0]LogTemp:Display: Loaded TP Android_ATCTargetPlatform
[2016.01.06-16.29.11:726][  0]LogTemp:Display: Loaded TP Android_DXTTargetPlatform
[2016.01.06-16.29.11:730][  0]LogTemp:Display: Loaded TP Android_ETC1TargetPlatform
[2016.01.06-16.29.11:733][  0]LogTemp:Display: Loaded TP Android_ETC2TargetPlatform
[2016.01.06-16.29.11:741][  0]LogTemp:Display: Loaded TP Android_MultiTargetPlatform
[2016.01.06-16.29.11:741][  0]LogTemp:Display: Loaded TP Android_PVRTCTargetPlatform
[2016.01.06-16.29.11:741][  0]LogTemp:Display: Loaded TP HTML5TargetPlatform
[2016.01.06-16.29.11:804][  0]LogTemp:Display: Loaded TP IOSTargetPlatform
[2016.01.06-16.29.11:808][  0]LogTemp:Display: Loaded TP LinuxNoEditorTargetPlatform
[2016.01.06-16.29.11:811][  0]LogTemp:Display: Loaded TP LinuxServerTargetPlatform
[2016.01.06-16.29.11:817][  0]LogTemp:Display: Loaded TP LinuxTargetPlatform
[2016.01.06-16.29.11:817][  0]LogTargetPlatformManager:Display: Building Assets For Windows
[2016.01.06-16.29.12:268][  0]LogDerivedDataCache:Display: Max Cache Size: 512 MB
[2016.01.06-16.29.12:683][  0]LogDerivedDataCache: Loaded boot cache 0.42s 41MB C:/Users/Home/AppData/Local/UnrealEngine/4.10/DerivedDataCache/Boot.ddc.
[2016.01.06-16.29.12:683][  0]LogDerivedDataCache:Display: Loaded Boot cache: C:/Users/Home/AppData/Local/UnrealEngine/4.10/DerivedDataCache/Boot.ddc
[2016.01.06-16.29.12:684][  0]LogDerivedDataCache: FDerivedDataBackendGraph:  Pak pak cache file ../../../../../../Users/Home/Documents/GitHub/underUmbrella/DerivedDataCache/DDC.ddp not found, will not use a pak cache.
[2016.01.06-16.29.12:684][  0]LogDerivedDataCache: Unable to find inner node Pak for hierarchical cache Hierarchy.
[2016.01.06-16.29.12:684][  0]LogDerivedDataCache: FDerivedDataBackendGraph:  CompressedPak pak cache file ../../../../../../Users/Home/Documents/GitHub/underUmbrella/DerivedDataCache/Compressed.ddp not found, will not use a pak cache.
[2016.01.06-16.29.12:684][  0]LogDerivedDataCache: Unable to find inner node CompressedPak for hierarchical cache Hierarchy.
[2016.01.06-16.29.12:806][  0]LogDerivedDataCache:Display: Pak cache opened for reading ../../../Engine/DerivedDataCache/Compressed.ddp.
[2016.01.06-16.29.12:829][  0]LogDerivedDataCache: Using Local data cache path C:/Users/Home/AppData/Local/UnrealEngine/Common/DerivedDataCache: Writable
[2016.01.06-16.29.19:396][  0]LogInit: Selected Device Profile: [Windows]
[2016.01.06-16.29.19:400][  0]LogContentStreaming: Texture pool size is 0.000000MB
[2016.01.06-16.29.19:564][  0]LogMeshUtilities: No automatic mesh reduction module available
[2016.01.06-16.29.19:564][  0]LogMeshUtilities: No automatic mesh merging module available
[2016.01.06-16.29.20:085][  0]LogInit: WinSock: version 1.1 (2.2), MaxSocks=32767, MaxUdp=65467
[2016.01.06-16.29.30:944][  0]UdpMessaging: Initializing bridge on interface 0.0.0.0:0 to multicast group 230.0.0.1:6666.
[2016.01.06-16.29.31:150][  0]LogAssetRegistry: FAssetRegistry took 0.0110 seconds to start up
[2016.01.06-16.29.31:745][  0]SourceControl: Info Source control is disabled
[2016.01.06-16.29.31:746][  0]SourceControl: Info Source control is disabled
[2016.01.06-16.29.31:765][  0]SourceControl: Info Source control is disabled
[2016.01.06-16.29.31:784][  0]SourceControl: Info Source control is disabled
[2016.01.06-16.29.32:297][  0]LogObj: 28633 objects as part of root set at end of initial load.
[2016.01.06-16.29.32:297][  0]LogUObjectAllocator: 6099744 out of 0 bytes used by permanent object pool.
[2016.01.06-16.29.32:388][  0]LogEngine: Initializing Engine...
[2016.01.06-16.29.32:391][  0]LogHMD: Can't find Oculus library dev build: is proper Runtime installed? Version: 0.8.0.0
[2016.01.06-16.29.32:408][  0]LogHMD: SteamVR failed to initialize.  Err: 110
[2016.01.06-16.29.32:610][  0]LogAIModule: Creating AISystem for world NewWorld
[2016.01.06-16.29.32:619][  0]LogInit: XAudio2 using 'Speakers (High Definition Audio Device)' : 2 channels at 44.1 kHz using 16 bits per sample (channel mask 0x3)
[2016.01.06-16.29.32:629][  0]LogInit: FAudioDevice initialized.
[2016.01.06-16.29.32:668][  0]LogDerivedDataCache: Saved boot cache 0.04s 41MB C:/Users/Home/AppData/Local/UnrealEngine/4.10/DerivedDataCache/Boot.ddc.
[2016.01.06-16.29.32:681][  0]LogInit: Texture streaming: Enabled
[2016.01.06-16.29.32:688][  0]LogAnalytics: Creating configured Analytics provider AnalyticsET
[2016.01.06-16.29.32:688][  0]LogAnalytics: [UEEditor.Rocket.Release] APIServer = http://et2.epicgames.com/ET2/. AppVersion = 4.10.1-2791327+++depot+UE4-Releases+4.10
[2016.01.06-16.29.32:688][  0]LogAnalytics: [UEEditor.Rocket.Release] SetUserId bda7634e4e3800c847f018b8ed0b1411|c7ff289020a144faadd7bc99c3af9303|18c70efd-9716-4caf-b1ce-617add21ccd6
[2016.01.06-16.29.32:689][  0]LogAnalytics: [UEEditor.Rocket.Release] AnalyticsET::StartSession
[2016.01.06-16.29.32:736][  0]LogInit: Transaction tracking system initialized
[2016.01.06-16.29.32:772][  0]BlueprintLog: New page: Editor Load
[2016.01.06-16.29.32:900][  0]LocalizationService: Info Localization service is disabled
[2016.01.06-16.29.33:102][  0]LogConsoleResponse:Display: 
[2016.01.06-16.29.33:619][  0]LogCook:Display: Done creating registry. It took  0.00s.
[2016.01.06-16.29.33:820][  0]LogFileCache: Scanning file cache for directory 'C:/Users/Home/Documents/GitHub/underUmbrella/Content/' took 0.02s
[2016.01.06-16.29.33:820][  0]SourceControl: Info Source control is disabled
[2016.01.06-16.29.33:821][  0]Cmd: MAP LOAD FILE="../../../../../../Users/Home/Documents/GitHub/underUmbrella/Content/ThirdPersonBP/Maps/ThirdPersonExampleMap.umap" TEMPLATE=0 SHOWPROGRESS=1 FEATURELEVEL=3
[2016.01.06-16.29.33:840][  0]LightingResults: New page: Lighting Build
[2016.01.06-16.29.33:843][  0]MapCheck: New page: Map Check
[2016.01.06-16.29.33:843][  0]LightingResults: New page: Lighting Build
[2016.01.06-16.29.33:857][  0]LogParticles: Destroying 0 GPU particle simulations for FXSystem 0x0000018587CFBB00
[2016.01.06-16.29.36:130][  0]LogAIModule: Creating AISystem for world ThirdPersonExampleMap
[2016.01.06-16.29.36:151][  0]LogEditorServer: Finished looking for orphan Actors (0.000 secs)
[2016.01.06-16.29.36:152][  0]Cmd: MAP CHECKDEP NOCLEARLOG
[2016.01.06-16.29.36:213][  0]MapCheck: Info Map check complete: 0 Error(s), 0 Warning(s), took 61.114ms to complete.
[2016.01.06-16.29.36:213][  0]LogFileHelpers: Loading map 'ThirdPersonExampleMap' took 2.393
[2016.01.06-16.29.36:395][  0]LogCollectionManager: Loaded 0 collections in 0.002709 seconds
[2016.01.06-16.29.36:435][  0]LogFileCache: Scanning file cache for directory 'C:/Users/Home/Documents/GitHub/underUmbrella/Saved/Collections/' took 0.01s
[2016.01.06-16.29.36:435][  0]LogFileCache: Scanning file cache for directory 'C:/Users/Home/Documents/GitHub/underUmbrella/Content/Developers/Home/Collections/' took 0.01s
[2016.01.06-16.29.36:435][  0]LogFileCache: Scanning file cache for directory 'C:/Users/Home/Documents/GitHub/underUmbrella/Content/Collections/' took 0.01s
[2016.01.06-16.29.36:435][  0]LogCollectionManager: Rebuilt the GUID cache for 0 collections in 0.000002 seconds
[2016.01.06-16.29.36:444][  0]LogContentBrowser: Native class hierarchy populated in 0.0084 seconds. Added 1893 classes and 338 folders.
[2016.01.06-16.29.36:454][  0]LogContentBrowser: Native class hierarchy updated for 'WidgetCarousel' in 0.0005 seconds. Added 0 classes and 0 folders.
[2016.01.06-16.29.37:040][  0]LogContentBrowser: Native class hierarchy updated for 'AddContentDialog' in 0.0004 seconds. Added 0 classes and 0 folders.
[2016.01.06-16.29.37:046][  0]LogContentBrowser: Native class hierarchy updated for 'SceneOutliner' in 0.0004 seconds. Added 1 classes and 2 folders.
[2016.01.06-16.29.37:158][  0]LogCrashTracker: Crashtracker disabled due to settings.
[2016.01.06-16.29.37:164][  0]LogUObjectGlobals:Warning: Failed to find object 'Class None.'
[2016.01.06-16.29.37:187][  0]LogLoad: Full Startup: 29.59 seconds (BP compile: 0.14 seconds)
[2016.01.06-16.29.37:529][  0]LogOcInput: Can't find Oculus library dev build: is proper Runtime installed? Version: 0.8.0.0
[2016.01.06-16.29.37:640][  0]LogContentStreaming: Texture pool size now 1000 MB
[2016.01.06-16.29.37:865][  0]LogRenderer: Reallocating scene render targets to support 1208x572 (Frame:2).
[2016.01.06-16.29.39:007][  4]LogAssetRegistry: Asset discovery search completed in 7.8689 seconds
[2016.01.06-16.29.39:007][  4]LogCollectionManager: Rebuilt the object cache for 0 collections in 0.000001 seconds (found 0 objects)
[2016.01.06-16.29.39:007][  4]LogCollectionManager: Fixed up redirectors for 0 collections in 0.000019 seconds (updated 0 objects)
[2016.01.06-16.47.07:701][374]LogBlueprintUserMessages: Early PlayInEditor Detection: Level '/Game/ThirdPersonBP/Maps/ThirdPersonExampleMap.ThirdPersonExampleMap:PersistentLevel' has LevelScriptBlueprint '/Game/ThirdPersonBP/Maps/ThirdPersonExampleMap.ThirdPersonExampleMap:PersistentLevel.ThirdPersonExampleMap' with GeneratedClass '/Game/ThirdPersonBP/Maps/ThirdPersonExampleMap.ThirdPersonExampleMap_C' with ClassGeneratedBy '/Game/ThirdPersonBP/Maps/ThirdPersonExampleMap.ThirdPersonExampleMap:PersistentLevel.ThirdPersonExampleMap'
[2016.01.06-16.47.07:701][374]LogPlayLevel: PlayLevel: No blueprints needed recompiling
[2016.01.06-16.47.07:724][374]PIE: New page: PIE session: ThirdPersonExampleMap (Jan 6, 2016, 6:47:07 PM)
[2016.01.06-16.47.07:724][374]LogPlayLevel: Creating play world package: /Game/ThirdPersonBP/Maps/UEDPIE_0_ThirdPersonExampleMap
[2016.01.06-16.47.07:767][374]LogPlayLevel: PIE: StaticDuplicateObject took: (0.043320s)
[2016.01.06-16.47.07:769][374]LogAIModule: Creating AISystem for world ThirdPersonExampleMap
[2016.01.06-16.47.07:769][374]LogPlayLevel: PIE: World Init took: (0.001782s)
[2016.01.06-16.47.07:770][374]LogPlayLevel: PIE: Created PIE world by copying editor world from /Game/ThirdPersonBP/Maps/ThirdPersonExampleMap.ThirdPersonExampleMap to /Game/ThirdPersonBP/Maps/UEDPIE_0_ThirdPersonExampleMap.ThirdPersonExampleMap (0.045505s)
[2016.01.06-16.47.07:808][374]LogInit: XAudio2 using 'Speakers (High Definition Audio Device)' : 2 channels at 44.1 kHz using 16 bits per sample (channel mask 0x3)
[2016.01.06-16.47.07:817][374]LogInit: FAudioDevice initialized.
[2016.01.06-16.47.07:908][374]LogWorld: Game class is 'ThirdPersonGameMode_C'
[2016.01.06-16.47.07:987][374]LogWorld: Bringing World /Game/ThirdPersonBP/Maps/UEDPIE_0_ThirdPersonExampleMap.ThirdPersonExampleMap up for play (max tick rate 0) at 2016.01.06-17.47.07
[2016.01.06-16.47.07:987][374]LogActor:Warning: GameSession /Game/ThirdPersonBP/Maps/UEDPIE_0_ThirdPersonExampleMap.ThirdPersonExampleMap:Persi