[2016.01.09-08.41.29:303][  0]Log file open, 01/09/16 09:41:29
[2016.01.09-08.41.29:303][  0]LogInit:Display: Running engine for game: UnderUmbrella
[2016.01.09-08.41.29:303][  0]LogPlatformFile: Not using cached read wrapper
[2016.01.09-08.41.29:303][  0]LogInit:Display: RandInit(-2093854124) SRandInit(-2093854122).
[2016.01.09-08.41.29:303][  0]LogTaskGraph: Started task graph with 4 named threads and 7 total threads.
[2016.01.09-08.41.29:303][  0]LogStats: Stats thread started at 0.089079
[2016.01.09-08.41.29:303][  0]LogInit: Version: 4.10.1-2791327+++depot+UE4-Releases+4.10
[2016.01.09-08.41.29:303][  0]LogInit: API Version: 2758231
[2016.01.09-08.41.29:303][  0]LogInit: Compiled (64-bit): Dec  4 2015 19:44:40
[2016.01.09-08.41.29:303][  0]LogInit: Compiled with Visual C++: 19.00.23026.00
[2016.01.09-08.41.29:303][  0]LogInit: Build Configuration: Development
[2016.01.09-08.41.29:303][  0]LogInit: Branch Name: ++depot+UE4-Releases+4.10
[2016.01.09-08.41.29:303][  0]LogInit: Command line:  
[2016.01.09-08.41.29:303][  0]LogInit: Base directory: C:/Program Files (x86)/Epic Games/4.10/Engine/Binaries/Win64/
[2016.01.09-08.41.29:303][  0]LogInit: Rocket: 1
[2016.01.09-08.41.29:318][  0]LogInit: Using libcurl 7.41.0
[2016.01.09-08.41.29:318][  0]LogInit:  - built for x86_64-pc-win32
[2016.01.09-08.41.29:318][  0]LogInit:  - supports SSL with WinSSL
[2016.01.09-08.41.29:318][  0]LogInit:  - other features:
[2016.01.09-08.41.29:318][  0]LogInit:      CURL_VERSION_SSL
[2016.01.09-08.41.29:318][  0]LogInit:      CURL_VERSION_IPV6
[2016.01.09-08.41.29:318][  0]LogInit:      CURL_VERSION_ASYNCHDNS
[2016.01.09-08.41.29:318][  0]LogInit:      CURL_VERSION_LARGEFILE
[2016.01.09-08.41.29:318][  0]LogInit:      CURL_VERSION_IDN
[2016.01.09-08.41.29:319][  0]LogInit:  CurlRequestOptions (configurable via config and command line):
[2016.01.09-08.41.29:319][  0]LogInit:  - bVerifyPeer = true  - Libcurl will verify peer certificate
[2016.01.09-08.41.29:319][  0]LogInit:  - bUseHttpProxy = false  - Libcurl will NOT use HTTP proxy
[2016.01.09-08.41.29:319][  0]LogInit:  - bDontReuseConnections = false  - Libcurl will reuse connections
[2016.01.09-08.41.29:319][  0]LogInit:  - CertBundlePath = nullptr  - Libcurl will use whatever was configured at build time.
[2016.01.09-08.41.29:330][  0]LogInit: Presizing for 0 objects not considered by GC, pre-allocating 0 bytes.
[2016.01.09-08.41.29:338][  0]LogInit: Object subsystem initialized
[2016.01.09-08.41.29:342][  0]LogInit: Selected Device Profile: [Windows]
[2016.01.09-08.41.29:342][  0]LogInit: Applying CVar settings loaded from the selected device profile: [Windows]
[2016.01.09-08.41.29:354][  0]LogInit: Computer: DESKTOP-6H6TUD6
[2016.01.09-08.41.29:354][  0]LogInit: User: Home
[2016.01.09-08.41.29:354][  0]LogInit: CPU Page size=4096, Cores=4
[2016.01.09-08.41.29:354][  0]LogInit: High frequency timer resolution =3.906457 MHz
[2016.01.09-08.41.29:354][  0]LogMemory: Memory total: Physical=7.9GB (8GB approx)
[2016.01.09-08.41.29:354][  0]LogMemory: Platform Memory Stats for Windows
[2016.01.09-08.41.29:354][  0]LogMemory: Process Physical Memory: 56.28 MB used, 56.28 MB peak
[2016.01.09-08.41.29:354][  0]LogMemory: Process Virtual Memory: 58.77 MB used, 58.77 MB peak
[2016.01.09-08.41.29:354][  0]LogMemory: Physical Memory: 3853.48 MB used, 8098.55 MB total
[2016.01.09-08.41.29:354][  0]LogMemory: Virtual Memory: 387.02 MB used, 134217728.00 MB total
[2016.01.09-08.41.29:405][  0]LogTextLocalizationManager: No specific translations for ('en-US') exist, so ('en') translations will be used.
[2016.01.09-08.41.29:947][  0]LogD3D11RHI: Found D3D11 adapter 0: NVIDIA GeForce GTX 660   (Feature Level 11_0)
[2016.01.09-08.41.29:947][  0]LogD3D11RHI: Adapter has 1988MB of dedicated video memory, 0MB of dedicated system memory, and 4049MB of shared system memory, 1 output[s]
[2016.01.09-08.41.29:949][  0]LogD3D11RHI: Found D3D11 adapter 1: Microsoft Basic Render Driver (Feature Level 11_0)
[2016.01.09-08.41.29:949][  0]LogD3D11RHI: Adapter has 0MB of dedicated video memory, 0MB of dedicated system memory, and 4049MB of shared system memory, 0 output[s]
[2016.01.09-08.41.29:950][  0]LogD3D11RHI: Chosen D3D11 Adapter Id = 0
[2016.01.09-08.41.29:954][  0]LogD3D11RHI: !Direct3DDevice
[2016.01.09-08.41.29:954][  0]LogRHI: Texture pool is 1361 MB (70% of 1945 MB)
[2016.01.09-08.41.29:976][  0]LogD3D11RHI: Async texture creation enabled
[2016.01.09-08.41.29:989][  0]LogShaderCompilers: Guid format shader working directory is -14 characters bigger than the processId version (../../../../../../Users/Home/Documents/GitHub/underUmbrella/Intermediate/Shaders/WorkingDirectory/4112/).
[2016.01.09-08.41.29:990][  0]LogShaderCompilers: Cleaned the shader compiler working directory 'C:/Users/Home/AppData/Local/Temp/UnrealShaderWorkingDir/95C8720E469A5B0907D5DC9DFFD367E4/'.
[2016.01.09-08.41.29:990][  0]LogShaderCompilers:Display: Using Local Shader Compiler.
[2016.01.09-08.41.31:139][  0]LogTemp:Display: Loaded TP AllDesktopTargetPlatform
[2016.01.09-08.41.31:147][  0]LogTemp:Display: Loaded TP WindowsClientTargetPlatform
[2016.01.09-08.41.31:155][  0]LogTemp:Display: Loaded TP WindowsNoEditorTargetPlatform
[2016.01.09-08.41.31:162][  0]LogTemp:Display: Loaded TP WindowsServerTargetPlatform
[2016.01.09-08.41.31:170][  0]LogTemp:Display: Loaded TP WindowsTargetPlatform
[2016.01.09-08.41.31:175][  0]LogTemp:Display: Loaded TP AndroidTargetPlatform
[2016.01.09-08.41.31:181][  0]LogTemp:Display: Loaded TP Android_ASTCTargetPlatform
[2016.01.09-08.41.31:187][  0]LogTemp:Display: Loaded TP Android_ATCTargetPlatform
[2016.01.09-08.41.31:192][  0]LogTemp:Display: Loaded TP Android_DXTTargetPlatform
[2016.01.09-08.41.31:198][  0]LogTemp:Display: Loaded TP Android_ETC1TargetPlatform
[2016.01.09-08.41.31:204][  0]LogTemp:Display: Loaded TP Android_ETC2TargetPlatform
[2016.01.09-08.41.31:216][  0]LogTemp:Display: Loaded TP Android_MultiTargetPlatform
[2016.01.09-08.41.31:216][  0]LogTemp:Display: Loaded TP Android_PVRTCTargetPlatform
[2016.01.09-08.41.31:217][  0]LogTemp:Display: Loaded TP HTML5TargetPlatform
[2016.01.09-08.41.31:239][  0]LogTemp:Display: Loaded TP IOSTargetPlatform
[2016.01.09-08.41.31:244][  0]LogTemp:Display: Loaded TP LinuxNoEditorTargetPlatform
[2016.01.09-08.41.31:249][  0]LogTemp:Display: Loaded TP LinuxServerTargetPlatform
[2016.01.09-08.41.31:255][  0]LogTemp:Display: Loaded TP LinuxTargetPlatform
[2016.01.09-08.41.31:255][  0]LogTargetPlatformManager:Display: Building Assets For Windows
[2016.01.09-08.41.31:397][  0]LogDerivedDataCache:Display: Max Cache Size: 512 MB
[2016.01.09-08.41.31:477][  0]LogDerivedDataCache: Loaded boot cache 0.08s 41MB C:/Users/Home/AppData/Local/UnrealEngine/4.10/DerivedDataCache/Boot.ddc.
[2016.01.09-08.41.31:477][  0]LogDerivedDataCache:Display: Loaded Boot cache: C:/Users/Home/AppData/Local/UnrealEngine/4.10/DerivedDataCache/Boot.ddc
[2016.01.09-08.41.31:477][  0]LogDerivedDataCache: FDerivedDataBackendGraph:  Pak pak cache file ../../../../../../Users/Home/Documents/GitHub/underUmbrella/DerivedDataCache/DDC.ddp not found, will not use a pak cache.
[2016.01.09-08.41.31:477][  0]LogDerivedDataCache: Unable to find inner node Pak for hierarchical cache Hierarchy.
[2016.01.09-08.41.31:477][  0]LogDerivedDataCache: FDerivedDataBackendGraph:  CompressedPak pak cache file ../../../../../../Users/Home/Documents/GitHub/underUmbrella/DerivedDataCache/Compressed.ddp not found, will not use a pak cache.
[2016.01.09-08.41.31:477][  0]LogDerivedDataCache: Unable to find inner node CompressedPak for hierarchical cache Hierarchy.
[2016.01.09-08.41.31:548][  0]LogDerivedDataCache:Display: Pak cache opened for reading ../../../Engine/DerivedDataCache/Compressed.ddp.
[2016.01.09-08.41.31:560][  0]LogDerivedDataCache: Using Local data cache path C:/Users/Home/AppData/Local/UnrealEngine/Common/DerivedDataCache: Writable
[2016.01.09-08.41.31:851][  0]LogInit: Selected Device Profile: [Windows]
[2016.01.09-08.41.31:856][  0]LogContentStreaming: Texture pool size is 0.000000MB
[2016.01.09-08.41.32:010][  0]LogMeshUtilities: No automatic mesh reduction module available
[2016.01.09-08.41.32:011][  0]LogMeshUtilities: No automatic mesh merging module available
[2016.01.09-08.41.32:352][  0]LogInit: WinSock: version 1.1 (2.2), MaxSocks=32767, MaxUdp=65467
[2016.01.09-08.41.33:996][  0]UdpMessaging: Initializing bridge on interface 0.0.0.0:0 to multicast group 230.0.0.1:6666.
[2016.01.09-08.41.34:115][  0]LogAssetRegistry: FAssetRegistry took 0.0110 seconds to start up
[2016.01.09-08.41.34:368][  0]LogAssetRegistry:Error: Bad name index reading cache 0/0
[2016.01.09-08.41.34:368][  0]LogAssetRegistry:Error: There was an error loading the asset registry cache. Generating a new one.
[2016.01.09-08.41.34:368][  0]SourceControl: Info Source control is disabled
[2016.01.09-08.41.34:370][  0]SourceControl: Info Source control is disabled
[2016.01.09-08.41.34:390][  0]SourceControl: Info Source control is disabled
[2016.01.09-08.41.34:410][  0]SourceControl: Info Source control is disabled
[2016.01.09-08.41.34:828][  0]LogObj: 28633 objects as part of root set at end of initial load.
[2016.01.09-08.41.34:828][  0]LogUObjectAllocator: 6099744 out of 0 bytes used by permanent object pool.
[2016.01.09-08.41.34:901][  0]LogEngine: Initializing Engine...
[2016.01.09-08.41.34:908][  0]LogHMD: Can't find Oculus library dev build: is proper Runtime installed? Version: 0.8.0.0
[2016.01.09-08.41.34:909][  0]LogHMD: SteamVR failed to initialize.  Err: 110
[2016.01.09-08.41.35:069][  0]LogAIModule: Creating AISystem for world NewWorld
[2016.01.09-08.41.35:080][  0]LogInit: XAudio2 using 'Speakers (High Definition Audio Device)' : 2 channels at 44.1 kHz using 16 bits per sample (channel mask 0x3)
[2016.01.09-08.41.35:091][  0]LogInit: FAudioDevice initialized.
[2016.01.09-08.41.35:134][  0]LogDerivedDataCache: Saved boot cache 0.04s 41MB C:/Users/Home/AppData/Local/UnrealEngine/4.10/DerivedDataCache/Boot.ddc.
[2016.01.09-08.41.35:147][  0]LogInit: Texture streaming: Enabled
[2016.01.09-08.41.35:156][  0]LogAnalytics: Creating configured Analytics provider AnalyticsET
[2016.01.09-08.41.35:156][  0]LogAnalytics: [UEEditor.Rocket.Release] APIServer = http://et2.epicgames.com/ET2/. AppVersion = 4.10.1-2791327+++depot+UE4-Releases+4.10
[2016.01.09-08.41.35:156][  0]LogAnalytics: [UEEditor.Rocket.Release] SetUserId bda7634e4e3800c847f018b8ed0b1411|c7ff289020a144faadd7bc99c3af9303|18c70efd-9716-4caf-b1ce-617add21ccd6
[2016.01.09-08.41.35:156][  0]LogAnalytics: [UEEditor.Rocket.Release] AnalyticsET::StartSession
[2016.01.09-08.41.35:171][  0]LogWindowsTextInputMethodSystem:Display: IME system now deactivated.
[2016.01.09-08.41.35:198][  0]LogInit: Transaction tracking system initialized
[2016.01.09-08.41.35:276][  0]BlueprintLog: New page: Editor Load
[2016.01.09-08.41.35:428][  0]LocalizationService: Info Localization service is disabled
[2016.01.09-08.41.35:560][  0]LogConsoleResponse:Display: 
[2016.01.09-08.41.35:746][  0]LogCook:Display: Done creating registry. It took  0.00s.
[2016.01.09-08.41.35:867][  0]LogFileCache: Scanning file cache for directory 'C:/Users/Home/Documents/GitHub/underUmbrella/Content/' took 0.02s
[2016.01.09-08.41.35:867][  0]SourceControl: Info Source control is disabled
[2016.01.09-08.41.36:106][  0]LogFactory: FactoryCreateBinary: PackFactory with PackFactory (0 0 C:/Program Files (x86)/Epic Games/4.10/FeaturePacks/StarterContent.upack)
[2016.01.09-08.41.36:731][  0]LogPackFactory: Finished extracting 8 files (including 0 errors).
[2016.01.09-08.41.36:750][  0]LogPackFactory: Copied "../../../Samples/StarterContent/Content/StarterContent/Architecture/Floor_400x400.uasset" to "../../../../../../Users/Home/Documents/GitHub/underUmbrella/Content/StarterContent/Architecture/Floor_400x400.uasset"
[2016.01.09-08.41.36:799][  0]LogPackFactory: Copied "../../../Samples/StarterContent/Content/StarterContent/Architecture/Pillar_50x500.uasset" to "../../../../../../Users/Home/Documents/GitHub/underUmbrella/Content/StarterContent/Architecture/Pillar_50x500.uasset"
[2016.01.09-08.41.36:960][  0]LogPackFactory: Copied "../../../Samples/StarterContent/Content/StarterContent/Architecture/SM_AssetPlatform.uasset" to "../../../../../../Users/Home/Documents/GitHub/underUmbrella/Content/StarterContent/Architecture/SM_AssetPlatform.uasset"
[2016.01.09-08.41.36:977][  0]LogPackFactory: Copied "../../../Samples/StarterContent/Content/StarterContent/Architecture/Wall_400x200.uasset" to "../../../../../../Users/Home/Documents/GitHub/underUmbrella/Content/StarterContent/Architecture/Wall_400x200.uasset"
[2016.01.09-08.41.36:995][  0]LogPackFactory: Copied "../../../Samples/StarterContent/Content/StarterContent/Architecture/Wall_400x300.uasset" to "../../../../../../Users/Home/Documents/GitHub/underUmbrella/Content/StarterContent/Architecture/Wall_400x300.uasset"
[2016.01.09-08.41.37:059][  0]LogPackFactory: Copied "../../../Samples/StarterContent/Content/StarterContent/Architecture/Wall_400x400.uasset" to "../../../../../../Users/Home/Documents/GitHub/underUmbrella/Content/StarterContent/Architecture/Wall_400x400.uasset"
[2016.01.09-08.41.37:094][  0]LogPackFactory: Copied "../../../Samples/StarterContent/Content/StarterContent/Architecture/Wall_500x500.uasset" to "../../../../../../Users/Home/Documents/GitHub/underUmbrella/Content/StarterContent/Architecture/Wall_500x500.uasset"
[2016.01.09-08.41.37:115][  0]LogPackFactory: Copied "../../../Samples/StarterContent/Content/StarterContent/Architecture/Wall_Door_400x300.uasset" to "../../../../../../Users/Home/Documents/GitHub/underUmbrella/Content/StarterContent/Architecture/Wall_Door_400x300.uasset"
[2016.01.09-08.41.37:117][  0]LogPackFactory: Copied "../../../Samples/StarterContent/Content/StarterContent/Architecture/Wall_Door_400x400.uasset" to "../../../../../../Users/Home/Documents/GitHub/underUmbrella/Content/StarterContent/Architecture/Wall_Door_400x400.uasset"
[2016.01.09-08.41.37:139][  0]LogPackFactory: Copied "../../../Samples/StarterContent/Content/StarterContent/Architecture/Wall_Window_400x300.uasset" to "../../../../../../Users/Home/Documents/GitHub/underUmbrella/Content/StarterContent/Architecture/Wall_Window_400x300.uasset"
[2016.01.09-08.41.37:141][  0]LogPackFactory: Copied "../../../Samples/StarterContent/Content/StarterContent/Architecture/Wall_Window_400x400.uasset" to "../../../../../../Users/Home/Documents/GitHub/underUmbrella/Content/StarterContent/Architecture/Wall_Window_400x400.uasset"
[2016.01.09-08.41.37:250][  0]LogPackFactory: Copied "../../../Samples/StarterContent/Content/StarterContent/Audio/Collapse01.uasset" to "../../../../../../Users/Home/Documents/GitHub/underUmbrella/Content/StarterContent/Audio/Collapse01.uasset"
[2016.01.09-08.41.37:310][  0]LogPackFactory: Copied "../../../Samples/StarterContent/Content/StarterContent/Audio/Collapse02.uasset" to "../../../../../../Users/Home/Documents/GitHub/underUmbrella/Content/StarterContent/Audio/Collapse02.uasset"
[2016.01.09-08.41.37:313][  0]LogPackFactory: Copied "../../../Samples/StarterContent/Content/StarterContent/Audio/Collapse_Cue.uasset" to "../../../../../../Users/Home/Documents/GitHub/underUmbrella/Content/StarterContent/Audio/Collapse_Cue.uasset"
[2016.01.09-08.41.37:346][  0]LogPackFactory: Copied "../../../Samples/StarterContent/Content/StarterContent/Audio/Explosion01.uasset" to "../../../../../../Users/Home/Documents/GitHub/underUmbrella/Content/StarterContent/Audio/Explosion01.uasset"
[2016.01.09-08.41.37:369][  0]LogPackFactory: Copied "../../../Samples/StarterContent/Content/StarterContent/Audio/Explosion02.uasset" to "../../../../../../Users/Home/Documents/GitHub/underUmbrella/Content/StarterContent/Audio/Explosion02.uasset"
[2016.01.09-08.41.37:371][  0]LogPackFactory: Copied "../../../Samples/StarterContent/Content/StarterContent/Audio/Explosion_Cue.uasset" to "../../../../../../Users/Home/Documents/GitHub/underUmbrella/Content/StarterContent/Audio/Explosion_Cue.uasset"
[2016.01.09-08.41.37:589][  0]LogPackFactory: Copied "../../../Samples/StarterContent/Content/StarterContent/Audio/Fire01.uasset" to "../../../../../../Users/Home/Documents/GitHub/underUmbrella/Content/StarterContent/Audio/Fire01.uasset"
[2016.01.09-08.41.37:610][  0]LogPackFactory: Copied "../../../Samples/StarterContent/Content/StarterContent/Audio/Fire01_Cue.uasset" to "../../../../../../Users/Home/Documents/GitHub/underUmbrella/Content/StarterContent/Audio/Fire01_Cue.uasset"
[2016.01.09-08.41.37:830][  0]LogPackFactory: Copied "../../../Samples/StarterContent/Content/StarterContent/Audio/Fire_Sparks01.uasset" to "../../../../../../Users/Home/Documents/GitHub/underUmbrella/Content/StarterContent/Audio/Fire_Sparks01.uasset"
[2016.01.09-08.41.37:863][  0]LogPackFactory: Copied "../../../Samples/StarterContent/Content/StarterContent/Audio/Fire_Sparks01_Cue.uasset" to "../../../../../../Users/Home/Documents/GitHub/underUmbrella/Content/StarterContent/Audio/Fire_Sparks01_Cue.uasset"
[2016.01.09-08.41.37:867][  0]LogPackFactory: Copied "../../../Samples/StarterContent/Content/StarterContent/Audio/Light01.uasset" to "../../../../../../Users/Home/Documents/GitHub/underUmbrella/Content/StarterContent/Audio/Light01.uasset"
[2016.01.09-08.41.37:882][  0]LogPackFactory: Copied "../../../Samples/StarterContent/Content/StarterContent/Audio/Light01_Cue.uasset" to "../../../../../../Users/Home/Documents/GitHub/underUmbrella/Content/StarterContent/Audio/Light01_Cue.uasset"
[2016.01.09-08.41.37:896][  0]LogPackFactory: Copied "../../../Samples/StarterContent/Content/StarterContent/Audio/Light02.uasset" to "../../../../../../Users/Home/Documents/GitHub/underUmbrella/Content/StarterContent/Audio/Light02.uasset"
[2016.01.09-08.41.37:909][  0]LogPackFactory: Copied "../../../Samples/StarterContent/Content/StarterContent/Audio/Light02_Cue.uasset" to "../../../../../../Users/Home/Documents/GitHub/underUmbrella/Content/StarterContent/Audio/Light02_Cue.uasset"
[2016.01.09-08.41.37:914][  0]LogPackFactory: Copied "../../../Samples/StarterContent/Content/StarterContent/Audio/Smoke01.uasset" to "../../../../../../Users/Home/Documents/GitHub/underUmbrella/Content/StarterContent/Audio/Smoke01.uasset"
[2016.01.09-08.41.37:916][  0]LogPackFactory: Copied "../../../Samples/StarterContent/Content/StarterContent/Audio/Smoke01_Cue.uasset" to "../../../../../../Users/Home/Documents/GitHub/underUmbrella/Content/StarterContent/Audio/Smoke01_Cue.uasset"
[2016.01.09-08.41.37:934][  0]LogPackFactory: Copied "../../../Samples/StarterContent/Content/StarterContent/Audio/Starter_Background_Cue.uasset" to "../../../../../../Users/Home/Documents/GitHub/underUmbrella/Content/StarterContent/Audio/Starter_Background_Cue.uasset"
[2016.01.09-08.41.38:175][  0]LogPackFactory: Copied "../../../Samples/StarterContent/Content/StarterContent/Audio/Starter_Birds01.uasset" to "../../../../../../Users/Home/Documents/GitHub/underUmbrella/Content/StarterContent/Audio/Starter_Birds01.uasset"
[2016.01.09-08.41.38:633][  0]LogPackFactory: Copied "../../../Samples/StarterContent/Content/StarterContent/Audio/Starter_Music01.uasset" to "../../../../../../Users/Home/Documents/GitHub/underUmbrella/Content/StarterContent/Audio/Starter_Music01.uasset"
[2016.01.09-08.41.38:651][  0]LogPackFactory: Copied "../../../Samples/StarterContent/Content/StarterContent/Audio/Starter_Music_Cue.uasset" to "../../../../../../Users/Home/Documents/GitHub/underUmbrella/Content/StarterContent/Audio/Starter_Music_Cue.uasset"
[2016.01.09-08.41.39:282][  0]LogPackFactory: Copied "../../../Samples/StarterContent/Content/StarterContent/Audio/Starter_Wind05.uasset" to "../../../../../../Users/Home/Documents/GitHub/underUmbrella/Content/StarterContent/Audio/Starter_Wind05.uasset"
[2016.01.09-08.41.39:388][  0]LogPackFactory: Copied "../../../Samples/StarterContent/Content/StarterContent/Audio/Starter_Wind06.uasset" to "../../../../../../Users/Home/Documents/GitHub/underUmbrella/Content/StarterContent/Audio/Starter_Wind06.uasset"
[2016.01.09-08.41.39:402][  0]LogPackFactory: Copied "../../../Samples/StarterContent/Content/StarterContent/Audio/Steam01.uasset" to "../../../../../../Users/Home/Documents/GitHub/underUmbrella/Content/StarterContent/Audio/Steam01.uasset"
[2016.01.09-08.41.39:418][  0]LogPackFactory: Copied "../../../Samples/StarterContent/Content/StarterContent/Audio/Steam01_Cue.uasset" to "../../../../../../Users/Home/Documents/GitHub/underUmbrella/Content/StarterContent/Audio/Steam01_Cue.uasset"
[2016.01.09-08.41.39:457][  0]LogPackFactory: Copied "../../../Samples/StarterContent/Content/StarterContent/Blueprints/Blueprint_CeilingLight.uasset" to "../../../../../../Users/Home/Documents/GitHub/underUmbrella/Content/StarterContent/Blueprints/Blueprint_CeilingLight.uasset"
[2016.01.09-08.41.39:479][  0]LogPackFactory: Copied "../../../Samples/StarterContent/Content/StarterContent/Blueprints/Blueprint_Effect_Explosion.uasset" to "../../../../../../Users/Home/Documents/GitHub/underUmbrella/Content/StarterContent/Blueprints/Blueprint_Effect_Explosion.uasset"
[2016.01.09-08.41.39:512][  0]LogPackFactory: Copied "../../../Samples/StarterContent/Content/StarterContent/Blueprints/Blueprint_Effect_Fire.uasset" to "../../../../../../Users/Home/Documents/GitHub/underUmbrella/Content/StarterContent/Blueprints/Blueprint_Effect_Fire.uasset"
[2016.01.09-08.41.39:536][  0]LogPackFactory: Copied "../../../Samples/StarterContent/Content/StarterContent/Blueprints/Blueprint_Effect_Smoke.uasset" to "../../../../../../Users/Home/Documents/GitHub/underUmbrella/Content/StarterContent/Blueprints/Blueprint_Effect_Smoke.uasset"
[2016.01.09-08.41.39:538][  0]LogPackFactory: Copied "../../../Samples/StarterContent/Content/StarterContent/Blueprints/Blueprint_Effect_Sparks.uasset" to "../../../../../../Users/Home/Documents/GitHub/underUmbrella/Content/StarterContent/Blueprints/Blueprint_Effect_Sparks.uasset"
[2016.01.09-08.41.39:556][  0]LogPackFactory: Copied "../../../Samples/StarterContent/Content/StarterContent/Blueprints/Blueprint_Effect_Steam.uasset" to "../../../../../../Users/Home/Documents/GitHub/underUmbrella/Content/StarterContent/Blueprints/Blueprint_Effect_Steam.uasset"
[2016.01.09-08.41.39:597][  0]LogPackFactory: Copied "../../../Samples/StarterContent/Content/StarterContent/Blueprints/Blueprint_WallSconce.uasset" to "../../../../../../Users/Home/Documents/GitHub/underUmbrella/Content/StarterContent/Blueprints/Blueprint_WallSconce.uasset"
[2016.01.09-08.41.39:616][  0]LogPackFactory: Copied "../../../Samples/StarterContent/Content/StarterContent/Blueprints/BP_LightStudio.uasset" to "../../../../../../Users/Home/Documents/GitHub/underUmbrella/Content/StarterContent/Blueprints/BP_LightStudio.uasset"
[2016.01.09-08.41.39:622][  0]LogPackFactory: Copied "../../../Samples/StarterContent/Content/StarterContent/Blueprints/Assets/FogBrightnessLUT.uasset" to "../../../../../../Users/Home/Documents/GitHub/underUmbrella/Content/StarterContent/Blueprints/Assets/FogBrightnessLUT.uasset"
[2016.01.09-08.41.39:655][  0]LogPackFactory: Copied "../../../Samples/StarterContent/Content/StarterContent/Blueprints/Assets/M_LightStage_Arrows.uasset" to "../../../../../../Users/Home/Documents/GitHub/underUmbrella/Content/StarterContent/Blueprints/Assets/M_LightStage_Arrows.uasset"
[2016.01.09-08.41.39:691][  0]LogPackFactory: Copied "../../../Samples/StarterContent/Content/StarterContent/Blueprints/Assets/M_LightStage_Skybox_Black.uasset" to "../../../../../../Users/Home/Documents/GitHub/underUmbrella/Content/StarterContent/Blueprints/Assets/M_LightStage_Skybox_Black.uasset"
[2016.01.09-08.41.39:739][  0]LogPackFactory: Copied "../../../Samples/StarterContent/Content/StarterContent/Blueprints/Assets/M_LightStage_Skybox_HDRI.uasset" to "../../../../../../Users/Home/Documents/GitHub/underUmbrella/Content/StarterContent/Blueprints/Assets/M_LightStage_Skybox_HDRI.uasset"
[2016.01.09-08.41.39:741][  0]LogPackFactory: Copied "../../../Samples/StarterContent/Content/StarterContent/Blueprints/Assets/M_LightStage_Skybox_Master.uasset" to "../../../../../../Users/Home/Documents/GitHub/underUmbrella/Content/StarterContent/Blueprints/Assets/M_LightStage_Skybox_Master.uasset"
[2016.01.09-08.41.39:766][  0]LogPackFactory: Copied "../../../Samples/StarterContent/Content/StarterContent/Blueprints/Assets/Skybox.uasset" to "../../../../../../Users/Home/Documents/GitHub/underUmbrella/Content/StarterContent/Blueprints/Assets/Skybox.uasset"
[2016.01.09-08.41.39:927][  0]LogPackFactory: Copied "../../../Samples/StarterContent/Content/StarterContent/Blueprints/Assets/SM_Arrows.uasset" to "../../../../../../Users/Home/Documents/GitHub/underUmbrella/Content/StarterContent/Blueprints/Assets/SM_Arrows.uasset"
[2016.01.09-08.41.39:943][  0]LogPackFactory: Copied "../../../Samples/StarterContent/Content/StarterContent/Blueprints/Assets/SunlightColorLUT.uasset" to "../../../../../../Users/Home/Documents/GitHub/underUmbrella/Content/StarterContent/Blueprints/Assets/SunlightColorLUT.uasset"
[2016.01.09-08.41.45:230][  0]LogPackFactory: Copied "../../../Samples/StarterContent/Content/StarterContent/HDRI/HDRI_Epic_Courtyard_Daylight.uasset" to "../../../../../../Users/Home/Documents/GitHub/underUmbrella/Content/StarterContent/HDRI/HDRI_Epic_Courtyard_Daylight.uasset"
[2016.01.09-08.41.45:328][  0]LogPackFactory: Copied "../../../Samples/StarterContent/Content/StarterContent/Maps/Advanced_Lighting.umap" to "../../../../../../Users/Home/Documents/GitHub/underUmbrella/Content/StarterContent/Maps/Advanced_Lighting.umap"
[2016.01.09-08.41.46:164][  0]LogPackFactory: Copied "../../../Samples/StarterContent/Content/StarterContent/Maps/Minimal_Default.umap" to "../../../../../../Users/Home/Documents/GitHub/underUmbrella/Content/StarterContent/Maps/Minimal_Default.umap"
[2016.01.09-08.41.46:973][  0]LogPackFactory: Copied "../../../Samples/StarterContent/Content/StarterContent/Maps/StarterMap.umap" to "../../../../../../Users/Home/Documents/GitHub/underUmbrella/Content/StarterContent/Maps/StarterMap.umap"
[2016.01.09-08.41.47:025][  0]LogPackFactory: Copied "../../../Samples/StarterContent/Content/StarterContent/Materials/M_AssetPlatform.uasset" to "../../../../../../Users/Home/Documents/GitHub/underUmbrella/Content/StarterContent/Materials/M_AssetPlatform.uasset"
[2016.01.09-08.41.47:078][  0]LogPackFactory: Copied "../../../Samples/StarterContent/Content/StarterContent/Materials/M_Basic_Floor.uasset" to "../../../../../../Users/Home/Documents/GitHub/underUmbrella/Content/StarterContent/Materials/M_Basic_Floor.uasset"
[2016.01.09-08.41.47:092][  0]LogPackFactory: Copied "../../../Samples/StarterContent/Content/StarterContent/Materials/M_Basic_Wall.uasset" to "../../../../../../Users/Home/Documents/GitHub/underUmbrella/Content/StarterContent/Materials/M_Basic_Wall.uasset"
[2016.01.09-08.41.47:094][  0]LogPackFactory: Copied "../../../Samples/StarterContent/Content/StarterContent/Materials/M_Brick_Clay_Beveled.uasset" to "../../../../../../Users/Home/Documents/GitHub/underUmbrella/Content/StarterContent/Materials/M_Brick_Clay_Beveled.uasset"
[2016.01.09-08.41.47:109][  0]LogPackFactory: Copied "../../../Samples/StarterContent/Content/StarterContent/Materials/M_Brick_Clay_New.uasset" to "../../../../../../Users/Home/Documents/GitHub/underUmbrella/Content/StarterContent/Materials/M_Brick_Clay_New.uasset"
[2016.01.09-08.41.47:130][  0]LogPackFactory: Copied "../../../Samples/StarterContent/Content/StarterContent/Materials/M_Brick_Clay_Old.uasset" to "../../../../../../Users/Home/Documents/GitHub/underUmbrella/Content/StarterContent/Materials/M_Brick_Clay_Old.uasset"
[2016.01.09-08.41.47:145][  0]LogPackFactory: Copied "../../../Samples/StarterContent/Content/StarterContent/Materials/M_Brick_Cut_Stone.uasset" to "../../../../../../Users/Home/Documents/GitHub/underUmbrella/Content/StarterContent/Materials/M_Brick_Cut_Stone.uasset"
[2016.01.09-08.41.47:195][  0]LogPackFactory: Copied "../../../Samples/StarterContent/Content/StarterContent/Materials/M_Brick_Hewn_Stone.uasset" to "../../../../../../Users/Home/Documents/GitHub/underUmbrella/Content/StarterContent/Materials/M_Brick_Hewn_Stone.uasset"
[2016.01.09-08.41.47:233][  0]LogPackFactory: Copied "../../../Samples/StarterContent/Content/StarterContent/Materials/M_Ceramic_Tile_Checker.uasset" to "../../../../../../Users/Home/Documents/GitHub/underUmbrella/Content/StarterContent/Materials/M_Ceramic_Tile_Checker.uasset"
[2016.01.09-08.41.47:250][  0]LogPackFactory: Copied "../../../Samples/StarterContent/Content/StarterContent/Materials/M_CobbleStone_Pebble.uasset" to "../../../../../../Users/Home/Documents/GitHub/underUmbrella/Content/StarterContent/Materials/M_CobbleStone_Pebble.uasset"
[2016.01.09-08.41.47:270][  0]LogPackFactory: Copied "../../../Samples/StarterContent/Content/StarterContent/Materials/M_CobbleStone_Rough.uasset" to "../../../../../../Users/Home/Documents/GitHub/underUmbrella/Content/StarterContent/Materials/M_CobbleStone_Rough.uasset"
[2016.01.09-08.41.47:331][  0]LogPackFactory: Copied "../../../Samples/StarterContent/Content/StarterContent/Materials/M_CobbleStone_Smooth.uasset" to "../../../../../../Users/Home/Documents/GitHub/underUmbrella/Content/StarterContent/Materials/M_CobbleStone_Smooth.uasset"
[2016.01.09-08.41.47:363][  0]LogPackFactory: Copied "../../../Samples/StarterContent/Content/StarterContent/Materials/M_ColorGrid_LowSpec.uasset" to "../../../../../../Users/Home/Documents/GitHub/underUmbrella/Content/StarterContent/Materials/M_ColorGrid_LowSpec.uasset"
[2016.01.09-08.41.47:387][  0]LogPackFactory: Copied "../../../Samples/StarterContent/Content/StarterContent/Materials/M_Concrete_Grime.uasset" to "../../../../../../Users/Home/Documents/GitHub/underUmbrella/Content/StarterContent/Materials/M_Concrete_Grime.uasset"
[2016.01.09-08.41.47:405][  0]LogPackFactory: Copied "../../../Samples/StarterContent/Content/StarterContent/Materials/M_Concrete_Panels.uasset" to "../../../../../../Users/Home/Documents/GitHub/underUmbrella/Content/StarterContent/Materials/M_Concrete_Panels.uasset"
[2016.01.09-08.41.47:447][  0]LogPackFactory: Copied "../../../Samples/StarterContent/Content/StarterContent/Materials/M_Concrete_Poured.uasset" to "../../../../../../Users/Home/Documents/GitHub/underUmbrella/Content/StarterContent/Materials/M_Concrete_Poured.uasset"
[2016.01.09-08.41.47:510][  0]LogPackFactory: Copied "../../../Samples/StarterContent/Content/StarterContent/Materials/M_Concrete_Tiles.uasset" to "../../../../../../Users/Home/Documents/GitHub/underUmbrella/Content/StarterContent/Materials/M_Concrete_Tiles.uasset"
[2016.01.09-08.41.48:063][  0]LogPackFactory: Copied "../../../Samples/StarterContent/Content/StarterContent/Materials/M_Glass.uasset" to "../../../../../../Users/Home/Documents/GitHub/underUmbrella/Content/StarterContent/Materials/M_Glass.uasset"
[2016.01.09-08.41.48:404][  0]LogPackFactory: Copied "../../../Samples/StarterContent/Content/StarterContent/Materials/M_Ground_Grass.uasset" to "../../../../../../Users/Home/Documents/GitHub/underUmbrella/Content/StarterContent/Materials/M_Ground_Grass.uasset"
[2016.01.09-08.41.48:417][  0]LogPackFactory: Copied "../../../Samples/StarterContent/Content/StarterContent/Materials/M_Ground_Gravel.uasset" to "../../../../../../Users/Home/Documents/GitHub/underUmbrella/Content/StarterContent/Materials/M_Ground_Gravel.uasset"
[2016.01.09-08.41.48:474][  0]LogPackFactory: Copied "../../../Samples/StarterContent/Content/StarterContent/Materials/M_Ground_Moss.uasset" to "../../../../../../Users/Home/Documents/GitHub/underUmbrella/Content/StarterContent/Materials/M_Ground_Moss.uasset"
[2016.01.09-08.41.48:506][  0]LogPackFactory: Copied "../../../Samples/StarterContent/Content/StarterContent/Materials/M_Metal_Brushed_Nickel.uasset" to "../../../../../../Users/Home/Documents/GitHub/underUmbrella/Content/StarterContent/Materials/M_Metal_Brushed_Nickel.uasset"
[2016.01.09-08.41.48:558][  0]LogPackFactory: Copied "../../../Samples/StarterContent/Content/StarterContent/Materials/M_Metal_Burnished_Steel.uasset" to "../../../../../../Users/Home/Documents/GitHub/underUmbrella/Content/StarterContent/Materials/M_Metal_Burnished_Steel.uasset"
[2016.01.09-08.41.48:561][  0]LogPackFactory: Copied "../../../Samples/StarterContent/Content/StarterContent/Materials/M_Metal_Chrome.uasset" to "../../../../../../Users/Home/Documents/GitHub/underUmbrella/Content/StarterContent/Materials/M_Metal_Chrome.uasset"
[2016.01.09-08.41.48:584][  0]LogPackFactory: Copied "../../../Samples/StarterContent/Content/StarterContent/Materials/M_Metal_Copper.uasset" to "../../../../../../Users/Home/Documents/GitHub/underUmbrella/Content/StarterContent/Materials/M_Metal_Copper.uasset"
[2016.01.09-08.41.48:588][  0]LogPackFactory: Copied "../../../Samples/StarterContent/Content/StarterContent/Materials/M_Metal_Gold.uasset" to "../../../../../../Users/Home/Documents/GitHub/underUmbrella/Content/StarterContent/Materials/M_Metal_Gold.uasset"
[2016.01.09-08.41.48:592][  0]LogPackFactory: Copied "../../../Samples/StarterContent/Content/StarterContent/Materials/M_Metal_Rust.uasset" to "../../../../../../Users/Home/Documents/GitHub/underUmbrella/Content/StarterContent/Materials/M_Metal_Rust.uasset"
[2016.01.09-08.41.48:631][  0]LogPackFactory: Copied "../../../Samples/StarterContent/Content/StarterContent/Materials/M_Metal_Steel.uasset" to "../../../../../../Users/Home/Documents/GitHub/underUmbrella/Content/StarterContent/Materials/M_Metal_Steel.uasset"
[2016.01.09-08.41.48:653][  0]LogPackFactory: Copied "../../../Samples/StarterContent/Content/StarterContent/Materials/M_Rock_Basalt.uasset" to "../../../../../../Users/Home/Documents/GitHub/underUmbrella/Content/StarterContent/Materials/M_Rock_Basalt.uasset"
[2016.01.09-08.41.48:675][  0]LogPackFactory: Copied "../../../Samples/StarterContent/Content/StarterContent/Materials/M_Rock_Marble_Polished.uasset" to "../../../../../../Users/Home/Documents/GitHub/underUmbrella/Content/StarterContent/Materials/M_Rock_Marble_Polished.uasset"
[2016.01.09-08.41.48:706][  0]LogPackFactory: Copied "../../../Samples/StarterContent/Content/StarterContent/Materials/M_Rock_Sandstone.uasset" to "../../../../../../Users/Home/Documents/GitHub/underUmbrella/Content/StarterContent/Materials/M_Rock_Sandstone.uasset"
[2016.01.09-08.41.48:731][  0]LogPackFactory: Copied "../../../Samples/StarterContent/Content/StarterContent/Materials/M_Rock_Slate.uasset" to "../../../../../../Users/Home/Documents/GitHub/underUmbrella/Content/StarterContent/Materials/M_Rock_Slate.uasset"
[2016.01.09-08.41.48:764][  0]LogPackFactory: Copied "../../../Samples/StarterContent/Content/StarterContent/Materials/M_Tech_Checker_Dot.uasset" to "../../../../../../Users/Home/Documents/GitHub/underUmbrella/Content/StarterContent/Materials/M_Tech_Checker_Dot.uasset"
[2016.01.09-08.41.48:793][  0]LogPackFactory: Copied "../../../Samples/StarterContent/Content/StarterContent/Materials/M_Tech_Hex_Tile.uasset" to "../../../../../../Users/Home/Documents/GitHub/underUmbrella/Content/StarterContent/Materials/M_Tech_Hex_Tile.uasset"
[2016.01.09-08.41.48:813][  0]LogPackFactory: Copied "../../../Samples/StarterContent/Content/StarterContent/Materials/M_Tech_Hex_Tile_Pulse.uasset" to "../../../../../../Users/Home/Documents/GitHub/underUmbrella/Content/StarterContent/Materials/M_Tech_Hex_Tile_Pulse.uasset"
[2016.01.09-08.41.48:830][  0]LogPackFactory: Copied "../../../Samples/StarterContent/Content/StarterContent/Materials/M_Tech_Panel.uasset" to "../../../../../../Users/Home/Documents/GitHub/underUmbrella/Content/StarterContent/Materials/M_Tech_Panel.uasset"
[2016.01.09-08.41.48:845][  0]LogPackFactory: Copied "../../../Samples/StarterContent/Content/StarterContent/Materials/M_Water_Lake.uasset" to "../../../../../../Users/Home/Documents/GitHub/underUmbrella/Content/StarterContent/Materials/M_Water_Lake.uasset"
[2016.01.09-08.41.48:849][  0]LogPackFactory: Copied "../../../Samples/StarterContent/Content/StarterContent/Materials/M_Water_Ocean.uasset" to "../../../../../../Users/Home/Documents/GitHub/underUmbrella/Content/StarterContent/Materials/M_Water_Ocean.uasset"
[2016.01.09-08.41.48:853][  0]LogPackFactory: Copied "../../../Samples/StarterContent/Content/StarterContent/Materials/M_Wood_Floor_Walnut_Polished.uasset" to "../../../../../../Users/Home/Documents/GitHub/underUmbrella/Content/StarterContent/Materials/M_Wood_Floor_Walnut_Polished.uasset"
[2016.01.09-08.41.48:856][  0]LogPackFactory: Copied "../../../Samples/StarterContent/Content/StarterContent/Materials/M_Wood_Floor_Walnut_Worn.uasset" to "../../../../../../Users/Home/Documents/GitHub/underUmbrella/Content/StarterContent/Materials/M_Wood_Floor_Walnut_Worn.uasset"
[2016.01.09-08.41.48:920][  0]LogPackFactory: Copied "../../../Samples/StarterContent/Content/StarterContent/Materials/M_Wood_Oak.uasset" to "../../../../../../Users/Home/Documents/GitHub/underUmbrella/Content/StarterContent/Materials/M_Wood_Oak.uasset"
[2016.01.09-08.41.48:933][  0]LogPackFactory: Copied "../../../Samples/StarterContent/Content/StarterContent/Materials/M_Wood_Pine.uasset" to "../../../../../../Users/Home/Documents/GitHub/underUmbrella/Content/StarterContent/Materials/M_Wood_Pine.uasset"
[2016.01.09-08.41.49:085][  0]LogPackFactory: Copied "../../../Samples/StarterContent/Content/StarterContent/Materials/M_Wood_Walnut.uasset" to "../../../../../../Users/Home/Documents/GitHub/underUmbrella/Content/StarterContent/Materials/M_Wood_Walnut.uasset"
[2016.01.09-08.41.49:123][  0]LogPackFactory: Copied "../../../Samples/StarterContent/Content/StarterContent/Particles/P_Ambient_Dust.uasset" to "../../../../../../Users/Home/Documents/GitHub/underUmbrella/Content/StarterContent/Particles/P_Ambient_Dust.uasset"
[2016.01.09-08.41.49:191][  0]LogPackFactory: Copied "../../../Samples/StarterContent/Content/StarterContent/Particles/P_Explosion.uasset" to "../../../../../../Users/Home/Documents/GitHub/underUmbrella/Content/StarterContent/Particles/P_Explosion.uasset"
[2016.01.09-08.41.49:195][  0]LogPackFactory: Copied "../../../Samples/StarterContent/Content/StarterContent/Particles/P_Fire.uasset" to "../../../../../../Users/Home/Documents/GitHub/underUmbrella/Content/StarterContent/Particles/P_Fire.uasset"
[2016.01.09-08.41.49:199][  0]LogPackFactory: Copied "../../../Samples/StarterContent/Content/StarterContent/Particles/P_Smoke.uasset" to "../../../../../../Users/Home/Documents/GitHub/underUmbrella/Content/StarterContent/Particles/P_Smoke.uasset"
[2016.01.09-08.41.49:266][  0]LogPackFactory: Copied "../../../Samples/StarterContent/Content/StarterContent/Particles/P_Sparks.uasset" to "../../../../../../Users/Home/Documents/GitHub/underUmbrella/Content/StarterContent/Particles/P_Sparks.uasset"
[2016.01.09-08.41.49:291][  0]LogPackFactory: Copied "../../../Samples/StarterContent/Content/StarterContent/Particles/P_Steam_Lit.uasset" to "../../../../../../Users/Home/Documents/GitHub/underUmbrella/Content/StarterContent/Particles/P_Steam_Lit.uasset"
[2016.01.09-08.41.49:300][  0]LogPackFactory: Copied "../../../Samples/StarterContent/Content/StarterContent/Particles/Materials/M_Burst.uasset" to "../../../../../../Users/Home/Documents/GitHub/underUmbrella/Content/StarterContent/Particles/Materials/M_Burst.uasset"
[2016.01.09-08.41.49:303][  0]LogPackFactory: Copied "../../../Samples/StarterContent/Content/StarterContent/Particles/Materials/M_Dust_Particle.uasset" to "../../../../../../Users/Home/Documents/GitHub/underUmbrella/Content/StarterContent/Particles/Materials/M_Dust_Particle.uasset"
[2016.01.09-08.41.49:305][  0]LogPackFactory: Copied "../../../Samples/StarterContent/Content/StarterContent/Particles/Materials/M_explosion_subUV.uasset" to "../../../../../../Users/Home/Documents/GitHub/underUmbrella/Content/StarterContent/Particles/Materials/M_explosion_subUV.uasset"
[2016.01.09-08.41.49:388][  0]LogPackFactory: Copied "../../../Samples/StarterContent/Content/StarterContent/Particles/Materials/M_Fire_SubUV.uasset" to "../../../../../../Users/Home/Documents/GitHub/underUmbrella/Content/StarterContent/Particles/Materials/M_Fire_SubUV.uasset"
[2016.01.09-08.41.49:409][  0]LogPackFactory: Copied "../../../Samples/StarterContent/Content/StarterContent/Particles/Materials/m_flare_01.uasset" to "../../../../../../Users/Home/Documents/GitHub/underUmbrella/Content/StarterContent/Particles/Materials/m_flare_01.uasset"
[2016.01.09-08.41.49:426][  0]LogPackFactory: Copied "../../../Samples/StarterContent/Content/StarterContent/Particles/Materials/M_Heat_Distortion.uasset" to "../../../../../../Users/Home/Documents/GitHub/underUmbrella/Content/StarterContent/Particles/Materials/M_Heat_Distortion.uasset"
[2016.01.09-08.41.49:453][  0]LogPackFactory: Copied "../../../Samples/StarterContent/Content/StarterContent/Particles/Materials/M_Radial_Gradient.uasset" to "../../../../../../Users/Home/Documents/GitHub/underUmbrella/Content/StarterContent/Particles/Materials/M_Radial_Gradient.uasset"
[2016.01.09-08.41.49:455][  0]LogPackFactory: Copied "../../../Samples/StarterContent/Content/StarterContent/Particles/Materials/M_radial_ramp.uasset" to "../../../../../../Users/Home/Documents/GitHub/underUmbrella/Content/StarterContent/Particles/Materials/M_radial_ramp.uasset"
[2016.01.09-08.41.49:472][  0]LogPackFactory: Copied "../../../Samples/StarterContent/Content/StarterContent/Particles/Materials/M_smoke_subUV.uasset" to "../../../../../../Users/Home/Documents/GitHub/underUmbrella/Content/StarterContent/Particles/Materials/M_smoke_subUV.uasset"
[2016.01.09-08.41.49:474][  0]LogPackFactory: Copied "../../../Samples/StarterContent/Content/StarterContent/Particles/Materials/M_Spark.uasset" to "../../../../../../Users/Home/Documents/GitHub/underUmbrella/Content/StarterContent/Particles/Materials/M_Spark.uasset"
[2016.01.09-08.41.49:508][  0]LogPackFactory: Copied "../../../Samples/StarterContent/Content/StarterContent/Props/MaterialSphere.uasset" to "../../../../../../Users/Home/Documents/GitHub/underUmbrella/Content/StarterContent/Props/MaterialSphere.uasset"
[2016.01.09-08.41.49:511][  0]LogPackFactory: Copied "../../../Samples/StarterContent/Content/StarterContent/Props/SM_Bush.uasset" to "../../../../../../Users/Home/Documents/GitHub/underUmbrella/Content/StarterContent/Props/SM_Bush.uasset"
[2016.01.09-08.41.49:514][  0]LogPackFactory: Copied "../../../Samples/StarterContent/Content/StarterContent/Props/SM_Chair.uasset" to "../../../../../../Users/Home/Documents/GitHub/underUmbrella/Content/StarterContent/Props/SM_Chair.uasset"
[2016.01.09-08.41.49:522][  0]LogPackFactory: Copied "../../../Samples/StarterContent/Content/StarterContent/Props/SM_CornerFrame.uasset" to "../../../../../../Users/Home/Documents/GitHub/underUmbrella/Content/StarterContent/Props/SM_CornerFrame.uasset"
[2016.01.09-08.41.49:538][  0]LogPackFactory: Copied "../../../Samples/StarterContent/Content/StarterContent/Props/SM_Couch.uasset" to "../../../../../../Users/Home/Documents/GitHub/underUmbrella/Content/StarterContent/Props/SM_Couch.uasset"
[2016.01.09-08.41.49:567][  0]LogPackFactory: Copied "../../../Samples/StarterContent/Content/StarterContent/Props/SM_Door.uasset" to "../../../../../../Users/Home/Documents/GitHub/underUmbrella/Content/StarterContent/Props/SM_Door.uasset"
[2016.01.09-08.41.49:569][  0]LogPackFactory: Copied "../../../Samples/StarterContent/Content/StarterContent/Props/SM_DoorFrame.uasset" to "../../../../../../Users/Home/Documents/GitHub/underUmbrella/Content/StarterContent/Props/SM_DoorFrame.uasset"
[2016.01.09-08.41.49:572][  0]LogPackFactory: Copied "../../../Samples/StarterContent/Content/StarterContent/Props/SM_GlassWindow.uasset" to "../../../../../../Users/Home/Documents/GitHub/underUmbrella/Content/StarterContent/Props/SM_GlassWindow.uasset"
[2016.01.09-08.41.49:575][  0]LogPackFactory: Copied "../../../Samples/StarterContent/Content/StarterContent/Props/SM_Lamp_Ceiling.uasset" to "../../../../../../Users/Home/Documents/GitHub/underUmbrella/Content/StarterContent/Props/SM_Lamp_Ceiling.uasset"
[2016.01.09-08.41.49:578][  0]LogPackFactory: Copied "../../../Samples/StarterContent/Content/StarterContent/Props/SM_Lamp_Wall.uasset" to "../../../../../../Users/Home/Documents/GitHub/underUmbrella/Content/StarterContent/Props/SM_Lamp_Wall.uasset"
[2016.01.09-08.41.50:244][  0]LogPackFactory: Copied "../../../Samples/StarterContent/Content/StarterContent/Props/SM_MatPreviewMesh_02.uasset" to "../../../../../../Users/Home/Documents/GitHub/underUmbrella/Content/StarterContent/Props/SM_MatPreviewMesh_02.uasset"
[2016.01.09-08.41.50:474][  0]LogPackFactory: Copied "../../../Samples/StarterContent/Content/StarterContent/Props/SM_PillarFrame.uasset" to "../../../../../../Users/Home/Documents/GitHub/underUmbrella/Content/StarterContent/Props/SM_PillarFrame.uasset"
[2016.01.09-08.41.50:595][  0]LogPackFactory: Copied "../../../Samples/StarterContent/Content/StarterContent/Props/SM_PillarFrame300.uasset" to "../../../../../../Users/Home/Documents/GitHub/underUmbrella/Content/StarterContent/Props/SM_PillarFrame300.uasset"
[2016.01.09-08.41.50:628][  0]LogPackFactory: Copied "../../../Samples/StarterContent/Content/StarterContent/Props/SM_Rock.uasset" to "../../../../../../Users/Home/Documents/GitHub/underUmbrella/Content/StarterContent/Props/SM_Rock.uasset"
[2016.01.09-08.41.50:648][  0]LogPackFactory: Copied "../../../Samples/StarterContent/Content/StarterContent/Props/SM_Shelf.uasset" to "../../../../../../Users/Home/Documents/GitHub/underUmbrella/Content/StarterContent/Props/SM_Shelf.uasset"
[2016.01.09-08.41.50:650][  0]LogPackFactory: Copied "../../../Samples/StarterContent/Content/StarterContent/Props/SM_Stairs.uasset" to "../../../../../../Users/Home/Documents/GitHub/underUmbrella/Content/StarterContent/Props/SM_Stairs.uasset"
[2016.01.09-08.41.50:801][  0]LogPackFactory: Copied "../../../Samples/StarterContent/Content/StarterContent/Props/SM_Statue.uasset" to "../../../../../../Users/Home/Documents/GitHub/underUmbrella/Content/StarterContent/Props/SM_Statue.uasset"
[2016.01.09-08.41.50:827][  0]LogPackFactory: Copied "../../../Samples/StarterContent/Content/StarterContent/Props/SM_TableRound.uasset" to "../../../../../../Users/Home/Documents/GitHub/underUmbrella/Content/StarterContent/Props/SM_TableRound.uasset"
[2016.01.09-08.41.50:837][  0]LogPackFactory: Copied "../../../Samples/StarterContent/Content/StarterContent/Props/SM_WindowFrame.uasset" to "../../../../../../Users/Home/Documents/GitHub/underUmbrella/Content/StarterContent/Props/SM_WindowFrame.uasset"
[2016.01.09-08.41.50:866][  0]LogPackFactory: Copied "../../../Samples/StarterContent/Content/StarterContent/Props/Materials/M_Bush.uasset" to "../../../../../../Users/Home/Documents/GitHub/underUmbrella/Content/StarterContent/Props/Materials/M_Bush.uasset"
[2016.01.09-08.41.50:899][  0]LogPackFactory: Copied "../../../Samples/StarterContent/Content/StarterContent/Props/Materials/M_Chair.uasset" to "../../../../../../Users/Home/Documents/GitHub/underUmbrella/Content/StarterContent/Props/Materials/M_Chair.uasset"
[2016.01.09-08.41.50:920][  0]LogPackFactory: Copied "../../../Samples/StarterContent/Content/StarterContent/Props/Materials/M_Door.uasset" to "../../../../../../Users/Home/Documents/GitHub/underUmbrella/Content/StarterContent/Props/Materials/M_Door.uasset"
[2016.01.09-08.41.50:935][  0]LogPackFactory: Copied "../../../Samples/StarterContent/Content/StarterContent/Props/Materials/M_Frame.uasset" to "../../../../../../Users/Home/Documents/GitHub/underUmbrella/Content/StarterContent/Props/Materials/M_Frame.uasset"
[2016.01.09-08.41.50:937][  0]LogPackFactory: Copied "../../../Samples/StarterContent/Content/StarterContent/Props/Materials/M_Lamp.uasset" to "../../../../../../Users/Home/Documents/GitHub/underUmbrella/Content/StarterContent/Props/Materials/M_Lamp.uasset"
[2016.01.09-08.41.50:940][  0]LogPackFactory: Copied "../../../Samples/StarterContent/Content/StarterContent/Props/Materials/M_MaterialSphere.uasset" to "../../../../../../Users/Home/Documents/GitHub/underUmbrella/Content/StarterContent/Props/Materials/M_MaterialSphere.uasset"
[2016.01.09-08.41.50:942][  0]LogPackFactory: Copied "../../../Samples/StarterContent/Content/StarterContent/Props/Materials/M_MaterialSphere_Plain.uasset" to "../../../../../../Users/Home/Documents/GitHub/underUmbrella/Content/StarterContent/Props/Materials/M_MaterialSphere_Plain.uasset"
[2016.01.09-08.41.50:971][  0]LogPackFactory: Copied "../../../Samples/StarterContent/Content/StarterContent/Props/Materials/M_Rock.uasset" to "../../../../../../Users/Home/Documents/GitHub/underUmbrella/Content/StarterContent/Props/Materials/M_Rock.uasset"
[2016.01.09-08.41.50:988][  0]LogPackFactory: Copied "../../../Samples/StarterContent/Content/StarterContent/Props/Materials/M_Shelf.uasset" to "../../../../../../Users/Home/Documents/GitHub/underUmbrella/Content/StarterContent/Props/Materials/M_Shelf.uasset"
[2016.01.09-08.41.51:029][  0]LogPackFactory: Copied "../../../Samples/StarterContent/Content/StarterContent/Props/Materials/M_Statue.uasset" to "../../../../../../Users/Home/Documents/GitHub/underUmbrella/Content/StarterContent/Props/Materials/M_Statue.uasset"
[2016.01.09-08.41.51:082][  0]LogPackFactory: Copied "../../../Samples/StarterContent/Content/StarterContent/Props/Materials/M_StatueGlass.uasset" to "../../../../../../Users/Home/Documents/GitHub/underUmbrella/Content/StarterContent/Props/Materials/M_StatueGlass.uasset"
[2016.01.09-08.41.51:116][  0]LogPackFactory: Copied "../../../Samples/StarterContent/Content/StarterContent/Props/Materials/M_TableRound.uasset" to "../../../../../../Users/Home/Documents/GitHub/underUmbrella/Content/StarterContent/Props/Materials/M_TableRound.uasset"
[2016.01.09-08.41.51:164][  0]LogPackFactory: Copied "../../../Samples/StarterContent/Content/StarterContent/Shapes/Shape_Cone.uasset" to "../../../../../../Users/Home/Documents/GitHub/underUmbrella/Content/StarterContent/Shapes/Shape_Cone.uasset"
[2016.01.09-08.41.51:223][  0]LogPackFactory: Copied "../../../Samples/StarterContent/Content/StarterContent/Shapes/Shape_Cube.uasset" to "../../../../../../Users/Home/Documents/GitHub/underUmbrella/Content/StarterContent/Shapes/Shape_Cube.uasset"
[2016.01.09-08.41.51:231][  0]LogPackFactory: Copied "../../../Samples/StarterContent/Content/StarterContent/Shapes/Shape_Cylinder.uasset" to "../../../../../../Users/Home/Documents/GitHub/underUmbrella/Content/StarterContent/Shapes/Shape_Cylinder.uasset"
[2016.01.09-08.41.51:234][  0]LogPackFactory: Copied "../../../Samples/StarterContent/Content/StarterContent/Shapes/Shape_NarrowCapsule.uasset" to "../../../../../../Users/Home/Documents/GitHub/underUmbrella/Content/StarterContent/Shapes/Shape_NarrowCapsule.uasset"
[2016.01.09-08.41.51:253][  0]LogPackFactory: Copied "../../../Samples/StarterContent/Content/StarterContent/Shapes/Shape_Pipe.uasset" to "../../../../../../Users/Home/Documents/GitHub/underUmbrella/Content/StarterContent/Shapes/Shape_Pipe.uasset"
[2016.01.09-08.41.51:304][  0]LogPackFactory: Copied "../../../Samples/StarterContent/Content/StarterContent/Shapes/Shape_Pipe_180.uasset" to "../../../../../../Users/Home/Documents/GitHub/underUmbrella/Content/StarterContent/Shapes/Shape_Pipe_180.uasset"
[2016.01.09-08.41.51:311][  0]LogPackFactory: Copied "../../../Samples/StarterContent/Content/StarterContent/Shapes/Shape_Pipe_90.uasset" to "../../../../../../Users/Home/Documents/GitHub/underUmbrella/Content/StarterContent/Shapes/Shape_Pipe_90.uasset"
[2016.01.09-08.41.51:314][  0]LogPackFactory: Copied "../../../Samples/StarterContent/Content/StarterContent/Shapes/Shape_Plane.uasset" to "../../../../../../Users/Home/Documents/GitHub/underUmbrella/Content/StarterContent/Shapes/Shape_Plane.uasset"
[2016.01.09-08.41.51:316][  0]LogPackFactory: Copied "../../../Samples/StarterContent/Content/StarterContent/Shapes/Shape_QuadPyramid.uasset" to "../../../../../../Users/Home/Documents/GitHub/underUmbrella/Content/StarterContent/Shapes/Shape_QuadPyramid.uasset"
[2016.01.09-08.41.51:328][  0]LogPackFactory: Copied "../../../Samples/StarterContent/Content/StarterContent/Shapes/Shape_Sphere.uasset" to "../../../../../../Users/Home/Documents/GitHub/underUmbrella/Content/StarterContent/Shapes/Shape_Sphere.uasset"
[2016.01.09-08.41.51:346][  0]LogPackFactory: Copied "../../../Samples/StarterContent/Content/StarterContent/Shapes/Shape_Torus.uasset" to "../../../../../../Users/Home/Documents/GitHub/underUmbrella/Content/StarterContent/Shapes/Shape_Torus.uasset"
[2016.01.09-08.41.51:349][  0]LogPackFactory: Copied "../../../Samples/StarterContent/Content/StarterContent/Shapes/Shape_Trim.uasset" to "../../../../../../Users/Home/Documents/GitHub/underUmbrella/Content/StarterContent/Shapes/Shape_Trim.uasset"
[2016.01.09-08.41.51:352][  0]LogPackFactory: Copied "../../../Samples/StarterContent/Content/StarterContent/Shapes/Shape_Trim_90_In.uasset" to "../../../../../../Users/Home/Documents/GitHub/underUmbrella/Content/StarterContent/Shapes/Shape_Trim_90_In.uasset"
[2016.01.09-08.41.51:388][  0]LogPackFactory: Copied "../../../Samples/StarterContent/Content/StarterContent/Shapes/Shape_Trim_90_Out.uasset" to "../../../../../../Users/Home/Documents/GitHub/underUmbrella/Content/StarterContent/Shapes/Shape_Trim_90_Out.uasset"
[2016.01.09-08.41.51:393][  0]LogPackFactory: Copied "../../../Samples/StarterContent/Content/StarterContent/Shapes/Shape_TriPyramid.uasset" to "../../../../../../Users/Home/Documents/GitHub/underUmbrella/Content/StarterContent/Shapes/Shape_TriPyramid.uasset"
[2016.01.09-08.41.51:406][  0]LogPackFactory: Copied "../../../Samples/StarterContent/Content/StarterContent/Shapes/Shape_Tube.uasset" to "../../../../../../Users/Home/Documents/GitHub/underUmbrella/Content/StarterContent/Shapes/Shape_Tube.uasset"
[2016.01.09-08.41.51:420][  0]LogPackFactory: Copied "../../../Samples/StarterContent/Content/StarterContent/Shapes/Shape_Wedge_A.uasset" to "../../../../../../Users/Home/Documents/GitHub/underUmbrella/Content/StarterContent/Shapes/Shape_Wedge_A.uasset"
[2016.01.09-08.41.51:434][  0]LogPackFactory: Copied "../../../Samples/StarterContent/Content/StarterContent/Shapes/Shape_Wedge_B.uasset" to "../../../../../../Users/Home/Documents/GitHub/underUmbrella/Content/StarterContent/Shapes/Shape_Wedge_B.uasset"
[2016.01.09-08.41.51:493][  0]LogPackFactory: Copied "../../../Samples/StarterContent/Content/StarterContent/Shapes/Shape_WideCapsule.uasset" to "../../../../../../Users/Home/Documents/GitHub/underUmbrella/Content/StarterContent/Shapes/Shape_WideCapsule.uasset"
[2016.01.09-08.41.53:554][  0]LogPackFactory: Copied "../../../Samples/StarterContent/Content/StarterContent/Textures/T_Brick_Clay_Beveled_D.uasset" to "../../../../../../Users/Home/Documents/GitHub/underUmbrella/Content/StarterContent/Textures/T_Brick_Clay_Beveled_D.uasset"
[2016.01.09-08.41.55:327][  0]LogPackFactory: Copied "../../../Samples/StarterContent/Content/StarterContent/Textures/T_Brick_Clay_Beveled_M.uasset" to "../../../../../../Users/Home/Documents/GitHub/underUmbrella/Content/StarterContent/Textures/T_Brick_Clay_Beveled_M.uasset"
[2016.01.09-08.41.56:898][  0]LogPackFactory: Copied "../../../Samples/StarterContent/Content/StarterContent/Textures/T_Brick_Clay_Beveled_N.uasset" to "../../../../../../Users/Home/Documents/GitHub/underUmbrella/Content/StarterContent/Textures/T_Brick_Clay_Beveled_N.uasset"
[2016.01.09-08.41.57:198][  0]LogPackFactory: Copied "../../../Samples/StarterContent/Content/StarterContent/Textures/T_Brick_Clay_New_D.uasset" to "../../../../../../Users/Home/Documents/GitHub/underUmbrella/Content/StarterContent/Textures/T_Brick_Clay_New_D.uasset"
[2016.01.09-08.41.57:281][  0]LogPackFactory: Copied "../../../Samples/StarterContent/Content/StarterContent/Textures/T_Brick_Clay_New_M.uasset" to "../../../../../../Users/Home/Documents/GitHub/underUmbrella/Content/StarterContent/Textures/T_Brick_Clay_New_M.uasset"
[2016.01.09-08.41.57:354][  0]LogPackFactory: Copied "../../../Samples/StarterContent/Content/StarterContent/Textures/T_Brick_Clay_New_N.uasset" to "../../../../../../Users/Home/Documents/GitHub/underUmbrella/Content/StarterContent/Textures/T_Brick_Clay_New_N.uasset"
[2016.01.09-08.41.57:456][  0]LogPackFactory: Copied "../../../Samples/StarterContent/Content/StarterContent/Textures/T_Brick_Clay_Old_D.uasset" to "../../../../../../Users/Home/Documents/GitHub/underUmbrella/Content/StarterContent/Textures/T_Brick_Clay_Old_D.uasset"
[2016.01.09-08.41.57:517][  0]LogPackFactory: Copied "../../../Samples/StarterContent/Content/StarterContent/Textures/T_Brick_Clay_Old_N.uasset" to "../../../../../../Users/Home/Documents/GitHub/underUmbrella/Content/StarterContent/Textures/T_Brick_Clay_Old_N.uasset"
[2016.01.09-08.41.57:628][  0]LogPackFactory: Copied "../../../Samples/StarterContent/Content/StarterContent/Textures/T_Brick_Cut_Stone_D.uasset" to "../../../../../../Users/Home/Documents/GitHub/underUmbrella/Content/StarterContent/Textures/T_Brick_Cut_Stone_D.uasset"
[2016.01.09-08.41.57:688][  0]LogPackFactory: Copied "../../../Samples/StarterContent/Content/StarterContent/Textures/T_Brick_Cut_Stone_N.uasset" to "../../../../../../Users/Home/Documents/GitHub/underUmbrella/Content/StarterContent/Textures/T_Brick_Cut_Stone_N.uasset"
[2016.01.09-08.41.57:768][  0]LogPackFactory: Copied "../../../Samples/StarterContent/Content/StarterContent/Textures/T_Brick_Hewn_Stone_D.uasset" to "../../../../../../Users/Home/Documents/GitHub/underUmbrella/Content/StarterContent/Textures/T_Brick_Hewn_Stone_D.uasset"
[2016.01.09-08.41.57:834][  0]LogPackFactory: Copied "../../../Samples/StarterContent/Content/StarterContent/Textures/T_Brick_Hewn_Stone_M.uasset" to "../../../../../../Users/Home/Documents/GitHub/underUmbrella/Content/StarterContent/Textures/T_Brick_Hewn_Stone_M.uasset"
[2016.01.09-08.41.57:929][  0]LogPackFactory: Copied "../../../Samples/StarterContent/Content/StarterContent/Textures/T_Brick_Hewn_Stone_N.uasset" to "../../../../../../Users/Home/Documents/GitHub/underUmbrella/Content/StarterContent/Textures/T_Brick_Hewn_Stone_N.uasset"
[2016.01.09-08.41.57:939][  0]LogPackFactory: Copied "../../../Samples/StarterContent/Content/StarterContent/Textures/T_Burst_M.uasset" to "../../../../../../Users/Home/Documents/GitHub/underUmbrella/Content/StarterContent/Textures/T_Burst_M.uasset"
[2016.01.09-08.41.57:958][  0]LogPackFactory: Copied "../../../Samples/StarterContent/Content/StarterContent/Textures/T_Bush_D.uasset" to "../../../../../../Users/Home/Documents/GitHub/underUmbrella/Content/StarterContent/Textures/T_Bush_D.uasset"
[2016.01.09-08.41.57:974][  0]LogPackFactory: Copied "../../../Samples/StarterContent/Content/StarterContent/Textures/T_Bush_N.uasset" to "../../../../../../Users/Home/Documents/GitHub/underUmbrella/Content/StarterContent/Textures/T_Bush_N.uasset"
[2016.01.09-08.41.57:986][  0]LogPackFactory: Copied "../../../Samples/StarterContent/Content/StarterContent/Textures/T_Ceramic_Tile_M.uasset" to "../../../../../../Users/Home/Documents/GitHub/underUmbrella/Content/StarterContent/Textures/T_Ceramic_Tile_M.uasset"
[2016.01.09-08.41.58:002][  0]LogPackFactory: Copied "../../../Samples/StarterContent/Content/StarterContent/Textures/T_Ceramic_Tile_N.uasset" to "../../../../../../Users/Home/Documents/GitHub/underUmbrella/Content/StarterContent/Textures/T_Ceramic_Tile_N.uasset"
[2016.01.09-08.41.58:022][  0]LogPackFactory: Copied "../../../Samples/StarterContent/Content/StarterContent/Textures/T_Chair_M.uasset" to "../../../../../../Users/Home/Documents/GitHub/underUmbrella/Content/StarterContent/Textures/T_Chair_M.uasset"
[2016.01.09-08.41.58:037][  0]LogPackFactory: Copied "../../../Samples/StarterContent/Content/StarterContent/Textures/T_Chair_N.uasset" to "../../../../../../Users/Home/Documents/GitHub/underUmbrella/Content/StarterContent/Textures/T_Chair_N.uasset"
[2016.01.09-08.41.58:043][  0]LogPackFactory: Copied "../../../Samples/StarterContent/Content/StarterContent/Textures/T_Checker_Noise_M.uasset" to "../../../../../../Users/Home/Documents/GitHub/underUmbrella/Content/StarterContent/Textures/T_Checker_Noise_M.uasset"
[2016.01.09-08.41.58:137][  0]LogPackFactory: Copied "../../../Samples/StarterContent/Content/StarterContent/Textures/T_CobbleStone_Pebble_D.uasset" to "../../../../../../Users/Home/Documents/GitHub/underUmbrella/Content/StarterContent/Textures/T_CobbleStone_Pebble_D.uasset"
[2016.01.09-08.41.58:160][  0]LogPackFactory: Copied "../../../Samples/StarterContent/Content/StarterContent/Textures/T_CobbleStone_Pebble_M.uasset" to "../../../../../../Users/Home/Documents/GitHub/underUmbrella/Content/StarterContent/Textures/T_CobbleStone_Pebble_M.uasset"
[2016.01.09-08.41.58:263][  0]LogPackFactory: Copied "../../../Samples/StarterContent/Content/StarterContent/Textures/T_CobbleStone_Pebble_N.uasset" to "../../../../../../Users/Home/Documents/GitHub/underUmbrella/Content/StarterContent/Textures/T_CobbleStone_Pebble_N.uasset"
[2016.01.09-08.41.58:301][  0]LogPackFactory: Copied "../../../Samples/StarterContent/Content/StarterContent/Textures/T_CobbleStone_Rough_D.uasset" to "../../../../../../Users/Home/Documents/GitHub/underUmbrella/Content/StarterContent/Textures/T_CobbleStone_Rough_D.uasset"
[2016.01.09-08.41.58:329][  0]LogPackFactory: Copied "../../../Samples/StarterContent/Content/StarterContent/Textures/T_CobbleStone_Rough_N.uasset" to "../../../../../../Users/Home/Documents/GitHub/underUmbrella/Content/StarterContent/Textures/T_CobbleStone_Rough_N.uasset"
[2016.01.09-08.41.58:390][  0]LogPackFactory: Copied "../../../Samples/StarterContent/Content/StarterContent/Textures/T_CobbleStone_Smooth_D.uasset" to "../../../../../../Users/Home/Documents/GitHub/underUmbrella/Content/StarterContent/Textures/T_CobbleStone_Smooth_D.uasset"
[2016.01.09-08.41.58:930][  0]LogPackFactory: Copied "../../../Samples/StarterContent/Content/StarterContent/Textures/T_CobbleStone_Smooth_M.uasset" to "../../../../../../Users/Home/Documents/GitHub/underUmbrella/Content/StarterContent/Textures/T_CobbleStone_Smooth_M.uasset"
[2016.01.09-08.41.59:146][  0]LogPackFactory: Copied "../../../Samples/StarterContent/Content/StarterContent/Textures/T_CobbleStone_Smooth_N.uasset" to "../../../../../../Users/Home/Documents/GitHub/underUmbrella/Content/StarterContent/Textures/T_CobbleStone_Smooth_N.uasset"
[2016.01.09-08.41.59:256][  0]LogPackFactory: Copied "../../../Samples/StarterContent/Content/StarterContent/Textures/T_Concrete_Grime_D.uasset" to "../../../../../../Users/Home/Documents/GitHub/underUmbrella/Content/StarterContent/Textures/T_Concrete_Grime_D.uasset"
[2016.01.09-08.42.00:646][  0]LogPackFactory: Copied "../../../Samples/StarterContent/Content/StarterContent/Textures/T_Concrete_Panels_D.uasset" to "../../../../../../Users/Home/Documents/GitHub/underUmbrella/Content/StarterContent/Textures/T_Concrete_Panels_D.uasset"
[2016.01.09-08.42.00:748][  0]LogPackFactory: Copied "../../../Samples/StarterContent/Content/StarterContent/Textures/T_Concrete_Panels_N.uasset" to "../../../../../../Users/Home/Documents/GitHub/underUmbrella/Content/StarterContent/Textures/T_Concrete_Panels_N.uasset"
[2016.01.09-08.42.00:850][  0]LogPackFactory: Copied "../../../Samples/StarterContent/Content/StarterContent/Textures/T_Concrete_Poured_D.uasset" to "../../../../../../Users/Home/Documents/GitHub/underUmbrella/Content/StarterContent/Textures/T_Concrete_Poured_D.uasset"
[2016.01.09-08.42.00:930][  0]LogPackFactory: Copied "../../../Samples/StarterContent/Content/StarterContent/Textures/T_Concrete_Poured_N.uasset" to "../../../../../../Users/Home/Documents/GitHub/underUmbrella/Content/StarterContent/Textures/T_Concrete_Poured_N.uasset"
[2016.01.09-08.42.00:979][  0]LogPackFactory: Copied "../../../Samples/StarterContent/Content/StarterContent/Textures/T_Concrete_Tiles_D.uasset" to "../../../../../../Users/Home/Documents/GitHub/underUmbrella/Content/StarterContent/Textures/T_Concrete_Tiles_D.uasset"
[2016.01.09-08.42.01:035][  0]LogPackFactory: Copied "../../../Samples/StarterContent/Content/StarterContent/Textures/T_Concrete_Tiles_M.uasset" to "../../../../../../Users/Home/Documents/GitHub/underUmbrella/Content/StarterContent/Textures/T_Concrete_Tiles_M.uasset"
[2016.01.09-08.42.01:100][  0]LogPackFactory: Copied "../../../Samples/StarterContent/Content/StarterContent/Textures/T_Concrete_Tiles_N.uasset" to "../../../../../../Users/Home/Documents/GitHub/underUmbrella/Content/StarterContent/Textures/T_Concrete_Tiles_N.uasset"
[2016.01.09-08.42.01:109][  0]LogPackFactory: Copied "../../../Samples/StarterContent/Content/StarterContent/Textures/T_Concrete_Tiles_Variation_M.uasset" to "../../../../../../Users/Home/Documents/GitHub/underUmbrella/Content/StarterContent/Textures/T_Concrete_Tiles_Variation_M.uasset"
[2016.01.09-08.42.01:332][  0]LogPackFactory: Copied "../../../Samples/StarterContent/Content/StarterContent/Textures/T_Detail_Rocky_N.uasset" to "../../../../../../Users/Home/Documents/GitHub/underUmbrella/Content/StarterContent/Textures/T_Detail_Rocky_N.uasset"
[2016.01.09-08.42.01:355][  0]LogPackFactory: Copied "../../../Samples/StarterContent/Content/StarterContent/Textures/T_Door_M.uasset" to "../../../../../../Users/Home/Documents/GitHub/underUmbrella/Content/StarterContent/Textures/T_Door_M.uasset"
[2016.01.09-08.42.01:379][  0]LogPackFactory: Copied "../../../Samples/StarterContent/Content/StarterContent/Textures/T_Door_N.uasset" to "../../../../../../Users/Home/Documents/GitHub/underUmbrella/Content/StarterContent/Textures/T_Door_N.uasset"
[2016.01.09-08.42.01:387][  0]LogPackFactory: Copied "../../../Samples/StarterContent/Content/StarterContent/Textures/T_Dust_Particle_D.uasset" to "../../../../../../Users/Home/Documents/GitHub/underUmbrella/Content/StarterContent/Textures/T_Dust_Particle_D.uasset"
[2016.01.09-08.42.01:425][  0]LogPackFactory: Copied "../../../Samples/StarterContent/Content/StarterContent/Textures/T_Explosion_SubUV.uasset" to "../../../../../../Users/Home/Documents/GitHub/underUmbrella/Content/StarterContent/Textures/T_Explosion_SubUV.uasset"
[2016.01.09-08.42.01:438][  0]LogPackFactory: Copied "../../../Samples/StarterContent/Content/StarterContent/Textures/T_Fire_SubUV.uasset" to "../../../../../../Users/Home/Documents/GitHub/underUmbrella/Content/StarterContent/Textures/T_Fire_SubUV.uasset"
[2016.01.09-08.42.01:445][  0]LogPackFactory: Copied "../../../Samples/StarterContent/Content/StarterContent/Textures/T_Fire_Tiled_D.uasset" to "../../../../../../Users/Home/Documents/GitHub/underUmbrella/Content/StarterContent/Textures/T_Fire_Tiled_D.uasset"
[2016.01.09-08.42.01:461][  0]LogPackFactory: Copied "../../../Samples/StarterContent/Content/StarterContent/Textures/T_Frame_M.uasset" to "../../../../../../Users/Home/Documents/GitHub/underUmbrella/Content/StarterContent/Textures/T_Frame_M.uasset"
[2016.01.09-08.42.01:480][  0]LogPackFactory: Copied "../../../Samples/StarterContent/Content/StarterContent/Textures/T_Frame_N.uasset" to "../../../../../../Users/Home/Documents/GitHub/underUmbrella/Content/StarterContent/Textures/T_Frame_N.uasset"
[2016.01.09-08.42.01:490][  0]LogPackFactory: Copied "../../../Samples/StarterContent/Content/StarterContent/Textures/T_Gradinet_01.uasset" to "../../../../../../Users/Home/Documents/GitHub/underUmbrella/Content/StarterContent/Textures/T_Gradinet_01.uasset"
[2016.01.09-08.42.01:590][  0]LogPackFactory: Copied "../../../Samples/StarterContent/Content/StarterContent/Textures/T_Ground_Grass_D.uasset" to "../../../../../../Users/Home/Documents/GitHub/underUmbrella/Content/StarterContent/Textures/T_Ground_Grass_D.uasset"
[2016.01.09-08.42.02:172][  0]LogPackFactory: Copied "../../../Samples/StarterContent/Content/StarterContent/Textures/T_Ground_Grass_N.uasset" to "../../../../../../Users/Home/Documents/GitHub/underUmbrella/Content/StarterContent/Textures/T_Ground_Grass_N.uasset"
[2016.01.09-08.42.02:266][  0]LogPackFactory: Copied "../../../Samples/StarterContent/Content/StarterContent/Textures/T_Ground_Gravel_D.uasset" to "../../../../../../Users/Home/Documents/GitHub/underUmbrella/Content/StarterContent/Textures/T_Ground_Gravel_D.uasset"
[2016.01.09-08.42.02:332][  0]LogPackFactory: Copied "../../../Samples/StarterContent/Content/StarterContent/Textures/T_Ground_Gravel_N.uasset" to "../../../../../../Users/Home/Documents/GitHub/underUmbrella/Content/StarterContent/Textures/T_Ground_Gravel_N.uasset"
[2016.01.09-08.42.02:446][  0]LogPackFactory: Copied "../../../Samples/StarterContent/Content/StarterContent/Textures/T_ground_Moss_D.uasset" to "../../../../../../Users/Home/Documents/GitHub/underUmbrella/Content/StarterContent/Textures/T_ground_Moss_D.uasset"
[2016.01.09-08.42.02:855][  0]LogPackFactory: Copied "../../../Samples/StarterContent/Content/StarterContent/Textures/T_Ground_Moss_N.uasset" to "../../../../../../Users/Home/Documents/GitHub/underUmbrella/Content/StarterContent/Textures/T_Ground_Moss_N.uasset"
[2016.01.09-08.42.02:881][  0]LogPackFactory: Copied "../../../Samples/StarterContent/Content/StarterContent/Textures/T_Lamp_M.uasset" to "../../../../../../Users/Home/Documents/GitHub/underUmbrella/Content/StarterContent/Textures/T_Lamp_M.uasset"
[2016.01.09-08.42.02:914][  0]LogPackFactory: Copied "../../../Samples/StarterContent/Content/StarterContent/Textures/T_Lamp_N.uasset" to "../../../../../../Users/Home/Documents/GitHub/underUmbrella/Content/StarterContent/Textures/T_Lamp_N.uasset"
[2016.01.09-08.42.03:018][  0]LogPackFactory: Copied "../../../Samples/StarterContent/Content/StarterContent/Textures/T_MacroVariation.uasset" to "../../../../../../Users/Home/Documents/GitHub/underUmbrella/Content/StarterContent/Textures/T_MacroVariation.uasset"
[2016.01.09-08.42.03:094][  0]LogPackFactory: Copied "../../../Samples/StarterContent/Content/StarterContent/Textures/T_Metal_Aluminum_D.uasset" to "../../../../../../Users/Home/Documents/GitHub/underUmbrella/Content/StarterContent/Textures/T_Metal_Aluminum_D.uasset"
[2016.01.09-08.42.03:183][  0]LogPackFactory: Copied "../../../Samples/StarterContent/Content/StarterContent/Textures/T_Metal_Copper_D.uasset" to "../../../../../../Users/Home/Documents/GitHub/underUmbrella/Content/StarterContent/Textures/T_Metal_Copper_D.uasset"
[2016.01.09-08.42.03:259][  0]LogPackFactory: Copied "../../../Samples/StarterContent/Content/StarterContent/Textures/T_Metal_Gold_D.uasset" to "../../../../../../Users/Home/Documents/GitHub/underUmbrella/Content/StarterContent/Textures/T_Metal_Gold_D.uasset"
[2016.01.09-08.42.03:293][  0]LogPackFactory: Copied "../../../Samples/StarterContent/Content/StarterContent/Textures/T_Metal_Gold_N.uasset" to "../../../../../../Users/Home/Documents/GitHub/underUmbrella/Content/StarterContent/Textures/T_Metal_Gold_N.uasset"
[2016.01.09-08.42.03:375][  0]LogPackFactory: Copied "../../../Samples/StarterContent/Content/StarterContent/Textures/T_Metal_Rust_D.uasset" to "../../../../../../Users/Home/Documents/GitHub/underUmbrella/Content/StarterContent/Textures/T_Metal_Rust_D.uasset"
[2016.01.09-08.42.03:447][  0]LogPackFactory: Copied "../../../Samples/StarterContent/Content/StarterContent/Textures/T_Metal_Rust_N.uasset" to "../../../../../../Users/Home/Documents/GitHub/underUmbrella/Content/StarterContent/Textures/T_Metal_Rust_N.uasset"
[2016.01.09-08.42.03:484][  0]LogPackFactory: Copied "../../../Samples/StarterContent/Content/StarterContent/Textures/T_Metal_Steel_D.uasset" to "../../../../../../Users/Home/Documents/GitHub/underUmbrella/Content/StarterContent/Textures/T_Metal_Steel_D.uasset"
[2016.01.09-08.42.03:538][  0]LogPackFactory: Copied "../../../Samples/StarterContent/Content/StarterContent/Textures/T_Metal_Steel_N.uasset" to "../../../../../../Users/Home/Documents/GitHub/underUmbrella/Content/StarterContent/Textures/T_Metal_Steel_N.uasset"
[2016.01.09-08.42.03:610][  0]LogPackFactory: Copied "../../../Samples/StarterContent/Content/StarterContent/Textures/T_Perlin_Noise_M.uasset" to "../../../../../../Users/Home/Documents/GitHub/underUmbrella/Content/StarterContent/Textures/T_Perlin_Noise_M.uasset"
[2016.01.09-08.42.03:641][  0]LogPackFactory: Copied "../../../Samples/StarterContent/Content/StarterContent/Textures/T_RockMesh_M.uasset" to "../../../../../../Users/Home/Documents/GitHub/underUmbrella/Content/StarterContent/Textures/T_RockMesh_M.uasset"
[2016.01.09-08.42.03:691][  0]LogPackFactory: Copied "../../../Samples/StarterContent/Content/StarterContent/Textures/T_RockMesh_N.uasset" to "../../../../../../Users/Home/Documents/GitHub/underUmbrella/Content/StarterContent/Textures/T_RockMesh_N.uasset"
[2016.01.09-08.42.03:771][  0]LogPackFactory: Copied "../../../Samples/StarterContent/Content/StarterContent/Textures/T_Rock_Basalt_D.uasset" to "../../../../../../Users/Home/Documents/GitHub/underUmbrella/Content/StarterContent/Textures/T_Rock_Basalt_D.uasset"
[2016.01.09-08.42.03:853][  0]LogPackFactory: Copied "../../../Samples/StarterContent/Content/StarterContent/Textures/T_Rock_Basalt_N.uasset" to "../../../../../../Users/Home/Documents/GitHub/underUmbrella/Content/StarterContent/Textures/T_Rock_Basalt_N.uasset"
[2016.01.09-08.42.04:756][  0]LogPackFactory: Copied "../../../Samples/StarterContent/Content/StarterContent/Textures/T_Rock_Marble_Polished_D.uasset" to "../../../../../../Users/Home/Documents/GitHub/underUmbrella/Content/StarterContent/Textures/T_Rock_Marble_Polished_D.uasset"
[2016.01.09-08.42.04:869][  0]LogPackFactory: Copied "../../../Samples/StarterContent/Content/StarterContent/Textures/T_Rock_Sandstone_D.uasset" to "../../../../../../Users/Home/Documents/GitHub/underUmbrella/Content/StarterContent/Textures/T_Rock_Sandstone_D.uasset"
[2016.01.09-08.42.04:955][  0]LogPackFactory: Copied "../../../Samples/StarterContent/Content/StarterContent/Textures/T_Rock_Sandstone_N.uasset" to "../../../../../../Users/Home/Documents/GitHub/underUmbrella/Content/StarterContent/Textures/T_Rock_Sandstone_N.uasset"
[2016.01.09-08.42.05:065][  0]LogPackFactory: Copied "../../../Samples/StarterContent/Content/StarterContent/Textures/T_Rock_Slate_D.uasset" to "../../../../../../Users/Home/Documents/GitHub/underUmbrella/Content/StarterContent/Textures/T_Rock_Slate_D.uasset"
[2016.01.09-08.42.05:142][  0]LogPackFactory: Copied "../../../Samples/StarterContent/Content/StarterContent/Textures/T_Rock_Slate_N.uasset" to "../../../../../../Users/Home/Documents/GitHub/underUmbrella/Content/StarterContent/Textures/T_Rock_Slate_N.uasset"
[2016.01.09-08.42.05:774][  0]LogPackFactory: Copied "../../../Samples/StarterContent/Content/StarterContent/Textures/T_Rock_Smooth_Granite_D.uasset" to "../../../../../../Users/Home/Documents/GitHub/underUmbrella/Content/StarterContent/Textures/T_Rock_Smooth_Granite_D.uasset"
[2016.01.09-08.42.05:942][  0]LogPackFactory: Copied "../../../Samples/StarterContent/Content/StarterContent/Textures/T_Shelf_M.uasset" to "../../../../../../Users/Home/Documents/GitHub/underUmbrella/Content/StarterContent/Textures/T_Shelf_M.uasset"
[2016.01.09-08.42.05:977][  0]LogPackFactory: Copied "../../../Samples/StarterContent/Content/StarterContent/Textures/T_Shelf_N.uasset" to "../../../../../../Users/Home/Documents/GitHub/underUmbrella/Content/StarterContent/Textures/T_Shelf_N.uasset"
[2016.01.09-08.42.05:992][  0]LogPackFactory: Copied "../../../Samples/StarterContent/Content/StarterContent/Textures/T_Single_Tile_N.uasset" to "../../../../../../Users/Home/Documents/GitHub/underUmbrella/Content/StarterContent/Textures/T_Single_Tile_N.uasset"
[2016.01.09-08.42.06:020][  0]LogPackFactory: Copied "../../../Samples/StarterContent/Content/StarterContent/Textures/T_Smoke_SubUV.uasset" to "../../../../../../Users/Home/Documents/GitHub/underUmbrella/Content/StarterContent/Textures/T_Smoke_SubUV.uasset"
[2016.01.09-08.42.06:030][  0]LogPackFactory: Copied "../../../Samples/StarterContent/Content/StarterContent/Textures/T_Smoke_Tiled_D.uasset" to "../../../../../../Users/Home/Documents/GitHub/underUmbrella/Content/StarterContent/Textures/T_Smoke_Tiled_D.uasset"
[2016.01.09-08.42.06:039][  0]LogPackFactory: Copied "../../../Samples/StarterContent/Content/StarterContent/Textures/T_Spark_Core.uasset" to "../../../../../../Users/Home/Documents/GitHub/underUmbrella/Content/StarterContent/Textures/T_Spark_Core.uasset"
[2016.01.09-08.42.06:054][  0]LogPackFactory: Copied "../../../Samples/StarterContent/Content/StarterContent/Textures/T_Statue_M.uasset" to "../../../../../../Users/Home/Documents/GitHub/underUmbrella/Content/StarterContent/Textures/T_Statue_M.uasset"
[2016.01.09-08.42.06:068][  0]LogPackFactory: Copied "../../../Samples/StarterContent/Content/StarterContent/Textures/T_Statue_N.uasset" to "../../../../../../Users/Home/Documents/GitHub/underUmbrella/Content/StarterContent/Textures/T_Statue_N.uasset"
[2016.01.09-08.42.06:086][  0]LogPackFactory: Copied "../../../Samples/StarterContent/Content/StarterContent/Textures/T_TableRound_M.uasset" to "../../../../../../Users/Home/Documents/GitHub/underUmbrella/Content/StarterContent/Textures/T_TableRound_M.uasset"
[2016.01.09-08.42.06:106][  0]LogPackFactory: Copied "../../../Samples/StarterContent/Content/StarterContent/Textures/T_TableRound_N.uasset" to "../../../../../../Users/Home/Documents/GitHub/underUmbrella/Content/StarterContent/Textures/T_TableRound_N.uasset"
[2016.01.09-08.42.06:116][  0]LogPackFactory: Copied "../../../Samples/StarterContent/Content/StarterContent/Textures/T_Tech_Dot_M.uasset" to "../../../../../../Users/Home/Documents/GitHub/underUmbrella/Content/StarterContent/Textures/T_Tech_Dot_M.uasset"
[2016.01.09-08.42.06:127][  0]LogPackFactory: Copied "../../../Samples/StarterContent/Content/StarterContent/Textures/T_Tech_Dot_N.uasset" to "../../../../../../Users/Home/Documents/GitHub/underUmbrella/Content/StarterContent/Textures/T_Tech_Dot_N.uasset"
[2016.01.09-08.42.06:135][  0]LogPackFactory: Copied "../../../Samples/StarterContent/Content/StarterContent/Textures/T_Tech_Hex_Tile_M.uasset" to "../../../../../../Users/Home/Documents/GitHub/underUmbrella/Content/StarterContent/Textures/T_Tech_Hex_Tile_M.uasset"
[2016.01.09-08.42.06:140][  0]LogPackFactory: Copied "../../../Samples/StarterContent/Content/StarterContent/Textures/T_Tech_Hex_Tile_N.uasset" to "../../../../../../Users/Home/Documents/GitHub/underUmbrella/Content/StarterContent/Textures/T_Tech_Hex_Tile_N.uasset"
[2016.01.09-08.42.06:149][  0]LogPackFactory: Copied "../../../Samples/StarterContent/Content/StarterContent/Textures/T_Tech_Panel_M.uasset" to "../../../../../../Users/Home/Documents/GitHub/underUmbrella/Content/StarterContent/Textures/T_Tech_Panel_M.uasset"
[2016.01.09-08.42.06:165][  0]LogPackFactory: Copied "../../../Samples/StarterContent/Content/StarterContent/Textures/T_Tech_Panel_N.uasset" to "../../../../../../Users/Home/Documents/GitHub/underUmbrella/Content/StarterContent/Textures/T_Tech_Panel_N.uasset"
[2016.01.09-08.42.06:194][  0]LogPackFactory: Copied "../../../Samples/StarterContent/Content/StarterContent/Textures/T_Water_M.uasset" to "../../../../../../Users/Home/Documents/GitHub/underUmbrella/Content/StarterContent/Textures/T_Water_M.uasset"
[2016.01.09-08.42.06:221][  0]LogPackFactory: Copied "../../../Samples/StarterContent/Content/StarterContent/Textures/T_Water_N.uasset" to "../../../../../../Users/Home/Documents/GitHub/underUmbrella/Content/StarterContent/Textures/T_Water_N.uasset"
[2016.01.09-08.42.06:270][  0]LogPackFactory: Copied "../../../Samples/StarterContent/Content/StarterContent/Textures/T_Wood_Floor_Walnut_D.uasset" to "../../../../../../Users/Home/Documents/GitHub/underUmbrella/Content/StarterContent/Textures/T_Wood_Floor_Walnut_D.uasset"
[2016.01.09-08.42.06:302][  0]LogPackFactory: Copied "../../../Samples/StarterContent/Content/StarterContent/Textures/T_Wood_Floor_Walnut_M.uasset" to "../../../../../../Users/Home/Documents/GitHub/underUmbrella/Content/StarterContent/Textures/T_Wood_Floor_Walnut_M.uasset"
[2016.01.09-08.42.06:327][  0]LogPackFactory: Copied "../../../Samples/StarterContent/Content/StarterContent/Textures/T_Wood_Floor_Walnut_N.uasset" to "../../../../../../Users/Home/Documents/GitHub/underUmbrella/Content/StarterContent/Textures/T_Wood_Floor_Walnut_N.uasset"
[2016.01.09-08.42.06:393][  0]LogPackFactory: Copied "../../../Samples/StarterContent/Content/StarterContent/Textures/T_Wood_Oak_D.uasset" to "../../../../../../Users/Home/Documents/GitHub/underUmbrella/Content/StarterContent/Textures/T_Wood_Oak_D.uasset"
[2016.01.09-08.42.06:457][  0]LogPackFactory: Copied "../../../Samples/StarterContent/Content/StarterContent/Textures/T_Wood_Oak_N.uasset" to "../../../../../../Users/Home/Documents/GitHub/underUmbrella/Content/StarterContent/Textures/T_Wood_Oak_N.uasset"
[2016.01.09-08.42.06:545][  0]LogPackFactory: Copied "../../../Samples/StarterContent/Content/StarterContent/Textures/T_Wood_Pine_D.uasset" to "../../../../../../Users/Home/Documents/GitHub/underUmbrella/Content/StarterContent/Textures/T_Wood_Pine_D.uasset"
[2016.01.09-08.42.06:884][  0]LogPackFactory: Copied "../../../Samples/StarterContent/Content/StarterContent/Textures/T_Wood_Pine_N.uasset" to "../../../../../../Users/Home/Documents/GitHub/underUmbrella/Content/StarterContent/Textures/T_Wood_Pine_N.uasset"
[2016.01.09-08.42.07:641][  0]LogPackFactory: Copied "../../../Samples/StarterContent/Content/StarterContent/Textures/T_Wood_Walnut_D.uasset" to "../../../../../../Users/Home/Documents/GitHub/underUmbrella/Content/StarterContent/Textures/T_Wood_Walnut_D.uasset"
[2016.01.09-08.42.07:686][  0]LogPackFactory: Copied "../../../Samples/StarterContent/Content/StarterContent/Textures/T_Wood_Walnut_N.uasset" to "../../../../../../Users/Home/Documents/GitHub/underUmbrella/Content/StarterContent/Textures/T_Wood_Walnut_N.uasset"
[2016.01.09-08.42.07:825][  0]LogRenderer: Reallocating scene render targets to support 256x256 (Frame:2).
[2016.01.09-08.42.07:958][  0]LogSavePackage: Save=13.353533ms
[2016.01.09-08.42.07:958][  0]LogSavePackage: Moving '../../../../../../Users/Home/Documents/GitHub/underUmbrella/Saved/Floor_400x400173A0818403EC7599338A8805017A23D.tmp' to '../../../../../../Users/Home/Documents/GitHub/underUmbrella/Content/StarterContent/Architecture/Floor_400x400.uasset'
[2016.01.09-08.42.07:962][  0]LogSavePackage: Total save time: 31.537272ms
[2016.01.09-08.42.07:962][  0]LogSavePackage:Display: Finished SavePackage ../../../../../../Users/Home/Documents/GitHub/underUmbrella/Content/StarterContent/Architecture/Floor_400x400.uasset
[2016.01.09-08.42.07:962][  0]LogFeaturePack:Warning: Inserted 1 feature packs
[2016.01.09-08.42.07:963][  0]Cmd: MAP LOAD FILE="../../../../../../Users/Home/Documents/GitHub/underUmbrella/Content/ThirdPersonBP/Maps/ThirdPersonExampleMap.umap" TEMPLATE=0 SHOWPROGRESS=1 FEATURELEVEL=3
[2016.01.09-08.42.07:964][  0]LightingResults: New page: Lighting Build
[2016.01.09-08.42.07:969][  0]MapCheck: New page: Map Check
[2016.01.09-08.42.07:969][  0]LightingResults: New page: Lighting Build
[2016.01.09-08.42.07:983][  0]LogParticles: Destroying 0 GPU particle simulations for FXSystem 0x0000018E19D3FB00
[2016.01.09-08.42.08:127][  0]LogLinker:Warning: Asset '../../../../../../Users/Home/Documents/GitHub/underUmbrella/Content/FirstPerson/Meshes/FirstPersonProjectileMesh.uasset' has been saved with empty engine version. The asset will be loaded but may be incompatible.
[2016.01.09-08.42.10:216][  0]LogAIModule: Creating AISystem for world ThirdPersonExampleMap
[2016.01.09-08.42.10:232][  0]LogEditorServer: Finished looking for orphan Actors (0.000 secs)
[2016.01.09-08.42.10:233][  0]Cmd: MAP CHECKDEP NOCLEARLOG
[2016.01.09-08.42.10:451][  0]MapCheck: Info Map check complete: 0 Error(s), 0 Warning(s), took 217.604ms to complete.
[2016.01.09-08.42.10:451][  0]LogFileHelpers: Loading map 'ThirdPersonExampleMap' took 2.488
[2016.01.09-08.42.10:640][  0]LogCollectionManager: Loaded 0 collections in 0.003288 seconds
[2016.01.09-08.42.10:682][  0]LogFileCache: Scanning file cache for directory 'C:/Users/Home/Documents/GitHub/underUmbrella/Saved/Collections/' took 0.01s
[2016.01.09-08.42.10:682][  0]LogFileCache: Scanning file cache for directory 'C:/Users/Home/Documents/GitHub/underUmbrella/Content/Developers/Home/Collections/' took 0.01s
[2016.01.09-08.42.10:682][  0]LogFileCache: Scanning file cache for directory 'C:/Users/Home/Documents/GitHub/underUmbrella/Content/Collections/' took 0.01s
[2016.01.09-08.42.10:682][  0]LogCollectionManager: Rebuilt the GUID cache for 0 collections in 0.000002 seconds
[2016.01.09-08.42.10:692][  0]LogContentBrowser: Native class hierarchy populated in 0.0098 seconds. Added 1893 classes and 338 folders.
[2016.01.09-08.42.10:701][  0]LogContentBrowser: Native class hierarchy updated for 'WidgetCarousel' in 0.0004 seconds. Added 0 classes and 0 folders.
[2016.01.09-08.42.11:909][  0]LogContentBrowser: Native class hierarchy updated for 'AddContentDialog' in 0.0004 seconds. Added 0 classes and 0 folders.
[2016.01.09-08.42.11:915][  0]LogContentBrowser: Native class hierarchy updated for 'SceneOutliner' in 0.0004 seconds. Added 1 classes and 2 folders.
[2016.01.09-08.42.12:013][  0]LogCrashTracker: Crashtracker disabled due to settings.
[2016.01.09-08.42.12:247][  0]LogLoad: Full Startup: 43.50 seconds (BP compile: 0.19 seconds)
[2016.01.09-08.42.12:264][  0]LogOcInput: Can't find Oculus library dev build: is proper Runtime installed? Version: 0.8.0.0
[2016.01.09-08.42.12:486][  0]LogContentStreaming: Texture pool size now 1000 MB
[2016.01.09-08.42.12:632][  0]LogRenderer: Reallocating scene render targets to support 1208x572 (Frame:3).
[2016.01.09-08.42.13:263][ 19]LogAssetRegist